<?xml version="1.0" encoding="UTF-8"?>
<robot generator="Robot 6.0.2 (Python 3.11.2 on win32)" generated="20230522 13:02:18.692" rpa="false" schemaversion="3">
<suite id="s1" name="biaPrimeiroLogin" source="C:\Users\sankhya\Downloads\BIAproject\Tests\biaPrimeiroLogin.robot">
<test id="s1-t1" name="Loguin na BIA com sucesso" line="20">
<kw name="Dado que eu abra o app da bia">
<kw name="Open Application" library="AppiumLibrary">
<arg>${url}</arg>
<arg>platformName=${Plataforma}</arg>
<arg>deviceName=${emulador}</arg>
<arg>appPackage=${package}</arg>
<arg>appActivity=${activity}</arg>
<arg>automationName=appium</arg>
<doc>Opens a new application to given Appium server.
Capabilities of appium server, Android and iOS,
Please check https://github.com/appium/appium/blob/master/docs/en/writing-running-appium/server-args.md
| *Option*            | *Man.* | *Description*     |
| remote_url          | Yes    | Appium server url |
| alias               | no     | alias             |
| strict_ssl          | No     | allows you to send commands to an invalid certificate host like a self-signed one. |</doc>
<status status="PASS" starttime="20230522 13:02:18.858" endtime="20230522 13:02:27.900"/>
</kw>
<status status="PASS" starttime="20230522 13:02:18.858" endtime="20230522 13:02:27.900"/>
</kw>
<kw name="E clique no botão pular tutorial">
<kw name="Wait Until Element Is Visible" library="AppiumLibrary">
<arg>accessibility_id=PULAR</arg>
<arg>timeout=25</arg>
<doc>Waits until element specified with `locator` is visible.</doc>
<status status="PASS" starttime="20230522 13:02:27.901" endtime="20230522 13:02:33.494"/>
</kw>
<kw name="Click Element" library="AppiumLibrary">
<arg>accessibility_id=PULAR</arg>
<doc>Click element identified by `locator`.</doc>
<msg timestamp="20230522 13:02:33.496" level="INFO">Clicking element 'accessibility_id=PULAR'.</msg>
<status status="PASS" starttime="20230522 13:02:33.494" endtime="20230522 13:02:33.552"/>
</kw>
<status status="PASS" starttime="20230522 13:02:27.900" endtime="20230522 13:02:33.552"/>
</kw>
<kw name="E preencha o banco">
<kw name="Wait Until Page Contains Element" library="AppiumLibrary">
<arg>class=android.widget.EditText</arg>
<arg>timeout=10s</arg>
<doc>Waits until element specified with `locator` appears on current page.</doc>
<status status="PASS" starttime="20230522 13:02:33.552" endtime="20230522 13:02:34.586"/>
</kw>
<kw name="Click Text" library="AppiumLibrary">
<arg>Endereço externo*</arg>
<doc>Click text identified by ``text``.</doc>
<msg timestamp="20230522 13:02:34.984" level="INFO">xpath criteria: //*[contains(@text,"Endereço externo*")]</msg>
<status status="PASS" starttime="20230522 13:02:34.586" endtime="20230522 13:02:34.984"/>
</kw>
<kw name="Input Text" library="AppiumLibrary">
<arg>class=android.widget.EditText</arg>
<arg>${urlBancoProd}</arg>
<doc>Types the given `text` into text field identified by `locator`.</doc>
<msg timestamp="20230522 13:02:34.986" level="INFO">Typing text 'https://skw.sankhya.com.br' into text field 'class=android.widget.EditText'</msg>
<status status="PASS" starttime="20230522 13:02:34.985" endtime="20230522 13:02:35.030"/>
</kw>
<kw name="Hide Keyboard" library="AppiumLibrary">
<doc>Hides the software keyboard on the device. (optional) In iOS, use `key_name` to press
a particular key, ex. `Done`. In Android, no parameters are used.</doc>
<status status="PASS" starttime="20230522 13:02:35.030" endtime="20230522 13:02:36.425"/>
</kw>
<kw name="Click Element" library="AppiumLibrary">
<arg>accessibility_id=PRÓXIMO</arg>
<doc>Click element identified by `locator`.</doc>
<msg timestamp="20230522 13:02:36.426" level="INFO">Clicking element 'accessibility_id=PRÓXIMO'.</msg>
<status status="PASS" starttime="20230522 13:02:36.425" endtime="20230522 13:02:37.212"/>
</kw>
<status status="PASS" starttime="20230522 13:02:33.552" endtime="20230522 13:02:37.212"/>
</kw>
<kw name="E fizer o login correto">
<kw name="Wait Until Page Contains Element" library="AppiumLibrary">
<arg>class=android.widget.EditText</arg>
<doc>Waits until element specified with `locator` appears on current page.</doc>
<status status="PASS" starttime="20230522 13:02:37.214" endtime="20230522 13:02:37.238"/>
</kw>
<kw name="Click Text" library="AppiumLibrary">
<arg>Usuário</arg>
<doc>Click text identified by ``text``.</doc>
<kw name="Capture Page Screenshot" library="AppiumLibrary">
<doc>Takes a screenshot of the current page and embeds it into the log.</doc>
<msg timestamp="20230522 13:02:37.513" level="INFO" html="true">&lt;/td&gt;&lt;/tr&gt;&lt;tr&gt;&lt;td colspan="3"&gt;&lt;img src="data:image/png;base64, iVBORw0KGgoAAAANSUhEUgAABDgAAAjoCAYAAAA5jhrUAAAAAXNSR0IArs4c6QAAAARzQklUCAgI
CHwIZIgAACAASURBVHic7N15nJZlvfjx78MwLLOwKLIIKIuILKLkBhpqWFqSuaTiOXn4eeR41BbT
YyfrVFZ2NMsNtWwxzMxOJpaaSYuWpcZiGYosCgKyiCCDMMMwAzPDPL8/OMwRGZhnhud5Zm54v18v
XzLPXPd9X5j5es2H676uVE1NTToAAAAAEqxda08AAAAAYG8JHAAAAEDiCRwAAABA4gkcAAAAQOIJ
HAAAAEDiCRwAAABA4gkcAAAAQOIJHAAAAEDiCRwAAABA4gkcAAAAQOIJHAAAAEDiCRwAAABA4gkc
AAAAQOIJHAAAAEDiCRwAAABA4gkcAAAAQOIJHAAAAEDiCRwAAABA4gkcAAAAQOIJHAAAAEDiCRwA
AABA4gkcAAAAQOIJHAAAAEDiCRwAAABA4gkcAAAAQOIJHAAAAEDiCRwAAABA4gkcAAAAQOIJHAAA
AEDiCRwAAABA4gkcAAAAQOIJHAAAAEDiCRwAAABA4gkcAAAAQOIJHAAAAEDiCRwAAABA4gkcAAAA
QOIJHAAAAEDiCRwAAABA4gkcAAAAQOIJHAAAAEDiCRwAAABA4gkcAAAAQOIJHAAAAEDiCRwAAABA
4gkcAAAAQOK1b+0JkBzpdDrWrVsXf/rTn2LBggWxfv36RscVFBRE796947jjjouxY8dGcXFxpFKp
PM8WAACA/UmqpqYm3dqToG2rra2Nhx56KP7+979HXV1dpNOZ/yuTSqWic+fOMWHChDj11FOFDgAA
AHJC4GC36uvr45577omFCxc2K2o0ZkfYuPvuu6Ndu+S9GZVOp6O2tja2bt3a7GtTqVQUFBREp06d
BB4AAGCfMHPmzHjnnXf2OGbChAl5ms12XlGhUa+//npMmTIl6uvrs3K/HYFk5syZcdJJJ2XlnvmS
Tqejuro65s+fH0uXLm329e3atYvS0tIYNWpU9OzZM9q39387AADIpaqqqli9enWUl5dHZWVlVFVV
RVFRUZSUlETXrl3j4IMPjqKiotaeZtatWrUq+vXrl5dnzZo1KxYvXrzHMQIHre5nP/tZzJgxY69X
bTTm8ccfbwgcb7/9dvTs2TPrz8i2mpqamD9/fvzP//xPi1ZwRGxfxfHCCy/EP/3TP8WQIUOyPEMA
ANi/rVixIl599dVYtGhRrFq1KioqKpq8pkuXLtGvX784/PDDY9iwYdG/f/88zDR3fvrTn8YBBxyQ
t8DRFgkcNEin03HTTTfFm2++mbNnVFVVRTqdjlQqFX/961+ja9euMX78+Jw9b2/V1NTE4sWL44kn
noiampro0KFDw/e2bdsW9fX10b59+4ZXT+rr62Pbtm27fFZXVxfr1q2L3/zmN3H11Vd7VQUAAPZS
WVlZzJo1K2bPnr3bAxD2pKKiIhYsWBALFiyIxx57LA488MA44YQTYsyYMdGjR48czDh3fvrTn8bM
mTPzvmKirRE4aHDTTTfF6tWrc/qMdDody5cvjwEDBsShhx4aU6dOjXbt2sWpp56a0+e2RE1NTSxa
tCgefvjhKCsri86dO8dRRx0VEds3Xl21alVs3LgxhgwZEiUlJbFt27ZYv359vPnmm7t8tnTp0ti2
bVtUVFTE5s2bo6SkpJV/dwAAkEwrVqyI6dOnx9y5c7N63/Xr18f06dNj+vTpMWrUqDjzzDPjkEMO
yeozcmFH3MiVVatWxbRp05p8HaUxn/zkJ3f6esiQIXHBBRfkbJWJwJFl9fX1sWXLligsLIzCwsLW
nk7Gfvazn+V05cYO6XQ65s+fHwMGDIhu3bpFOp2OadOmxaGHHhoDBw7M+fMz9d64ERHRrVu3mDRp
UkREbNq0KaZPnx7z5s2LCRMmxKGHHho1NTXxj3/8I5588sldPtuxd0ddXV2sX79e4AAAgGZasWJF
PP7447Fw4cKcP2vu3Lkxd+7cGD58eHzsYx9rs6Ej13EjIlocNxqzePHimDZtWlxzzTVZud975TVw
PPvss7FixYpmXzdy5Mg4+uijczCjiHXr1sXLL78cq1evbvjhtblWrVoV//jHP2LevHmxatWqhs8P
PPDAGDZsWBx11FFxxBFHREFBQbamnVWvv/56zJgxI2/P2xFSampqImJ79Lj99tvj9ttvbxNRqLG4
AQAAtJ6lS5fG1KlTY8OGDXl97oIFC+Ktt96KyZMnx6BBg/L67KbkI25ERNbiRq7u9255DRwLFy6M
l19+udnX9e7dO6vzqK6ujoULF8bs2bPjlVdeiYho0eqB6urqePTRR+P5559v9Pvr16+P559/Pp5/
/vkYNGhQfOITn4g+ffrs1dyzrb6+PqZMmZKTDUV3Z8eGP+vWrWv4bNu2bXHjjTfG1772tbzNozHi
BgAAtC1PPfVUPP7441k74bG5NmzYELfffnucc8458cEPfrBV5vBe+YobSZPXwNGSjV+ypb6+Pt54
442YM2dOzJgxI6qrq/fqflVVVfH9738/Xn/99Z0+P+SQQ6Jbt25RXV0dy5cvb1ilsHTp0pgyZUpc
ddVV0bdv3716djZ997vfzft/KHacRPLecrdu3bpYt25dHHTQQXmdzw7iBgAAtB21tbXxwAMPxIsv
vtjaU4n6+vr41a9+FcuXL49Jkya16spzcWP38hY40ul0vP322w1fn3baaXHggQdmdO2hhx7a4ueu
X78+Xn755ZgxY0ZWN9CcNm3aTnHjtNNOi/Hjx0f37t0bPtu6dWu8+OKL8cgjj8SWLVti06ZN8ZOf
/CQ+//nPR/v2rb/9SW1tbbz66qt5f25hYWGk0+mdXueJ2P7vyLe+9a249dZb8z4ncQMAANqOzZs3
x913392iLQ5y6cUXX4yKioq47LLLWmVfPXFjz/L2U3ZVVVXDaoaIiBNPPDEvr2v85je/idmzZ+/y
+fDhw6Ouri4WLVrU7HsuWbJkp3t+7GMfiw9/+MO7jOvYsWOceOKJ0blz57j33nsjYvt+HfPmzcvZ
niLN8dBDDzX6akoqlYpUKhVdu3aNXr16Rd++faO0tDQKCgpi06ZNsXz58igvL4/169dHXV1ds19v
2fEfgsZW9FRXV8dbb72V11d5Mo0b6XS64d/h2tra2LZtW6TT6aitrY2ampqoqalp+Ofx3s8AAIDM
/fCHP2xzcWOHxYsXx7333puzjTJ3p7G4MWbMmFi/fn1O97VIkrwFjsrKyp2+Li0tzdejGxx88MEx
duzYOPLII6Nnz57x61//ukWB4937iPTs2TNOO+20PY4/6qijom/fvg2ba7766qutHjjS6XT87W9/
a/g6lUpFRMQJJ5wQEyZMaFiJsmzZsvjd734Xzz77bMMP6qeeempcddVVkUqloqamJmbNmhW//OUv
M44dvXv3js2bNzf6g386nY6f//zn8R//8R/Z+G02qb6+PlavXp3Ryo0tW7bEP/7xj4Zfr1u3Lmpq
auK1116LsrKyqKura3gt6b2fAQAAmbvgggvilltuidra2taeyi4KCwvjggsuyOszf/zjH+/081vE
9rgxadKkuOOOO/I6l7Ysb4Fj8+bNDb/u1KlTFBcX5+W5HTp0iNNPPz2OOuqoGDBgQMMP8ntjyZIl
Db8+8sgjm3z/ql27djF06NCGwPHeVzNaQ1lZWWzbti0itv/vMWnSpDjqqKMiYvtqm/vuuy9eeuml
SKfTO0WLVCoVH/7whxv+OXbo0CFOPvnkOPnkk6OsrCymTp0aK1as2G3oSKVSccQRR8Sf//zn3Y5Z
tmxZ1NfXR7t27bL5W25UXV1drFmzJqPXUjZu3BgPPPDALp8/+eSTGX0GAABkpl+/fjFp0qSYOnVq
a09lF5MmTYp+/frl7Xlf+9rXdtruIeL/4gY7a5UVHL169cpKaJg9e3b87ne/i8LCwjj33HNj2LBh
u4yZOHFi1n9QHjt2bBx33HEREdG/f/+Mrnl30CkvL8/qfFri6aefjojt/3xOPvnkSKVSkU6n4wc/
+EG88sorewwUu3vXrEePHnHdddfFunXr4oYbbmgIKO91xBFHxI9//OPdzq2+vj42btwYBxxwQDN/
VwAAwL7imGOOiZUrV8Yf/vCH1p5Kg9NPPz2OOeaYvD1P3Gie3P8R+f/acTRoRGTllIyKiop48MEH
Y+3atbFq1aq4//77G/2BOherAN7//vfHqaeeGqeeemoMHjw4o2u2bNnS8OvW2IzmvZYtWxa33npr
nHLKKZFKpeKNN96Iq666ao9xI2L7KzlNOeigg+Kuu+6K0aNH7xKyCgsLY8WKFVFVVbXb69PpdIuO
EwYAAPYtZ599dowYMaK1pxERESNGjIizzz47b88TN5ovb4Fj06ZNDb9+95/Mp9PpqKqqiqqqqmZt
Vrl169adgsamTZva7GaO9fX1MX/+/Iavhw8f3oqz2e6//uu/onPnzpFOp+OJJ56IW265pWHTzD0Z
OHBgRqtvUqlUXHbZZTFp0qSdxp900knxve99r8nnvPufFwAAsH9KpVIxefLk6NWrV6vOo1evXjF5
8uSsvImQCXGjZfL2isq7V3AUFRXF3LlzY86cObFw4cKG7xUWFsaIESPiqKOOive973173NuiR48e
MW7cuHjuueciIuKcc86Jjh075vY30UKzZ8/e6Yja448/vhVn83/S6XR873vfi3nz5mV8TXOP7D3h
hBOipKQk7rnnnoiIOOyww+LPf/5zk9etXbu2Wc8BAAD2TZ06dYorrrgivv3tb0d1dXXen9+5c+e4
4oorolOnTnl5XmNxY/jw4eJGBvIWODZs2NDw6yeeeKLR10lqa2vjpZdeipdeein++Mc/xr/+67/u
9rjQVCoVF110UZx++ulRUFAQ3bp1y9ncW6q2tjZmz54d06ZNa/jsnHPOafX6uMP3v//9Zq+U2HG6
SnOMGDEiLr300nj66adj6tSpGa3UefeKHwAAYP+2YwXFd7/73Wat/N9b+V5B0ljciIg444wz8vL8
pMtb4Hj3KRW723zy3VatWhV33nlnfPazn91j5DjwwAOzNse9sXjx4obTVerq6mLjxo2xcOHCncLO
hAkT4oMf/GBrTXEnzzzzTLzyyivNvq6pE2N2533ve188/PDDUV9fn9H4TMcBAAD7h+HDh8fHP/7x
eOSRR/L2zI9//ON522Jgd3GDzOUlcKTT6Vi3bl3D1x06dIgPf/jDMWrUqOjWrVu0b98+KisrY+nS
pfHb3/423nrrrYj4v41Er7766hb/YJ0vK1eujF//+teNfq9nz54xadKkGDRoUJ5ntXst/Y/CuzdL
zdSOV2Gasyqjrf/vDQAA5N/48eNj7dq1DVsV5NK4ceNi/PjxOX9OhLiRLXlbwfGFL3whli9fHsuX
L49x48bFwQcfvNP3DzjggDjggANi+PDhce+998Zrr70WEdtP+3j55Zfj2GOPzddUs+7tt9+OX/7y
l/HRj3600aNsk+TdoSpT999/f7P2+YiINvnKEQAA0PomTpwYq1evblhBnwuDBw+OiRMn5uz+7yZu
ZE9eAkcqlYo+ffpEnz59YsyYMXscW1RUFJ/4xCfipptualgt8Ne//rXNB46jjz46Bg4cGBHbX1Gp
qKiI5cuXx8yZM2Pz5s2xbNmyuPvuu+Pcc8+ND33oQ6082+3/m7Tk3bWlS5dmPDadTsett94ay5Yt
a/Zz+vXr1+xrAACAfV+7du3i8ssvj29+85s7bQmQLd27d4/LL7882rXL/aGj4kZ25e2Y2ObYcULK
Dq+99lpUVVW14oyadsABB8TAgQNj4MCBMWTIkDjmmGPivPPOi+uvvz6OO+64hnGPPvpoLF68uBVn
ul1LN8lZuXJlRmGkuro6rr766hbFjYiII488skXXAQAA+76SkpK48sors/5qe2FhYVx55ZVRUlKS
1fs2RtzIvjYZOCIihg4dutPX77zzTivNZO+UlpbGxRdf3LC6IyLi6aefbsUZbXfMMce06LoNGzbs
MXBs27Ytfv7zn8fnPve5qK2tbdEzUqlU4l/lAQAAcqtfv35ZPzp10qRJeVlNLm7kRpsNHO89jrQ1
zjvOlsLCwvjABz7Q8PUrr7wSGzdubMUZbd8wJ5VKtejaHZvAvltdXV08+uijcc0118Rzzz23V0c3
dezYMYqKilp8PQAAsH845phj4vTTT8/KvU4//fQW/0Fwc4gbuZO3TUabq6CgYKevMzlati3r27fv
Tl+vW7euVTfSLCkpiU6dOjU7HKXT6Xj44Yfjqquuiurq6vjb3/4Wf/zjH7O6wub4449vcXwBAAD2
L2effXa8+eabMX/+/BbfY8SIEXH22WdncVaNEzdyK+eBI51OxxtvvNHwda9evTL60/n3HkfauXPn
bE+tRWpqamL58uUNX/fp0yej97Pe+25YS1/fyJZUKhVnnHFGPP74481ebfH666/HddddF9XV1Xu1
UmN388rHf1gAAIB9QyqVismTJ8e3vvWtWLt2bbOv79WrV0yePDnnf8gqbuRezl9RSaVS8cADD8Qt
t9wSt9xySyxYsCCj69asWbPT123l2NCtW7fGHXfc0fBXpqeKvDfYFBcX52J6zdLS01zS6XSccMIJ
OfkPQJ8+fdpMzAIAAJKhU6dOccUVV0RpaWmzristLY0rrrgiOnXqlKOZbSdu5Ede9uA47LDDGn49
b968jK6ZM2dOw6/79esXXbt2zfq8WqK4uDi6dOnS8HWmgePdq1gitp+60tpSqVScd955Lbr2L3/5
S3z605/OauRIpVLxxS9+MWv3AwAA9h+9evWKyy+/fJftDnanoKAgLr/88hafMJkpcSN/8hI4Ro0a
1fDrF154ocmjQxcuXBgvv/xyw9cnnXRSzubWXO3atYtjjz224es///nPTS6Dqq6ujmeeeabh6yOP
PLLZZTFXxo8f36JaWV9fH9OnT4/zzz8/a5Hj1FNPzfg/RgAAAO81aNCguPDCCzMae+GFF8agQYNy
Oh9xI7/yEjiGDRu20zGp9913X7z++uuNjl2wYEHcd999DV8feOCBOwWFd5s9e3Z8/etfj5tuuikW
LlyY3Unvwfvf//6GPTVqamrihz/84W5Xcqxfvz7uv//+nU4eydYuv9mQSqXi61//eosixZIlS6Jb
t24xadKkvY4c3bt3j/PPP3+v7gEAADBu3LgYN27cXo/ZW+JG/uXlFJX27dvHP//zP8ddd90VmzZt
ivXr18ftt98eQ4cOjSFDhkRRUVFUV1fHokWL4rXXXtvp2osuuqjR/SoqKiriwQcfbDhd5f7774+b
bropLysAevfuHRdddFH89Kc/jYjtx6beeuutMXTo0DjssMOiuLg4ampqYtWqVTFnzpydToD52Mc+
FoMHD875HJujtLQ0Lrvssrj33nubtWloOp2OqVOnxk033RQ33HBDXH/99S3adLSgoCC+/OUvt9rJ
Ke3a5e+05FQqFe3bt9nDiwAAYJ8wceLEWL16dSxZsmSX7w0ePDgmTpyY0+eLG60jbz9p9e3bNz7z
mc/EAw88EKtWrYqIiNdee22XoLFDYWFhXHLJJTFixIhGv79169adwsGmTZuirq4ub684jB07Njp1
6hQPP/xwlJeXR8Sefz8dOnSI8847L+eVsKWOPvroOPPMM2P69OnNihT19fXxxS9+Me666674zne+
E9/+9rdjxYoVGd+jXbt2ccMNN7TaxqIFBQXRvXv3KCgoyPlRxKlUKgoLC6NHjx45fQ4AAOzv2rVr
F5dffnl885vfjA0bNjR83r1797j88stz+oecuYgb06ZN2+3PTG+++WZWn5Vkef2j5H79+sW1114b
f//73+O5556LFStW7DKma9euceyxx8Ypp5yyxx8Ee/ToEePGjYvnnnsuIiLOOeec6NixY87m3pjR
o0fH4MGDY/bs2TFjxoxG9+Lo2rVrjBkzJsaOHRs9e/bM6/yaa8KECdGuXbv4zW9+0+yVHJ/97Gfj
xhtvjOuuuy5Wr14dP/rRj2Lt2rV7vE9BQUHccMMNrXpCTkFBQRxwwAFx8MEHx6pVq7J+7O27dejQ
Ifr375/3f08BAGB/VFJSEldeeWXccsstUVtbG4WFhXHllVdGSUlJzp6Zq5UbOxYJtIbOnTtHdXV1
Vu+XK6mamprc/UTXhI0bN8aGDRti69at0aFDh+jcuXP07Nkz41UY6XQ63nnnnSgoKGj1Y2R3zKWi
oiK2bt0ahYWFUVJSEgcddFBeX4HIhkWLFsVdd90V9fX1zbquoKAgPvnJT8awYcMiIqKsrCx+97vf
xaxZsxrCwY6/d+3aNa6//vro1KlT3HPPPXHYYYfFqFGjYv369TFy5Mjs/oaaUFdXF0uWLIlHHnkk
Nm3alJPI0b59++jfv3+cf/75VnAAAEAevfjiizF16tSYPHlyHHPMMTl7Tlt4LWXChAkxYcKErN7z
ySefjCeffDJr98vFHHdo1cBB27V169b4xje+Ee+8806zrkulUjF8+PD41Kc+1fBZOp2OLVu2xOrV
q2PmzJnRoUOHuOCCCxr23Hj88cejffv2UVpaGuXl5XHWWWdl9feSiXQ6HeXl5fHqq6/G1q1bs3rv
VCoVXbt2jSOOOMLqDQAAaAXLli3b6eCLbHvxxRfj2Wefzdn9+/fvn9HKh8MPPzyGDBmS9ecvXrw4
Fi1atNf3ydX8dhA42K10Oh1vvvlm3HbbbVFTU9OslQ2pVCouueSSOO6443I4QwAAANhO4CAjK1eu
jIceeihWrFgR9fX1GcWOdu3aRceOHeMzn/lMDBgwIPeTBAAAYL8lcNAs9fX18c4778RLL70UCxcu
jDVr1kRlZWXU1tZGx44do1u3btGvX78YNWpUDB8+PIqKilrt+FcAAAD2HwIHAAAAkHjJOt4DAAAA
oBECBwAAAJB4AgcAAACQeAIHAAAAkHgCBwAAAJB4AgcAAACQeAIHAAAAkHgCBwAAAJB4AgcAAACQ
eAIHAAAAkHgCBwAAAJB4AgcAAACQeAIHAAAAkHgCBwAAAJB4AgcAAACQeAIHAAAAkHgCBwAAAJB4
AgcAAACQeAIHAAAAkHgCBwAAAJB4AgcAAACQeAIHAAAAkHgCBwAAAJB4AgcAAACQeAIHAAAAkHgC
BwAAAJB4AgcAAACQeAIHAAAAkHgCBwAAAJB4AgcAAACQeAIHAAAAkHgCBwAAAJB4AgcAAACQeAIH
AAAAkHgCBwAAAJB4AgcAAACQeAIHAAAAkHgCBwAAAJB4AgcAAACQeAIHAAAAkHgCBwAAAJB4AgcA
AACQeAIHAAAAkHgCBwAAAJB4AgcAAACQeAIHAAAAkHgCBwAAAJB4AgcAAACQeAIHAAAAkHgCBwAA
AJB4AgcAAACQeAIHAAAAkHgCBwAAAJB4AgcAAACQeAIHAAAAkHgCBwAAAJB4AgcAAACQeAIHAAAA
kHgCBwAAAJB4AgcAAACQeAIHAAAAkHgCBwAAAJB4AgcAAACQeAIHAAAAkHgCBwAAAJB4AgcAAACQ
eAIHAAAAkHgCBwAAAJB4AgcAAACQeAIHAAAAkHgCBwAAAJB4AgcAAACQeAIHAAAAkHgCBwAAAJB4
AgcAAACQeAIHAAAAkHgCBwAAAJB4AgcAAACQeAIHAAAAkHgCBwAAAJB4AgcAAACQeAIHAAAAkHgC
BwAAAJB4AgcAAACQeAIHAAAAkHgCBwAAAJB4AgcAAACQeAIHAAAAkHgCBwAAAJB4AgcAAACQeAIH
AAAAkHgCBwAAAJB4AgcAAACQeAIHAAAAkHgCBwAAAJB4AgcAAACQeAIHAAAAkHgCBwAAAJB4AgcA
AACQeAIHAAAAkHgCBwAAAJB4AgcAAACQeAIHAAAAkHgCBwAAAJB4AgcAAACQeAIHAAAAkHgCBwAA
AJB4AgcAAACQeAIHAAAAkHgCBwAAAJB4AgcAAACQeAIHAAAAkHgCBwAAAJB4AgcAAACQeAIHAAAA
kHgCBwAAAJB4AgcAAACQeAIHAAAAkHgCBwAAAJB4AgcAAACQeAIHAAAAkHgCBwAAAJB4AgcAAACQ
eAIHAAAAkHgCBwAAAJB4AgcAAACQeAIHAAAAkHgCBwAAAJB4AgcAAACQeAIHAAAAkHgCBwAAAJB4
AgcAAACQeAIHAAAAkHgCBwAAAJB4AgcAAACQeAIHAAAAkHgCBwAAAJB4AgcAAACQeAIHAAAAkHgC
BwAAAJB4AgcAAACQeAIHAAAAkHgCBwAAAJB4AgcAAACQeAIHAAAAkHgCBwAAAJB4AgcAAACQeAIH
AAAAkHgCBwAAAJB4AgcAAACQeAIHAAAAkHgCBwAAAJB4AgcAAACQeAIHAAAAkHgCBwAAAJB4AgcA
AACQeAIHAAAAkHgCBwAAAJB4AgcAAACQeAIHAAAAkHgCBwAAAJB4AgcAAACQeAIHAAAAkHgCBwAA
AJB4AgcAAACQeAIHAAAAkHgCBwAAAJB4AgcAAACQeAIHAAAAkHgCBwAAAJB4AgcAAACQeAIHAAAA
kHgCBwAAAJB4AgcAAACQeAIHAAAAkHgCBwAAAJB4AgcAAACQeAIHAAAAkHgCBwAAAJB4AgcAAACQ
eAIHAAAAkHgCBwAAAJB4AgcAAACQeAIHAAAAkHgCBwAAAJB4AgcAAACQeAIHAAAAkHgCBwAAAJB4
AgcAAACQeAIHAAAAkHgCBwAAAJB4AgcAAACQeAIHAAAAkHgCBwAAAJB4AgcAAACQeAIHAAAAkHgC
BwAAAJB4AgcAAACQeAIHAAAAkHgCBwAAAJB4AgcAAACQeAIHAAAAkHgCBwAAAJB4AgcAAACQeAIH
AAAAkHgCBwAAAJB4AgcAAACQeAIHAAAAkHgCBwAAAJB4AgcAAACQeAIHAAAAkHgCBwAAAJB4AgcA
AACQeAIHAAAAkHgCBwAAAJB4AgcAAACQeAIHAAAAkHgCBwAAAJB4AgcAAACQeAIHAAAAkHgCBwAA
AJB4AgcAAACQeAIHAAAAkHgCBwAAAJB4AgcAAACQeAIHAAAAkHgCBwAAAJB4AgcAAACQeAIHktzA
9wAAIABJREFUAAAAkHgCBwAAAJB4AgcAAACQeAIHAAAAkHgCBwAAAJB4AgcAAACQeAIHAAAAkHgC
BwAAAJB4AgcAAACQeAIHAAAAkHgCBwAAAJB4AgcAAACQeAIHAAAAkHgCBwAAAJB4AgcAAACQeAIH
AAAAkHgCBwAAAJB4AgcAAACQeAIHAAAAkHgCBwAAAJB4AgcAAACQeAIHAAAAkHgCBwAAAJB4AgcA
AACQeAIHAAAAkHgCBwAAAJB4AgcAAACQeAIHAAAAkHgCBwAAAJB4AgcAAACQeAIHAAAAkHgCBwAA
AJB4AgcAAACQeAIHAAAAkHgCBwAAAJB4AgcAAACQeAIHAAAAkHgCBwAAAJB4AgcAAACQeAIHAAAA
kHgCBwAAAJB4AgcAAACQeAIHAAAAkHgCBwAAAJB4AgcAAACQeAIHAAAAkHgCBwAAAJB4AgcAAACQ
eAIHAAAAkHgCBwAAAJB4AgcAAACQeAIHAAAAkHgCBwAAAJB4AgcAAACQeAIHAAAAkHgCBwAAAJB4
AgcAAACQeAIHAAAAkHgCBwAAAJB4AgcAAACQeAIHAAAAkHgCBwAAAJB4AgcAAACQeAIHAAAAkHgC
BwAAAJB4AgcAkDWbq7e09hQAgP1U+9aeAACQPH+Y+UL8YcbsWLn27YiImDV33i5jupQUx/BBAyMi
YsTggTFm1Mg4fezxeZ0nALD/SNXU1KRbexIAQNu3I2r8fubsqKjc3KJ7dCkpjjPGnhCXnvPRGD54
YJZnCADszwQOAGC3Kio3x32P/SamPvZEi6PG7vTr1TPuvf4LQgcAkBUCBwDQqEeeeibuePChWPW/
r6HkylevmByXnvPRnD4DANj3CRwAwE5mzZ0Xdzz4i0b31ciVMaNGxr3XfyG6lBTn7ZkAwL5F4AAA
Gkx58Bdxx4MPtcqzhw8eGL/97u2t8mwAIPkcEwsAREXl5vjcbXe3WtyIiFiwZFl8/ftTW+35AECy
WcEBAPu5isrNMfG6r8SCJctaeyoREfGLb38jxowa2drTAAASRuAAgP3YgiXL4rIbbt7rjUTHHDki
Ira/ZrJq7dsNJ67MX7osNm2uata9upQUx1/v/4H9OACAZhE4AGA/tWDJsph43VdadPxr354HxRkn
nhCTzz0r+vXqucexs+bOi9/PmB3TnvpTxrHj0nM+Gl+9YnKz5wUA7L8EDgDYD7U0bow5ckRc8y8X
tegVkorKzXHtbXfFH2a+0OTYLiXF8cojDzb7GQDA/ssmowCwn6mo3BzX3n53s+JGaXFR3HrtZ+IX
t/x3i/fH6FJSHPd+9Ytx6TkfzWiO0576U4ueAwDsnwQOANiPtGRD0fM/9IGY8ZMfxgUfGp+VOXz1
iskxbNCAJse1lU1PAYBkEDgAYD/yudvvblY4uPriiXHbtVdlfcPPr2Wwv8asV+Zn9ZkAwL5N4ACA
/cTvZ8yO38+YnfH4W6/9TFxz8UU5mcuYUSOjb8+D9jhmwZJlLdoAFQDYPwkcALAfqKjcHJ+7/e6M
xpYWF8Vvv3t71l5J2Z2xRzW9l8eCpV5TAQAyI3AAwH7gc83YVPS2a6+K4YMH5nhGEcMHNf2Mcis4
AIAMCRwAsI9rzqspt177mTjjxBNyPKPtRmQQUazgAAAyJXAAwD5uys9+kdG46y+/NOevpQAA5Er7
1p4AAJA7C5Ysy+jUlDFHjojJ557V4udUblkei1b/JDZvWRXjhv8wo2syeUUFACBTAgcA7MOmPvZE
k2NKi4vits9d1aL7L107Ld5Y+2hUblne8Nnrb/0sDuvziSavzeTo2Vkvz4u4uEVTi7KKObF+05wo
r1ocdds2xYGl74uuRUOiS9FhUdSxT8tuCgC0WQIHAOyjKio3xyNPPdPkuGsuvij69eqZ8X03VM6P
lWXTY0XZ9Kivr9nl+wtW3hM9uhwb3YqHNmu+2VJWMScWrZ4aZRVzdvk8IqKwoCSG9p0cg3pf2BrT
AwByROAAgH3UI083HTdKi4uate/G8nVPxMvLbm5y3LPzL41De54dhx50dl5Dx8qy6TFn6Y17HFO7
rTLmrbgz1mx8No4bcnMUFpTkaXYAQC6lampq0q09CQAgO2bNnRePPPVMTHvqTxmNv/riiXHNxRc1
6xnPL7gi3ql8JePxh/Y8Ow4sPTq6Fw+L4k79m/Ws5liz4dl4YfEXm3VN7+4nx/FDvpmjGQEA+WQF
BwDsA2bNnRd3PPiLmDV3XrOuGztqZLOfNbDX+c0KHMvffjyWv/14RER07tAruhUPi27FQ6NDYbfo
2L5bdCjs3vD3vVlN8cqKO5t9zZoNz8aaDc9G7+4nt/i5AEDbYAUHACRYReXmuOyGm5sdNnZY/rtH
W3TdrNf+I94un92ia/OpsKAk+h90ZhQWlDRsOtrYmI8c8/tWmB0AkE1WcABAQs2aOy8uu+HmqKjc
3KLrizp3avGzB/Q6L9Zvejm21W9p8T1yrWPhATFu+A8bTkwZ2jdi3oo7Y+mah3caV7utMqq2vuVk
FQBIuHatPQEAoPmmPPiLmPj5r7Q4bkRE1NfXt/ja3t3eH+8f/v3oVjysxffItUMOOnOXaDHykM82
+hpMRdXifE0LAMgRgQMAEuZzt90ddzz40F7fZ8vWmli3YWOLr+9aNCROPOLO6N/jw3s9l1zoWHhg
o593KRqyy2flAgcAJJ7AAQAJ8rnb7s74hJRMrFr79l5d376gOEYP+koM7XtpdGjfLUuzyo7NW1Y1
+nlVzVu7fNa1kegBACSLwAEACTH10SeyGjci9j5w7DC07+Q4ecSP4rA+/xwF7Vq+t0c2rSybHlVb
d44Zc5b+d1RvXbPL2PYFpfmaFgCQIzYZBYAEmPbUn+KGH9zXrGs6d+wY1Vu37nFMtgJHRERRxz4x
vP+non+PM+ONt38Vy9b+Kmv3bom6bdXxl3mXRO/uJ0dRxz6xZsOzjb6K0rlj7+jRZXQrzBAAyCbH
xAJAG7dq7dvxkU/9R8YbipYWF8Xkc8+K4YMGxr/fcPMexx43Ylg8cttN2ZjmLrbUro/yza9FedVr
sXHzoijf/FpU16zNybP2xuhBX4r+Pc5s7WkAAHvJCg4AaOOuve3ujOPGsEED4vZrr4rhgwc2uXoj
IuJv8xfGouUr4/BD++/tNHfRqfDA6NTtxOjV7cSGz7bUlsWm6mVRW1cRNf/7V+27/l67reWnwtTV
V0f55lebdU3v7uPEDQDYRwgcANCGTX30iZg1d15GY8//0Afiq5dPji4lxRGx/RWVk485Op598aU9
XvfkczPi8EMn7vVcM9GpsEd0KuyRs/uvLJse85bfGbXbKpsc26XosBg96Ms5mwsAkF8CBwC0URWV
m2PKz36R0djTxx4ft1171S6fn3rs+5oMHNOf+2tcc3F+Ase71dVtiyeefb7JceeOPyXje/bvcWZ0
KRoS85bfGes3zWl0TGFBSQzte2kM6p3/3zMAkDsCBwC0Ub+fOTujV1OGDRrQaNyIiDh+5PAmr1+0
fGV88sZb4p4v/Wez57i3rv72lD1+/5RjRzcrcERsP/L1pGHfifKqxbFmw7NRVrE9dBR17B09urwv
enc/OQoLSlo8ZwCgbRI4AKCNmvJg06s3SouL4kdf/WLDaynvdeSQwXFY/37x+spVe7zPk8/NaLXI
kStdi4ZE16IhMbRva88EAMiHdq09AQBgV7+fMTujI1yvufii6Ner5x7HXHjGaRk988nnZsSlX70x
pj8/M6PxAABtiRUcANAG/WHm7CbHDBs0ICafe1aT4y4//5z44+y/x+xX5jc59o+z/x5/nP33OG7E
sDj/Q+PjuJHDYnA/SyAAgLZP4ACANmjW3KZjRCZxY4crLzwvo8Cxw9/mL4y/zV8YERHdu5TG4H59
Y+jAQ6Nvz4OiuHPnKO7UMTp37BSdO3WMTh07xklHH5nxvQEAckHgAIA2ZtXat5t8PaVvz4Pigg+N
z/ieHzjuffEvH/1I/PQ3v232fDZUbIq/L3g1/r7g1Ua/f/XFFwkcAECrswcHALQxM+fOa3LM2KNG
Nvu+n7zwvBg2aEALZgQA0PYJHADQxmSyueiYUc0PHAf37BEP3vS1+MBxx7RkWgAAbZrAAQBtTEXl
5ibH9G/i5JTd6dGta9z/jS/HRR/+YIuuBwBoq+zBAQBtzIIly5oc05IVHO/2ras/FT26dYt7f/Xr
2FpTs1f32h9VbX0rqmvWRFnFnCgsKImuxUPiwNLRrT0tANivCRwAsJ/6z0s+ERecPj5+/efn4td/
fj4Wr1jZ2lNq86q2vhWvvXlfrCyb3uj3e3c/OUYP+lIUFpTkeWYAgFdUAKANmfbUn2JWM45z3VsD
Du4TV/3zhfGH70+JKZ+/OsYff0x0Ky3N2/OTpLxqcfxl3iW7jRsREWs2PBtPv/TxKKuYk8eZAQAR
VnAAQJsx7ak/xeduu7tVnt2uXbs4d/wpce74U6K+vj5eXvR6vPza4u1/X7Q4lqx8s1Xm1VaUVcyJ
Ga9+OqOxtdsq42+LvxCnjLw/ijr2yfHMAIAdBA4AaANaM268V7t27WL0EYfH6CMOb/isbtu2KN9U
GRs3VUZ55f/+fVNlbPzfX+/r5q2Y0qzxtdsq46VlN8aJR3wnRzMCAN4rVVNTk27tSQDA/mzBkmUx
8bqvZHR6SkTEsEED4nf33JHjWe299ZvmRFnFnCivWhwVVYujqGPvnb6fTkfMmrvn13G6lZbEsEGH
5nKaTdpS+05UVi/f5fPCgpLof9CZUVu3KdZseC5qt+0aekYeclUM6j0xH9MEgP2eFRwA0IoqKjfH
ZTfcnHHciIi44EPjczijvVdetTheWnpjlFct3unzqq1v7TJ2yMCm7vZOlFW8k73JZUmXosPipGHf
bdhMtHZbZfx14aeiour1ncZV1axpjekBwH7JJqMA0IqmPvZErFr7dsbjr754Ykw+96wczqjlardV
xrwVd8Vf5l2yS9zY1xzRd/JOJ6UUFpTEEX0n7zKufPO+/c8BANoSKzgAoJUsWLIspjz4i4zGlhYX
xW3XXhVnnHhCo9+fNXde/Ov1N8awQQNicL++cXDPg+LC08dH354HZXPKu1W7rTJmLPz0Ph82dujd
/eRdPutSNGSXz9ZvcpoKAOSLwAEArWTqY09kNG7YoAFx+7VXxfDBe36fo2rLlnhxwavx4oJXIyJi
yoMPxYRxJ8YHxxwX55126t5Od7f2t7gRsf042PdGjopGfv8Hlo7O15QAYL/nFRUAaAWr1r4djzz1
TJPjSouL4kdf/WKTcWN3nnxuRlxzy53xT9ddH2+s3nUPjL21P8aNiIh5K+7aaU+Rqq1vxWtv3rfL
uML2Jbt8BgDkhhUcANAKpj6a2eqN2669Kvr16rnXz5vx8itxyqWfjK9f+W9xydkT9vp+DffdD+NG
xPag8fTL50ePLttXaJRvXtzoKSqDejlBBQDyReAAgDyrqNwcjzzd9OqN08cev9s9N1rqq9/7UQzs
e3Cccuzevzoxp5GTUvY3ZRW732OjS9FhDQEEAMg9gQMA8mzqY09kdCzsV6/Y9VSObJj05RvisSnf
itFHHN7ie8xZemOsLJue8fguRYdFYUFpi5/X2urra2Jj1auRTm/LaHxhQUmMHvTlHM8KAHg3gQMA
8iyTvTfO/9AHsvJqyu5ce9td8fAtN0aPbl2bfe3KsunNihujB30p+vc4s9nPaWvKqxbHC4u/ENVb
1+xxXGFBSZw47DvRtZFTVQCA3LHJKADk0YIly2LV2rebHDf5nLNyOo8lK9+Mx595ttnXrSybHnOW
3pjx+H0lbkREdC0aEqeO/En07/GRKCzYdfPQwoKSGNr30vjg0b8UNwCgFVjBAQB5NHPuvCbHjDly
RItOTRk64JBYsurNqKvL7DWKx555Niafm3lImbfirli65hcZj9+X4sYO7371pKxiTlRULYrC9qXR
uUMf+20AQCsTOAAgj2ZlEDgubUZ02GHMqJHxh+/fGWUbN8Ybb74VX7zre7Fo+co9XjN30evx2+dn
xkfeP3aP48qrFsdLzdxQdFDvC/e5uPFePbqMFjUAoA0ROAAgj2a9Mr/JMWNHjWzx/Xt06xY9unWL
7/7Xf8anbrqlycjxzN+fajRwlFctjjUbnos1G55t9kkp/Xt8JEYe8tkmx9XVbYuKqqY3Wz2gS5dm
PR8A2D8JHACQJwuWLGvy9JRhgwZEl5LivX7W4Yf2j38792Px+Snf3eO4+ctmxa9fOCmKOvaJoo69
IyKifPPiqN1W2aLndik6rFmnh4y+8P/t8funHDs6Hvjv61s0FwBg/yJwAECeZLL/xt6s3nivk0aP
anLM+g0FERFRtfWtqNr61l49r0vRYXHSsD0HFQCAXHGKCgDkyYKly5ocMyaLgaNfr54xdMChexxT
9k5BVp5VWFASxw+5udHTRQAA8sEKDgDIk1Vrmj4eNpsrOCIiNm3e8ysx3brU7/UzdqzcEDcAgNZk
BQcA5MmCZW/s8fulxUVZ2X9jh1Vr347V68r2OKZvn7q9eoa4AQC0FVZwAECeNLXB6IhBA7P6vOnP
zWhyzME9WxY4CgtKYmjfS2NQ74ktuh4AINsEDgDYR934o580OaZnj23Nvm//Hh+JoX0nR1HHPi2Z
FgBATggcAJAHNbW1TY7p17tnVp71TnlFXPKVbzQ5rmOHdAzs3/S8IiI6d+wdh/Q4Mwb1npi411HK
KubEmo3PRUXVoqitq4zC9iXRuUOf6NP95OjdfVxrTw8AyBKBAwDyoKa26VdB+vXa+8Bxx4O/iCkP
PpTR2PEnHBrHHvGBKN+8OKpq3orqrWsiYnvMKOrQJ7oWD4muRUPiwNLRiVytUV61OOavuDPKKuY0
8t05sbJsehR17BPHDflmdC0akvf5AQDZJXAAQBvR1B4dmfi3c8/KOHBcfOalMfKQo/b6mW1RedXi
mLHw01G7rXKP46q2vhV/mXdJjB70pejf48w8zQ4AyAWnqABAHpQUdW5yzIIly/b6OaXFRXHkkMFN
jjvhyBHx/tH7Ztyo2vpWRnHj3eYsvTHKqxbncFYAQK5ZwQEA+5h///jZ8Zmbb9/jmP/3sWSsVti4
eWHMfPWzzbpmU/WyZsWNHeavuDNOPOI7zb4OAGgbBA4A2Mecdcr79xg47vnSf8aEcSfmcUYtV1NX
EesqVuz1fQoLSqL/QWdGj9LRUbZpTqxcN32XCFJWMSfWbHg2enc/ea+fBwDkn1dUACBPxhw5Yo/f
n/XK/Kw8J5VKxbmnndLo95IUN7LpxGHfiZGHfDZ6dz85Rh7y2Thx2HcaPQ2mbFNjG5ICAEkgcABA
G/L7GbOzcp+zTnn/Tl8P7Hvwfhs3encft8spKV2LhkT/g3Z9Tad8s304ACCpBA4AyJPhgwc2OWbW
3HlZedZpxx8b3UpLIyJi8rlnxWNTbt4v40ZE7PYI2MZWcAAAySVwAECenHHiCU2OydZrKhHbV3E8
NuVbcf3llzbEjv3Rmg3PNfp51da3dvmssL3oAQBJJXAAQJ6MGTUySouL9jhmwZJlWVvF8d+f/vcY
fcThWblXkpVXLY7X3rxvp89Wlk2PlWW/3WXs7lZ7AABtn1NUACCPxo4aGX+Y+cIex1x7293x15/8
IE8z2j+89ubUWFk2PQ4sHR0VVYujvKrxvTb690jG8bkAwK6s4ACAPDo9g9dUVq19O6Y99ac8zGb/
UrX1rVhZNn0PceMjUdSxT55nBQBkixUcAJBHZ4w9Ib5ePDU2ba7a47gbfnBfjBg0MKONSfdlPbue
EB87/ivNvu7P8y6JiqrXMx7fpeiwGHno1c1+DgDQdljBAQB51KWkOCafe1aT4yoqN8e1t98dFZWb
8zCrti7V7L9OGvbdOLB0dEZ379yxdxw/5GanqgBAwgkcAJBnk885K/r2PKjJcQuWLIvLbrg5DzPa
9xQWlMRJw74TQ/teusdwMbTvpXHqyJ94NQUA9gFeUQGAPOtSUhzX/MtF8bnb7m5y7Ky58+KOBx+K
ay6+KA8z2/cM7Ts5hvadHGs2PLvT3htFHftE7+4nW7UBAPuQVE1NTbq1JwEA+6MTJ/17vPn2uibH
dSkpjlceeTAPM2q+um3bonxTZWzcVBnlldv/vqGiIso2lsfl55+z52vrtsXgj56/xzGnHDs6Hvjv
67M5ZQBgH2UFBwC0kh999Ytx4ee/3OSGoxWVm2PBkmVtZsPR+vp0PDXrhXjod0/Fn154cbfjmgoc
wP9n787jo6rv/Y+/kxBCMlkhG5AEkrATVpFNQa0i4PKrvW3xXrW2V8W6oKKgrRs+cKlWL9jigrhV
e5Ver1ZrqyKicqvsqATIwhZCIGQHsk6SSSb5/cGduRnmTDKTzCQZeD0fDx8y53vmez6ZOXOWz/ku
AABvIsEBAEAPGZOeqtcfe1DXPtDxLCFJCfHdEFH7tu/N1oZtO/XBhq91qrqmp8MBAABwQIIDAIAe
NH18hiLDTe3OlhJhClNkuKkbo3L01fbvtGrtfytz/8GOVwYAAOghJDgAAOhhHU0FOzbNs64p2/Zk
dbjO9PEZbtX13Nvv6sW/fODR9gEAAHoCCQ4AAM4yCx9/pt2kyYghydqwZlW7dfyQu1/Pvf2utmTu
9XZ4AAAAPhHY0wEAAID2JSV6Nv5GR60zDhQc06ffbnFZ/vqHf9e//XYZyQ0AAOBXSHAAANDLFZaU
ebR+shsDkt7x1HM6UVXltPzl9z7UE6/+SQ2NFo+2eS6qMh/UiZpdOlGzS03W2p4OBwCAcx5dVAAA
6GGD4+N0vKzca/VNGTtab3z0jw7Xm3ztr/TxH5/VxJHDJUl/+tsn+v2f/tNrcZyNKqp36XDpf6vk
1DdOZYkxs5WWsECxkZN6IDIAAECCAwCAHpacEN9ugqPabPaovisunKGx6anKzsvvcN0f3/OAFt/w
rwoJ7qPf/+kdj7ZjMyA6SoPiYjUoLk6D4mP/99+xnaqrN9t1+Ekdq1jnsrzk1DcqOfWNkmOv0KS0
h7sxMgAAIJHgAACgx41JT9W2vdkuy3Py8lVdW+fRVLFXXzTLrQSHJP3hnf9yu962Lpt2vq674nJd
Om1Kp94vSUtuvK7T7+1OHSU32jpW8ZkkkeQAAKCbkeAAAKCHuZO4yDmc7/bUrpJ0y79crQ3bduj7
nH1dCc2QNxIbktSnT5Duvu7nXorKd45VfOZ2cqPte8JCEjVy8M0+igoAAJwpwGKxtPZ0EAAAnMty
8vI1/8772l3npmuu0mO3eXazXFJxQpfcskjmhoauhGc3YkiyfnvTjV1ObLS2NsvSXC1Lc7Wamqtl
sf7v/5ur1Wx1Pb1tT2hpsSiv9L/V0uL5oKvBQeG6bOJfFRwU7oPIAADAmUhwAADQC2T89HrV1Lke
ayMpIV6b317jcb1Zhw7rykVLuhKapNPJjZceul8jhiR36v1VdftVWrVVpZVbdKrWdXccf5EYM0sZ
KfcoLGSgmqy12nX4SZWc+tZpvUlpDys59ooeiBAAgHMP08QCANALzOig+0lhaZm27cnyuN6MYWna
+PpLnQ1LUueTG2VV25R1dJU27r1B/8y+SfsKXzsrkhshwf01dfgzCgsZKOl0S42pw59RaEii07oV
1T90d3gAAJyzSHAAANALXD5zWofrvL/h607VnZY0SDkfrfVoDA+bziY3DhS9pW37l+hwyXuqqXdv
sFN/ER813XB5ikFLDXNjia/DAQAA/4sEBwAAvUBHLTgk6YMNG1VYWtap+k2hoXrv2Sd049Xz3X5P
Z5IbDZZybc5dpH2Fr3UmTL9gbTHuStRkrXVaFtyH8TcAAOguJDgAAOgFkhLiNTg+rsP1nu/klK42
T9x5q8aPGObWurf8y489Sm4UlP9DX2ReoxM1uzobnl84UbPXKZnRZK01HIMjKmx4d4UFAMA5jwQH
AAC9xM8v/1GH63SlFYckVdfV6WhxaYfrTc0Yo2vnXup2vRXV32t3/jOdjsufNDad0JbcRaqoPp3I
qajepS25i2RuLHZa1zZOBwAA8D0SHAAA9BI3X3O1IkxhHa73+Jo3O72Nr7d/p8qamg7X86QriyRt
O7C0syH5pSrzQW3Zt0h/33GBtuxbpCrzQad1QkMSmUEFAIBuRIIDAIBeIjLcpJt/cnWH663fsl1v
fPSPTm1j43cdz+px0ZRJuvqiC92u87tDj6qlxdKpeM5m41Lu6ekQAAA4p/Tp6QAAAMD/ufmaq/XG
R/9QTZ3xQJY2j695UzPGZ2hMeqpH9f/Pzo7Hx7jxKvdbbxRWfK6ik57P7hIZNkzRplEy9UtScFC4
+gSZ/vf/oR7X1R3ySz9Q0cn/cXv9jJS7lRgz23cBAQAAJyQ4AADoRSLDTZo7c5o+2LCxw3UXPv6M
1r20UpHhJrfq/nLbzg67pyQnxOuy6ee7VZ8kJcXOU2hIoo6Wf6pjFZ+1u25C9AUaGv9jxYRnqG+f
KLe30RsMiJikYxWfKavgj4azpdgEB4UrLXGB0hKv7cboAACAJAVYLJbWng4CAAD8n8LSMl3wy1+7
te6Y9FS99/sn3EpyPPD8S3pv/ZftrnPdFZfr6btvd2vbZ2ppbdK+wtd1tPwTWZor7ctDgmM0MfVB
JURf4PSeIfN+0m6d08eN1XvPPdmpeHzB3Fisw6X/reJT36i+scS+PDQkUbERkzRy8M0MLAoAQA8h
wQEAQC/0/Dv/pT+8855b645JT9WK++7qsLvKxAW/1Knq6nbXeeuJR3XJ+ZPdjtOV0sot2nf8NVXV
HdD5w5/SwJiLDdfztwRHW+bGYpkbSxRlGq7goPCeDgcAgHMeg4wCANAL3XvDv2p02lC31s3Jy9e1
v3lU67dsd7nOqeqaDpMbsdFRXkluSFJC9ExdNPZPmn/eepfJDX8XFjJQsZGTSG4AANBLkOAAAKCX
WrnkbrfXra6t062PP6NrH3hUX2zd4VRedvJkh3XMv3CGR/G5g5t/AADQXRhkFACAXmoE/2XPAAAg
AElEQVRMeqr+Y8ldWrriBbffs21PlrbtyVJSQrxu/snVGpOeqjGpQ1V64lSH7x2WnNSFaAEAAHoW
CQ4AAHqxn8/5kXLy8vXm3z7x6H2FpWVa/sobHr0nrn+MR+sDAAD0JnRRAQCgl3vstpv1szmX+Hw7
MRERPt8GAACAr5DgAADAD6xYcrfPkxzRkSQ4AACA/yLBAQCAn/B1kiOGBAcAAPBjJDgAAPAjK5bc
rVeX/VYRpjCv1x0UyGUBAADwX1zJAADgZ+bOnKYtb7+q6ePGerXef36/y6v1AQAAdCcSHAAA+KHI
cJPee+5JvffsE15LdGzbk+WVenobc2OxTtTs0omaXWqy1vZ0OAAAwEeYJhYAAD82fXyG3nvuSeXk
5ev9DV9r/ZbtOl5W3qm6tu3J9nJ0PetYxWfaf/xNmRuLHZaHhQxUWsICpSUu6KHIAACALwRYLJbW
ng4CAAB4T05evrIP5ysn7/R/VXV1yj18xK33vrrst5o7c5pvA2xjyLyftFs+fdxYvffckx7V2WSt
1ZbcRaoyH2x3vdjISZqY+rDCQgZ6VD8AAOidaMEBAMBZZkx6qsakp0pzHJcvWbFKH2zY2O573/zb
J92a4HDXsYrPZWmu7HA9a0ujjpR9pAZLx61YKqp3acu+u3RRxlsKDgr3RpgAAKAHkeAAAOAcMX18
RocJjm17slRYWqakhPhuisp92Udf8Hqd5sZi7T/+hjJS7vF63QAAoHsxyCgAAOeIn8/5kQbHx3W4
3pIV3k8kGCksLetwnTHpqV3eTnBQuNISFyg5dr5hS43DJf/dYXcWAADQ+5HgAADgHPLzy3/U4Trb
9mTp/Q1f+zwWdxIckeGmLm0jNCRRl038qzJS7tGktEd02cS/KjJsmNN6J6p/6NJ2AABAzyPBAQDA
OeTma652a73H17yp6to6n8aSnZff4TqRpq4lOEYNvtmh1UZwULhGDb7ZaT2zpaRL2wEAAD2PBAcA
AOeQyHCTfjbnkg7Xq66t07W/edSnSY5te7I6XGdsF7uohPZ1niEl1GDWlKo6uqgAAODvSHAAAHCO
ufeGf1WEKazD9XLy8n2W5MjJy9cXW3d0uF5XBzs9UePc9aTaYLyNKNPwLm0HAAD0PBIcAACcY5IS
4nXvDf/q1rq2JIc742V4YsnKjgcyHZ02tMsJjv3H31TJqW/sryuqdymr4I9O64X1TezSdgAAQM9j
mlgAAM5BN//kan2xZbu27c3ucN2cvHzNv/M+/cd9d2nuzGld2m51bZ0eX/OmctwYf+PnczoeENUd
Ow4+qLD/7ZZibix2Kg8OCldy3JVe2RYAAOg5ARaLpbWngwAAAN2vsLRM8+64VzV1ZrffM318hh77
9U2dmr51254sLXczuSFJm99eY2/BUVa1za33lFftVF7Jf3kU18jBN2mkwcCjAADAv5DgAADgHPb+
hq+1dEXH3UXONHfmNF0+Y5ounzG1w6lct+3J0vPvvOfWoKI2N11zlR67rXNJh12Hn9SxinVurZsc
O1+T0h7p1HYAAEDvQoIDAIBzXGeTHDZj0lOVnBCvMWn/16qjsLRMx0rLlHM43+NBSiNMYdry9qsd
Jk7ac7jkPWUdXdXuOmmJC5SRck+ntwEAAHoXEhwAAKDLSQ5venXZb7s81od0eryNw6X/reJT36i+
sUTS6fE2EmNmKS3xWkWFMXMKAABnExIcAABAkvTGR//Q42ve7NEYfjbnEq1YcnePxgAAAPwTCQ4A
AGC3fst2LVmxyqOBR72F5AYAAOgKEhwAAMBBYWmZbln+tHIPH+m2bS6+4Vrde8O/dtv2AADA2YcE
BwAAMPT8O/+lNz76h09bc0SYwrRiyd1eGXMDAACc20hwAAAAl6pr6/T8O/+lN//2idfrvnzGVK1Y
cneXZksBAACwIcEBAAA6VFhapvVbtuv9DV93qetKhClMc2dO083XXK0x6akdvwEAAMBNJDgAAIBH
bMmOL7ZsV1VdXYcJj8HxcZoxIUPTx2do7oxptNgAAAA+QYIDAAB0WfmpSjVaLA7LQvr2VVxMdA9F
BAAAzjUkOAAAAAAAgN8L7OkAAAAAAAAAuooEBwAAAAAA8HskOAAAAAAAgN8jwQEAAAAAAPweCQ4A
AAAAAOD3SHAAAAAAAAC/R4IDAAAAAAD4PRIcAAAAAADA75HgAAAAAAAAfo8EBwAAAAAA8HskOAAA
AAAAgN8jwQEAAAAAAPweCQ4AAAAAAOD3SHAAAAAAAAC/R4IDAAAAAAD4PRIcAAAAAADA75HgAAAA
AAAAfo8EBwAAAAAA8HskOAAAAAAAgN8jwQEAAAAAAPweCQ4AAAAAAOD3SHAAAAAAAAC/R4IDAAAA
AAD4PRIcAAAAAADA75HgAAAAAAAAfo8EBwAAAAAA8HskOAAAAAAAgN8jwQEAAAAAAPweCQ4AAAAA
AOD3SHAAAAAAAAC/R4IDAAAAAAD4PRIcAAAAAADA75HgAAAAAAAAfo8EBwAAAAAA8HskOAAAAAAA
gN8jwQEAAAAAAPweCQ4AAAAAAOD3SHAAAAAAAAC/R4IDAAAAAAD4PRIcAAAAAADA75HgAAAAAAAA
fo8EBwAAAAAA8HskOAAAAAAAgN8jwQEAAAAAAPweCQ4AAAAAAOD3SHAAAAAAAAC/R4IDAAAAAAD4
PRIcAAAAAADA75HgAAAAAAAAfo8EBwAAAAAA8HskOAAAAAAAgN8jwQEAAAAAAPxen54OAACAnlZc
XKyWlhan5YMGDVJAQEAPRAQAAABPBVgsltaeDgIAgJ40e/ZslZaWOi3PyspScHBwD0QEAAAAT9GC
AwDQKQUFBcrKypLVatXw4cM1evTong4JAAAA5zASHADgBxoaGjRhwgTDsq+//lqDBw/u1ng+/vhj
PfDAAw7Lbr/9di1evLhb44CjzMxMXXvttd2+3S+++EJDhgzp9u0CAAC0xSCjAACPnDhxQk899ZTT
8tWrVyszM7MHIgIAAABIcAAAPHTw4EFVVVUZlpHgAAAAQE8hwQEA8BpmHAEAAEBPYQwOAIBHRo0a
pdjYWFVUVDiVTZkypQciAtxzyy236Ntvv3Va/u233yo+Pr4HIgIAAN5EggMA4JHo6Gg9/fTTevDB
B+1JjpCQED300EMaO3ZsD0cHIykpKfrzn//ss/rj4uJ8VjcAAIC7SHAAADw2e/ZsrVu3TocPH5bF
YlFqaio3ub1YUFCQBg4c2NNhAAAA+BQJDgBAp0RGRmrixIk9HQYAAAAgiUFGAQAAAADAWYAEBwAA
AAAA8HskOAAAAAAAgN8jwQEAAAAAAPweg4wCAHq9EydOqKCgQGVlZTKbzQoJCVFkZKTi4+OVnp6u
Pn04naH3Ki0tVX5+viorK2U2m9W3b1+ZTCYlJCQoJSVF4eHh3RZLa2urCgoKdOTIEVVWVkqSoqKi
NHr0aCUmJna5fqvVqvz8fB0/flzV1dVqbm5WRESEIiMjlZaWptjY2C5vw904jh07pqKiIlVWVqqh
oUFBQUEKDQ1VfHy8kpKSui0WAED34YoQAOCxadOm2W+O2srJyVFQUFC77/3kk0+0ZMkSp+Wff/65
UlNT7a8bGhr05Zdf6qOPPtKmTZtc1te/f3/NmzdP1157rUaNGuXBX+EbGzZs0KJFiwzLLrnkEq1c
uVJhYWHdHFX3MpvNuu6665Sbm+tUNn36dL355psd7idGvv32W91yyy2GZffcc4/uuOMO5efna968
eR7VO2vWLMPlt912m+69916P45ROJzXWr1+vjz76SDk5OS7XCw4O1qxZszR//nxddtllndo3XP3N
ts9EOn3Dv27dOr311lvau3ev07q33nqr4e9y9uzZKi0tdVh23XXX6bHHHnNYdvDgQX388cf6+9//
7rR+W5MmTdKCBQs0b948r/8OWlpa9N1332n9+vXasGFDu3FI0oQJEzRv3jxdfvnlSkpK8mosAICe
QYIDANArNDY22v/97bff6plnntGhQ4c6fN/Jkye1du1arV27Vtdff72WLFkik8nky1Bd2rx5s8sb
4mnTpunZZ58965MbkhQWFqZHH31U1113nVPZtm3b9I9//EPXXHONR3WazWY9++yzhmXjxo3TTTfd
1KlYva2mpkZ//vOf9cYbb6iurq7D9ZuamvT111/r66+/VlJSkpYuXap58+YpICCgy7FYLBZJUkVF
hR566CH985//dLluYKD7vZbNZrP939XV1XrhhRf05z//2a337tq1S7t27dJLL72kp59+WlOnTnV7
u+3JzMzU888/r23btrn9nt27d2v37t1auXKlbrjhBt16663q37+/V+IBAPQMxuAAAPQKDQ0Nslqt
euGFF3TLLbe4ldw407vvvqubb75Zp06d8kGE7fv+++911113qampyals3LhxWrlypSIjI7s9rp5y
3nnnaeHChYZlK1eu1MmTJz2qb+3atTpw4IBh2SOPPKJ+/fp5HKO37d27VzfccINWrVrlVnLjTIWF
hVq8eLGeeuopw/3IU42NjTpx4oQWLlzYbnJDkkcJFVuC49ChQ7r++uvdTm60VVhYqF/84hf68MMP
PX5vW1arVatXr9a1117rUXKjraamJv3pT3/ST3/6U+3YsaNL8QAAehYJDgBAr9DQ0KBnn31WL774
Ypfq2bVrl5YvXy6r1eqlyDqWk5OjO+64w/CmNj09XS+88MI52d//17/+tYYNG+a0vLS0VK+99prb
9RQUFGjVqlWGZXfeeacmTpzY6Ri9ZdOmTfrFL36hffv2dbmu//zP/9Tvfvc7tba2dqkes9msxx57
rN0uMjaetOCor6/XwYMHddNNN7lMOrlr2bJl+v777zv13qamJi1btkx/+MMfuhSDTVFRkW666Sat
W7fOK/UBALofXVQAAL3Ciy++qJ07dzotT0lJ0dSpUxUXF6fAwECdOnVK3333Xbs3VuvWrdPll1+u
K664wpchSzr9FPu2224zHJNk0KBBevnllzVw4ECfx9EbRUREaNmyZbrxxhudyt58801dddVVGjt2
bLt1tLa2auXKlQ5dmGxGjx7tNCZHRESEbrvtNsO6PvnkExUWFjotv/HGGw27DmVkZLQbm822bdt0
2223uWx1ERsbqzlz5mjIkCGKiIhQTU2NKioqtHHjRuXl5Rm+Z+3atcrIyNBPf/pTt2Iw8tFHHxl+
bkY8acFx9OhR3XXXXU5jXISEhGjq1KkaMWKETCaT6urqVFBQoK1bt7ps0dLU1KTly5frww8/9Giw
4NbWVj3zzDP64IMPXK4TERGhuXPnKikpSQMGDFBjY6PKy8u1e/dul609mpqatHjxYoWFhemiiy5y
Ox4AQO9AggMA0Cucmdy49NJLtXDhQk2YMMHw6XJOTo5efvllbdiwwbC+d955R/Pnz/fKWAauHD16
VLfffrvhYIb9+/fX6tWrNXToUJ9t3x9MmzZNv/rVr/TWW285lT333HN644032h1wdOPGjfr8888N
y5YtW+aUmIiNjXU5Dkp2drZhgmPhwoWKj49v569w7ejRo7r//vsNkxtJSUm66667NH/+fIWEhDiV
L126VJmZmXrmmWeUmZnpVL5y5UpddNFFnW79Y5Tc+NGPfqSZM2cqKSlJJpNJVqtVNTU1Ho09UVBQ
4PA6Ojpad911l6644grDempra/XZZ5/p2WefVU1NjVP5/v37tWXLFs2ePdvtGD744AO98847hmUJ
CQl64IEHdPHFF7ucoebIkSNau3at3n77bcPyBx54QO+99945//sFAH9DFxUAQK/z0EMP6aWXXtKk
SZNcNp0fM2aM/vjHP+r66683LP/++++1f/9+n8VYUlKiO++8U0ePHnUqM5lMWr16da+Y1aU3uPPO
Ox1myLHZunWrPv30U5fvq6mpcTmw6K9//WtNnjzZazF2htVq1e9+9zuVlZU5lZ1//vl65513dM01
1xgmN6TTrSYmTZqkt956y3Aml4qKCo+68rRn/vz5WrdunVavXq1f/OIXuuSSSzR16lTNmDFDl19+
uaZMmdKpeseNG6cPP/xQN9xwg8skSXh4uBYsWKB33nlHERERhuu0tx+cqaCgQE899ZRh2YUXXqj3
339fV111VbvT7w4dOlQPPfSQ1qxZo9DQUKfyyspKPfXUU93a1Q0A0HUkOAAAvcpzzz2nX/7yl261
vAgKCtLSpUuVkpJiWO6N8RCMnDhxQosWLTLsJhMcHKwXXnihV4wLYdPS0qKKigqv/tfc3Oz29iMj
I/Xoo48alq1YscLloLBvv/228vPznZaPGDFCt956q9vb95XPP/9cGzdudFo+YsQIrVq1yu2uSaGh
oXr66acNEwTvvvuuysvLuxTnrbfeqhUrVigtLa1L9ZxpxowZevXVVzV48GC31h81apR+85vfGJZt
3bpVLS0tbtWzatUq1dfXOy0fNmyYfv/73yshIcGteiTp4osv1u9//3vDsm+++UZffPGF23UBAHoe
XVQAAL3G4sWL9f/+3//z6D1hYWG67rrr9MwzzziV5eTkeDwdaUeqq6t17733au/evYblK1as0AUX
XODVbXZVQUGB12P69NNPDQcQdeWCCy7Qddddp7Vr1zosLykp0RtvvKGlS5c6LD906JBeeeUVw7oe
ffTRdp/Od4fm5matWbPGsOypp57yeLrRuLg43XnnnXriiSccltumkb322ms7Fef8+fO1ePHidrsB
dUZ8fLyeffZZj//OefPm6emnn3Yak6O0tFSFhYUuk5U22dnZ+uSTTwzLnn766U5155k7d64WLlxo
2Fpm9erVmjNnjkfjgwAAeg4tOAAAvcKECRP07//+751+rxGj8Ra6wmw2a+nSpdq+fbth+dNPP625
c+d6dZtnk7vvvltJSUlOy1977TWHmT5aWlq0YsUKw3Etbr75Zk2dOtWncbrj22+/NewC9bOf/Uzj
x4/vVJ1XXnmlYXeJv/71r52qLzg4WEuXLvV6ckM63Y2sM+OWREREaPr06YZlFRUVHb7/448/Nly+
YMGCTn/ukvSrX/1KUVFRTsv379/v8vcOAOh9SHAAAHqFn/70p+rXr1+n3pucnGy43FXXh85obGzU
Qw89pH/+85+G5Q8//LD+5V/+xWvbOxvFxMTokUceMSxbsWKFfbyD9evX6+uvv3ZaJz093eUMKd3t
yy+/NFzelVlPYmJidPXVVzst3717t1s3/2eaM2eOYULJG+bNm9fp944YMcJwuauZVmzMZrPLWVOM
ZurxRGxsrMsEq6uBjAEAvQ8JDgBAr9CV2U6MpviU3Hsi7A6r1arHH39c69atMyy/6667unyDda64
5JJLtGDBAqflmzZt0rp161RdXa3/+I//MHzvo48+qsjISF+H2KGGhgbDm96kpKQutSKQTs86Y+Tw
4cMe1xUcHNylWNrTld+rq4FGa2tr231fVlaWYRJkypQpGj58eKfjsbnssssMl69bt04Wi6XL9QMA
fI8EBwDA7/Xt29dweXV1tVfqf/XVV10+Of73f/933XHHHV7ZzrninnvuUWJiotPyFStWaOXKlYZd
i375y19qxowZ3RFeh/Ly8lRVVeW0fObMmV0eq8HVtKRGA9r6K1ezyhhNa9tWVlaW4fL58+d3OSZJ
Gj58uDIyMpyWV1ZWOk2NCwDonRgxCQCAdnz66af6wx/+YFi2YMEC3X///S6nsu0tUlNT9fnnn/d0
GHaxsbF65JFHtGjRIoflRUVF+stf/uK0/pAhQ5zW7UlGUwNL0siRI7tcd1xcnOHykpKSLtft71zN
iuTN6ZjPO+88w0TK4cOHvdJKBADgWyQ4AABwYffu3Xr44YcNy4YNG6ZHHnnEJwM4ngsuu+wyXXPN
Nfrb3/7W4brLli3rFV1TbI4dO2a4/IknnnCaBcVbampqfFKvP3HViiI1NdVr23CVLCktLfXaNgAA
vtO7HzkBANCD7rvvPtXX1xuWHTp0SN9++203R3T2CAgI0JIlSzqcieO6667ThRde2E1Ruceoe8rZ
uM3e5siRI4bLo6OjvbaNmJgYw+UnT5702jYAAL5DggMAABc6emr76KOPunyaj47Fx8frwQcfdFme
lJSku+++uxsjco/ZbO72bXY0w8jZrrW1VZWVlU7LY2NjvdqKymQyGS7vie8cAOA5EhwAAHTSyZMn
9cgjj6ihoaGnQ/FbU6dOdTno5IwZM1w+Ue9JPXGz29ra2u3b7E1sUwifydWMLJ3laqrq5uZmr24H
AOAbjMEBAIAbEhMTDQd63LZtm1555RUtXry4B6Lyf3/4wx9czp7x/vvv66qrrtL06dO7OarOSUxM
7PIsKq54+0be37hqpeHtli2u9kVfTrkLAPAeEhwAAHQgNTVVr7/+ut5//3298sorTuWrV6/WxIkT
dfHFF3d/cH5s48aNev/999td5/HHH9d7773Xq27wXU1LvGrVKk2YMKGbozk3BAQEKDo62qmbSllZ
maxWq9e6qdTW1houDw0N9Ur9AADfoosKAADtSElJ0Zo1a5SUlKTbb7/dZWuCRx99VMePH+/m6PzX
qVOn9OSTT3a4Xl5enl5++eVuiMh9rsZpYCBK3xoyZIjh8urqaq9tw2icD0kaMGCA17YBAPAdEhwA
ALgwaNAgvfLKK/Ybq379+umJJ55Q//79ndYtKyvTsmXLZLFYujtMv7Rq1SoVFhY6LTd6Uv7mm29q
x44d3RGWW+Li4gyXFxUVdXMk55ahQ4caLnc1u0pnHDhwwHB5R7P9AAB6BxIcAAC4sHr1aqWnpzss
S0lJ0eOPP264/qZNm7RmzZruCM2vffPNN1q7dq3T8jFjxuj11183fM/y5ctVU1Pj69DckpSUZLh8
586d3RzJuWXkyJGGy/fv3++1bXz//feGy1NTU722DQCA75DgAADAhTOTGzZz5szRzTffbFj24osv
avPmzb4My69VVlbqiSeeMCx78MEHNWXKFC1cuNCp7NChQ4bjn/SE4cOHGy7/n//5H692l4CjsWPH
Gi7fsGGDV+rPz8/X7t27nZZHR0e7bD0CAOhdSHAAANAJd911l8477zzDsoceekjFxcXdHJF/eOGF
F3T06FGn5ddee62mTp0qSVq4cKFhK4nXX3+9V7SSGDJkiOET/fr6en3++ec9ENG5Yfz48Ybjn2za
tEkFBQVdrv/rr782XD537lyXA8sCAHoXEhwAAHRCaGionnrqKUVFRTmVlZSUaPny5WpqauqByHqv
zZs365133nFa3r9/fy1atMj+OioqSg888IBhHY8//rjLmS66S1BQkK666irDsrfeektms7nL23A1
Xem5LCwsTD/5yU8My959990u1V1VVaW3337bsGzu3LldqhsA0H1IcAAA0Empqalavny5YdnGjRv1
xhtvdHNEvVd1dbXLrilLlixxGsRxzpw5uvTSS53WPXDgQKe7qgQHBxsut1qtHtd15ZVXGi7Py8vr
8jgs9fX1uueee/TSSy+pubm5S3Wdba655hrD5W+//XaXxuL485//rNLSUqflI0aMsLcsAgD0fiQ4
AADogvnz5+vGG280LHv++ee1ffv2bo6od3rxxReVn5/vtHzatGmGN62BgYFaunSpQkJCnMpee+01
l4NBticiIsJweVVVlcd1paam6t/+7d8My1555RWtX7/e4zql0y03HnvsMW3cuFGrVq3S0qVLderU
qU7VdTYaN26c5s+fb1j20EMPuZzmtT3ffPONXnzxRcOy2267zWViDADQ+5DgAACgi+69915NnDjR
sOyhhx5SWVlZN0fUu2zdutVl8//f/OY36tOnj2FZWlqa7rzzTsOy5cuXq66uzqM4oqOjDZfv2rXL
o3psfv3rX7us8+6779Y//vEPtba2ul3fsWPHdOutt+rjjz+2L1u3bp1+9atfqby8vFMxno0WL15s
OJ1wVlaWfvvb33r0WW3dulX33XefYdmsWbM0b968TscJAOh+xlcUAAC/cfLkScOn3F0VHh6ufv36
eb3es1FYWJieeuopLViwwOmmu7CwUMuXL9eqVasUFBTUI/G1tLSooqLCZ/WHhYUpLCzMsKympsZl
15SFCxe6nBnD5he/+IU++eQTHThwwGH5/v37tWbNGpc3p0ZGjBhhuPzll19WUlKSZs6c6fAdWa3W
dr+zgQMHatmyZS5jWLp0qb766ivdfvvtGjFihAICAgzXq66u1meffaY//vGPOnnypGHcAwYMaO9P
O6cMHTpUDz74oJYtW+ZUtnHjRv3sZz/TAw88oIsuukjh4eGGdRw/flx/+ctf9NprrxmWR0VF6eGH
H+6x3ywAoHNIcACAn/vZz37mk3pfeuklXXbZZT6p+2w0bNgwLV++XEuXLnUq+/LLL/XWW2+5nFrW
1woKCnTBBRf4rP4nnnhCCxYsMCxbvXq18vLynJYnJSUZTgd7prCwMD3wwAO65ZZbnMrWrFmjiy++
WJMnT3YrzjFjxhguLysr0y233KL09HSNGTNGffr0UVFRkRISEvTcc8+1W+eVV16pvLw8vfTSS4bl
69at07p16zRq1ChdfPHFio2NVXR0tJqamnTixAnl5OToq6++cjmo6PTp07Vs2TIFBtLotq0FCxZo
3759Wrt2rVNZSUmJ7rvvPkVERGju3LlKSkrSgAEDZLFYVFFRoezsbH3zzTft1v/73//ecKYcAEDv
RoIDAAAvueqqq/TDDz8Y3nQ9++yzmjhxosupZc9GO3bscDnQ6gMPPGA4A42RWbNm6cc//rFD1w2b
5cuX6y9/+YvLFiRtjR49WtOnT9e2bdsMy/Py8hySMVdccYVb8S1atEgtLS1avXq1y3X27dunffv2
uVWfzaxZs/Tcc8+5HDvkXBYQEKAHH3xQDQ0N+vDDDw3Xqamp0QcffOBRvcHBwXrmmWd0ySWXeCNM
AEA343EAAABeEhAQoPvuu08ZGRmG5b/97W992lWkN6mtrXXZNeXSSy/VnDlzPB4ad+EAACAASURB
VKpv8eLFhjf6+/bt06uvvupWHQEBAbr33nvd7tLl7vgZgYGBuueee/TMM88Yjg3RGddff71WrVql
mJgYr9R3Nurbt6+efPJJ3XPPPV6pLzExUa+99prLKYABAL0fCQ4AALwoIiJCv/vd7wxvdI8ePaon
n3yyU9OS+ps1a9Y4jZshSSEhIbr//vs97nIxaNAg3XvvvYZlq1evVmZmplv1TJw4Uc8//7xbrSI8
GSA0ICBAP/nJT/T3v/9dP/7xj91+35nS09P14osvatmyZW61SjnXBQUF6Y477tB7772n6dOnd7qe
G2+8UX/96181Y8YML0YHAOhuJDgAAPCykSNHGg6AKJ0ek+Hdd9/t5oi61/fff++yVcWiRYs6PbbB
z3/+c5ez1Sxfvlxms9mtei699FL99a9/1XXXXdfuFKCdSTCkpKTo2Wef1WeffaZ7771Xo0aN6vA9
wcHBmj9/vlauXKkPP/zQ49YtOJ24euutt/TOO+/oxhtvVEJCQofvycjI0P33368vvvhCDz/8sGJj
Y7shUgCALwVYLBb3H08AAACcRaqrq5Wbm6uKigpZLBaZTCZFRUUpNTVV8fHxXtlGeXm5CgsLVVZW
pvr6erW0tKhfv34KDw/XwIEDlZyczIxFXma1WlVYWKiioiKdPHlSjY2NCgwMVGhoqOLi4pSUlOS1
7xcA0HuQ4AAAAAAAAH6PLioAAAAAAMDvkeAAAAAAAAB+jwQHAAAAAADweyQ4AAAAAACA3yPBAQAA
AAAA/B4JDgAAAAAA4PdIcAAAAAAAAL9HggMAAAAAAPg9EhwAAAAAAMDvkeAAAAAAAAB+jwQHAAAA
AADweyQ4AAAAAACA3yPBAQAAAAAA/B4JDgAAAAAA4PdIcAAAAAAAAL9HggMAAAAAAPg9EhwAAAAA
AMDvkeAAAAAAAAB+jwQHAAAAAADweyQ4AAAAAACA3yPBAQAAAAAA/B4JDgAAAAAA4PdIcAAAAAAA
AL9HggMAAAAAAPg9EhwAAAAAAMDvkeAAAAAAAAB+jwQHAAAAAADweyQ4AAAAAACA3yPBAQAAAAAA
/B4JDgAAAAAA4PdIcAAAAAAAAL9HggMAAAAAAPg9EhwAAAAAAMDvkeAAAAAAAAB+jwQHAAAAAADw
eyQ4AAAAAACA3yPBAQAAAAAA/B4JDgAAAAAA4PdIcAAAAAAAAL9HggMAAAAAAPg9EhwAAAAAAMDv
keAAAAAAAAB+jwQHAAAAAADweyQ4AAAAAACA3yPBAQAAAAAA/B4JDgAAAAAA4PdIcAAAAAAAAL9H
ggMAAAAAAPg9EhwAAAAAAMDvkeAAAAAAAAB+jwQHAAAAAADweyQ4AAAAAACA3yPBAQAAAAAA/F6f
ng4AQPerqalRUVGRKioqZDabZbFYZDKZFB0drf79+2vAgAEymUw9HSYA9Hqtra06fvy4rFarfdnA
gQPVt2/fHowKAPyXxWLR8ePHVVZWpurqavt1ampqqoYMGdLT4aGXI8EBnEOsVqv279+vgwcPOpVV
VVWpqqpKBQUFkqTJkycrOTm5u0MEAL8SEBCgsLAwbdmyxZ7kqK6u1rhx43o4MgDwPydOnNB3332n
hoYGh+VVVVVOywAjfpngsFqt+uKLL2SxWCRJMTExmj17dqfr27x5syoqKiRJffr00eWXX67g4GCv
xAr0Fq2trcrKytKRI0fcWj8sLMy3AQHAWaJ///6aPHmydu7cKUk6fPiwEhMTFRcX1y3b37p1q8rK
ytpdp0+fPurXr5+9tV5sbKwGDBiggIAAt7axbds2lZaWSpISEhI0ffr0TsXa2tqqr776SnV1dZKk
0aNHa8SIEZ2qy5cOHjyonJycDtcLDAxUaGioQkNDFR0drZiYGCUkJCgoKKgbojy7NDc3a8+ePSor
K9PAgQOVkZHB59hNSkpKlJ2drcDAQI0bN06xsbE9EkdNTY22bdum5uZmw3Luz+AOv0xwBAUFKSUl
RYcOHZIknTp1SjU1NYqIiPC4rrq6OntyQ5KSk5P58eCsVFZW5pDciIiI0LBhwxQVFaWgoCA1NTWp
oaFBFRUVKioqUnh4eM8FCwB+ZtCgQRo3bpz27t0rSdqzZ49mz57da64pmpubVVtbq9raWpWWlmr/
/v2KiorSuHHjNGDAgG6L48SJE/bkhiQVFBRo2LBhCgz0z2HhWlpaVFdX53A9GRYWplGjRtEK0kNF
RUU6duyYJOnIkSOKi4vToEGDejiqs19ra6syMzPV2NgoSdq9e7cuvfTSHonlwIEDDsmNESNGKCUl
Rf369bPHCnTEP88mOt2/tS3bUwVPnfnE48x6gbPF0aNH7f8OCwvTBRdcoJSUFEVFRSk8PFwxMTEa
OHCgxo0bpzlz5igkJKQHowUA/5OWlqbhw4dLkmpra7V///4ejqh9VVVV2rRpk4qKirptm2duy2w2
68SJE922/e5gNpv1ww8/aO/evdyQeeDMz4rPrvu0/axbWlp6JIampiYVFhbaX6elpWn06NEymUwK
CgpSUFCQ+vTxy2fz6GZ+u5fExMQoPDxctbW1kqTjx49r2LBhHtdz/Phx+79DQ0O79SkG0F1aWloc
koBpaWntJjD89UkaAPS00aNHq6GhQceOHVNeXp4SEhK6rauKJMXHx2vKlCmGZbZWHMeOHbM/KZek
Xbt2KSYmRqGhoT6NrampyWG7NkVFRd36GXXGlVde6bK7RHNzs8xms8rLy3Xw4EF7F+rDhw8rNDS0
U9en56JBgwapvLxcZWVlSkxMVGJiYk+HdE4ICAjQxIkTlZWVZe+i0hNs93Q2SUlJPRIH/J/fJjgC
AgKUkpJi7x9ZWVmp6upqRUZGul1HbW2tw1ODlJQUbuxwVrJYLA4j/HvyOwEAuC8gIECTJ0/W5MmT
e2z7rrrFBAcHKzQ0VHFxcYqOjrZ3p2lublZhYaG99YmvlJWV2Zufh4SE2JvEHzt2TKNHj+71M8+4
Gq8kODhYUVFRioqKUmJiorZu3Sqz2SxJys3N1aBBgxjXyg3BwcEuk3PwrYEDB/Z4K/ampiaH1/xm
0Fl+fTd/Zma3owG2zkT3FJwr2iY3JDFoFwCc41JTUxUVFWV/XVJS4vNttm29MWLECMXExEg6fY7q
bFfj3iY8PFwTJkywv25paTFstQLA0ZldY3jojM7y6z0nIiLCoUtJ235b7mi7fnR0tMOJHgAA4GwV
EBCghIQE++uqqiqfbq+urs4hiZGQkODQBP1sSgLEx8fbkzeSVFxc3IPRAMC5xW+7qNgkJyfbu5lU
VVW53U2lpqZGp06dcqinI62trTpx4oTKysp06tQpmc1mWSwW9evXzz7l2sCBAztsYtnQ0KD169fb
X1922WUymUyqr69XcXGxysrKVFtbq6amJoWHh6t///4aNGiQw8lSOp3pLC8vV3Fxsaqrq1VbW6u+
ffsqMjJS8fHxGjx4sMejtzc1Nam0tFRlZWWqqamR2WxWcHCwTCaTYmNjFR8f36lEkNlsVnFxsSoq
KlRTU6PGxkaFhIQoPDxcAwYM0MCBA7tl1o5Tp06prKxMJ06csH9/tqnd4uPjlZiY6HHrhrZ11tXV
qbm5WSaTSZGRkYqLi1NCQoJbgyKVl5dry5YtkqR+/fpp7ty5kk7vL8XFxSotLbXvFyaTSXFxcRo8
eLDL/b2kpETbt283LPv2228dXp933nn2C826ujp9+eWX9rJZs2apf//+HcZfXV2toqIiVVRUqLa2
VkFBQQoPD1d8fLwGDRqk0NBQ1dbW6quvvpJ0uhXJVVdd5VSP2WzWhg0bPNp+dna2fVal2NhYXXDB
BU7rtP18Jenqq6+WdHocnqKiIlVVVam+vl6TJk1SSkqK4XZqampUUlKikydP2vfjvn372pOt7u7H
Bw4cUG5urqTTLcemTp0qi8Wio0ePqqSkRNXV1WpqatIll1zite5EtuNFWVmZTp48qfr6erW2tio0
NFT9+/dXbGxsp6Y2bGhoUFFRkcrKylRVVaWWlhaFhYUpKipKcXFxbv2msrKylJeXJ+n/Po/21NfX
64svvrC/njlzpk/673vr+z6T7UavoqJCdXV1MpvN6tevnyIiIhQbG6vBgwd7PMivN76HtnxxzK6s
rFRxcbFOnjypuro6NTU1KTQ0VFFRUfY6Pf27fXXO8pS3rg+6W9trBKvVKqvV6rMWfm1v8mNjY2Uy
mZSQkGDvJlNeXq7a2tqzZgav+Ph4+3Wm7TfZ3hPp3nJ+6cl9+cSJE9q0aZP99Zw5czrsptDU1KSS
khKVl5ersrJS9fX1Cg4OVlhYmPr376+EhASPx9fzxfGv7Tm4srJSZrNZAQEBCgsLU0xMjOLj4xUb
G+v2tM3e1nYa6PT0dGVkZBiut3nzZvtsQW2vHcvLy1VSUqJTp07Z70eio6OVkJCgQYMGuTyu7N+/
X/v27TMs++yzzxxeT506tcPW9mazWaWlpfbjSUNDg0JDQxUeHm6/JndnrKHOXjPm5ubqwIEDkk6P
dzdu3Di1traqrKzM/puqq6uz/7YTExM1cOBAp/s1s9msoqIi+99hu7ew3RO6c11+prbX6TU1NQoK
CnLY/3r7OEie8PsER9unD9Lp2VTcuSE4sylkRwMZ1dbWas+ePSovLzcsq62tVWFhoXJycpSRkeHR
1GBWq1X5+fnKyclxmvf55MmTOnnypA4dOqThw4dr1KhRCgwMVG1trXbv3u0wxa10+kBfV1en4uJi
HThwQFOmTHH7R1BUVKTs7Gx7v1Ebi8Wiuro6lZWVKScnR0OHDtWoUaPcuhBtbW1VXl6ecnJynEbD
bm5utl/o5+TkaPjw4Ro5cqRPLq4aGhqUnZ1t2MqnqalJ1dXVOnr0qEwmkyZNmuTWybChoUE5OTmG
T50sFotOnTqlgoICmUwmjR071qMuULYBygoLC7V371776zPrP3DggMaOHdujA5i1tLTowIEDhrMF
mM1mlZWVad++fRo3blyvGvujsbFRu3fvdjoWGF1cNDU1KTc3V/n5+U5ltsHlbPvxiBEjNGLECLf3
Y6vVqpqaGu3YscNpgC1vXejU1NQoMzNTJ0+edCqzWCyqqqpSfn6+IiIiNGnSJKdkqpHW1lbl5+cr
NzfX6bhlsVhUWVmpgoICRUZGasKECZ06GfcUX33fVqtVBw8e1IEDB5yOh7bzSHFxsXJzc5WRkaEh
Q4Z0WKe3vwdfHLMtFouys7MdZnKyqampUU1NjQoLC5Wdna3x48e7ff70xTmrM3x5feBrDQ0N9n/3
7dvXZ03CW1tbHb5/202RLRFlu5YpLi72+Tgg3eXM/a25udkwKdCbzi/+ti+XlJRo9+7dDvuxdPpz
q6+v14kTJ3Tw4EElJiZqwoQJ9qlGXfHVNWtlZaWysrIMZwuyxXno0CHFxsb2umul9litVjU0NGjv
3r1OsyPZ7keOHz+uw4cPa8qUKTKZTD6LpaWlRYcOHdL+/fudurrYrvOLiorUp08fjRw5UmlpaR4d
7zy5ZrSxWq2qq6vT7t27nX5TFovFfs4/dOiQJk+erOjoaPs5PSsry2kftF375+XlKTU1VWPHjnVr
/2vvGNN2/0tMTNT48eN9Pth0d/DrLirS6SfdgwcPtr92t5tK2/USEhLazRDbplE7c+e0ta5oe8Ky
WCz64YcfdOTIETf/AiknJ0d79uxxuDg1+tEdPHhQhw8fVk1NjTZt2uSQ3DBav76+Xtu3b3eYb96V
Q4cOaefOnU4XimFhYU6tD44cOaJt27apvr6+w3qzs7OVnZ3t8CMNDg5WeHi4U70HDx5UZmam16en
amho0LZt25z2jb59+8pkMjkcnOrq6rRp06YO+wKbzWZt3brVKblhe2rQVl1dnXbs2KHDhw+7HXNL
S4sOHz6s77//3iG5YfQ9Z2dnGyZZQkJClJqaqtTUVKeRqAcOHGgvS01N7fTBrLW1VdnZ2YbJjbax
Njc3a9euXfasdm+QmZnpVp9vi8Wi7du3O50Y+vXrp/79+zt93wcOHNDu3bvdnt6uvr5e3333ndPF
p7fU1NRo8+bNTsmNsLAwp9hramq0ZcsWw0RIWy0tLcrMzNTevXsdjlshISFOdVZXV2vr1q0OLeZ6
M1993y0tLdq9e7f279/vsG6fPn1kMpkcjofNzc3KzMx0+VSrbZ3e/h68fcxuamrSzp07nZIb/fr1
k8lkcjpO/PDDD24dK311zvKUr68PfMlqtTq0qkhISPDZ02Nbq4S227Jpe34qKCjosSkqve3MhKNR
S87edH7xt335+PHj2r59u0NyIygoSCaTySm5VFJSoq1bt9oHtXXFF9es5eXl2rx5s1Nyo1+/fk5x
VlRUGK7bW9XV1Wn79u0OyQ2j69TKykrt3LnT6TchnR5uwHYteuZD65SUFIdrVVcJKqvVql27dik3
N9fh+wgMDFRYWJjDca25uVnZ2dnavXu3R8cad68Z26qqqtLWrVsdflNGn48tCdnY2Kjs7Gyn6aWN
jsv5+fkdXiNIp++Btm7d6nSMCQsLM/ydbN++vcPfiT/w+xYc0ulppWzTvVZXV6uqqqrdJqm2dWza
m4aoqalJ3333nf3LDgsL06hRozRw4ED7wc7WnG/v3r2qrq6WdLrJdXx8vFsjAJeWliooKMheb2ho
qAIDA1VfX6+ioiLl5ubaB4nMycnRkSNH1NjYqIiICI0ZM0YDBgxQcHCwmpqaVFNTo0OHDtkvWiwW
i/Ly8jR+/HiX27c9BbOJiYnR6NGj1b9/f3tmsLa2VkePHtXBgwclnT5Y/fDDD5oxY4bLDGhpaam9
2bkkDR48WCNHjlR4eLgCAgLU2tqqyspK5ebm2n/8hYWFio2NdevJpTtaW1uVmZnp8H2PGjVKKSkp
9pt6q9Wq8vJyZWVl2ZNB3333nS6++GLDbLPVatV3331n/65tdSYnJ9u/7+bmZlVUVCg3N9e+3t69
e+1Nct1ha7Y7dOhQDR06VOHh4QoKClJ9fb2OHz/u8IRh3759Tk0AY2Ji7E/i6+rqHBI8w4YN88oT
9aKiIoebkbCwMI0ZM0ZxcXHq27evfUrC/Px8HT16tFf1Q7YNMmxr7hcaGqqWlhZFREQ4rLd37177
xUZgYKD9u257oq2pqdG+ffvsJ/ljx465PSJ524v+wYMHKzY21v7ZdbUJcGtrq3bv3m0/fgUHB2v8
+PFKTEy0H78sFov96XlLS4s9GXXRRRe57Fq1f/9+hxvWESNGaMiQIfb932q1qqKiQllZWfamlZmZ
mZo9e3avH+DWV993Xl6eQyIyOTlZw4YNU0REhMPxcN++ffZ9c//+/YqMjNSgQYMM6/T29+CLY/ah
Q4cckvEjR47U0KFD7Z+n7fi7d+9ee7Ji7969GjBggMvzuK/OWZ7qjusDX2ltbVVubq5Dgig1NdVn
22t7AzRw4ECH31Pbc2JdXZ1Onjyp2NhYn8XSXdomE89M5tn0lvOLv+3L9fX1yszMtL+OiorSuHHj
FBMTY/+c6+rqdPjwYfs1SnV1tbKzs13ObuSL419tba127NjhMHPQ2LFjlZCQYP/8GxsbVVxcrOzs
bDU3N8tisWjnzp2aPXt2r59FxHZ8DQ8P14gRIxQfH6+QkBBZrVb7Z9V2GIGioiKnLsCDBg2yn+NK
SkockggZGRludbXPzc11uMZNSkpSenq6oqKiHL67gwcP2q9Djx49qn79+mn06NFu/a3uXjO2VVlZ
Kel0d7Vhw4YpOjpawcHB9s/nwIED9nrr6+u1adMmezIyPT1dQ4cOlclkUmtrq30/OXDggP13eujQ
IQ0ZMsRldymr1arvv//efizq27evxowZ49DFzFZvVlaWrFarqqqqlJubq4kTJ7r1ufRWft+CQzq9
47S9EO9oNpW2P57AwEDFx8e7XPf48eP2na1Pnz6aMWOGkpOTHbYXEBCg2NhYTZ061X5xZbVa3R6R
PDAwUDNnztSwYcMcToKhoaFKT093mDKrtbVVdXV1Cg8P18yZM5WYmGj/8QcHB6t///46//zzHS6I
CwoKnGbRsGlsbNSePXvsr2NjY+392dteAIeHh2vMmDGaNGmSfVlFRYVhc6e227WJjo7WxIkT7Rfz
0unPLSYmRlOnTnW42T506JDbTyc6Yhu7wmbSpEkaOXKkQ4uFoKAgJSYmaubMmQ4JCtuB+0yHDx92
uHA5//zzNXLkSIcTUZ8+fZSYmKgLLrhA0dHR9uWZmZlO3U3aM2nSJE2YMEFRUVH27yM0NFTDhg1z
6B9pNpt9PkDcmaxWq32aZun0BdGFF16owYMH2w+cffr0UXR0tCZNmuSyP2dPmjhxombNmqX09HQN
GjRISUlJDjdVVVVVDifN8847T8OHD3d6ihAREaHJkyc7dO3wZMC8kJAQzZo1S1OmTNHQoUM1aNAg
paSkdLlJfWVlpcOToPHjxyspKcnh+NW3b1+lpaU5XPTV1ta6fFJx8uRJh5Y4U6ZM0ejRox32/6Cg
ICUkJGjatGn241l1dbXHA0F3N19933V1dQ5PWoYMGaJJkyYpMjLS8HjYtstkTk6O4VMmX3wP3j5m
Nzc3OyRAU1NTNWrUKIfP03b8nTFjhsN+adSdRfLtOctT3XF94G225PuOHTscbuYmTJjgVte0zm6z
7e+jbatb6fST7LY362c2dfdHNTU1Dgl9o27Qven84m/7cnFxsT1pEBgYqClTpmjAgAEOSSSTyaRx
48YpLS3NvuzYsWMuWzX74pq1beu6kJAQXXjhhUpOTnZILoWEhGjo0KG68MIL7Z93Y2OjsrKyPPpM
ekpsbKz977LtU0FBQRowYICmTp3qcE7yxUOuiooKh2PZsGHDdN555yk6Otrpuzv//PM1dOhQ+7oH
DhzosMVqWx1dMxpJTk7WtGnTFBcXZ79fa/v5tE3m2n6DY8eOVUZGhj25FhgYqNDQUKWlpTmNUdZe
q5IjR47YHzDY9r8hQ4YY7n9tz5UFBQXdfk/hbWdFgqNPnz4OGcHCwkKXB5vW1lanp2jtPSVtampS
QkKCEhISlJ6e3u6gQiaTySGx4G6T7JEjR7b7ND0xMdHhJlk6vfO7aqoVEBDg8ANuaWlx2Tzx2LFj
9kxgQECAJkyY0O6AmCkpKQ59Lg8ePGjY5EySw43V4MGDXdbbp08fhz63tbW1XmtKfGY23tXgkdL/
tT6wKSwsdJqTu6mpyT6YpXR6ACFXT1el0zePbbOgDQ0Nbt/kjRw5st14z2x51PZJTXcoLy93ePqX
kZHRbleX9PT0Hu+v29bIkSM7bCnU0NBg//3bBoJyJSgoyKG+kpIStxN1kyZN8skYFWf+7tsba2jw
4MEOF9Cujl9tE39Dhw51ullpKzw8XOnp6fbXvaVpviu++r6PHTtmT1L069dPGRkZLrsCBAUFOSQD
6+rqDL8LX3wP3j5m19fXO5wfOoqx7Y2IqwcVvjxneao7rg86o7y8XOvXr3f6b926dfr000+1efNm
+01pSEiIzjvvPIdrBm8rKyuzn0sDAwMNB7Jru28cO3bM6dzrTywWi0MSTpLhdUJvOr/01n3ZlbYt
aOPi4tqN98wxXVzduHn7+GcbqNVm3Lhx7cYZFRXlcOwvLi7u9V07+/btq8mTJ7t8GNO3b1+H/bai
osJrDzBt2l6TR0VFtdsiIyAgQGPHjnVond32PqE97lwznqlv374aO3asy1aDQUFBDudm6XSLxDOX
tWUbFN7G1f7c1NTk8BAkIyOj3dYmZ05m4e+J5rOii4p0uslj22Zo1dXVhlm1qqoqhxvB9m5OpdMH
Rk8GvGqbqTxz0CNXzkxeGOnfv7+9qVOfPn3abXUiyekgatRqwDaQjU1qaqpbo0Knp6fbk0SNjY0q
Kysz/BzP7FvdngEDBmjGjBn2157O/mKkurraITPrzgVc26ayVqtVtbW1Dj/40tJSh8+y7QW5K1FR
UUpOTrZ/ZkeOHHHrfR3Fa5sxx3ai7+4+c22zxiaTqcOBeqXTmf7eMhWgOycq2wWfu9omHVtbW9XU
1NRhN5PIyEiPtuGJM2+irVZruzeD48ePt+/fRnHX1dU5PK1z5zMcPHiwQzeB+vr6XjuAlS++79bW
VoeEQlpaWoezKplMJsXHx9svjqurqx0GPvbV9+DtY/aZ+19HdQ4ZMsT+dxolgHx9zvJUd1wfdEZL
S4vb9aenp/vs+GPTNqnftoVfW3FxcQoMDLR3kystLW23+3BvY7VaHQbra5tcTk5ONkww9KbzS2/d
l11pe6zqqFVsv379NHPmTPuNtatjhrePf7au89LpVjjuHHOSkpK0b98++2d6/Phxn7Ws8oYhQ4Z0
eD5ve1Pd3Nys5uZmr1zjS86tTYcPH95hF0RbgsrWxamoqEhms7nD7kCd6TofERHRYUvcM5MOycnJ
HY6FFBMTY2+Z4eqBcHl5uf23ERIS0mGXtoD/z96dNrWVrWnCvjWPIAGamGcwxnjETtvkOSfrVFRU
VHfVT+qI9y91RHfX6T5RUZ2ZHvGIscHGYIyZJYEQGtCs9wOh1Xtr3AIJtMn7isiIFBZiaw9reNaz
1tJoMDAwIIJq+/v7iqfvtKIrE+AoLMZUGFHe398vG+CQPggmk6nuraNqkd6UlaaFnIW0MGhvb6/5
ABfPry53LIXtCQuU7vLhcDjgdDpFwOXw8LBswe12u0Wjcm1tDV6vt2JBbTAYagZt6iWNamq1WkWV
hF6vl1WExQWeNGDidrsVrwjd09MjzkVhK8NahamSxd6kjZtGjUoqVTzacVlbm51VM3YLKD4HSkYq
mrkmRfFK7J8/f8aNGzcq/s1awdbCMw+c3ntKtt+Uzl8GThskrRrgqJeS6x2NRmXBR6VrC1y/fl2M
4hSfr2Zdh0aX2VarFWazWTTWv3z5AofDUTH7sNzCt1LNrrOarVntg/MorOt1+/btpmwRWNhus6DS
NTMajejt7RX33+bmZssFOP7n//yfdf+O2+2uugZaPVqpfrnse1la5hV2sG4U3QAAIABJREFUrKvW
AVVybze6/JP2N5R0WoHT6zUwMCBG3vf391tyem+BknZUcUC/kQEOaV0IQHE/ojjod3R0VLNN3qwd
porPj5J+hfR3KmW7Sde+8nq9isoCaZsxHA4jlUq13NbmSl2ZAIdWq8XAwICY57y5uYnx8XFZgZLP
52UjCYODg3UV/rlcDqFQCIFAAOFwWDRcLyKVUvo9lBSSSirC4nmI1VKXinV1dYmCpbiAKRgdHcX2
9rYYkfntt9/Q29uLnp4eOJ3Opi+eJB1BkS4+V0u1ilCaLljPlILijmYsFmv492902l81ha3nCtSy
pdl5HR8fIxAI4OjoCMfHx0gmky292nR7e3tJ9lAgEMDg4CBcLhfa29vrKgOl1zyXy+H3339X9HvS
e7OeNWguWyOud3E5qyTjAEDVoEWzrkOjy+zCoomFkbJQKIT/+I//wODgIDweD5xOZ12Np2bXWedx
me2DYl6vFw8fPiz7b7lcDslkUmwzHg6Hxa5gc3NzDR/0kWYa6fX6qvVrd3e3KKv8fj+i0aji56XV
FEaJx8bGFHeMWqV+aaV7uZKenh6sra2JsvD9+/ciKNbV1SUCuvVoZPmXSCRkwVglQehy741Go6ru
ZDabtC7s7OxUHDgxm82w2+2in3DRU7ylzjs4WKntLx3k9fv9+O2332p+VnGwUkmWWKu6MgEO4HR+
eSHAEY1GEQ6HZSOSR0dHsk6vkpT6Ar/fj6WlJdUvuiIlbeBqNJq6FjSUjvxVSo9yOBx49OgR3r17
Jwr67e1tkbbX1tYGn88Ht9tdsjhUI0i/X629z5WSftd6RqGLz62aOnnlFGeLqLUAVCoajWJpaaml
doFR6ubNm9DpdGKaRCwWE4vDFhah9Hg8cLvdNRtw0sZ2JpM50/zgi840OotGXu/iTkGt6SlKNOs6
NKPMHhwcRC6Xw8ePH0XHYW1tTcx7drlc8Hg88Hg8NTsBza6zzkpN7YPCYnUWiwVutxsvXrzA4eEh
8vk8Pnz40NCdjvL5vGzhxuIFjou53W7o9Xpxb+7u7tY1beKyaDQaWCwWmEwmOJ1OdHR0yHbJqKWV
6he13MsGgwEPHz7Eu3fvxEj1wcGByCw1mUzw+XyiblPS8W1k+VdcvtZTVhW3V9XcyWw2aZ2gNKO6
QBrgUHubvBzpgEAikTjTVLJWyTQ8iysV4HA4HOjo6JDNH5IGOKTpYu3t7YrWvgBOd80obNkJnFZm
Xq8X7e3tMBgMskLO7/fXvU/yZZHeuPUWntJGijRKXczlcuGXX37B5uYm1tfXZQGmSCSCSCSCr1+/
wmazYWxsDAMDAw0LdEi/X6MabNKORT2fWfxeNXTyqiku9Fp968/zODg4wPz8vKwC7OzsREdHB8xm
s+x+LWyJ20r0ej1u3bqFgYEBrK+vyxZhzmaz2NnZEYtJFbYurZSRo+bKTqlGX2/pDihGo7EhU7ma
eR2aUWYPDw/D6/ViY2MD379/l53bYDCIYDCIpaUluFwujI2NVVwz4CLqrHqpuX1gMBhw/fp1PHny
BMD/yyCoZ/CnmkImQkGtKUV6vR59fX0iGPvjxw+MjY21zPTH//pf/2tDApRSrVS/qO1etlqtePz4
MXZ3d7G+vi5LyU8mk9jY2MDGxgb0ej1GRkYwMjJSM9DQqPLvPG2kq9ZebCbpuam3HapkmoeaNSJo
c5GZ4Y12pQIcwGkDvRDg2NrawsTEhJh3XLx7ipJKs7Dnd8Hw8DAmJycrFpLpdPrSC32lpIVBvQ+C
tFCpNeprMBgwMjKC4eFhsfDn4eEh/H6/+LuxWAwLCwvY3t7G7OzsubfHBOTfr1EdApPJJIIc9Xxm
8Xsb3Ui6aMUVSbltLK+CZDKJ169fi/vU5XJhZmamYgDA7/e3XICjoKOjAx0dHbhx4wYODw9FCrJ0
9H9zcxNbW1u4fft22R18pA257u7uku3K1K4Z11t6ztLpNPL5/Lk7bM2+Ds0os61WK6ampjAxMYFQ
KIRQKCR2GSg0ogrBjuHhYdy4caOk43BRdZZSV6F90NnZKVsn5eDgoGEBjuJV+J8/f17X70ejURwe
HjZ82kyraKX6Ra33skajQU9PD3p6ehCLxUTd5vf7xQh2JpPBysoKfvz4gQcPHtRcj60R5Z+SdfAq
uWrtxWaSnpt62/nS9zdqTZBWotPpRL1XvF3yH8GVe2qkIz/RaBRHR0ciq0M6aqO0ApduH9TT09Ow
xaJagXQELJ/P1zXPT5rqpHT6h0ajgcPhgMPhwPDwsJjn+f37d7E2SjAYxMLCQkMa7NLv0qh5rBaL
RXxWPelexY1xtRemxRXuVUzvA07TUwvX2Wq14v79+6pPFTUajfD5fPD5fJiamkIikcDe3h5WVlZw
cnKCfD6Pd+/ewW63l6wzI/3uxeshXAXNuN7SZz2fzzdkgbWLug7NKLN1Oh1cLhdcLhfGx8eRTqcR
DAaxuroqFnFeX1+HzWYr2SrvouusWq5C+0Cj0aCtrU2cn0Zlt2QyGfz48ePcn7O9vX1lAxytVL9c
hXvZZrPBZrOJbaEjkQi2t7exsrKCfD6PRCKBV69e4ZdfflF0ns9T/p2njVTcXmWAozLpday37JLW
nWpvk5djtVpFBt1l7HR02ZqzJOwlslqtsuBFIcIsjTTX2jO7IJPJyOZEttqK3udVPF9Nmkpai3QH
DaVTfYpptVp0dXXh3r17GBsbEz/f3d2t61gqkV7jUCjUkCwDaeRfuqNKLcXfp965gq1Gp9PJRpka
cb0KWiUdGYBsD/tK2xuqndlsxtDQEObm5mSVvHTufIF0HYPj4+OGVZrFi0FflmZc7+JnvREBiWZd
h1qaUWYbDAZ0d3fj8ePHso7s6upqSZl92XWW1FVtHzSq/JVuUXgem5ubVzJ9HGid+uWq3sttbW24
du0aZmdnxc9OTk5kC9/Wo57yz2w2yzLF6lnYWLr+id1ub0hG81UlXWj68PBQcVmRTCZl1+wqLpQv
7QMFAoFLPJLLcSXDgn19faIA29rawvj4eMn0FCWKK2clUVQ1zVey2WwlW+sq2cIwEonI0trLja5s
b2+LwsNsNmN4eLjqZ46MjGB1dVW8jkaj5y5wpAvWZTIZhMPhmqmJ+Xwer1+/FtdxcnJS9jmdnZ0i
RdTv9yva7hWArPFgt9tVH+AATtNpC9d4Z2cHk5OTDWkct9L8U2lnVG3PfzKZxLdv38Tr/v7+qoFd
m82GoaEhfP36FQDKLlxZ3DHc29vD0NDQuY9Vem4vMxuoGde70EAtjModHh4q6mCvrKyIRnFPT4+s
09GM69CMMntlZUWkAXd1dVXdwk+n02FsbEwEIgqLoknL12bWWfW6Ku2DXC4na+g3KrtFumOdw+HA
X/7yF8X1w9HREX799VcAp+W/3+9Hb29vQ46rlbRK/aK2ezkUCsmCFBMTE1XXX+jp6YHD4RCBg3I7
ZjSj/PN6vaK9uL29rWg9mVwuJ+uvKN329I9KWhfm83kEAgFFW4BLg4tAfbvcqIXL5RLTBI+OjnB0
dNSQ4L5aXLkMDuC0QCgUdrFYDKurq2LVdI1Go7jAKJ7/K11sqJxEIlF21LNVaTQaWSG+vr6uKMVL
2mkymUxlt32Lx+NYWVnBysoKvnz5UjN7ohkjF+3t7bKARmHhsmrC4TB2dnawu7uL3d3dkuPyer2y
UW4l82EjkYjsvqhVcaqFdDpYJBIpqTCK5fN5RXN2DQaD7BzXGqUtNICbQdpoqnUc+Xy+pdbf0Gq1
+Pr1q3gOpSPYldQaKXI4HLJG3NevXxUFJOLxeNV0dWmnKhQK1QxqSReTa6RmXG+NRoPBwUHx+tu3
bzXnCmcyGayvr4tyqLjx3ozr0Iwy++DgQHymtMN71s9sZp1Vr6vSPggEArKU+EY0gE9OTmTrbwwM
DNQV/HY6nbLjkHb4rpJWqV/Udi9ns1lRrqysrNQ8XqD2ujvNKP+kQblwOKwoc2R7e1tWpl2VbJpm
sdvtsrZoucy/YtlsVgzkAKfrWF2FQcdixX3dwlStWgKBQF0Z6q3qSgY4DAaDrFAobB0LnBYWStO9
TCaTrFBcXV2t2IiMx+OYn5+XpQqrYeHF/v5+cT6y2SwWFhaqNr63t7dlgYKxsbGyc9ekDcjCatbV
FHdQlUwhUkI6h/vHjx9iu69y0uk0Pn36JF53d3eXbAVrMBhkqYmrq6tVO+3pdBoLCwvitdlsvjIV
lsvlkqUHfvz4sWqq/NraWsmic+VoNBrZ/bOxsVEx7TCXy2FpaamhU2SkpAGy7e3tittxFp6d4nvh
Mke5DAaDbCRjbW2taic4l8vJrk+5jo5Wq8XExIR4HY/Ha5YZ8Xgcr169wrt378RWocWknfV8Pl/1
OQ2FQvj48WPFfz+PZl1v6aLW0m16y8nn8/j8+bN4loxGY0mWQjOuQzPKbOmuGVtbWzW3s5VmuplM
prLZBM2qs+p1FdoHsVhMtrCkXq9XlBFTS3FH7iyLlkoXOd7f3686tSsejzdsna2L1Cr1i9ru5Y6O
Dlk7fm1treq5iMfjsvKqXFnVjPKvq6tL9rmLi4tV7+NIJCKr23w+X82sY5K380OhEFZWVqq+f2lp
SZbFU7zW01Vhs9lkAwK7u7uyrKNygsEg5ufn8fTpU9UHlq9kgANAxRQlJalLBRqNRpb2WyjY/X4/
kskkkskkwuEwVlZW8Ouvv5ZUTmqocE0mk2wxKb/fj2fPniEYDMoqrXg8js+fP+P169fiZy6Xq+Kq
vE6nUzYV6MOHD/jw4UPJWhiJRAJra2t4+/at7HMbNR+up6dHFsV8+/YtVldXZZVzNpuF3+/H06dP
xciwTqfD1NRU2c8cHR2VVTovX77E169fRZYQcFrhBwIBPHv2TDZyfuvWrSuzjoNWq8X09LR4HY1G
8eTJE+zs7CCZTCKfzyOdTuPw8BBv376VBY9qkY58RKNRvHjxAoFAAJlMBrlcDolEAjs7O3j+/HlT
syaK06Ln5+exubmJeDyOVCqFSCSCzc1N/Prrr2UbRJe9vVthFyngtPH05MkTbG5uysqmXC4ntiqU
Ru0rTeUrni5RuA7FZUYqlcLGxgZ+//13MdUikUiUHcl1Op2yZ35hYQFfvnxBPB4X99Hx8TE+f/6M
J0+eNG0aS7Out91ux7Vr18Trb9++YWFhQdbIyufzODo6wuvXr2UL/s3MzJTtkDf6OjSjzO7r6xMN
/3w+j2fPnuHr16+IRqOiQ5LP5xGJRLC4uChrfI2MjJTdfrFZdVa91No+yOVyiMViWF9fx++//y7r
cE1OTjZkioo0S6i7u/tMu9YUB0Wkwa+CfD6Pt2/f4u9//zv+9re/qa5B3ir1i9ru5eL22ebmJl6+
fIn9/X3ZOUmn09jZ2cGLFy9EELSwyHaxZrVZb968Kab8nJyc4MmTJ9ja2pIN2qTTaWxubuLp06ei
bjMajZiZmSn7mel0Gv/9v/938Z+S7MyrzO12y4IUX758wdu3b0sGvsLhMF6/fi3L6JuYmLiyixgD
wLVr12QDkUtLS3j37l3JuYnFYvj8+TOePn0q2tlqX/voSq7BAZwWONKtz4DTAqPe1NTh4WHs7e2J
hv/BwUHFrc60Wi3cbreIsicSCaTT6ZZfnbenpwfT09OiA3p4eIinT59Co9HAZrMhnU6XVGBOpxN3
794t2wAtmJmZQTQaFZXh+vo61tfXxecmEomSCtpsNuPWrVsN+24ajQZ37tzB8+fPcXx8jFwuh0+f
PuHTp0+wWCzQ6/WIx+OyEUCtVosHDx7ICgUpnU6H2dlZzM/PIxwOI5/PY2lpCUtLSzCZTDAYDIjF
YiUjCjMzMw3bfq9VeL1eTExMiIh5LBbDq1evKr5fOg+2Gp/PB7fbLRZGOjw8xLNnzyq+Xzovv5EK
HaJChZhIJGQNm2I+n082eplIJBqWjXQW7e3tuHPnjjjmSCQi/t9kMkGv15cdURobG6tYVmo0Gty8
eVO2TeDBwQGePn0KnU4Hm82GVCpVks3j9Xpx69atsgEOjUaD69ev48WLFwD+XxaDNPtOSo3Xe2xs
DJFIREzV+P79O75//w6j0SjqquLAzdTUVMWMr2Zch0aX2Xq9HrOzs3j27BlSqRQymYwoK/V6Pcxm
M+LxeMkIcK1ARLPqrHq1avtgf38f/+N//I+y/1Yp22VoaKghI5mhUEi2oOJZMxYtFgt6enpEVtmP
Hz8wOjoqu2+j0agsqLG0tKR4jbVW0Er1S6vey5UMDAwgHA6LAY79/X1xPFarFdlstmzg5fbt2xWz
uJvRZrXb7Xjw4AHm5+eRyWSQSCTw5s0bcZxA6e4fRqMRDx48aNh21n8EU1NTSCaTon7d3NzE5uYm
9Ho9LBYLTk5OSq5df38/JicnL+NwL4zRaMT9+/fx8uVL0db78eMHfvz4AaPRCIvFglgsVnJuxsfH
Vb+t7JXN4NBqtbIUR+C0QKy2EFE5er0e9+/fl83xKsfhcGBubq6kgdCs1PlGGxsbw/3792UFaj6f
RzQaLakkBgcH8fDhw5LpG8UMBgMePXokm38u/dziB8rj8WBubq7hHUKz2YyHDx+WjJacnJwgEonI
GnxOpxN//vOfa67TYrVa8fDhw5J7LJlMykYnC+998OCB6guLSq5du1Yx26VAr9fjzp07is+BVqvF
3bt3a14HvV6PW7duNTXFcHp6WjYtqRyj0Yi7d+/izp07sp/Xs3J6s/T395d9XpPJZElwQ6/XY2Zm
BtevX6/6mQaDAffv38fk5KSsw5jNZsvu6jE2NoYHDx5UbQB7vV5FHVCXy4XHjx9Xfc95NOt6a7Va
3L59u2Qx3lQqhePjY1lww2Qy4f79+7JpKOU0+jo0o8x2OBz405/+VDJKlslkEI1GS4IbIyMjePDg
Qc2FDptRZ9WrldsH2Wy27H/FjEYjbt++jZs3bzZkkWhppoXBYDjXIonS4EgkEimZF17cnlNjdmSr
1C+tfC+Xo9FoMDMzg+np6ZI6o9yUJbvdjsePH8umzRVrVpvV7XZjbm6upAyMx+MlwQ2Xy1X2vVSd
TqfDnTt3MDU1JSsXMpkMIpGI7NrpdDpcv34dt2/fbmjAu1W1tbVhbm6uJNicSqUQDodl56bQVq/V
BlSDK5vBAZxGu6VzsaoVbNWYzWb89NNP8Pv92Nvbw8HBAU5OTmCxWNDe3o7u7m74fD7odDqk02lZ
RLAV5tkq1dPTA7fbDb/fj/39fUQiEcRiMRgMBthsNrhcLng8nroWITMYDLh9+zZGRkbE6EChAVr4
3I6ODng8HnR1dTVti1CLxYLZ2VmMjIzA7/fj4OBApIFarVZ0dnbC6/XC4/EoLvDMZjPu3LmD4eFh
+P1+BINBxGIxpNNp2Gw2tLW1ic9s9Sye89BoNJiYmEB3dze2t7cRCAQQjUah1+tht9vh8XjQ09MD
i8UiS7OtFWwsPHf7+/vY3d1FKBRCIpGAyWRCW1sb3G43enp6YDabm7rgWWEqTm9vL3Z2dsR1Lnw/
n8+Hnp4eMSo0PT0tKoxW2b/e6/Xir3/9K/b39xEMBnF0dISTkxNks1lYLBY4HA64XC74fD7FaxTp
dDpcu3YNAwMD2N/fF9f95OQEer0ebW1t6OrqQnd3t+IpZ/39/ejq6sLW1hYCgYCYwmG1WtHR0QGv
1wu3293UrYSbeb0L56yvrw9+vx+BQACxWAwnJycwmUxwOp3ivlZaZjT6OjSjzLbb7Zibm0MwGBQL
mJ2cnCCZTMJkMqG9vR2dnZ3w+XwVM+fKaUadVS+1tQ/MZjMsFgucTqfY2aZR9VM2m5VNT+nv7z9X
Geh2u2E0GkXwb2dnR9bxs1qtuHnzJlZXV6um9LeyVqpf1HYvazQajI2Noa+vD7u7uzg8PEQ4HEYi
kYBWq4XFYkFHR4coB5Scr2a1WZ1OJ+bm5hAIBOD3+xEKhURwo1C/eTweRfVbcaBSjYG9ZiisTdXX
11dSF1osFtjtdrjdbvh8voYHu1udxWLBvXv3MDIygkAggGAwKAKBRqNRtAELbeqrQJNKpVpv3zIi
upJWV1dFWrnD4cAvv/xyuQdEREREpBLSbZQB4L/8l/9ypQfRiM7i6ufmEFHLkK6/cZlrUxARERGp
jXSR13qy/Yj+SBjgIKJzqbaNq9TJyYlsG9JGbEdIRERE9EeQz+dlU3LPuogv0VXHAAcRndn29jbe
v3+P169flyxoKJXNZrG4uCjm6ep0upqLmRERERHRqZ2dHZEJW1hPgohKMcBBRGeSy+Xw5csXAIDf
78evv/6KjY0NWaAjk8nA7/fj+fPnstX1Jycn/3CLPBERERGdVTQaBXC6IOzMzExTF9wmUjMuMkpE
ZxYOh/HixYuS7A2j0Qi9Xo+TkxPZlrnA6cr6d+7cYcVMREREVIf9/X2x6xYRlccABxGdSzwex/Ly
Mra2tqq+T6/XY3JyEqOjowxuEBERERFRwzHAQUQNEY1GcXBwgGAwiOPjY8TjcVgsFrS3t8PlcqG7
uxsmk+myD5OIiIiIiK4oBjiIiIiIiIiISPW4yCgRERERERERqR4DHERERERERESkegxwEBERERER
EZHqMcBBRERERERERKrHAAcRERERERERqZ7+sg+AWlsmk0E0GhWv29raoNPpLvGIiEitotEoMpkM
AMBgMMBms13yEVEt+Xwe4XBYvLZarTAajef6zEgkgmw2CwAwGo2wWq3n+jyiWlj2EBH9cTDAQVVF
IhH89ttv4vVf//pXtLW1XeIREZFaLS8vY2dnBwAwODiI27dvX/IRUS2ZTAa//vqreP3TTz/B5/Od
6zM/fPiAYDAIAJicnMS1a9fO9XlEtbDsISL642CAg4iIqIZoNAq/34/Dw0NEIhEkEgloNBpYLBa0
tbWhq6sLHo8HFovlsg+Vrqh0Oo1AIIBAIIBIJIJYLAYAsNlssNvt8Hg8cLlc586wISIiUjMGOIiI
iCpIJpNYWlrCjx8/Kv770dERNjc3odVqMTo6iomJCej1rF6pMXK5HDY3N7G8vIxkMlny74lEAgcH
B9jY2IDRaMS1a9cwMDDA6aRERPSHxBYYEbW0VCqFf//3fxevHz58CK/Xe4lHRH8Ux8fHePHiBU5O
ThS9P5fL4evXrzg8PMT9+/dhMpmafIR01WUyGbx9+xa7u7uK3p9KpfDhwwfs7+/j3r17MBgMTT5C
IiKi1sIABxERUZFkMlkS3BgYGEB/fz/a2tpgMBiQz+eRSqVwfHyMjY0N0Qk9ODjA27dv8eDBA46i
05lls1nMz88jEAiIn1ksFgwNDcHtdosAWjKZxMHBAb5//y6mrezv7+Ply5d4+PAhs4mIiOgPhbUe
ERFRkZWVFVlw486dOxgYGCh5n8VigcVigdfrxerqKj59+gQA8Pv9+P79O0ZHRy/smOlqWVlZkQU3
+vv7MT09XZIZZLVa0dHRgcHBQSwtLeH79+8ATgNtX758wfT09EUeNhER0aXSXvYBEBERtZJ0Oo2N
jQ3xemBgoGxwo9jY2Bj6+vrE6y9fvoitKYnqcXh4iJWVFfG6t7cXt2/frjrtyWAw4ObNm7J7dXV1
FYeHh009ViIiolbCAAcREZFELBZDNpsVr3t6ehT/7vDwsPj/dDqNUCjU0GOjP4ZCFgYAmEwm3Lhx
A1pt7SabRqPB9evXZYEQ6WcRERFddVduikooFILf78fBwQFisRgymQxsNhva29vhdrvh9XqbPh/1
+PgYOzs7CAaDiEQi0Ol0IoXU4/HA7XZX/f10Oo3/9b/+l3j9j//4j7Db7chms9jb28Pe3h6Oj49x
cnICi8WCzs5O9PT0wOVyQaPRKD7OZDKJnZ0d7O3tIRqNIpvNwmazwe12o7u7Gw6H48znIJvNYnd3
F/v7+zg8PEQqlYLVaoXdbofb7YbP54PZbK76GSsrK1heXgYAdHd348GDB0ilUvjx44c4B+l0Gv/w
D/+A9vb2ip9z3utRLJfLIRAIwO/3IxwOIxaLIZ/Pw2q1orOzE16vt+5rIf3Mo6MjxONxaDQa2XHW
+5n1yufzCAaD2N3dxeHhIWKxGEwmE2w2G1wuF7xeb9XzvLi4iG/fvonXf/7zn9HR0VHx/cFgEE+f
PhWvBwcHcfv2bQDA8+fP4ff7y/7eixcvZK//6Z/+CVartep3a/QzWfhugUAAm5ubCIVCiEajGBgY
wJ07d8T7AoEAnj17BgAwm83453/+ZwCnux4Uno9oNIp0Oi2evd7e3qrnuZxWuH8CgQB2d3cRCoUQ
i8VgNpvR3t4Or9eLnp6ec61FcdHlenHWRT3bbra1tclex2KxqvdXPp/HwcEB/H4/QqEQ4vE4UqkU
zGYznE4nXC4Xuru7ax7DRdUb1WSzWbx69Qr7+/viZ/UsClx8DxmNRjidzqr3UDwex9///nfxemJi
AlNTUzX/1m+//SaCTx6PB48ePar43kgkgr29PbFFcDKZhNFoFNsDd3d3w263K/qOSsTjcWxuborX
o6OjNetLKZPJhLGxMTFdanNzE1NTU2W3MN7b28PLly8BnE51+ad/+icAwNHREfb29nBwcIBoNAqN
RiO2ou3u7obNZpN9TjqdFvdZNBrFyckJzGYzOjs74fF44PP5FAVozqJZZc9568TziMfj2N3dFXVW
MpmEyWSC3W5XfM/t7Ozg1atX4vW//uu/1jwX//mf/4nj42MAwNTUFCYmJmoe60U/H8Ua0d5slecg
mUzib3/7m3j9L//yLzAajYjFYtjd3YXf7xcBeOm94HQ6a56nRrSpm/FMHB0dyT4vnU7DYrHA4XCI
71fPgt2NqlNJ3a5MgCORSGBpaUnWKChIpVIIhULY2NiAzWbD9PQ0uru7G34M6XQay8vLWF9fL/m3
k5MTHBwcYHV1FT6fDzdv3izb2Cgnl8shFAphYWEB4XC45G8eHx/j+/fv6O/vx82bNxU19Hd3d7Gw
sFCy5VwymcTh4SG+fPmC8fHxM+1W4ff78eHDB7HYWcHx8bHoaC7K9GZPAAAgAElEQVQtLWF6ehqD
g4OKPjObzSISiWB+fh7RaFT2b5Ua5824HqFQCIuLi2VHZZPJJEKhENbW1uDxeHDr1q2aHW/gtHD/
+PEjDg4Oqh6ny+XCzMxMUxpU0WgUHz58kM33Bk47erFYDH6/H0tLSxgdHcXU1FTZRtLk5CT29vYQ
j8cBAEtLS3j8+HHZ65PL5bC0tCRem81mRZ2SejXrmcxms1heXpalkAOV70XgtBwCgK2tLSwuLorX
0n8PhUJYWVnB9PQ0xsbGFB3LZd8/qVQKi4uL2Nrakv08nU4jEolge3sbX79+xd27d+v+7Msq14t3
nojFYlWDdcW/+5e//EW8rtYwq/TcFf4tGo1ia2sLS0tLuHHjBvr7+xV+g+bUG7X+3vv372XBjbt3
7yqqQxKJBD58+FCyU0g6nUYsFsP29ja+ffuG2dnZkg6F1WqFz+fD3t4egNPn69q1a1WfxVgsJivD
e3t7y76vWvmRyWQQj8exv7+PpaUlTExMYGJioiGLyhbXL2e5r30+nwhwFD6zVvmWTqeRyWSwtLRU
scwMBAL48uULbt26JaZj+f1+vH//vmS3oUIZsLGxAZfLhbt37youY5VoZtnTiDrxLPL5PNbW1rC0
tIR8Pl/2bxfuufHxcUxOTl7aQsaX9XxINaO92UrPQTqdxubmJpaWlpDL5WT/VlhceGVlBePj47h2
7ZriIOJZ2tSNfiZSqRQ+ffpUdgv2SCSCSCSCra0tfPr0CTdv3lRU/zWzTiV10f23//bf/r/LPojz
isfjePHiRckNbTAYYDabkU6nxc/S6TS2t7dhNBoVN1iVSCQSePnyZUkDzWq1QqvVytKdo9EogsEg
uru7yzYqC1sNFthsNiwsLIiOIwBotdqSyq8QffX5fFWPtRDVlx4TUFqoHR4eIhwOy4Igw8PDVRvs
6+vrePPmjeyc6/V6WCwWZLNZccy5XA57e3swmUwVr8PBwQGCwaD4vru7u4hEIiXvK3dMjbweBYeH
h3j+/LnsOhQ+U6/Xy0Z9C9F2n89XNUocCATw4sWLksrZbDZDp9PJjjMej2NnZwednZ2KAidKHR4e
4tmzZ7Jzq9FoREdCWqmGQiGcnJzA5/OV3C+FrIjt7W1xvHa7vWyHemNjQ5Y2ffv2bdl9kEgkYLfb
0dHRgfb2dlkHzev1wuPxoKOjAx0dHXC73WWvWzOfyWQyWbZSdjqdsudPOhKbz+dhNBrx/v172d8u
9ywHAgHYbLaaWVSXff+k02m8evVKdC6lpN8rlUphd3cX6XRalA3F56rYZZbrBoMB379/F+cvFouh
t7dXcePcbDaL/ypt0xkOh/Hs2TMxWlpgt9tF5kXh7xdGKAsjUOU0q94o/ty+vr6S0dh8Po9Pnz7J
1i2Znp6WTdeR2tzcFMdlsVjw7ds3UdZXOs5EIoGDgwP09fWVbcQXnvN0Og2v11u1A1EYYS24detW
yXOfSqUwPz+PnZ0d2c8L2QEajUZ2Dx4cHFQsG+u1ubkp1s2wWCxnCv4ajUZsbGyIeqmQIVYsGo2K
MjuXy+H4+FgWMCh3LXK5HHZ3d+F2uxEKhTA/Py+r/8r9Tjwex9HREXp7exuSydHMsqdRdeJZfPr0
CV++fJH9zGAwwGq1IpfLyf724eEh4vF4xb8diURk9+/ExETNc//9+3fR5nO73ejq6ir7vst8Pgoa
2d5slecgm81idXVV9v5v377JPqfc+Ts8PEQ6nYbH46l4fs/Tpm70M1F4fovbZ2azGSaTqeT67e7u
1qzfG12nkrqpPoMjm83i9evXshv62rVr6O/vF434TCaDYDCI5eVl8b7FxUXYbLYzZSiUO4Y3b96I
URej0Yjr16/LUqCSySR2d3fx8eNHZLNZhMNhLC8vi5T8agqjMG63G+Pj43A6nTAYDEin0wgEAlhc
XEQikQBwWjkNDw9XHKWNxWJ4+/ateK3VajE1NYWenh5YLBbk83nREfr8+XPJyF81e3t7+PDhg3jd
09OD8fFxOBwOaDQa5PN5HB0d4cuXL2KUb3FxES6XqyStu5i0UO3t7YXL5YLRaEQmkykJIDTjeiST
SVnlZTKZMD09DZ/PJzowyWQS29vb+PTpE3K5HE5OTvDmzRv8/PPPZSuyaDRa9jO9Xm/JcX769AmZ
TAapVAqvXr3Cn//854Z0UmOxGObn50U2gdPpxNTUFLq6ukRnLhaLYX19HWtrawBOG99ut7ts5Lu7
uxt9fX2iYbC8vAyv1yvr5CUSCZEmCZzeJ8UjqOPj4+L/CymUBcPDwzWf22Y/k4XpM1arFQMDA7DZ
bNBoNBU7swWLi4sAgKGhIQwNDcFut0On0+Hk5ATb29uyUbvPnz9XTa9uhfvn8+fPso6p2+3GxMQE
nE4n9Ho90uk0Dg8Psbq6imAwWJK1Uslll+s6nQ5jY2Miy+j4+BgvXrzAzZs3G9IYSqfTeP36tehI
WK1WXLt2TRZgK6TZLi4uiu/38eNHeDweRdeukfVGLV++fJFNTxsfH1ecgVQoK+x2OyYmJuDxeEQD
9+joCMvLyyI7KRwOY2dnp2TBV4/HA61WKxrZ+/v7VRvC0k5xpfT1xcVF8Xe1Wq24/6TvjUQi+Pz5
s+jkbW5uoru7+9yZRNJ6t7Oz88yf09nZKY6tuNFfyf7+Pux2OyYnJ+F2u0VZEolE8P37d9mI9tu3
b8U95PP5MDExIer7VColskEL3+fg4AC7u7uyhXjPqlllT6PrxHrs7++LzwRO2zqTk5Ow2+2yNtTy
8rII/G5tbcHlcinOTmiUy3w+gOa2N4HWeQ4KZdXk5CR6e3tFWyORSGB/f1/U7cBpwKcwxbyWetrU
zXgmCs9lweTkJIaGhsT9k81mRT1VCIYvLi6iq6ur7MDPRdSppC6qz+BYW1uTpS/fv38fw8PDso6G
VquF3W5Hb28vgsGgKIiCwSAGBgbOnTK3vr4uRqNNJhN+/vlneDwe2efq9Xo4nU7YbDZR2IfDYXR3
d5c0ropHzABgZGQEd+/eFR0i4LQRXpjjKB05s9vtFRtFi4uLssbT48eP0dfXB4PBAI1GA41GA6PR
iK6uLrhcLmxtbckix5UyOFKpFF6+fCkK2tHRUdy+fRsWi0VEcDUaDSwWC3w+n+w6ZDKZsgWyNNpc
OLePHz/G6OgonE4n2tra4HA4SkbeGn09gNOOeuFY9Ho95ubmyn5mR0cHOjs7xT1ZyEQoVyC/efNG
VDKF43S73WWP0+v1YmtrC7lcDtlsFicnJxXTquvx/v17HB0dAQBcLhcePnyI9vZ2WUDGaDTC4/HI
FkwMhUIYHh4uG7jp6OjA5uYmstks0uk0tFotXC6X+Pfic/ngwYOqgYHiEY1yI8jFLuKZHBoawk8/
/QS324329na0t7eXpM8Xz6UHTrcbnZychNlsFufPYDCgs7MTBoNBBE9qjURf9v1zdHSE9+/fi9eF
Ob02m018L51OJ8rek5MTWSer2ihqK5TrTqcTR0dHIjsmkUhgY2MDsVgMBoNBVrbVa3NzU3w/vV4v
rp30eSqsoeLxeLCxsYF8Po98Pg+bzVa2896seqNWBse3b99k080GBwdx48aNqudGmsEB/L+yp7Oz
U5TnWq1WTD/Z2dmRjdIWdwx0Oh1isZi4vxKJBIaHh8seQyqVkt23k5OTJYGdcDgs6zzNzs5iaGio
pK4xmUzw+XwIBALi/svlcud+tlZXV0VDvZCxdhaHh4eizNbr9RgaGip5j3TkGgAcDgceP34srkWh
XWAymeD1ekUnATgto/L5PHp7ezE7Owur1Srer9fr0dbWhp6enpLr18plTzPqRKWWlpbEdAGn04kH
Dx6UbUN1d3eLjAjg9BqWu9+blcFx2c9HM9qbrfIcFLd3NBoNHj9+jMHBQZhMJvG5BoMBTqcTHo9H
1k4Ph8MYGhoqW/adtU3d6Gcik8ng9evXIiA9PDyM6elp2d8t1O9erxebm5vivVqttuwARjPqVFI3
Ve+ikk6nZQXByMhI1dXujUajbHQ2kUiUzN08yzFI5+HfuHGjanS4p6dH9iAVp/eV43K5MD09XbFi
6ujokHUgCwVRsXg8Lvu+4+Pjst8r1tXVhRs3btQ8PuC0cClUtu3t7ZiamqrYwNXr9bKFqzY3N0Xl
U82dO3dqjmY143okk0lZtP769etVpw643W6MjIyI1+XuscICSAUzMzNVO+0Oh0N2LQoLqp3H4eGh
SA/UaDS4detW1UDD2NiYuAcTiUTZOY7AaUr19PS0eL2ysiIabaFQSDbSOz093fDI+UU9kzdv3qy7
Ez05OVl1u9Hijlu59FGgNe6f4vTdmZmZimWUTqfDzMxMSQConFYo14HTY56dnS0ZGd3a2sKzZ8/w
v//3/8aHDx+wv78va7QqUQheeb1ejI6OVr12NptN9v2VXrdG1RvVbG9vi6wk4LSjefPmzboCP0aj
EXfv3q049dFoNMquQTAYLEn7BuQ73cRisYrf5/DwUPy+RqMpO20jkUiI6+Pz+aqOiOp0Otnx7e3t
lT2+ekjn8J9nbRTp7xavC1DJ9PR01QUZi6cdabXaqvdZ8fULBALnPj/NKnuaVScqJV1Hqbe3t+K1
1+v1sizHwmKWF+Wyn4+LaG+2ynNw/fr1qotUF7IpCqLRqOJtoZW0qZvxTJycnMim8lQLeNntdll7
utLi8xdRp5K6qDrAsb+/L0s7lD4ElTgcDlnK1Hm3TwsEAuIYTCZTzdQwjUYj6+BIF2SrZHR0tGbU
XZo2XanwLi5olKQ0Kk3Hlp7H4eHhmh0/j8cjq7xrFTCFFdFracb12N/fFxWRXq9XlFYo/buBQKBk
cSjpSEEhul9LX1+frMKVfsZZSH+/t7e3ZlaExWKRHWe1SrS/v1+MOubzeSwvL5csLOpyuap29s/q
Ip7JkZGRM43elxtBlTIajbLR5OJFgAsu+/7J5/OyDIuhoaGai6YZDAZFOzO1QrleYDAYcPv2bTx8
+LBkhCeVSmF9fR0vXrzA//k//wcfP35UPKVvfHwcDx8+xMOHD3Ht2rWa75cGAZU0zoHG1RuV+P1+
vHnzRrx2uVy4c+dO3SPYg4ODNe8daYAyk8mU7HJT+PvS1OpKDWHpz3t6esoGVrxer7g+P/30U81n
Xfpc5fP5ugNeUsW/f56MAGk9rHSKRq1n1Gw2y4IF3d3dDbl+SjWz7GlmnaiE9FrXOkddXV149OiR
+K/W9MhGusznA2h+exNonedAyXSa/v5+2b2jJNCmtE3djGei+H6pdR4GBwfFfX7z5s2y77mIOpXU
RdUBDumD43a7FUXoAflITyQSKVk0sh7SdC+v16toRFfagQmHwzUbHko6UtLKrVLlIW18d3R0KD5f
tRRWJi5QMmdYq9XKotKVRqoLlI6UN+N6FN9nShoSTqdTFMgPHz4s+XdpJ7q/v1/RNdbpdHV3xKuR
zkNXulWutENUrZGg0Whw48YNUenu7Ozg3bt34vpoNJqqo27ncRHP5FmPW8l1lnbSKlX8l33/xGIx
2Tk6awp9Oa1Qrhfzer3405/+JKb0lWugra2t4f/+3/+Ld+/eNfRvA/L7pnhxaCW/U4mSeqOc4+Nj
vHr1SgR+HQ4HZmdnz9TJUvIsFY9kl3su9Hq9LMhVPL0SOE2PlzbYG7XrTvG5Pu8IdauTBoWUbP+p
5Pop1cyyp5l1ohLSv7m2tlb18wwGAzwej/jvIgMc9Wrk83ER7U2lLvM5kDIajbL6T0k2ntI2dTOe
CavVKgt6ffnypWqQoTCtxOPxKD6GWs5Sp5K6qHqRUemDU89CXMXzbWOx2JnT5KVBA7/fj99++63m
7xQ/TOl0uqH7MVeqPKSF+nkWLitW3Jh/9+6dosa1dOeHSiPV9WrG9ZB+ptKMFr1eX7HhlUgkZOdM
ychSufdGo1GkUqkz3TvJZFJ2DF+/flU06i29TrU6cW1tbZiamhKLHUrTiqemppqy3S3Qms/kWZV7
llvh/ilOh1YyyqRUK5Tr5RSmM7jdbszMzCAYDGJvbw87Ozuy++fHjx/Y39/HvXv3FDXGCtu5BgIB
hMNhRKNRJJPJc49y1ktpp6OwdW+hca7T6XD//v2qu2tdlO7ubrHIXTQaRTgcLmlsFzrHxZ2eao6P
jxEIBHB0dITj42Mkk8mG1VnFCvPrC9e/OPuvHtL7spHXR1q/N2pHDKWaVfZcRJ1Yy+joKLa3t5HL
5ZDJZPDbb7+ht7cXPT09cDqdLbsQ4kU+H63U3rzM56CYw+EQbayzTDcsp1nPRGFR2sI6OqFQCP/x
H/+BwcFBeDweOJ3Oc7W/WqVOpcul6gCHtKKrZ2/14opeaepmOdJCM5FInCnV6aKih9Jja2Rjp/j8
naVwbVTB04zrIb3PGtHpLY7a13MtiueEnrUjXny+i/dBV0LJuR0eHsbOzo6s0+p0OhVNOzgrNT2T
Z9GK908jg0GtUK7XUhgx6+npwY0bN8TuB4XgWjKZxMuXLzE3N1d18TK/34+lpaW6dqu6bNJV+wGI
HYgalRF4Hh0dHbBaraJR7ff7ZQEOaep2b29vzfs2Go1iaWmpZCvDZrNYLOIZO88or/R3q60noCbN
Knsuqk6sxuFw4NGjR7IssO3tbZF11NbWBp/PJxb/bEYGZD0u4/lopfZmK5E+36lUCrlc7tz3RzOf
icHBQeRyOXz8+FEE9NbW1kSA2uVyiayNegZx1FinUnOoOsAhjRLWs9hf8XvP04BoRCP6otJZpcd6
3h0GpFqpM9iM63HW+6yS4vN1GffueUYF6/kMnU6H3t5eWYCjt7e3ofdfMTU9k2fRCvdP8TE0sqHd
CuV6PYxGI/r7+9Hb24v19XV8/PgRwOk5WlxcrLhN9Ldv32QLdGo0Gni9XrS3t8NgMMh+x+/3n3tK
WqOUO68LCwtwOByXHuTQarUYGBjA58+fAZxmjY2Pj4vRVekCwrWmpxwcHMi2RgROM4o6OjpkOyAB
pw1/6ULU5yUN1p1n8chmDWpcpmaVPRdVJ9bicrnwyy+/YHNzE+vr67JOZSQSQSQSwdevX2Gz2TA2
NoaBgYFLCXRc1vPRSu3NVlJc/zUiwNHsZ2J4eBherxcbGxv4/v277F4KBoMIBoNYWlqCy+XC2NhY
zTVD1FqnUnOoOsBhMplEY7ieQq/4vedZpVyn04kG38zMTFNHps/LaDSKAqQRBVdBcWrev/3bv13a
yEIzrsdZ77NKiiuiy7h3i6/Zn//856Zsk5VIJGQ7mgCnaY69vb11jc7XQ03P5Fm0wv3TjMZUQSuU
62eh1WoxOjqKdDqNL1++ADhNvT06OiqZanNwcCBriA0PD2NycrJiJzSdTrdUY0yj0WB6ehrLy8vI
ZrNIpVJYWFjAw4cPL31U2efziQBHJBLB8fExHA4Hjo+PxTRNvV5fdQexZDKJ169fi/rS5XJhZmam
4rQ6v9/f0ACHw+EQ2SbnWbhS+rv1jIK2smaVPRdVJyphMBgwMjKC4eFhHB8f4/DwEIeHh/D7/eKe
jMViWFhYwPb2NmZnZy80gHWZz0crtTdbSTMCfxfxTFitVkxNTWFiYgKhUAihUEjsElcYaCoEO4aH
h2Vru0mpvU6lxlN1qSDtINWTGlg8wnuexZnUtBKvNIWtkcdafP6aNfdSiWZcD+l91ojUxuKOVz0Z
B8Xn9qyduOLfa9a9u7S0VPL9UqmUbDeVRlPTM3kWrXD/FD/zjZwOctnleiaTER2Kw8PDusuz4t2p
yqVQF9JwgdPFUW/evKmqEfbZ2VmMjo5iZmZG/CwQCMi2970sDodDNi2lsGuKdPHh3t7eqvfH9va2
uPesVivu37/ftDWDypEe/8nJyZlSw2OxmOz5Ubp+VKtrVtlzUXViPTQaDRwOB4aHh3Hv3j388z//
M37++WfZTm7BYBALCwsXelyX+Xy0UnuzlUjPg9FobEiA4yKfCZ1OB5fLJXZD+Zd/+Rc8ePBANjiw
vr5eMVCm9jqVGk/VAQ5pJLGeUY7j42PZ6/Ok1UpXTj7vHujNJl2Mq5H7PhfP7b3MuW/NuB7Ska9G
fDez2SzrhNczh1T69+12+5kLcJPJJKu8GrUoldTe3p5sOz9pZ2hra6tp83bV9EyeRSvcP8XZN2fp
gFVy2eV6MpnE77//Lv6r9x4qLg+LO2CZTEZ27yvZdrqVTE9PixX7BwYG0NvbK/5teXlZFki4LMW7
qQCQnfNa01OkW8kqWauj0YpHSaU7GShVPDp5VQIczSp7LqJOPC+tVouuri7cu3cPY2Nj4ue7u7sl
5R/QvIUvL/P5aKX2Zisp3iWxES7zmTAYDOju7sbjx4/R1dUlfr66ulqSga72OpWaQ9UBDmlkz+/3
K17BWvog2O32cwU4pGmuR0dHLVkpFhR3HBq1laHD4ZAVgtJt+C5aM66H9LwFAgFFc/tjsRjm5+fF
f8Xpg9K5hNvb24rWfMjlcrKAwXm2x9NqtbJj+PHjR0PntqZSKVm64NDQEEZGRjA+Pi5+9vHjx6Ys
BKmmZ/KsLvv+sdlssoamtMF7XpddrlsslnM16orLh1oZN0qyaFppTRhpALGw3bM04Pb+/ftLH1WV
Ph/Hx8fY398XgReDwSBrMJcjXaj4Mq6P1WqVBWlWV1frOqfpdFo2otnX19eyO3DUq1llT7PrxFq2
t7exvLyM5eVlRdM5iqdelgv0NGtb0st8Plqpvdkqijv4jQpmNuuZWFlZEfd6redXp9PJgnnlFo5X
e51KzaHqAIfX65WlqympFCKRCDY2NsTr4eHhcx1DcSdhZWVF0YMTCATONbf2LNxutyyi/+PHj5q/
c3BwUPM9hYXdCra2thR9t2w2i7W1tYY2IppxPbxerzhvqVRKtlBdJX6/H7u7u9jd3UU0Gi2ZNywd
9QyHw4pG6La3t2WdvfNGqaX7picSCUXbfwHAxsZGzYXvVlZWxLEajUZMTk4CAMbGxkTjNB6Pi7ny
jaSmZ/KsLvv+0Wg0smf++/fvNdNXk8mkomDBZZfrWq1Wdn5//Pgha9DXUpzxURxoKU4drjUCnUgk
ZN+t1ZhMJty5c0e8jsVi+Pjx46U2IG02m6wckAZb+/r6ajaApeV1uZFxqXw+39D1NwqGhobE/yeT
SbHbgBKfP3+WPevF06bUrJllTzPrxFri8ThWVlawsrKCL1++1LzWSrImit9Tq6yJRCKKMmIu8/lo
pfbmRVAS4N/a2pIFr84zeFGsGc/EwcGBuNcLGXbV1LrXr1qdSo2h6gCHwWCQRfZWV1erLhqTTqdl
cxXNZvO5O4k2m03WmN7d3a05DzkYDGJ+fh5Pnz6Vjag2m9lsljV0VlZWqgYwCtstKTE8PCwLnki3
OSsnk8lgYWEBHz9+xPz8fMNG/JpxPcxms+wzP336JBarKycSicg67uUal11dXXC73eL14uJi1U5U
JBIRuzMApwvpnTcN0efzyebNLi0t1UzH//btG96/f48nT55UnOZ0cHAgGz2cmpoSQQ2j0Yjp6Wnx
b+vr6zX/ZnFwqNa9oqZn8qxa4f6Rlp2FHUMqNcozmQw+fPigqLHWCuX6yMiIKM/S6TRevXpVsyEP
nJ7nT58+idcGg6FkMUuTySQbTV9dXa2YyRSPxzE/Py/rwDVygehGcblcIogJnDa4lQTQm0l6D0if
jVrTUwB51t729nbFsi6bzWJhYaHk/mxEcKezs1OW8ba1tYX3799XzXrLZrNYWlrCt2/fxM9GRkaq
LqiqRs0qe5pVJyohLc+TyWTNDljxyLc0s0r6M2n9We0zE4kEFhYWFJUvl/18tEp78yIsLS1Vva+i
0SiWl5fFa4fD0dCFQJvxTEjL4K2trZrPjTQ7xWQylUxTuop1Kp2fqgMcADA6Oip7mF++fImvX7/K
Ioe5XA6BQADPnj2Tdehv3brVkLmD165dk61vsbS0hHfv3pU0iGOxGD5//oynT58ik8kgl8td+H7c
ExMTYnQ0n8/j+fPnWFtbQzweRy6XQzabRSQSwfLyMp4/f664IrLb7bI1FqLRKJ48eYKtrS3Zd8xm
s9jb28OzZ89ER/K8Ix/FmnE9JiYmxHoFqVQKL168wM7OjixqnkqlsLGxgSdPnojC1eFwVBw9u3nz
phhJPDk5KXu+0uk0Njc38fTpU/GZRqNRdq7PSqvV4vbt26KhkMvl8OLFi5LnJ5/PIxQK4c2bN2Ik
NJFIlL03Co3Ngo6ODtloC3CafVDcOa+WOqvT6WQV7Ldv33B0dIRsNotkMll2REZNz+RZXfb909bW
homJCfF6Z2cHL1++RDAYRCaTQT6fRzKZxO7uLp49e6Yo86ngssv19vZ23L17V7wOh8P4z//8Tyws
LCAQCCCZTIr7P5PJ4OjoCCsrK/jtt99kDe0bN26ULIqn0Whko/OFBpff70cymUQymUQ4HMbKygp+
/fXXksZfqzbOJyYmZB3pxcXFqoHgZvN4PCVrEJhMppIdbcqRZvAAwPz8PDY3NxGPx5FKpRCJRLC5
uYlff/21bKexUVMBJicnZaOxhb+5urqKo6Mjka4dDoexvr6O33//HV+/fhXv7+zsxLVr1xpyLK2k
WWVPM+pEpZxOp2xa0ocPH/DhwweEQiFZByyRSGBtbQ1v374VP3O5XGUX+dTpdLL2x+bmJt6+fYvj
42PR3ovFYvj+/TuePHmiKGMXuPzno5Xam82WyWTw9OlTfPv2TdYpz2Qy2NnZkdXtwOkaSY1ce6UZ
z0RfX58IyOXzeTx79gxfv35FNBoV78/n84hEIlhcXJQNUI2MjJRkbFzVOpXOR9XbxAKnBfjs7Czm
5+cRDoeRz+extLSEpaUlmEwmGAwGxGKxkodsZmYGPp+vIcdgNBpx//59vHz5UowU/fjxAz9+/IDR
aITFYkEsFisp1MfHxy98C0uLxYJ79+7h5cuXyOfzyGaz+Pjxo2x0V8rlcileNG5oaEi2LejJyQne
vHkD4LRCyufzJaPMNput4VucNeN6mEwm3L9/Hy9evEAmk9+K3ugAACAASURBVEE8HserV6/EdwNK
0+Lsdjvu379fMR3abrfjwYMHmJ+fRyaTQSKREOerEI0uHpUwGo148OBBw+ZTd3R0YHZ2Fm/evEEu
l0MulxPPj9lshtFoRDQalTWwtFot7t27V7ajsLq6Klvsanp6umxldP36dfz6668ATke9v379iqmp
qYrH2dvbK4IT4XBY/C4A/MM//ENJ405Nz+RZtcL9Mz4+jnA4LEbo/H5/xTm1er0eDodDUSO6Fcr1
wlSGN2/eiPvk+/fvilN0p6amSoJ7BcPDw9jb2xOp1QcHB3j+/HnZ92q1WrjdbnGOE4kE0un0uXb/
agatVotbt27ht99+QzqdRjabxbt37zA3N1eShXURTCYTent7ZSnQfX19io7F5XJhZGREZEIkEglZ
h7KYz+eTTRNLJBJlR9TrpdPpcP/+fbx790500uPxuCxLqBK3243Z2dmWu08apVllT6PrxHrMzMwg
Go2KDlhh1wiNRgObzYZEIlFSZ5nNZty6daviZ46OjmJ7e1t04jY3NytmKep0OhgMhppTflrh+WiV
9maz2e12RKNRLC4uYnFxUSz8WS5jc3x8XDZ41CiNfib0ej1mZ2fx7NkzpFIpZDIZ8Xl6vR5ms1kM
ukoV7rtyrmKdSuej+gwO4LQx//Dhw5LGZDKZlEUEC+998OBBwzsxbW1tmJubK0mNTqVSCIfDskpJ
r9fjzp07uH79ekOPQSmv14uffvqpJM2r2MjICGZnZxV/rkajwdTUFO7evVt2pfPiAtnr9eLnn39u
yvZizbgeXV1dePz4cckCTtFotCS40dvbi59//rnmQodutxtzc3Mli97F4/GSzqnL5Sr73vPq6enB
zz//XJLWmEgkxEhPgd1ux88//yybl1kQDofx5csX8XpwcLDisTqdTtk0hJWVlappikNDQxUXzqo0
aqamZ/KsLvv+0ev1uHfvnmzksRy73Y5Hjx7JFiyrpRXKdZ/Ph7/+9a91fW57ezsePXokG2Euptfr
cf/+/Zrnw+FwYG5uDqOjo7KfK5kucxnsdrussxUKhZqyzo5SxeVUPcGv6elpWRlVjtFoxN27d2Vr
kACN3W2g8IzduXNHUcdMr9fjxo0b+Omnny5895eL1Myyp1F1Yr0MBgMePXpUkvWZz+cRjUZLghse
jwdzc3NVgwVWqxU//fRTzbaIzWbDo0ePFAdpLvv5aKX2ZjNNT09jampKZFAkk8mywY3Jycmqg0Tn
1ehnwuFw4E9/+lNJeySTyZQES4DT/siDBw8qDhhe1TqVzk71GRwFZrMZd+7cwfDwMPx+P4LBIGKx
GNLpNGw2G9ra2uD1euHxeJoWpStkR4yMjCAQCCAYDCIejyOZTMJoNMLhcMDlcqGnp6dmcKHZvF4v
fvnlF+zs7GBvbw/RaBTZbBY2mw0ulwvd3d1wOp1nSrns7++Hz+fD/v4+AoEAjo+PRWfLZrOho6MD
Pp8PLperaduYAc25Hh0dHfjTn/4Ev9+PQCAgm+vc2dkJl8tV9/oGTqcTc3NzCAQC8Pv9CIVC4nxZ
rVZ0dHTA4/GULBLbSIXvFQgExGKb8XgcmUwGVqsVDocDXq8XPp+v7AhoLpeTLSxoMBhkc/LLGR8f
x9bWlhgtWlxcrDjaazQa8fjxY2xsbGBnZweRSERcw2rPs5qeybO67PvHYDDg7t27GBgYwM7Ojrh3
zGYz2tvb4fV60d3dDb1eX3cjolXK9ZmZGYyPj+Pg4ADBYFA0oNPpNMxmM+x2O5xOJ1wuFzo7OxWd
Z7PZjJ9++gl+vx97e3s4ODjAyckJLBYL2tvb0d3dLZ63dDote55aec5wb28vgsGgyHRZXV1FV1dX
wzJr6iHd4ttsNtc1wq7VajE9PY3e3l7s7OyIe0+v18Nut8Pn86Gnp0cEHaanp0UHVMkq/vUoLKzY
3d2NYDAIv9+PSCQiOjpWqxV2ux0ejwcul0tVI9Tn0cyy57x14nm+0+3btzEyMiJGpKPRKJLJJAwG
g2hDeTwedHV1KSprOjo68Je//AXb29vY399HOBxGOp0W38PtdovzpHTxxVZ5PlqlvdksGo0GExMT
4jwHAgGRfWq320X7RVrWNUujnwm73Y65uTkEg0HxeScnJ0gmkzCZTGhvb0dnZyd8Pp9synElV7VO
pbPRpFIp7pVDdAbZbBb//u//jmw2i5s3b557Rx4iImqcwpoDwGlAVW0ZWkT0x5JMJvG3v/1NvH74
8GFd2UdEdOpKTFEhugyRSEQscPnhwwfMz88rWqmdiIiaT7r+xmVkkBAREdHFY4CD6IxMJhPu3r0r
5svu7u7i9evXTHUjIrpkkUhELDpptVorruFDREREVwsDHERnZLFY0N/fj9u3b4u5fKFQSHXbkBER
XSW5XA7Ly8vi9fDwcMluTkRERHQ1XZlFRokuk3SBw8K0FSIiar5cLie2po1Go1hbWxPZG0ajseZO
G0RERHR1MMBBdEa5XA7JZBIHBwdiL3a73X7u/d2JiEi5RCKBv//972X/7caNG3+YXUWIiIiIAQ6i
M/vx4wcWFhbE68Ke70yFJiK6fFNTU8zeICIi+oNhgIPojAwGA8xmM9rb2+F2u9HX1wez2XzZh0VE
9Iei1+vhcrlwdHQErVYLt9uNoaEhuFyuyz40IiIiumCaVCqVv+yDICIiIiIiIiI6D+bSExERERER
EZHqMcBBRERERERERKrHAAcRERERERERqR4DHERERERERESkegxwEBEREREREZHqMcBBRERERERE
RKrHAAcRERERERERqR4DHERERERERESkegxwEBEREREREZHqMcBBRERERERERKrHAAcRERERERER
qR4DHERERERERESkegxwEBEREREREZHqMcBBRERERERERKrHAAcRERERERERqR4DHERERERERESk
egxwEBEREREREZHqMcBBRERERERERKrHAAcRERERERERqR4DHERERERERESkegxwEBEREREREZHq
McBBRERERERERKrHAAcRERERERERqR4DHERERERERESkegxwEBEREREREZHqMcBBRERERERERKrH
AAcRERERERERqR4DHERERERERESkegxwEBEREREREZHqMcBBRERERERERKrHAAcRERERERERqR4D
HERERERERESkegxwEBEREREREZHqMcBBRERERERERKrHAAcRERERERERqR4DHERERERERESkegxw
EBEREREREZHqMcBBRERERERERKrHAAcRERERERERqR4DHERERERERESkegxwEBEREREREZHqMcBB
RERERERERKrHAAcRERERERERqR4DHERERERERESkegxwEBEREREREZHqMcBBRERERERERKrHAAcR
ERERERERqR4DHERERERERESkegxwEBEREREREZHqMcBBRERERERERKrHAAcRERERERERqR4DHERE
RERERESkegxwEBEREREREZHqMcBBRERERERERKrHAAcRERERERERqR4DHERERERERESkegxwEBER
EREREZHqMcBBRERERERERKrHAAcRERERERERqR4DHERERERERESkegxwEBEREREREZHqMcBBRERE
RERERKrHAAcRERERERERqR4DHERERERERESkegxwEBEREREREZHqMcBBRERERERERKrHAAcRERER
ERERqR4DHERERERERESkegxwEBEREREREZHqMcBBRERERERERKrHAAcRERERERERqR4DHERERERE
RESkegxwEBEREREREZHqMcBBRERERERERKrHAAcRERERERERqR4DHERERERERESkegxwEBERERER
EZHqMcBBRERERERERKrHAAcRERERERERqR4DHERERERERESkegxwEBEREREREZHqMcBBRERERERE
RKrHAAcRERERERERqR4DHERERERERESkegxwEBEREREREZHqMcBBRERERERERKrHAAcR/f/s3Xl0
W2edN/CvNsuWJdnxvsdb4sRxmtiJs8dx2qRpS3jpAu2wlPalFDpQoEA7UJgZBmjfUmhL2XoKhYFS
SmnpAC3pNGmT1NlXJ06zx3bseJU32ZZlSdb6/uH4RleLLclSZCXfzzk+R/dK997fvZJsP7/7PL+H
iIiIiIgo5smjHUC4mU+exFhTExx6PeB0RjscIiIiIiIioplDKoUsJQXK0lIkLFwY7WjC6ppIcDj0
euj//GcYtmyBfWAg2uEQERERERERzXjy1FRoN29Gyqc+BVlKSrTDmTaJ1Wp1RTuI6Rj6+9/R9/zz
cJpM0Q6FiIiIiIiIKOZIVSqkP/IIku+4I9qhTEtMJzj6fvlL6F9+WViWyOXQbNoEVWUlFNnZgEwW
xeiIiIiIiIiIZhiHA7bubpiOH8fItm1w2e3CUyn33Yf0hx+OYnDTE7MJjoHf/Q79L74oLM+65x6k
PvggZElJUYyKiIiIiIiIKDY4hocx8NJLGHz9dWFd2kMPIfWBB6IYVehiMsFhOnwY7V/+srCc9e//
jqSPfSyKERERERERERHFpuG33oLuiSeE5fxf/QqqZcuiGFFoYnKa2P6XXhIepz/yCJMbRERERERE
RCFK+tjHkP7II8Kye5s7lsRcgsN0+DDMDQ0AANWSJUj59KejHBERERERERFRbEv59KehWrIEAGBu
aIDp8OEoRxS8mEtwjNTVCY+TP/GJ6AVCREREREREdA1xb2O7t71jRcwlOMwnTgC4PGPK+vVRjoaI
iIiIiIjo2qBZvx4SuRzAlbZ3LIm5BIetowMAEFdSAkhjLnwiIiIiIiKimUkqHW9r40rbO5bEXIbA
aTIBAGRqdZQjISIiIiIiIrq2TLS1J9resSTmEhxERERERERERJ6Y4CAiIiIiIiKimMcEBxERERER
ERHFPCY4iIiIiIiIiCjmMcFBRERERERERDGPCQ4iIiIiIiIiinlMcBARERERERFRzGOCg4iIiIiI
iIhiHhMcRERERERERBTzmOAgIiIiIiIiopjHBAcRERERERERxTwmOIiIiIiIiIgo5jHBQURERERE
REQxjwkOIiIiIiIiIop5THAQERERERERUcxjgoOIiIiIiIiIYh4THEREREREREQU85jgICIiIiIi
IqKYxwQHEREREREREcU8JjiIiIiIiIiIKOYxwUFEREREREREMY8JDiIiIiIiIiKKeUxwEBERERER
EVHMY4KDiIiIiIiIiGIeExxEREREREREFPOY4CAiIiIiIiKimMcEBxERERERERHFPHm0AyAiIiIi
IiKKFpvNBoPBAKPRCLvdDpvNBgBQKBSQy+VQq9XQarVQKBRRjpSmwgQHERERERERXTdGR0fR2dmJ
np4e9Pb2wmw2B7SdSqVCeno6srKykJubC5VKFeFIKVhMcBAREREREdE1zel0oqWlBRcvXkRvby9c
LlfQ+zCZTLh06RIuXboEiUSCjIwMFBcXo7i4GBKJJAJRU7CY4CAiIiIiIqJrVmtrKxoaGmA0GsO2
T5fLhZ6eHvT09ODUqVNYvHgxZs+eHbb9U2iY4CAiIiIiIqJrjk6nw/HjxzEwMBDR44yMjGDPnj04
c+YMqqqqkJmZGdHjkX9McBAREREREdE1w263Y//+/Whra7uqxx0YGMD777+PwsJCrFixAnI5m9tX
G684ERERERERXROMRiN27dqFwcHBqMXQ2toKg8GA2tpaFiK9yqTRDoCIiIiIiIhounp7e7F169ao
Jjcm6PV6vPvuu+jr64t2KNcVJjiIiIiIiIgoprW2tmL79u2wWCzT2o9cLodGo4FGo5n2EBOz2Yzt
27fj0qVL09oPBY5DVOiqcTqdoi+3TCZDQUFBFCMiIiIiIqJY19vbi/3798PpdIa0fWpqKoqKipCX
lwe1Wi16zmg0or29HS0tLdDr9UHv2+FwYP/+/VCpVEhPTw8pPgocExx01TidTuzZs0dY1mq1THAQ
EREREVHIjEYjdu/eHVJyQ6VSYcmSJZNO76pWqzF//nzMnz8fra2tqK+vh9lsDuo4DocDu3fvxq23
3sqaHBHGBMdVZLFY8MYbb4Rtf9XV1Zg/f37Y9kdEdC3bvn07urq6AAC1tbVMsBIREcU4u92Ourq6
kIalpKenY926dYiPjw94m8LCQmRmZqKuri7oqWfNZjPq6upw8803c3aVCGINDiIiui5IpVf+5Mlk
sihGQkREROGwf/9+DA0NBb1dSkoKbrrppqCSGxMSEhKwceNGJCcnB72tXq/HwYMHg96OAscEBxFR
iEwmExobG4UfnU4X7ZBoEu5JDfdkBxEREcWe7u5utLW1Bb2dUqlEbW3ttHpRyOVy1NbWIi4uLuht
W1tb0dPTE/KxaXLsGxNlq1evDvkf7VCyhkQUPqOjozhw4ICwXF5ejqysrChGRJNx/13LBAcREVFs
O378eEjbVVRU+K2DYTQa0draKgw/mSg+mpiY6PVatVqNBQsWhBTHsWPHcOuttwa9HU2NCY4oKyoq
4j/aRERXAXtwEBERXRtCndEkISEBZWVlPp9ramrC0aNHYbfbhXXt7e04ffo0li5dipKSEq9t5s2b
h7NnzwZdA2RgYACXLl2atLgphYb/4RER0TVDr9fjyJEj6O3thcvlEj3nnuDwrMHhcDjQ2dmJCxcu
XJU4iYiIKDROpxMnTpwIadv8/HyfNzna2tpw8OBBUXJjgs1mw4EDB9De3u71nEwmQ15eXkixNDQ0
eP2vQtPHHhxERHTN6OrqwtmzZ3H27FkkJSWhtLQU+fn50Gq1PoeoDA4Ooq2tDY2NjTCZTEhISEBp
aSl7eBAREc1Qzc3NMBqNIW2bm5vrtc5ms+HQoUNTbnvo0CFkZWVBoVCI1ufk5KCpqSnoWEZGRnDx
4kWfPUModExwEBHRNcO92Njw8DDq6+tRX1+PnJwcOBwO4bnW1lbodDr09vaKtjebzdDr9UhLS7tq
MRMREVHgLl68GPK2arXaa11vby/Gxsam3NZisaC/vx/Z2dmi9RqNJuR4mOAIPyY4rjHDw8N46623
hOWlS5eivLwcwHh2squrCx0dHRgaGsLIyAiUSiWSk5ORlZWFwsJCJCQkBH1Mq9WKrq4utLe3Y3h4
GEajESqVCsnJycjOzkZeXl5I+/Vkt9vR2dmJrq4u9PX1YXR0FAkJCUhMTERaWhqys7ORmZkJiUQy
5b4OHjwo6op+1113ITExEUajES0tLejq6sLw8DAsFgtWrFiBuXPnTro/s9mM9vZ26HQ6DAwMwGKx
QK1WQ61WIzMzE9nZ2Zg1a1bI593b24vu7m4MDg7CaDTCYrFApVIhKSkJmZmZyMvL8/kLOxBWqxU6
nU4455GREQDjfwC0Wi1ycnKQlZUV0jRaoQrH9Tx37hwOHz4sLGs0GmzevNkr6+5Jp9PhvffeE627
9dZbkZ6ejjNnzuDo0aN+tz1z5gzOnDkjWnfvvfcG9JkcGhpCe3s7enp6MDQ0BKfTCbVaDY1Gg+zs
bGRnZ/sscOXJ83dARUUFqqqq4HK50NHRgdbWVgwODgpTqnnG9/rrrwt/5PPy8nDjjTcCAFwuF3p6
etDR0YGBgQEYDAZIJBJotVpkZmaioKAg5M+4w+FAX18furu70d/fj9HRUYyNjQnveXZ2NrKysqDV
[...]
wAEAAADkCRwAAABAnsABAAAA5AkcAAAAQJ7AAQAAAOQJHAAAAECewAEAAADkCRwAAABAnsABAAAA
5AkcAAAAQJ7AAQAAAOQJHAAAAECewAEAAADkCRwAAABAnsABAAAA5AkcAAAAQJ7AAQAAAOQJHAAA
AECewAEAAADkCRwAAABAnsABAAAA5AkcAAAAQJ7AAQAAAOQJHAAAAECewAEAAADkCRwAAABAnsAB
AAAA5AkcAAAAQJ7AAQAAAOQJHAAAAECewAEAAADkCRwAAABAnsABAAAA5AkcAAAAQJ7AAQAAAOQJ
HAAAAECewAEAAADkCRwAAABAnsABAAAA5AkcAAAAQJ7AAQAAAOQJHAAAAECewAEAAADkCRwAAABA
nsABAAAA5AkcAAAAQJ7AAQAAAOQJHAAAAECewAEAAADkCRwAAABAnsABAAAA5AkcAAAAQJ7AAQAA
AOQJHAAAAECewAEAAADkCRwAAABAnsABAAAA5AkcAAAAQJ7AAQAAAOQJHAAAAECewAEAAADkCRwA
AABAnsABAAAA5AkcAAAAQJ7AAQAAALHlhpEAACAASURBVOQJHAAAAECewAEAAADkCRwAAABAnsAB
AAAA5AkcAAAAQJ7AAQAAAOQJHAAAAECewAEAAADkCRwAAABAnsABAAAA5AkcAAAAQJ7AAQAAAOQJ
HAAAAECewAEAAADkCRwAAABAnsABAAAA5AkcAAAAQJ7AAQAAAOQJHAAAAECewAEAAADkCRwAAABA
nsABAAAA5AkcAAAAQJ7AAQAAAOQJHAAAAECewAEAAADkCRwAAABAnsABAAAA5AkcAAAAQJ7AAQAA
AOQJHAAAAECewAEAAADkCRwAAABAnsABAAAA5AkcAAAAQJ7AAQAAAOQJHAAAAECewAEAAADkCRwA
AABAnsABAAAA5AkcAAAAQJ7AAQAAAOQJHAAAAECewAEAAADkCRwAAABAnsABAAAA5AkcAAAAQJ7A
AQAAAOQJHAAAAECewAEAAADkCRwAAABAnsABAAAA5AkcAAAAQJ7AAQAAAOQJHAAAAECewAEAAADk
CRwAAABAnsABAAAA5AkcAAAAQJ7AAQAAAOQJHAAAAECewAEAAADkCRwAAABAnsABAAAA5AkcAAAA
QJ7AAQAAAOQJHAAAAECewAEAAADkCRwAAABAnsABAAAA5AkcAAAAQJ7AAQAAAOQJHAAAAECewAEA
AADkCRwAAABAnsABAAAA5AkcAAAAQJ7AAQAAAOQJHAAAAECewAEAAADkCRwAAABAnsABAAAA5Akc
AAAAQJ7AAQAAAOQJHAAAAECewAEAAADkCRwAAABAnsABAAAA5AkcAAAAQJ7AAQAAAOQJHAAAAECe
wAEAAADkCRwAAABAnsABAAAA5AkcAAAAQJ7AAQAAAOQJHAAAAECewAEAAADkCRwAAABAnsABAAAA
5AkcAAAAQJ7AAQAAAOQJHAAAAECewAEAAADkCRwAAABAnsABAAAA5AkcAAAAQJ7AAQAAAOQJHAAA
AECewAEAAADkCRwAAABAnsABAAAA5AkcAAAAQJ7AAQAAAOQJHAAAAECewAEAAADkCRwAAABAnsAB
AAAA5AkcAAAAQJ7AAQAAAOQJHAAAAECewAEAAADkCRwAAABAnsABAAAA5AkcAAAAQJ7AAQAAAOQJ
HAAAAECewAEAAADkCRwAAABAnsABAAAA5AkcAAAAQJ7AAQAAAOQJHAAAAECewAEAAADkCRwAAABA
nsABAAAA5AkcAAAAQJ7AAQAAAOQJHAAAAECewAEAAADkCRwAAABAnsABAAAA5AkcAAAAQJ7AAQAA
AOQJHAAAAECewAEAAADkCRwAAABAnsABAAAA5AkcAAAAQJ7AAQAAAOQJHAAAAECewAEAAADkCRwA
AABAnsABAAAA5AkcAAAAQJ7AAQAAAOQJHAAAAECewAEAAADkCRwAAABAnsABAAAA5AkcAAAAQJ7A
AQAAAOQJHAAAAECewAEAAADkCRwAAABAnsABAAAA5AkcAAAAQJ7AAQAAAOQJHAAAAECewAEAAADk
CRwAAABAnsABAAAA5AkcAAAAQJ7AAQAAAOQJHAAAAECewAEAAADkCRwAAABAnsABAAAA5AkcAAAA
QJ7AAQAAAOQJHAAAAECewAEAAADkCRwAAABAnsABAAAA5AkcAAAAQJ7AAQAAAOQJHAAAAECewAEA
AADkCRwAAABAnsABAAAA5AkcAAAAQJ7AAQAAAOQJHAAAAECewAEAAADkCRwAAABAnsABAAAA5Akc
AAAAQJ7AAQAAAOQJHAAAAECewAEAAADkCRwAAABAnsABAAAA5AkcAAAAQJ7AAQAAAOQJHAAAAECe
wAEAAADkCRwAAABAnsABAAAA5AkcAAAAQJ7AAQAAAOQJHAAAAECewAEAAADkCRwAAABAnsABAAAA
5AkcAAAAQJ7AAQAAAOQJHAAAAECewAEAAADkCRwAAABAnsABAAAA5AkcAAAAQJ7AAQAAAOQJHAAA
AECewAEAAADkCRwAAABAnsABAAAA5AkcAAAAQJ7AAQAAAOQJHAAAAECewAEAAADkCRwAAABAnsAB
AAAA5AkcAAAAQJ7AAQAAAOQJHAAAAECewAEAAADkCRwAAABAnsABAAAA5AkcAAAAQJ7AAQAAAOQJ
HAAAAECewAEAAADkCRwAAABAnsABAAAA5AkcAAAAQJ7AAQAAAOQJHAAAAECewAEAAADkCRwAAABA
nsABAAAA5AkcAAAAQJ7AAQAAAOQJHAAAAECewAEAAADkCRwAAABAnsABAAAA5AkcAAAAQJ7AAQAA
AOQJHAAAAECewAEAAADkCRwAAABAnsABAAAA5AkcAAAAQJ7AAQAAAOQJHAAAAECewAEAAADkCRwA
AABAnsABAAAA5AkcAAAAQJ7AAQAAAOQJHAAAAECewAEAAADkCRwAAABAnsABAAAA5AkcAAAAQJ7A
AQAAAOQJHAAAAECewAEAAADkCRwAAABAnsABAAAA5AkcAAAAQJ7AAQAAAOQJHAAAAECewAEAAADk
CRwAAABAnsABAAAA5AkcAAAAQJ7AAQAAAOQJHAAAAECewAEAAADkCRwAAABAnsABAAAA5AkcAAAA
QJ7AAQAAAOQJHAAAAECewAEAAADkCRwAAABAnsABAAAA5AkcAAAAQJ7AAQAAAOQJHAAAAECewAEA
AADkCRwAAABAnsABAAAA5AkcAAAAQJ7AAQAAAOQJHAAAAECewAEAAADkCRwAAABAnsABAAAA5Akc
AAAAQJ7AAQAAAOQJHAAAAECewAEAAADkCRwAAABAnsABAAAA5AkcAAAAQJ7AAQAAAOQJHAAAAECe
wAEAAADkCRwAAABAnsABAAAA5AkcAAAAQJ7AAQAAAOQJHAAAAECewAEAAADkCRwAAABAnsABAAAA
5AkcAAAAQJ7AAQAAAOQJHAAAAECewAEAAADkCRwAAABAnsABAAAA5AkcAAAAQJ7AAQAAAOQJHAAA
AECewAEAAADkCRwAAABAnsABAAAA5AkcAAAAQJ7AAQAAAOQJHAAAAECewAEAAADkCRwAAABAnsAB
AAAA5AkcAAAAQJ7AAQAAAOQJHAAAAECewAEAAADkCRwAAABAnsABAAAA5AkcAAAAQJ7AAQAAAOQJ
HAAAAECewAEAAADkCRwAAABAnsABAAAA5AkcAAAAQJ7AAQAAAOQJHAAAAECewAEAAADkCRwAAABA
nsABAAAA5AkcAAAAQJ7AAQAAAOQJHAAAAECewAEAAADkCRwAAABAnsABAAAA5AkcAAAAQJ7AAQAA
AOQJHAAAAECewAEAAADkCRwAAABAnsABAAAA5AkcAAAAQJ7AAQAAAOQJHAAAAECewAEAAADkCRwA
AABAnsABAAAA5AkcAAAAQJ7AAQAAAOQJHAAAAECewAEAAADkCRwAAABAnsABAAAA5AkcAAAAQJ7A
AQAAAOQJHAAAAECewAEAAADkCRwAAABAnsABAAAA5AkcAAAAQJ7AAQAAAOQJHAAAAECewAEAAADk
CRwAAABAnsABAAAA5AkcAAAAQJ7AAQAAAOQJHAAAAECewAEAAADkCRwAAABAnsABAAAA5AkcAAAA
QJ7AAQAAAOQJHAAAAECewAEAAADkCRwAAABAnsABAAAA5AkcAAAAQJ7AAQAAAOQJHAAAAECewAEA
AADkCRwAAABAnsABAAAA5AkcAAAAQJ7AAQAAAOQJHAAAAECewAEAAADkCRwAAABAnsABAAAA5Akc
AAAAQJ7AAQAAAOQJHAAAAECewAEAAADkCRwAAABAnsABAAAA5AkcAAAAQJ7AAQAAAOQJHAAAAECe
wAEAAADkCRwAAABAnsABAAAA5AkcAAAAQJ7AAQAAAOQJHAAAAECewAEAAADkCRwAAABAnsABAAAA
5AkcAAAAQJ7AAQAAAOQJHAAAAECewAEAAADkCRwAAABAnsABAAAA5AkcAAAAQJ7AAQAAAOQJHAAA
AECewAEAAADkfWHZAwAAgJ3xySd3589/OT8fXPzbXPrw6lzfvDGfbm0texawA7648eAcOfyV+dqx
r863TnxjDj5yYNmT7juBAwAAdrm//+PKvPbGH+b3f/zT3LmzWPYcYAWc/s7J+dEPfzDfPvnNZU+5
b9YWi4VkCwAAu9Svf/Pa/PZ3byx7BrCivv+9785Pf/LjXfFFh8ABAAC70MfXrs/Pf/mr+ev5D5Y9
BVhxXz74yPziZ+fm5PGvL3vK/0TgAACAXebja9f/3d69R1lZ1/sD/8wMc0VGHAQUIUgdTRG8IDdN
CUULvOQlTBPTOiVlKWXnFNbpnGO3Y51zfnY52c2sxMpUtI4JmhfAVG7egLzUICkiiORoA8yVmfn9
4XJys2dgZhh49jO+Xmu5Fvu7n+/z/eizFu793t9LfPrzX4u/PPdC0qUAKZGfnx/fveaqVC9ZcYoK
AAD0Ml/62neEG0CXtLS0xFVf/Xa8sG5D0qV0m4ADAAB6ket+erNlKUC3bN68Nb71nZ8mXUa3CTgA
AKCX+OsLL9lQFNglSx9bGf83f0HSZXSLgAMAAHqJm2+fl3QJQC/wq7l3JV1Ctwg4AACgF9i2rTl+
/4dFSZcB9AKr16yNR1O41E3AAQAAvcAjy56IhobGpMsAeomHlz6RdAldJuAAAIBe4E/PrE66BKAX
WfV0VdIldJmAAwAAeoG1KT7aEcg9L6xbn3QJXSbgAACAXuDvNZuTLgHoRf5esyXpErpMwAEAAL1A
S2tr0iUAvUhLS0vSJXSZgAMAAABIPQEHAAAAkHoCDgAAACD1BBwAAABA6gk4AAAAgNQTcAAAAACp
J+AAAAAAUk/AAQAAAKSegAMAAABIPQEHAAAAkHoCDgAAACD1BBwAAABA6vVJugAAAAAiPvGRD8bg
QQMy2hY9/GgsfGhZQhVBugg4AAAAEnbWaSfHJz96fkbb8sdXxZJHVyRUEaSPJSoAAAAJGjxwQFxx
6YyMtpVP/SU+88Vror6+IaGqIH0EHAAAAAma/dmPx4CK/m2vn61aE1fM/nps2VqbYFWQPgIOAACA
hJw5dXJMfve4ttdrnn8xrvjCN+K112sSrArSScABAACQgMEDB8SsT3w48vLyIiLixZdejitmfyM2
bno14cognWwyCgAAkICNm16Nk9//kaTLgF7DDA4AAAAg9czgAAAAErPs/luiuKhwp9e1trZGbV19
bN1aG8+/uD5WPfWXmHvnvfHSho27ZbyGhsaorauPjZv+FqvXrI37H1waDzy4pEtjdWTkuw6OU086
PsYedUQMGlgR5f32isjLi5qazfHqa6/HEyufiXsXLI7HVjzVpfte9dlL4/xzpma01dbVx/n/9Ll4
4cX1O+0/6vBD4ob//VoUFWb+9/nRz2+J63766w77/fR7X4tjjxqZ0Xb2jMtjzQvrdjjenB9+M0aP
PCSrffGyJ+MTn7t6p/W2p//e/WL+rT+OstKSrPd+/PNb4vs7+PfYkd31zOhZAg4AACDn5eXlRd+y
0uhbVhqDBg6IcceMig9NPy3uvHth/Pf3boiGxqYeHa+4uCiKi4tin/7l8a7KA+P0974n1rywLq69
7hfx4COPduueQ/YbFFfMnBGnTj4uCgoKst4fuG9FDNy3It5VeWCcf860+OPix+K7P7opqta80Kn7
f//6X8XkE8bF4IED2trKSkvi8ksvjH/+8n/ttP+nP/6hrHDjry+8FD/+xS2dGr+nHHPUyBg8cEC3
9iI5a9rJ7YYb3bW7nxk9yxIVAAAglUpLSuK8s94XN/zv12Of/uW7fbwDhw+Nb39jdlx03pld7nv0
6MPixh/8Z0ydckK7X5S3l5eXFyced2z8/LpvZJyysiM1m7fEj39xa1b7ySdOiPFjRu+w76knHZ91
TWtra3zvJzfFtm3NnRq/pxQXFcZZp53crb4nT5rYY3XsiWdGzxJwAAAAOaO5uTlerX4965/XXq/p
cJbGEYdVxjX/fmW3x3v97zVZ/9TXN7R7fUFBQXz2sg/He7rwBXbsMaPiu9d8MQbuW9Hl+vbqWxbX
/PuVcerk4zp1/W2/uyeeWPlMRlt+fn58+uMX7rDfJz/ywbbTXN606OHlcf+inlmW01Unnzihy30O
PXhEHHFYZY+MvyefGT3HEhUAACBnvLBuQ5w94/IO3z9u3NFx4fTT490Tjslon3DskTHjvDPiplvu
7LHxKg8cHqe9d1Kcf87UKC35x7KHgoKCuOyj58fCh5bt9P7l/faKf/uXT76xZ8NbNDY1xd33PRR/
WPBwPP3n5yIi4pCDR8SUEyfEae+dlDFeSUlxfOEzH49VT1fFho2bdjrmtT/4RVz/3a9mLDcZPfKQ
OPeMU2LunfdmXf9PF50bB44YltFWW1cf3/nhnJ2OtbsccvCIGD3ykFj51F863ef9006O/Py8nV+4
E0k8M3qGGRwAAEBqPLLsifjUv3w1fn/Pwqz3zj9nWo+OVbXmhfj2D26Mz//7/0RT07aM9w6tfGeM
POzgnd7jc5+6JN4xdP+Mttder4lPfu4r8eVvfDf+uPixtlkqi5c9GV/97x/GJZd9KTa8nPmleN+K
/vGFz3ysU3Wv+NOf4867F2a1f+zDH4iSkuKMtgEV/dtdcnPz7fN2ukno7pSXlxfvn9a1ZSqTjh/b
I2Mn8czoGQIOAAAgdf7z2p9E9Wt/z2gbdsB+ceQRh/b4WA8+8mgsemR5Vvvx447eYb9BAwfEqScd
n9HW3NwcV3312nj0iT912O/ZqjXxuS9/K2uZzAkTxsTBB76jUzV/78c3xd+qX89oG7LfoJh5yXkZ
bZd99Pys/UvWrtsQP7zh5k6N05MaGhozXk867thO9510/NgYOmRw2+uWltasUKozknxm7DoBBwAA
kDpbttbGw0sfz2ofc+TIdq7edcsfX5XVtu+AfXbY54JzpmWd6HH3/Q/H4mVP7nS8p55dHXfcdX9G
W58+BXH+2Z2bpfLa6zVx/Y23ZbWfd9b74oD93wgCDq18Z5zxvskZ77e2tsb3r/9Vj59K0xmrnqnK
2NB04L4VMXXKCZ3qe9opJ2a8/tMzVdHc3PXNUZN8Zuw6AQcAAJBKa57PXkKxu05T2fTqa1ltOzuO
9Nijj8hqu+3/7un0mLf89u5oaWnJaDvmyMM63f/Xc++KVU9n7mGxV9+yuGLmjIiIuPzjF0ZxcVHG
+48sezLuvv+hTo/Rk5oam+LJVZkbpL7v5HfvtF/fstI4bnzmbJr7Fi2OoqLCDnp0LOlnxq4RcAAA
AKm0rZ1f6PN6YJPJ9uxbkT1bY8vWug6v79OnIA56Z+bGnRte3hSPr3i602Ouef7FrBBn+LADsja/
3JFrr7sx65jXU94zMT7yobOzNmqtq6+Pa6/7Rafv3dOKigvjDwseyWgbf+zonYZWZ06dHP326tv2
emttXcy/74+Rn9+1r7u58szoPgEHAACQSkP2G5TV9ve/b94tYx037qistueeX9vh9UccVhl9y0oz
2p5/cX2Xx31huz59+hTE0aM7PyPgsRVPxbx7H8xoKygoiFmfuCjrWNjbfveHqFrzQpdr7CnFRUXx
u/kPRM3mLW1tpSUlcfZpU3bYb8p7Mo9jXbJ8RRR0MdyIyJ1nRvcJOAAAgFQ6fnz2Jp/P/GVNj49z
2qmT4oSJYzLa6urr44EHl3bYZ0BF/6y2jZv+1uWxX34lu0/FPnt36R7f+dGceO31moy27cON9S+/
Ej9IYGPRtyoqKoz6+oZ4aEnm3ionT5rQYZ93DN0/jjriXRltd927KPr2Le2gR8dy6ZnRPQIOAAAg
dWZ/5mNZR3lWv/b3rC/Hu+JdlQfGF6+8NP5j9qeioKAg47277lkUr253Sslb9S/vl9VWV1ff5Rpq
2+nT1eUOf3v1tbjhl7fv8JrrfnpzbK3teMnNnlBU+MaeGdsfcXv4oQfHoZXvbLfP2adNiT59/vFs
1r/8Sty/aMlO90dpTy49M7qnT9IFAAAA7EyfPgUxZL9BceQR74rTTp0UE8cemXXNHb+/r8v3HT50
/3jgdz/Lai8pKc5arvCmP69+Pq79wY07vG9ZO33rtzsGtTMaGhqy2jqqa0duvPl3cdqpJ8a7Kg/M
em/Z46vizrsXdPmePe3NTUEfWfZEPL/2pRjxjgMiIiI/Py/OPu3kuObb12f1ec8J4zJeL3r4jeN8
S0u6HnDk2jOj6wQcAABAzjhw+NBY8cc7utzvz1V/jZ/eNLfL/QoKCtpdmtCRFX/6c/zLv/1XbNla
2+WxkrRX37Lov3f7m3XuW9E/+vQpyNqMdE8rKvrHiS4LHloWH/nQ2W2vJx0/NivgGHfMqDhw+NC2
1y0trW3HtJZ2YwYH6WeJCgAAkGqr16yNz37pm7t1icVrr9fE//7kl/HhT86OjZte3en1te3UUlJc
3OVxS0qy+3Tn3/PyS2fEfoP2bfe9A0cMi0svPq/L9+xpRYX/+P39jt/flxG4DNlvUJx0wviM68+c
Ojnj9VPPVsWfq/4aEREl2x1/2xm59szoOgEHAACQSlu21sZv7pgfF878fLy0YeNuHauhsTFuvPl3
nb7+9Zrs01xKS7v+ZbmsNHtpw1tPGemMkYcdHGefvuOTSC6cfnrWniZ72pt7cES8cRLJk6ueyXh/
2qkntv25uKgw3j0hc+PX+xYubvtzeyHDzuTSM6N7LFEBAAByxrZtzfHa63/Pam9tbY26+obYsrU2
Xnzp5fjT01Vx5z0L4vVdPBZ2zQvr4uwZl2e1//D//UfGPh/7Ddo3Pnz+++MnN97Wqfv+7dXXsto6
mkGxI4MHDshq2/5ElJ258rJLorioMKOtobEpo22vvmXx2csujs9+8Zou19hTirar8Q8LHoljjz6i
7fXEsUfFXn3LYsvW2ph6yomxT/9/LLmprauP3867v+11d2Zw5NIzo3sEHAAAQM5Y+9KGdgOHPe2G
m+bGhGNHZxynOv2s98WcW+6M+vrsTSS399Szq2NrbV3G5pLDhw3pch3Dhu6X8XrbtuasmQ07cu4Z
p8SxR43MaKutq48vffXb8a2r/zkK37IsZPK7x8VJJ4yPB/7Y8fG3u1N+fn70LSttW87x+3sWxqc/
/qG2E0j26lsW7592Uvzy1t/He086PqPvkuVPZoRdxd1YWpIrz4zus0QFAABgO8seXxVLHl2Z0TZ4
4ID48Pnv71T/bduaY/WatRlt+w8eGGOOHNlBj2zDhw2Jg9/5joy2tevWd3rWSnm/vWLmRz6Y1T73
zj/EA39cGnfduyijPS8vLy6fOSPj2NU97a2zOLbW1sXDS5/IeP+U9xwXgwcOiDFHHZHRPu/eP2a8
Lsjv+lfdXHhm7BoBBwAAQDt+9svbo7W1NaPtvPe/t9NHfj725FNZbdPPem+nx5/+/vdG/nZf1J9Y
9Wyn+19+6YVZyyU2bno1fnjDbyIi4vvX/zrri/eBw4fGzEuyQ5GkbH987eiRh8QlHzo7Y3nNho2b
4t6Fj/TIeEk/M3aNgAMAAKAdSx9bGUsfy5zFMXDfik7P4vj17fOitq4+o+3UycfFceOO3mnfA0cM
i3O22xi0ubk5fnP7vE6NPerwQ+Ks007Oav/pnLltR9y+sunV+OWtd2Zdc+EHTuvW0ozd4eGlT8QL
L65ve11QUBAfPPt9GdcsfGh5j42X5DNj1wk4AAAAOvDzX92RNYvjA52cxfHKplfjDw88nNFWUFAQ
3/jyZzI2z9ze8GFD4tqvfyH69i3LaH9k2ZPx59XPd6ruKy+7OONUkoiIp55ZHb+5Y35G2w2/vD2e
X/tSRlvfvmVx5WUXd2qcPWH7PUEKCv6xhKalpTV+e9f923fptiSfGbtOwAEAANCBxctXxLLHV2W0
7VvRPy750Nmd6v8/3/95rF23IaNtn/7l8YP/+bf4jy98KsaPGR19y0qjuKgwRo88JK687OK46Uff
jBHvOCCjz2uv18Q3v3N9p8b8wJmnxjFHHp7R1tLSEt+7/pdZ127b1hzX3XBzVvuk48fGyZMmdGq8
3e2O398Xzc3N7b739J9Xx7NVa3p0vCSeGT3DKSoAAAA78LNf3h7jjhmVcaLKuWecEr/49W/blnt0
pGbzlrj6W9fFtV//QttpIBERRYWFcfbpU+Ls06dEa2trtLZG5OfntXuPhsam+NZ3fxovvvTyTmvt
v3e/mHnJeVnt9z+4JBYve7LdPvfc/1Ccc/qUmHDsP47FzcvLiysunREPLX4sGhqbdjru7vTCi+vj
iVXPZp0GExFx38LFPT7enn5m9BwzOAAAAHagvVkcAyr6x0cvPKdT/R994k9x+Re+Hpv+Vt3u+3l5
eR1+Ua6tq49//fp3Yt69D3ZqrMs/fmEM2m5j0a21dfG9H2fP3nir7/74pmhsygwyRrzjgLi0nbAk
CfcueDirrbauPu64677dMt6efGb0HAEHAADATvysnb04zjnjlIxf+HfkyVXPxoc/eVXc9YcHY9u2
9pdbvFVra2ssXr4i/unyf83aE6Ijo0ceEmdOOymr/Zbf3p2xUWd7nnpmdfz+noVZ7Rece1rW0osk
3Hn3wqjZvCWjbcmjK3br8at74pnRsyxRAQAA2InFy56M5U/8KcYdM6qtbZ/+5fHRGefEt39wY6fu
sf7lV+KLX702brz5d/G+Ke+OsUcfEYMHDojyfntFXn5ebN68NV597fV4YuUzcf+iJVknuOzMlZdd
krWx6IaXN8VPfnFrp/p///pfx0knjI/+e5e3tfUtK40rL7s4rpj9jS7V0tO21tbFw0ufiKlTTmhr
m78HZkjs7mdGz8prbGxs3fllAABALpt55dXx2JNPJV0G0Is8+sAtSZfQJZaoAAAAAKkn4AAAAABS
T8ABAAAApJ6AAwAAAEg9AQcAAACQegIOAAAAIPUEHAAAAEDqCTgAAACA1BNwAAAAAKkn4AAAAABS
T8ABAAAApJ6AAwAAAEg9AQcAAACQegIOAAAAIPUEHAAAAEDqCTgAAACA1BNwAAAAAKkn4AAAAABS
T8ABAAAApJ6AAwAAAEg9AQcAWxO2vgAAEANJREFUAACQegIOAAAAIPUEHAAA0AuUFBclXQLQi6Tx
7xQBBwAA9AKD9h2QdAlALzJ40L5Jl9BlAg4AAOgFKg96R9IlAL1I5UHDky6hywQcAADQC4w5amTS
JQC9yLEp/DtFwAEAAL3AQSOGxch3HZx0GUAvcdIJ45MuocsEHAAA0Euce8YpSZcA9AJnTTspKvbZ
O+kyukzAAQAAvcSZUyebxQHssosvOCvpErpFwAEAAL3IZz5xUdIlACn22U9+OIYdsF/SZXSLgAMA
AHqRo0cfFp+/4qNJlwGk0FnTTooLp5+edBndJuAAAIBe5ryz3hezZs5IugwgRU5/76T413/+RNJl
7JK8xsbG1qSLAAAAet49Dzwc13z7+ti8ZWvSpQA57NKLp8elF09PuoxdJuAAAIBe7G+vvhY/+vmt
ccdd9yVdCpBjJo49Kj520blx5BGHJl1KjxBwAADA28BL6zfGvPv+GA8teTyeenZ10uUACRk+bEhM
OPbIOHXycb0m2HiTgAMAAN5mGpua4sWXXo6ami3R0tqSdDnAbpcXfctKY8h+A6O8315JF7PbCDgA
AACA1HOKCgAAAJB6Ag4AAAAg9QQcAAAAQOoJOAAAAIDUE3AAAAAAqSfgAAAAAFJPwAEAAACknoAD
AAAASD0BBwAAAJB6Ag4AAAAg9QQcAAAAQOoJOAAAAIDUE3AAAAAAqSfgAAAAAFJPwAEAAACknoAD
AAAASD0BBwAAAJB6Ag4AAAAg9QQcAAAAQOoJOAAAAIDUE3AAAAAAqSfgAAAAAFJPwAEAAACknoAD
AAAASD0BBwAAAJB6Ag4AAAAg9QQcAAAAQOoJOAAAAIDUE3AAAAAAqSfgAAAAAFJPwAEAAACknoAD
AAAASD0BBwAAAJB6Ag4AAAAg9QQcAAAAQOoJOAAAAIDUE3AAAAAAqSfgAAAAAFJPwAEAAACknoAD
AAAASD0BBwAAAJB6Ag4AAAAg9QQcAAAAQOoJOAAAAIDUE3AAAAAAqSfgAAAAAFJPwAEAAACknoAD
AAAASD0BBwAAAJB6Ag4AAAAg9QQcAAAAQOoJOAAAAIDUE3AAAAAAqSfgAAAAAFJPwAEAAACknoAD
AAAASD0BBwAAAJB6Ag4AAAAg9QQcAAAAQOoJOAAAAIDUE3AAAAAAqSfgAAAAAFJPwAEAAACknoAD
AAAASD0BBwAAAJB6Ag4AAAAg9QQcAAAAQOoJOAAAAIDUE3AAAAAAqSfgAAAAAFJPwAEAAACknoAD
AAAASD0BBwAAAJB6Ag4AAAAg9QQcAAAAQOoJOAAAAIDUE3AAAAAAqSfgAAAAAFJPwAEAAACknoAD
AAAASD0BBwAAAJB6Ag4AAAAg9QQcAAAAQOoJOAAAAIDUE3AAAAAAqSfgAAAAAFJPwAEAAACknoAD
AAAASD0BBwAAAJB6Ag4AAAAg9QQcAAAAQOoJOAAAAIDUE3AAAAAAqSfgAAAAAFJPwAEAAACknoAD
AAAASD0BBwAAAJB6Ag4AAAAg9QQcAAAAQOoJOAAAAIDUE3AAAAAAqSfgAAAAAFJPwAEAAACknoAD
AAAASD0BBwAAAJB6Ag4AAAAg9QQcAAAAQOoJOAAAAIDUE3AAAAAAqSfgAAAAAFJPwAEAAACkXp+k
CwC6r7q6OlasWBEREUceeWRUVFQkXBEAAEAy8hobG1uTLgLounnz5sXChQujtrY2IiLKysriiiuu
iKFDhyZcGfB21traGk1NTdHQ0BBNTU3R3Nwcra1vfNTIy8uLgoKCKCwsjOLi4igsLIy8vLyEKwYA
egsBB6RMVVVVzJkzJ6qrq7Peq6ysjFmzZiVQFfB21traGg0NDVFXVxdbtmyJjRs3xoYNG2Ljxo2x
efPmaG5ujoiIgoKC6NevXwwePDj233//GDx4cPTr1y9KS0ujqKhI2AHsdtXV1XHbbbfFypUrky6l
zejRo+MDH/iAmbjQAyxRgZSorq6OOXPmRFVVVYfX7Og9gJ72ZrBRU1MTTz/9dKxcuTLWrl0b9fX1
nepfUlISI0aMiDFjxsRBBx0U5eXlUVxcLOgAdovq6uq45ppr2ma/5oqVK1fG6tWrY/bs2UIO2EUC
DshxtbW1sXDhwpg3b17SpQC02bZtW9TU1MSjjz4aixcvjurq6raZGp1VX18fzz77bFRVVUVFRUVM
nDgxjj322CgvL48+fXxEAXrWrbfemnPhxptqa2vj1ltvjZkzZyZdCqSaTw+Qw5YuXRp33XVXu8tR
AJLS1NQUTz/9dMyfPz82bNjQ5WBje83NzbFp06a466674vHHH4+pU6fG4YcfHoWFhT1UMUDEqlWr
ki5hh3K9PkgDAQfkoHXr1sXcuXMtOQFyTktLS8ybNy8efPDBaGho6NF7Nzc3x7p16+LGG2+ME088
Mc4444zIz3eiPfD2sW7dOhvGwy4QcEAOqa2tjdtvvz2WLFmSdCkA7brlllti6dKl0dTUtNvGaGho
iIULF0ZdXV2cf/75u20cgFxTV1eXdAmQagIOyBELFiyI+fPn5+zaUODtraWlZY+EG29qamqKpUuX
RkTEeeedZyYHALBTAg5IWFVVVcydOzfWrVuXdCkA7Wpqaor58+fvsXDjreMuXbo0ysrKYurUqfbk
AAB2SMABCcnFc9gBtrdt27Z4+umnY9GiRXs03HhTU1NTLFq0KIYPHx4jR450ugoA0CGfEiAB8+bN
i4ULF1qOAuS01tbWqKmpifnz5/f4hqJd0dDQEPPnz49hw4bFPvvsE3l5eYnVAgDkLgEH7EErV66M
2267zbGvQCo0NDTE8uXLY8OGDUmXEhs2bIjly5fHpEmToqSkJOlyAIAcJOCAPaC6ujrmzJnj2Fcg
Nd6cvbFkyZJobm5Oupxobm6OJUuWxFFHHRXFxcVmcQAAWQQcsBvV1tbG/PnzY8GCBUmXAtAlDQ0N
8cwzz+TUjLPq6up47rnnYu+99zaLAwDIIuCA3WTp0qUxd+5c+2wAqVRXVxcrVqzIidkbb2pubo7H
H388Dj/8cAEHAJBFwAE9rKqqKubNm2c5CpBara2tsWXLlli7dm3SpWR5/vnnY/PmzbH33ntbpgIA
ZBBwQA+pra2N22+/PZYsWZJ0KQC7pLGxMTZu3Bj19fVJl5Klvr4+Nm7cGIMGDYri4uKkywEAcoiA
A3qAY1+B3qSxsTHWr1+fdBkdWr9+fRx66KECDgAgg4ADdkFVVVXMmTMnpzbhA9hVTU1N8corryRd
Roeqq6tzam8QACA3CDigm2666SbLUYBeqbm5OTZv3px0GR2qqamJbdu2JV0GAJBj8pMuANKoqqpK
uAH0Wq2trTkdIDQ0NERLS0vSZQAAOUbAAd3ghBQAAIDcIuCAbhg9enTSJQDsNnl5edGnT+6uYi0u
Lo78fB9hAIBMPh1ANwwdOjTGjx+fdBkAu0VBQUH069cv6TI6VF5entMBDACQDAEHdNNFF10Us2bN
igMOOCDpUgB6VGFhYQwaNCjpMjpUUVERBQUFSZcBAOQYAQfsgsrKyrjqqqvi3HPPjdLS0qTLAegR
RUVFMWTIkKTL6NCQIUOiqKgo6TIAgBwj4IAeMHny5Lj66qtj8uTJSZcCsMuKiopi8ODBUVJSknQp
WUpKSmLw4MECDgAgi4ADekhZWVmce+65MXv27KisrEy6HIBuy8vLi379+sWIESOSLiXLiBEjol+/
fpGXl5d0KQBAjhFwQA8bOnRozJo1K2bMmBEVFRVJlwPQLSUlJTFmzJicOq0kPz8/jjnmmJycWQIA
JC93PrVALzNhwoSYPXt2TJs2LelSALqsuLg4DjrooJwKaisqKuKggw6K4uLipEsBAHKQgAN2o7Ky
spg2bVp85StfiVGjRiVdDkCn5eXlRXl5eUycODEnTiwpKCiIiRMnxt577215CgDQLgEH7AEVFRUx
c+bMmDVrVk79GgqwI8XFxTF27NjYf//9ky4lhgwZEmPHjjV7AwDokIAD9qDKysr4yle+EtOmTXOs
LJDz3pzFMXXq1ESDhdLS0jjzzDOjvLzc7A0AoEMCDkjAtGnT4uqrr47x48cnXQrADvXp0ycOP/zw
mDRpUhQWFu7x8QsLC2PKlClRWVkZffr02ePjAwDpIeCAhJSVlcVFF10Us2bNigMOOCDpcgA6VFhY
GKeffnqMGzduj4YchYWFMW7cuDjllFOEGwDATgk4IGGVlZVx1VVXxYwZMyxbAXJWfn5+XHDBBXss
5Hgz3Ljgggty6qhaACB3+TkEcsSECRNi9OjRMX/+/FiwYEHS5QC064Mf/GD07ds3Fi1aFA0NDbtl
jNLS0pgyZUqccsopu+X+AEDvJOCAHFJWVhbnnntujB8/PubOnRtVVVVJlwSQIT8/P6ZOnRrDhw+P
+fPnx4YNG6K5ublH7l1QUBBDhgyJM888MyorK83cAN52zOaFXSPggBw0dOjQmDVrVqxcuTJuu+22
qK6uTrokgDaFhYUxcuTIGDZsWCxfvjwWL14c1dXV0dLS0q375efnR0VFRUycODHGjh0b5eXl9twA
3paGDh2adAmQaj49QA4bPXp0HHzwwbFw4cJYsGBB1NXVJV0SQES8cbrKPvvsE5MmTYqjjz46nnvu
uXjsscfi+eefj/r6+k7do6SkJEaMGBFjxoyJgw46KMrLy6O4uNhRsMBuMWrUqFi1alXSZXRo1KhR
SZcAqSfggBxXVlYW06ZNiwkTJsStt96a0/9jBt5e8vLyoqSkJIqLi6O8vDwOO+yw2Lx5c2zcuDHW
r18f1dXVUVNT07ZXx5vXVVRUxJAhQ2Lw4MHRr1+/tnsINoDdafr06bF69eqc/MGotLQ0pk+fnnQZ
kHp5jY2NrUkXAXReVVVVzJkzp91lK6NGjYqZM2cmUBXAG1pbW6OxsTEaGxujubk5tm3b1rZ0JT8/
P/r06RMFBQVRVFQURUVFQg1gj6qurs65H4xGjRoV06dPj4qKiqRLgdQTcEBKLViwIObNm9f2K0Rp
aWnMmjXL2k0AgE5Yt25dorM5SktLfW6DHibggBSrra2NpUuXRmlpaYwePTrKysqSLgkAACARAg4A
AAAg9RwwDwAAAKSegAMAAABIPQEHAAAAkHoCDgAAACD1BBwAAABA6gk4AAAAgNQTcAAAAACpJ+AA
AAAAUk/AAQAAAKSegAMAAABIPQEHAAAAkHoCDgAAACD1BBwAAABA6gk4AAAAgNQTcAAAAACpJ+AA
AAAAUk/AAQAAAKSegAMAAABIPQEHAAAAkHoCDgAAACD1BBwAAABA6gk4AAAAgNQTcAAAAACpJ+AA
AAAAUk/AAQAAAKSegAMAAABIPQEHAAAAkHoCDgAAACD1BBwAAABA6gk4AAAAgNQTcAAAAACpJ+AA
AAAAUk/AAQAAAKSegAMAAABIPQEHAAAAkHoCDgAAACD1BBwAAABA6gk4AAAAgNQTcAAAAACpJ+AA
AAAAUk/AAQAAAKSegAMAAABIvf8P9ACa65/TnPUAAAAASUVORK5CYII=
" width="800px"&gt;</msg>
<status status="PASS" starttime="20230522 13:02:37.280" endtime="20230522 13:02:37.514"/>
</kw>
<msg timestamp="20230522 13:02:37.514" level="INFO">xpath criteria: //*[contains(@text,"Usuário")]</msg>
<msg timestamp="20230522 13:02:37.514" level="FAIL">ValueError: Element locator '//*[contains(@text,"Usuário")]' did not match any elements.</msg>
<status status="FAIL" starttime="20230522 13:02:37.238" endtime="20230522 13:02:37.516"/>
</kw>
<kw name="Input Text" library="AppiumLibrary">
<arg>class=android.widget.EditText</arg>
<arg>${loginBIA}</arg>
<doc>Types the given `text` into text field identified by `locator`.</doc>
<status status="NOT RUN" starttime="20230522 13:02:37.516" endtime="20230522 13:02:37.516"/>
</kw>
<kw name="Click Text" library="AppiumLibrary">
<arg>Senha</arg>
<doc>Click text identified by ``text``.</doc>
<status status="NOT RUN" starttime="20230522 13:02:37.516" endtime="20230522 13:02:37.516"/>
</kw>
<kw name="Input Text Into Current Element" library="AppiumLibrary">
<arg>${senhaBIA}</arg>
<doc>Types the given `text` into currently selected text field.</doc>
<status status="NOT RUN" starttime="20230522 13:02:37.516" endtime="20230522 13:02:37.516"/>
</kw>
<kw name="Hide Keyboard" library="AppiumLibrary">
<doc>Hides the software keyboard on the device. (optional) In iOS, use `key_name` to press
a particular key, ex. `Done`. In Android, no parameters are used.</doc>
<status status="NOT RUN" starttime="20230522 13:02:37.516" endtime="20230522 13:02:37.516"/>
</kw>
<status status="FAIL" starttime="20230522 13:02:37.214" endtime="20230522 13:02:37.516"/>
</kw>
<kw name="Quando eu clicar no botão entrar">
<status status="NOT RUN" starttime="20230522 13:02:37.517" endtime="20230522 13:02:37.517"/>
</kw>
<kw name="Então poderei ver o feed da BIA">
<status status="NOT RUN" starttime="20230522 13:02:37.517" endtime="20230522 13:02:37.517"/>
</kw>
<status status="FAIL" starttime="20230522 13:02:18.858" endtime="20230522 13:02:37.517">ValueError: Element locator '//*[contains(@text,"Usuário")]' did not match any elements.</status>
</test>
<status status="FAIL" starttime="20230522 13:02:18.693" endtime="20230522 13:02:37.518"/>
</suite>
<statistics>
<total>
<stat pass="0" fail="1" skip="0">All Tests</stat>
</total>
<tag>
</tag>
<suite>
<stat pass="0" fail="1" skip="0" id="s1" name="biaPrimeiroLogin">biaPrimeiroLogin</stat>
</suite>
</statistics>
<errors>
</errors>
</robot>
