<?xml version="1.0" encoding="UTF-8"?>
<robot generator="Robot 6.0.2 (Python 3.11.2 on win32)" generated="20230501 19:42:13.897" rpa="false" schemaversion="3">
<suite id="s1" name="biaPrimeiroLogin" source="C:\Users\sankhya\Downloads\BIAproject\Tests\biaPrimeiroLogin.robot">
<test id="s1-t1" name="Loguin na BIA com sucesso" line="20">
<kw name="Dado que eu abra o app da bia">
<kw name="Open Application" library="AppiumLibrary">
<arg>${url}</arg>
<arg>platformName=${Plataforma}</arg>
<arg>deviceName=${pixel4}</arg>
<arg>appPackage=${package}</arg>
<arg>appActivity=${activity}</arg>
<arg>automationName=appium</arg>
<doc>Opens a new application to given Appium server.
Capabilities of appium server, Android and iOS,
Please check https://github.com/appium/appium/blob/master/docs/en/writing-running-appium/server-args.md
| *Option*            | *Man.* | *Description*     |
| remote_url          | Yes    | Appium server url |
| alias               | no     | alias             |
| strict_ssl          | No     | allows you to send commands to an invalid certificate host like a self-signed one. |</doc>
<status status="PASS" starttime="20230501 19:42:14.061" endtime="20230501 19:42:22.149"/>
</kw>
<status status="PASS" starttime="20230501 19:42:14.061" endtime="20230501 19:42:22.149"/>
</kw>
<kw name="E clique no botão pular tutorial">
<kw name="Wait Until Element Is Visible" library="AppiumLibrary">
<arg>accessibility_id=PULAR</arg>
<doc>Waits until element specified with `locator` is visible.</doc>
<status status="PASS" starttime="20230501 19:42:22.149" endtime="20230501 19:42:25.161"/>
</kw>
<kw name="Click Element" library="AppiumLibrary">
<arg>accessibility_id=PULAR</arg>
<doc>Click element identified by `locator`.</doc>
<msg timestamp="20230501 19:42:25.163" level="INFO">Clicking element 'accessibility_id=PULAR'.</msg>
<status status="PASS" starttime="20230501 19:42:25.161" endtime="20230501 19:42:26.082"/>
</kw>
<status status="PASS" starttime="20230501 19:42:22.149" endtime="20230501 19:42:26.082"/>
</kw>
<kw name="E preencha o banco">
<kw name="Wait Until Element Is Visible" library="AppiumLibrary">
<arg>accessibility_id=PRÓXIMO</arg>
<doc>Waits until element specified with `locator` is visible.</doc>
<status status="PASS" starttime="20230501 19:42:26.084" endtime="20230501 19:42:26.142"/>
</kw>
<kw name="Input Text" library="AppiumLibrary">
<arg>xpath=/hierarchy/android.widget.FrameLayout/android.widget.LinearLayout/android.widget.FrameLayout/android.widget.FrameLayout/android.widget.FrameLayout/android.view.View/android.view.View/android.view.View/android.view.View/android.view.View/android.widget.EditText</arg>
<arg>${urlBancoProd}</arg>
<doc>Types the given `text` into text field identified by `locator`.</doc>
<msg timestamp="20230501 19:42:26.144" level="INFO">Typing text 'https://skw.sankhya.com.br' into text field 'xpath=/hierarchy/android.widget.FrameLayout/android.widget.LinearLayout/android.widget.FrameLayout/android.widget.FrameLayout/android.widget.FrameLayout/android.view.View/android.view.View/android.view.View/android.view.View/android.view.View/android.widget.EditText'</msg>
<msg timestamp="20230501 19:42:26.431" level="INFO">xpath criteria: /hierarchy/android.widget.FrameLayout/android.widget.LinearLayout/android.widget.FrameLayout/android.widget.FrameLayout/android.widget.FrameLayout/android.view.View/android.view.View/android.view.View/android.view.View/android.view.View/android.widget.EditText</msg>
<status status="PASS" starttime="20230501 19:42:26.142" endtime="20230501 19:42:26.431"/>
</kw>
<kw name="Click Element" library="AppiumLibrary">
<arg>accessibility_id=PRÓXIMO</arg>
<doc>Click element identified by `locator`.</doc>
<msg timestamp="20230501 19:42:26.434" level="INFO">Clicking element 'accessibility_id=PRÓXIMO'.</msg>
<status status="PASS" starttime="20230501 19:42:26.431" endtime="20230501 19:42:27.218"/>
</kw>
<status status="PASS" starttime="20230501 19:42:26.083" endtime="20230501 19:42:27.218"/>
</kw>
<kw name="E fizer o login correto">
<kw name="Input Text" library="AppiumLibrary">
<arg>class=android.widget.EditText</arg>
<arg>${loginBIA}</arg>
<doc>Types the given `text` into text field identified by `locator`.</doc>
<msg timestamp="20230501 19:42:27.223" level="INFO">Typing text 'BIA' into text field 'class=android.widget.EditText'</msg>
<status status="PASS" starttime="20230501 19:42:27.219" endtime="20230501 19:42:27.289"/>
</kw>
<kw name="Input Text" library="AppiumLibrary">
<arg>class=android.widget.EditText</arg>
<arg>${senhaBIA}</arg>
<doc>Types the given `text` into text field identified by `locator`.</doc>
<msg timestamp="20230501 19:42:27.292" level="INFO">Typing text 'sankhya08' into text field 'class=android.widget.EditText'</msg>
<status status="PASS" starttime="20230501 19:42:27.290" endtime="20230501 19:42:27.351"/>
</kw>
<status status="PASS" starttime="20230501 19:42:27.219" endtime="20230501 19:42:27.351"/>
</kw>
<kw name="Quando eu clicar no botão entrar">
<kw name="Click Element" library="AppiumLibrary">
<arg>accessibility_id=ENTRAR</arg>
<doc>Click element identified by `locator`.</doc>
<msg timestamp="20230501 19:42:27.354" level="INFO">Clicking element 'accessibility_id=ENTRAR'.</msg>
<kw name="Capture Page Screenshot" library="AppiumLibrary">
<doc>Takes a screenshot of the current page and embeds it into the log.</doc>
<msg timestamp="20230501 19:42:27.677" level="INFO" html="true">&lt;/td&gt;&lt;/tr&gt;&lt;tr&gt;&lt;td colspan="3"&gt;&lt;img src="data:image/png;base64, iVBORw0KGgoAAAANSUhEUgAABDgAAAjoCAYAAAA5jhrUAAABJGlDQ1BTa2lhAAAokX2Rv0vDQBiG
H0sXpQ6ig4NDxi5KVeiiLlUIOkms0OqUpmkV2houKdXZ1T+im7OjCJ27CILgJP4N4uAa37RDAqW+
x3f33Mt3P747yK0j5UvQ7UXGsStWrX5hkZHrhQHztQC/H0kP75v/5M3TYtMPPY3fisjocG3ZFK+1
p3ybcGPKDwmbqnMoHoqL7Qw3MjyIgkg8TvK9wCT8Kd7vdvpeem8Kfu/8TGNNsUGIg00FiyoGl56c
Fr7YYsA1EVeiI1FIQEcZd5qfsqve1qxLXzkzSt/z/gsORnEcv6TeyQieyrD0nHrFPVgpwPg1cI07
sfKKXKsFP4+wXIfVN625nD0j/Ys5tVqTWm1u1NqqwpdzrFo9tkQ7lNim/AfUy02wCLYnZAAAAARz
QklUCAgICHwIZIgAACAASURBVHic7N13YFR1vv//16QXQjohkQ4BaQEFJKJUwUIUUEBFgWu53r2L
6MV1dxUX+6q7Xguyyq5eyyKyirJKEUQ6UkKLgEgxAQMhISQESK+Tmd8f+c18GRKSmSST5MDz8Rc5
c8pnICRzXuf9eX9M5eXlVgEAAAAAABiYR3MPAAAAAAAAoKEIOAAAAAAAgOERcAAAAAAAAMMj4AAA
AAAAAIZHwAEAAAAAAAyPgAMAAAAAABgeAQcAAAAAADA8Ag4AAAAAAGB4BBwAAAAAAMDwCDgAAAAA
AIDhEXAAAAAAAADDI+AAAAAAAACGR8ABAAAAAAAMj4ADAAAAAAAYnldzDwDAlSUvL09JSUlKS0tT
eXm5goOD1a1bNw0YMKC5hwYAAADAwEzl5eXW5h4EAOMzm82SpA0bNmjp0qWNfv7nnntOERERMplM
8vT0bPTzAwAAADA2Ag4A9XL06FFlZGRo8eLF9To+ODhY+fn5slrr9yNo0KBB6tKli6699loFBQXV
6xwAAAAALh8EHABc8vrrr+vEiRP1DiZsEhIStH37dp0/f77BY/Lx8dHIkSM1fvz4Bp8LAAAAgDHR
ZBSA02bMmKHjx483ONwICAhQQkKCXnnllQadJyoqSpJUXl6u77//Xj/99FODzgcAAADAuAg4ALhs
3LhxDTrew8NDn332mTZv3tyg8zz11FMOX3/44YcNOh8AAAAA4yLgAOCSXr166dZbb9X8+fPl4VG/
HyGFhYXavn17vft3mEwmzZo1S35+fpo9e7Z9u63RKQAAAIArD8vEAnDJkSNHtG/fPrVu3VoWi0WS
FBkZqa5duyo8PFz5+fnasmVLo11v/vz5kqTs7Gy98MILkiSr1arc3FwlJibq3LlzjXYtAAAAAMZF
wAHAJa1atdIHH3xg/9rb21svvviiwz5bt25tcJ8OqapSQ5L+9a9/aevWrQ6v/fOf/5QktW7dusHX
aWxWq1VnzpzRhg0bdOjQIZ09e7bG/Tw9PdW2bVsNGjRI119/vQIDA+3vGQAAAIBrCDgAuCQ/P7/O
fd577z1lZmbq448/1i233KKPP/7Y6fOHh4ere/fuSkhIUFhYmH7/+9+ruLi4QeNpKhUVFVq8eLF2
794ts9lcZ8hjNpuVnp6u9PR0LV26VP7+/kpISNCIESMIOgAAAAAXEXAAaHTLli1Tenq6MjIyNHDg
QAUHB+uHH35QUlKSbrjhBknStm3bJFVNQVm7dq0OHDigvn37asyYMZKko0ePas6cOc32HlxhsVg0
f/58HT58WJLqVb1itVpVXFysJUuWaMmSJfrb3/5W7x4nAAAAl4Pi4mJlZGQoPT29xgdeAQEBateu
na666ioFBAQ0wwjrtnLlylpf7969u2JjY5toNJc/Ag4AjebQoUP66KOPVFJSIkl69NFHJUmxsbGK
jY3V9OnT5e3trcOHD9sDDkkaM2aMPdiQpGPHjumtt95q2sHX09GjRzV37lx7P5KGsoUjiYmJ9jAI
AABcnsxms0wmkzw9PV0+NjMzUz///LMkqU+fPoqOjm7s4TW54uJi/fTTT0pJSdH+/fvtnylre3hk
q3r19/dXv379FBsbq7i4uBYTeNQVcCQnJ+uJJ55ootFc/gg4ADSa0NBQ+y8iSWrfvr2kql9Kjz76
qL1haG3mzJljmMah//rXv7Rt27ZG6TdysWXLltkDjuzsbLVp06bRr+EK23tsyqkzzXFNAACaitls
1o4dO3TmzBkNHDjQ/rnJGSkpKdq4caNSU1MlSampqRo5cqRhKwFSUlK0Y8cO7dixw+XPVbb9i4uL
lZiYqMTERJlMJsXHxys+Pt6wfyeoHwKOFsi2QkRhYaE8PDwUEBCg4ODgy6ZcPT8/X0VFRSovL5eP
j4/CwsLk6+vb3MNCI7j4yUFOTo5at26tP//5z3UeW1ZWpueee04FBQV17hsREaGcnJx6j7OhrFar
Xn31VWVkZLjtGsXFxbJarTKZTNq2bZuCg4M1atQot12vJpWVldq7d6927typc+fOydPTU926ddPw
4cMVFRXllmtaLBYdPHhQiYmJOn36tDw8PNSlSxeNGDFC0dHRhB0AgMuC2WxWYmKiNm/erLy8PJ0/
f16jR49Whw4dnDo+NTVVhw8fVllZmSTp8OHD6tixo+Fu5lNSUrRy5UqlpKQ4HWzExsYqJSWl1n2s
VqsSExO1Y8cOxcbGauzYserevXtjDBktHAGHG5SVlWnz5s32G7X+/fura9eudR6Xn59v/4+YlZXl
8FpkZKQGDhyo66+/XhEREW4Zd23OnDmjH374wWFb3759nf5BUVJSot27d2vHjh06fvy4w2uenp6K
i4vTDTfcoJ49e17WNzCVlZWqqKiQ1WqVv79/rftaLBaVlpbK09NTPj4+hvx7eeONNzRy5EhlZmbW
Wnp54MAB/f3vf5ckxcTE6NSpUzXu5+/vrzfffFOvvPKKW8brrFdfffWSY2wsVqtVJ06cUKdOndSp
Uyd9+OGH8vDw0IgRI9x6XZvKykpt2rRJy5cvV0VFhX17RkaGfvnlF02bNk0dOnRo1OC1oqJCmzZt
0sqVK1VeXm7fnpmZqcOHD+u//uu/XHq6BQBAS5WTk6MjR44oKytLlZWV9qkmzoYc5eXl9nBDqrr/
uPB3Z0t39uxZLVy48JLBhr+/v32Kc/v27dWuXTv7Z2eTyWQ/pqSkxN6wPTk5WT/99JPDeaxWq5KT
k5WcnKzY2FhNmzbNbfdSKSkpSk5OrnNKSk3HzZgxw2FbbGysbr/9dsMFVi0BAUcjy8jI0GeffaYT
J07Yt7Vr167OgOPAgQNatGjRJVeEOHPmjL777jutW7dOCQkJGj16dJNVdFgsFi1ZskQHDhxw2B4V
FeVUwJGamqqFCxfq9OnTNb5ue0q8d+9eDR06VOPHj28xc+Yaymq1ymw2q7i4WKWlpcrPz9fJkydl
tVo1bNgweXt7X/K43Nxcbd++XWFhYWrXrp0CAgLk5+cnf3//es3TbC4bN26UJP31r3+t8fUFCxZo
586d8vLy0rBhw3TzzTdrzZo1ys3N1Y8//mjfLyEhQQkJCU0y5tosWrTIrZUbNlarVQcPHlSnTp0U
HBwsq9Wqr776Sh07dlTnzp3dfv0zZ85o/fr1DuGGbVyZmZl67733NHnyZA0YMKBRvh8LCwv19ddf
a8+ePTKbzdWuee7cOa1bt0733XcfFV8AAMMLDQ1V//79debMGaWnp6u0tLTOkMNsNuv48eM6cOCA
fd8L7du3T2azWX379lWnTp3k5dUyb/U2btyoVatWqaioqNprF04rqe3hnu21gIAAde/eXd27d9eo
UaNktVodprtcKCUlRX/5y180duxYt1TFfvvtt3VWljjLFpYQcLiuZX7XG5DFYtG2bdu0ZMmSajcE
dVmzZo2WLl3q1L4VFRVaunSpsrOzNWXKlCa50d22bVu1cMNZR48e1bvvvut0orxlyxZlZ2frt7/9
rXx8fOp1zZbAarWqrKxMeXl5OnXqlPbs2aNjx47ZA6yQkBBFREQoOjq6xuaUtjL9VatWSaqqcomI
iFCvXr10zTXXKCwsTEFBQZcMSFqiS1Ws7Ny5U1LVL+2kpCRNmjRJ1113nf7yl7/Y95k5c6Z69erV
JOOszdGjR7V9+/Ymu56tSsT2/8dqteqtt97SW2+95fZ/+5ycHIfpQoMGDVJZWZkOHToks9msoqIi
ffnllzpz5oxGjBihwMDAel/r1KlTWr58uX7++Wf7/4fg4GD17dtXGRkZSk1NldVq1bFjx1RYWEjA
AQAwPF9fX/Xp00dWq1Xr1q2zhxwHDx6UVD3kyMvL086dO5WUlKRz586ptLS02jmzs7O1fft2HTly
RH379tWgQYPcNqW0vhYuXFhjn434+HiNHTu2wdUVJpPJHniMHTtWq1atcgg6bCvWpaena/r06Q26
1sUaK9ywWblyZYt4uGc0BByNIC8vT0uWLFFSUpLLx+7du7fGcKNTp07q0qWLPD09lZaWpl9++cXh
9e3btys0NLTWb/qCggKZzWaFhITUe3pDVlaWvvnmm3odm5ubq48//rhauBEREaGuXbvK19dXp0+f
VnJyssPrv/zyi1asWKGJEyfW67otQUlJiXbs2KFNmzbV2CuioKBAixcvlsViqVa14+npqaCgIIfg
o7KyUllZWcrKytKWLVvUsWNH3XLLLerdu3eLmrpyYeWSjclk0iOPPOIwzrS0tBqPHzhwoObMmaPb
b7/dfux7773nnsG6yGKxaO7cuW5pKHopeXl5kqqqKWwqKyv1yiuv6IUXXnDrtSsqKlRZWSmp6t/h
zjvvVGBgoJYvX66tW7eqrKxMxcXF+u6773Tu3DmNHz9erVu3dukaVqtVGRkZ+uSTT5SZmWm/Vmho
qO677z716tVLx48f1+uvvy6p6u/D1QAZAICWyt/fX3379pUke8hRUlJSY8gREBAgf39/lZaW1lj5
IFV9RigqKlJxcbFyc3N1+vRpDR8+vEVUARQXF2vu3LlKT0932O7OaSMRERGaPn26EhIS9OmnnzoE
EDt27FB6erpmzZrllsrx2NjYGivdk5OTqwUh4eHhio+Pv+TrcA0BRwMdPnxYixYtqteqD+fPn9fC
hQsdtkVHR+vee+9Vt27dHG4I09PT9cUXX+jXX3+1b1u5cqWuueYaxcTEOJyjoqJCS5Ys0ZYtWyRJ
vXv31tSpUxUcHOzS+CorK/Xll1/WmBA74/vvv1dubq79a09PT91zzz2Kj493KJk7deqUPv/8cx07
dsy+bf369RoyZIghl7sym806ceKEVqxY4TA38kKVlZUOfzfOvmY7//Hjx7V69WrFxMQoLCysUcbt
DA8PD8XFxemuu+7SqlWrHJ40SNJXX31V7Zh27dqpf//+9q8XLVrksETshdavXy9J+vTTTyW1rNUz
5s+f32hLwTrL9v1z9OhRh+1nzpxp8pVVPDw85O3trXHjxik6OlorV67U+fPnZbFYtGPHDp09e1YT
J05Uu3btnPp3q6ysVGJiolauXGkPckwmk66++mpNmDBBV111lSQ5VGtUVlY2acAEAIC7XRhyrF+/
XidPnqwx5PD29la/fv1UUlKiXbt2KTg4WF26dLE/XMjNzdXx48eVlpamoqIiFRQU6ODBg/L29lZg
YGC1+4WmVFxcrHfeeadauJGQkKCxY8e6/fNeeHi4nnjiCa1cudKhP0Z6errmzp3rlpCje/ful3wQ
fXGAERYW5rAvAUfDXB7LcjQDs9ms5cuX629/+1u9l7Tcvn27Q3gQERGhmTNn1jjnrF27dnr00Uer
zb2/uPGnVDWlxBZuSNLBgwedngJzoS1btujw4cMuHydV3ZhdeOMrSffcc49uvPHGavMBY2Ji9J//
+Z8KCQlx2F7T3MKWzmq1Kj8/X5s3b75kuNEYKisrlZmZqR9++MH+lL0pWCwW7du3TxERERoxYoT2
7dvn8PqFAdzFzGazZsyYcclwoyWrqKio9/+FhvD29pbVaq32gcBqtdqrGppjTIMHD9bUqVPtYYat
gdc///lPHT58uM7vyeLiYq1evVrLli2zhxs+Pj4aPHiw7rnnHrVv3/6yWTUKAIC62EKOm266Se3a
tZMke8ixfv16e+Vr69atFR8fr2nTpmnSpEkaNmyYBg0apEGDBmnYsGGaNGmSxo8fr06dOkmq+jz+
888/68cff6z3A8vG8P777+vkyZP2r8PDwzV79mwlJCQ06cOshIQEPfPMMwoPD7dvS09P1/vvv98k
178wYLE1UEXj4xNkPXl6elZrmunt7a177rlHgwcPrvN4q9WqPXv2OGwbN26cQkNDL3mMv7+/Jk2a
5LBtz5491Uq2L6yEsNm/f79LTz4zMzMdpqYEBwerW7duTh/v6+urZ599Vr/5zW/Uu3dvdezYUUOG
DLnk/sHBwbrhhhsctjVFI8fGZquuuLiDszuUlJToxx9/VHZ2ttuvdaHg4GCtWbOm2tSbBQsW1Lj/
7NmzdfToUT3++ONNMTy3+OKLL2rcbjKZ5OHhodDQUF199dW66aabNGHCBE2cOFE333yzevToobZt
28rb27tev8BbtWolSTVOcyopKbFP62hqnp6euvrqq/XQQw+pR48e9veWmZmpBQsWaOvWrZf8eZOX
l6fFixdrzZo19hJbLy8v3XTTTbr77rubtCoFAICWwhZyjB492r5iWElJiX7++WetW7fOPg24devW
6tixo6KjoxUUFCQ/Pz/5+fkpODhY0dHRGjBggEaNGmUPOYqKinTkyBGlpqY223sbNWqUw+egkpKS
Zq3SLSkpcfh65MiRTXLdC6tHbNOx0fiYolJPJpNJEydOVHJysoqLi9WhQwf7E80LE8pLKSgoqLYU
bO/eves8rlOnToqKirIfW1xcrOzsbHs5t6Qapyy0bdvW6R8kZrNZixcvdghO7r77bh09erRaqXxt
bKV0/fr1U1FRUZ1PZC9ugtScSXN9WK1W5eXlOVTPuFthYaF++OEHTZo0qclWVsnLy6uxIsjWLPRC
DzzwgF5++eVmuxFvDFarVbt377bfsNv+Hw0ePFgJCQn2UNI2beiHH36wrwIyYsQIPf744zKZTCov
L1diYqK+/vprmc1mpwLH6OhoFRUVVVtVxDauzz//XL/73e8a6626xGQyqW3btnrwwQe1YsUKbd++
XRaLRQUFBVq2bJnOnTunm2++2aH5aFZWlj7//HOHJeG8vb01ZcoUXXfddVRtAACuaP7+/urTp4+k
6tNVTCaTRo0apY4dO9Z5jt69eys3N1fnz59XXl6eMjIydPToUcXGxjbLyir9+vXTxIkTtWTJEklV
9y8ffPCBnn766SZdOdF23eLiYvu2SZMmOUyldpcLww2qN9yLgKMBwsPDNXHiRKWnp+uOO+6Qn5+f
08denBwGBwdfcpWJC5lMJoeAQ6q6yb3QjTfeqN27d9v7ONjmzTtr06ZNDo0/Bw8erP79+7sUblzM
mRUWLg40XG1Y2NzMZrNOnjxZrSGsO9l6YAwbNqzZ+5XMnz/fYQ1vX19frVixQmfPntWdd95Za7Pa
+++/X4sWLWqKYbosJydHlZWVMplM8vX11fTp09WvXz9JVb8oP/nkE+3du1dWq9UhtDCZTLr11lvt
gYiPj4+GDx+u4cOHKycnRx999JHS0tIuGXSYTCb16NFDmzZtuuQ+qampslgsTR4MVFZW2gO1oKAg
3XfffQoPD9fq1atVVlam0tJSrV27VufPn9fEiRPVunVrHT16VB988IG9asNkMikyMlIzZsxwqNqw
/V0bMexYu3atkpKS7KvfxMTEaMCAARozZkwzjwwAYBQBAQHq06ePSktLtWnTJp0+fdpeySHJ6ZCj
Z8+eSk1N1d69e1VWVqasrCydP39ekZGRTfE2qhk1apTS09PtK5rk5ORo7ty5euaZZ5psDHPnznWo
io2Pj3fLcrGSqvX7uNATTzwhSfYpyCkpKQ6fodEwBBwNFB8fX68Sq4uXQC0sLJTZbHYqVb1w6Uap
eiPGyMhI/fGPf9SBAwdUUVGhnj17On3zm5GRoWXLltm/DgkJ0YQJE5qkjOzi1VSa+4bdVUVFRdq1
a1ezXHf37t0uhVhNoaysTGVlZbrjjjvUu3dvmc1mnT59Wrt373bY77HHHlPPnj1bbMCxbt06SdLk
yZM1fPhwe8+J999/XwcOHKg1oLBNMblYRESEnnrqKZ05c0YvvfTSJXtWXH311frkk08uOTaLxaLc
3NwmbTQrVU2NCw0NVbdu3exBxOjRo9W2bVt988039mlTSUlJysnJUd++fbV582Z7uOHp6anevXtr
/PjxDuFGaWmpfvjhB/Xu3duhKq2lO3PmjD2wulBaWprS0tKUlJSkhx9+uNk+VAIAjCUgIEAREREO
Dz9dDTnatGmjmJgY7d27V1LV/UNzBhxSVbVEenq6/cY+PT1dCxcu1LRp09x+7YULFzr0NLvqqqsa
fZlYZ1C54X4EHA1U3xv/Vq1aycfHx76EamVlpU6ePFmtiejFzp8/X+1DdE03USEhIRo6dKhLY6qo
qNDnn3/ucLM1efJkl1dfqY+0tLRqPUlqWlqppbJarSooKNCRI0ea/Nq2Ko5bbrnFYcWJlmLjxo26
7bbblJ6erhUrVji8Nn/+/GYalfNSU1P1xhtv2D9kHD9+XG+++aYsFkut00yc6SURGRmpefPm6cMP
P9S+ffsczuft7a20tDSHMsqLWa1W7d+/v8nmjtqcOnVKy5cv1+23365rr71Wvr6+8vT0VFxcnAIC
ArRixQr9+uuvslgsOn78uI4fP24/1t/fX4MGDdLYsWMdqrTOnTuntWvXaseOHS71+2kJago3LpSW
lqaPPvpITz/9dBOOCgBgZHl5edWWg3Ul5PD29lZYWJiCg4OVl5envLw85eTkNOvn64CAAM2aNUvP
Pfec/fNNYmKiunXrpuuvv/6Sx6Wnp2vnzp32NgApKSn2oKBdu3aKj4+3N2etyY4dO5SYmGj/2t/f
315F0dSa67pXEuPVAF8mvL29q833Wrt2bZ3LUG7YsMEhgPDz82u0daPXr1/vsApGfHx8k8xJKy4u
1r/+9S+Hbf369TPUE9zS0lIdOnSo1pVTPDw8FBwcrIiICIWGhlar4rmQyWRSQECAwsPDFR4eXusU
H1u40lKXlPLx8dG8efMc3u+YMWMMEW5I0jPPPCN/f39ZrVZ9++23+t///V+nlivt3LmzUwGoyWTS
I488ounTpzvsf8MNN+gf//hHndc5dOiQc2+kEVmtVp0/f15fffWVVq9ebQ9qTSaTfT37vn37VusL
4+vrq4SEBN11110O4cbp06e1cOFCbdmyxa2rD7nD2rVraw03bNLS0rR27domGBEA4HJQVlZm74fn
6elp/51qCzk2bNhgbzx6Kd7e3vbPXxUVFfbf183JFnJc2Htj4cKF1Sq5papg4rnnntNrr72m9evX
Kzk5WcnJyfbV25KTk7Vhwwa9+uqrevbZZ+3TXy6UkpKihQsX2r+2hRtN2fvDhuqNpkHA0Yyuu+46
h6/37dunr7/+utqqKFJVKfqaNWu0fv16h+3XXnttrTfKzkpLS3OYJxYaGtokU1PMZrM+//zzajcI
Y8eOdet1G1tpaWmtAYOnp6diYmI0efJk/fa3v9W0adPUv39/eXt7V9vXZDIpODhYw4cP1yOPPKJH
HnlEI0aMqLUnSXl5eZ2/5Nzp2LFjmjVrVo2vnTt3TkeOHNEHH3wgqaph7Z133tmUw2swq9Wqv//9
71q1apXTqxHVVTp6scGDB2vGjBkymUz2oODi6Wg1uXg1p6ZUWlqqjRs3atGiRQ5zWiMjI3Xfffdp
9OjR9p9PUVFReuCBBzR06FD7NqvVqsOHD+uTTz5RcnJynQFvS5SUlOSWfQEAsAkKClKfPn3UoUMH
SY4hx4VVkkbRrl07TZw40WHbBx98YP8scfbsWb322mtauHChcnJynPrsdfbsWX366ad69dVXdfbs
WUn/bwnYC4+fNGlSrdUe7tKcVSNXGqaoNKOePXuqf//+2rdvn33bhg0blJycrGHDhikmJkYeHh7K
zs7W9u3ba0w2ayvnclZ5ebm++OILh8qQu+++2+1NPi0Wi77++utqH/rHjRtnXx7LKMrKyhzm9V0s
JCREEydOVI8ePSRV9ReJiopSQUGBDh8+7LCvr6+vrrnmGt1xxx32bW3btlWbNm20evXqGs/v4eHh
1M2wO1RUVOjNN990en8jLgP6j3/8QwcPHnTpmNqWfL6U3r176+GHH9batWv14YcfOvULvbn+3W3K
y8u1e/duZWVl6aGHHlJkZKRMJpOCgoKUkJCgqKgobdy4UdOnT3eoyqqsrNSOHTv073//23ArJl3I
1lC0sfcFAMDG29tbPXv2lK+vrzZu3Ki0tDT76iqScz05Wprrr79eGRkZ2rBhg6T/t8LJ3Xffrfff
f7/a9Bxnpaen67XXXtN///d/66uvvnKY6jty5EjFx8c3yvhdxbKwTYeAoxmZTCbde++9ysrKclhG
Mz09vdqUjZpce+216tq1a4PHsXbtWof0d8iQIYqLi2vweWtjtVq1bNkybdq0yWF7fHy8br75Zrde
u7FZLBYVFhYqPz+/xtc9PDwUGhpqDzdsAgMDNWjQIIeAw8PDQ2FhYRo4cKDDvj4+Pho0aJAGDRpU
4zUqKytr7dWA+tu4caMOHDjg8nE1Vec445prrtHixYudrmZoKVUPaWlpevvttzVlyhT7zw8vLy8N
Hjy4WqVZeXm5vv76a+3YsaNFlMsCANDSBQQEqFevXpJkDzmKi4vtIcfIkSPVqVOn5hyiyyZNmqSz
Z89q//79kqrugebNmyez2dyg8xYXF+udd95xeHgbFxenyZMnN+i89eXv719jv7QLHxC+/fbbLXa6
udEwRaWZtW7dWjNnzqx28+uM2267rcHXT01NdZiaEhYWpnHjxrl1aoqtl8HF89F79Oihe+65x3DL
Q1ZUVDgs23sxLy8vhYSEVNt+8bKiHh4eCg8P14gRI+psNnsxT09PBQUFuXQMnGNbs91V9alKsE2F
caUqo75BSmO5cEnXvLw8ffrpp1q3bp29l4bJZHIIN7KysrRw4UJt3brVHm44s3pUSxUTE+OWfQEA
uFhAQID69u2rkSNH2qer2EKOjRs3Vpuu4u/v77ASS0s0bdo0hykjDQ03bC4MN5prxRQbZ6o3CDca
j7HuJC9ToaGhevTRR6v9B7epqUojISGhwU04y8rK9Pnnnztsc/fUFKvVqlWrVum7775z2N69e3c9
/PDDLXIVkLpUVlYqNzf3kq/bApCSkpJajwsICNDQoUN14403um2sTSk8PLy5h9Cszpw54/IxCxYs
cHkqTE3hWVMKDw9XXFycPeQoLi7W8uXLtWTJEuXl5dn3s1qtOnnypD766CMlJSXZK098fHw0evTo
Zhl71qXU5AAAIABJREFUYxgwYIBb9gUAoCauhBzt27fXwIEDW/Qy5QEBAZo+fbrbHnZ4eXnpN7/5
TbM0FZUuXb1xoSeffLKJRnNlMO5js8uMl5eXrr/+esXHxysnJ0f5+fkymUwKDQ3V7t27dezYMfu+
0dHRuummmxp8ze+//96hb0S3bt0UFhZ2yV4SF5fpHzt2zF4K5+npqejo6FqvZ7Va9d133zlUjEhV
4cYjjzxS60ohLVllZaUKCwsv+bptxYmtW7dqyJAh8vb2lsVi0enTp+39R2yNRS9e2tdisbiUZJtM
piZ5ot+9e/cae8LY+Pr66uWXX9aMGTPcPhZ3M5lMTjcWvdCFKxLVxWq16s0333TpGJvmaJR1ocDA
QE2ZMkUdO3bUunXrVFRUJLPZrMTEROXn5yshIUHt2rXTrl27tHLlSp07d85+bMeOHTVu3DhFRERc
sr9MSzdmzBglJSXVuZJKhw4dNGbMmCYaFQDgcmYLOaTap6u0bt1agwYNktVqtS8v2xK1a9dOEyZM
qHfVbG0mTJjQaCtO1tfbb78tSerfv3+1sGPjxo3VHoKiYQg4WhiTyaTIyEh70nr8+HEtXbrUYZ8p
U6bIz8+v1vPk5+fr559/Vnl5ua6++mq1bdvW4fWzZ89Wu6E4evSoXn31VafHunPnTu3cuVNS1ZKY
f/jDHy65r9Vq1erVq/Xtt986bDd6uOGswsJCrVmzRoWFhYqJiVFRUZG2b99ubzro4+Ojzp07O1Sw
mM1mnTp1SpmZmdVusC+eQmR73c/PT926dVOrVq3c9l5mzZplX0P9/ffft8+btHnwwQcv2SvEiKKi
ohx65Djr5MmTslqtdU73Kikp0dNPP13j6knOsH3AaU7+/v66+eab1aZNGy1dulQ5OTmyWCw6cOCA
cnJy1KNHD+3cudP+C9zT01O9evXShAkTFB0d7RB6GNHDDz+sjz766JIhR4cOHfTwww838agAAJcz
Z0OO4OBgXXfddQoJCWm2KgZnjBo1SpmZmdq2bVujnXPIkCEaNWpUo52vPkpKSuzTT9LT06sFHBff
G6HhCDhasOLiYod1m6WqvhvdunWr9bicnBy9/fbbOn/+vKSqOfozZsxw6PPRlI39rFarvv/+e61Y
scJh+5USbtgUFRVV6zti4+PjU23KUW5urhYsWODSzXVAQIBGjhyphISEBo21NnPnztX8+fOVk5NT
LdyYM2fOZddnYODAgdW+d52Rm5tba8BRWVmpr776Slu2bKlXhYhUFXT17NmzXsc2NpPJpP79+ys8
PFzffPONfZ36zMxMZWVlOUxJGT58uEaNGqXg4OBmHnXjiIyM1NNPP621a9cqKSnJHlzGxMRowIAB
VG4AANzClZCjT58+Dn0pWqL7779fKSkpys7ObvC5IiMjdf/99zfCqNyH6g33IOBooaxWq5YuXepw
c9uhQwenVhjZvHmzPdyQqnpALF26VE899ZRbxlobq9WqNWvWaPny5Q7bY2Njr6hwoz4qKipcrhww
m832NcTdxWQyaebMmQ7NYMPCwvTiiy/K09PTrdduDjfeeKO+/fZbl0MI2839xcGV2WzWihUrtHHj
RlVWVtY73JCqpgK1pKcxJpNJHTp00NSpU7Vq1Srt2bNHFRUV9nCjVatWuv322xUfH+/QePRyMWbM
GMIMAECTqi3k8PPzk7+/v6Kiolp8s1Gb559/XrNmzap3ZatU9XD3hRdecOuiCY2B6g33IOBooZKS
krR161aHbVOmTHGqCWdNDS+zs7Mdnib7+/u73Mdj/fr11bbZzlHTlAhbuLFs2TKH7d26dbuswg2T
yVTrD1APDw8FBATIw8NDxcXFjdYdurnYVn+5cHnS22+//bIMN6Sq720/Pz+XE3ar1aovv/xSjz/+
uEpKSrRnzx6tW7euUadjDBo0qEX+8g4PD9e0adMUFham1atXq7KyUiEhIZo5c+ZlV+EDAEBzuzDk
2LRpk06cOKHi4mL99NNP8vPz09ChQ5u9D4WzTCaTnnvuOT3//PMOnzWd5eHhoWeffbZFfj66ENUb
7kPA0QJlZ2friy++cNg2btw4dezY0anju3XrZm9eadO/f3+H/+ghISGaOHGiS+OyWCzauHGj/ev7
7ruv1hU/1q5dWy3csFVuuLNHRFPz9PRUWFiYWrdurYKCgmpP5H19fdW/f39FREToyJEjOnv2rMrK
ylRRUSGz2dyghBruZzKZdOutt2rp0qUuV1scPXpUTz31lEpKShpUqXGpcU2YMKFRz9nYbr31VrVv
3167du3S7bffXq0XEAAAqJKfn68ff/xRJ0+elCSdPn1axcXFkqSCggJt2bJFhw8frvUcRUVFDo3v
8/LytGfPHnl4eOiGG24wTMgRHh6uBx98UB9//LHLn58eeOABQ7xPqjfch4CjhTGbzfriiy/sP9Ck
qmViXam2GDJkiE6dOqUtW7ZIknr16qVx48Y1+lhrU1hYWK05qlS1NO3FfUVqc//997t12drG4O/v
r6FDhyokJESrV6/WuXPnVFpaan/d9vT+2muv1bhx4xQYGKjjx48rPT1dZ8+eVWZmpvz9/VvUVAOj
6tWrl1vOO3r06Bq/n+titVo1ePBgbd68udEDjujo6BZfburp6am4uDjFxcU191AAAGjRSkpK9Msv
v1TrbyZJpaWlSklJsTerdMX58+e1a9cumUwmDRkyxBA3/1LV0upHjhxxqenoLbfcooEDB7pxVI2D
6g33IuBoYTZs2KAjR47Yv/b09NS9997r0tKf3t7emjJlihISEmQ2mxUaGtpiyrTqWkrxYi29GZKN
r6+vBgwYoE6dOmn9+vU6ePCgCgsL7UFHaWmpkpKSZDKZdP/99ysyMvKyWmmkpRg2bJhbzmsymXTX
XXfp3//+t8vHbt68WY899pjmzZvXaCGHyWTS7NmzG+Vcztq2bZs9ULE9XXKXvXv32n9W5Ofn27d7
e3s79H4BAOBy4c7P6ufPn9fOnTtltVoNVclx//33Kzs726lgJzY2VuPHj2+CUTUc1RvuRcDRgpSX
l1dLbcePH1+tSaGzWnrlw+XGZDIpIiJCkyZN0tChQ+2lhMXFxSovL1dERES1paGM5q9//WuzNKt1
ljsrBUaNGqWVK1c6VOc4w2Kx6Ntvv9WkSZO0ZMmSBoccJpNJI0aMcHvPE39/f3l7e6uiokJWq7Ve
K8nUV039fqSqJXvrWiIbAAAj8vHxUceOHevVd+JSKisrlZOTo+zsbMNWcjzxxBN64YUXal1ZJTIy
UrNmzWrCUdUf1RvuR8DRgvj4+GjWrFlas2aNVq5cqdjYWI0YMaK5hwUXeXp6KiYmRnfffbfy8vK0
f/9+/frrr4qNjTV8g8WgoCBFRUUpKyuruYdSjTuXxpWqgoUXX3xRTz/9tMshxa+//qpRo0Zp+vTp
+vTTTxsUcoSEhGjSpEn1Pt5ZMTExiomJUVpaWqNPr6kPLy8vDRo0SEFBQc09FAAAGl1gYKAGDBjQ
qNNtLRaLTp48qe3bt+vEiROGreR47LHH9NJLL9XYt87b21uPPfZYi6lWrwvVG+5HwOEGU6dO1dSp
U+t1rLe3txISEtSzZ0/5+/vLy6vl/BNNnjxZkydPdmrfVq1aaf78+W4eUctmMpkUEhKi4cOHa/jw
4S4f7+HhIX9/f5dSXtsx7vT888/rqaeeUkFBgVuv44p77rmnXn/HrgoKCtIjjzyi//u//3Pppt9q
teqjjz7Sq6++qpdeeknPPfdcvUIDT09PzZkzp0l+iQcFBenBBx/U+vXrtXfvXhUVFTVb0BEeHq4R
I0bo+uuvZ4oKAOCy5O3trcjISKf2TU9PV2pqarUbfj8/P3Xq1MnhgVpkZKR8fHzsq6sYsZIjPDxc
jz/+uN56661qn0Uef/xxQ7wHSVRuNJGWc/cMB126dGnuIaCZBQYGaujQoTpw4IAsFosKCgpUXFxs
X3a2pifZQUFBTdLb469//asef/xx+5K3zfmEf8KECU0Sbtj0799fY8eO1apVq1x63xaLRbNnz9a8
efP07rvv6vXXX3epOsLDw0MvvfRSkzUWNZlMatOmjaZMmaIpU6a49VphYWFXfCAKAICzzpw5o127
duns2bMO2yMjIxUYGOgQcAQGBqpPnz6S5BByGK2So2vXrnrooYccVlZ56KGH1LVr12YeGVoaAg6g
hWrVqpUmTJigCRMmqLCwUCtXrtSWLVsUHh6uYcOGubSyjjvMmzdP27dv12effaaFCxcqNzdXt912
m9uv+8YbbygjI8M+huaockpISJCHh4e+/fZblys5/ud//kevvPKKnnrqKZ06dUoffvihsrKyaj2P
l5eXXnzxRYWEhDTG8AEAgIFFR0crOjpaGRkZ9t5gfn5+atOmjaKioqrtf6mQY9++fWrTpo0hAg7J
cWWVIUOGaMCAAc09JLeKjY1t7iEYkuezzz77QnMPAkDtysvLdezYMZWWluqmm25qMb1Z2rdvrwED
Bmjz5s1KTk7W8ePHdd1119lfX7lyZbVjrrvuuhpLMGva12QyaezYsZKk4uJizZkzR1lZWbr66qs1
Z84cl1YXamyxsbHq3r27du3a5XLIsWnTJnXu3FldunTR8OHDNXjwYJWVldmDmwunoAQHB+vPf/6z
fdrX+fPnFRgYqBMnTqhNmzaN/r4AAEDLFhAQoLCwMAUEBCgwMFBt27ZVv379NHjwYLVt27bGqaw+
Pj4KDQ1VQECAcnNzVVpaqk6dOikuLk6hoaHN8C7qJy4uTmazWXfffXeL7LtRn6V8L+U//uM/FB4e
3mjnu1KYysvLm797HIBaFRUVKSkpSVFRUerRo0dzD6dGr732mn350Lfeekt+fn6aMWNGtf1mzpxZ
YwOtmvb18PDQu+++q8zMTL388suSpJ49e+qxxx5r5NHXX1lZmV5++WWdO3fOpeNMJpN69eqlRx99
1L7NarWqtLRUGRkZSkxMlK+vryZPnmz/Bb5s2TJ5eXmpVatWys/P1x133NGo7wUAABhHQUGB8vLy
JFU9EHGmEXdRUZEOHTqk06dPq2fPnurSpQv9rRpRSkqKkpOTG3wedzfPv5wRcAAGYLVaVV5eLl9f
3+YeSq2WLVum77//XlJV6rxgwYJq+7gacHTr1k3JyckymUz605/+1CJXorFarUpPT9dbb72l8vJy
lyo6TCaTHnjggSbpnQIAAFBSUqKKigq1atWKcAOXHQIOAI3KYrFo5syZl3zdlYDjQkZpQnny5El9
8cUXSktLk8VicSrs8PDwkK+vrx577DF16tSpCUYJAAAAXH5oMgqgUXl4eGj+/Pl644039Ouvvzb4
fOPHj9ctt9zSCCNrGu3bt9cf/vAHWSwWnTt3Tvv377eXghYWFqqiokK+vr4KCQlRu3btFBcXp169
eikgIKBFziUFAAAAjIIKDgBu8/XXX2vdunUO21yp4Pjd736nbt26uW18AAAAAC4fTLoC4DZ33XWX
XnzxRZeXcrWtGEK4AQAAAMBZBBwA3CoyMlLvvPOOfUnXRYsWVdtn165d9j+PHj1ar7/+epONDwAA
AMDlgSkqAJrM5s2btXjxYplMJs2cOVM9e/bUxx9/rD179kiqWmo2ODi4mUcJAAAAwIgIOAA0qW3b
tlWr4mjfvr1mz57dTCMCAAAAcDkg4ADQ5CoqKvTkk0/KbDara9euevLJJ5t7SAAAAAAMjoADAAAA
AAAYHk1GAQAAAACA4RFwAAAAAAAAwyPgAAAAAAAAhkfAAQAAAAAADI+AAwAAAAAAGB4BBwAAAAAA
MDwCDgAAAAAAYHgEHAAAAAAAwPAIOAAAAAAAgOERcAAAAAAAAMMj4AAAAAAAAIZHwAEAAAAAAAyP
gAMAAAAAABgeAQcAAAAAADA8Ag4AAAAAAGB4BBwAAAAAAMDwCDgAAAAAAIDhEXAAAAAAAADDI+AA
AAAAAACGR8ABAAAAAAAMj4ADAAAAAAAYHgEHAAAAAAAwPAIOAAAAAABgeAQcAAAAAADA8Ag4AAAA
AACA4RFwAAAAAAAAwyPgAAAAAAAAhkfAAQAAAAAADI+AAwAAAAAAGB4BBwAAAAAAMDwCDgAAAAAA
YHgEHAAAAAAAwPAIOAAAAAAAgOERcAAAAAAAAMMj4AAAAAAAAIZHwAEAAAAAAAyPgAMAAAAAABge
AQcAAAAAADA8Ag4AAAAAAGB4BBwAAAAAAMDwCDgAAAAAAIDhEXAAAAAAAADDI+AAAAAAAACGR8AB
AAAAAAAMj4ADAAAAAAAYHgEHAAAAAAAwPAIOAAAAAABgeAQcAAAAAADA8Ag4AAAAAACA4RFwAAAA
AAAAwyPgAAAAAAAAhkfAAQAAAAAADI+AAwAAAAAAGB4BBwAAAAAAMDwCDgAAAAAAYHgEHAAAAAAA
wPAIOAAAAAAAgOERcAAAAAAAAMMj4AAAAAAAAIZHwAEAAAAAAAyPgAMAAAAAABgeAQcAAAAAADA8
Ag4AAAAAAGB4BBwAAAAAAMDwCDgAAAAAAIDhEXAAAAAAAADDI+AAAAAAAACGR8ABAAAAAAAMj4AD
AAAAAAAYHgEHAAAAAAAwPAIOAAAAAABgeAQcAAAAAADA8Ag4AAAAAACA4RFwAAAAAAAAwyPgAAAA
AAAAhkfAAQAAAAAADI+AAwAAAAAAGB4BBwAAAAAAMDwCDgAAAAAAYHgEHAAAAAAAwPAIOAAAAAAA
gOERcAAAAAAAAMMj4AAAAAAAAIZHwAEAAAAAAAyPgAMAAAAAABgeAQcAAAAAADA8Ag4AAAAAAGB4
BBwAAAAAAMDwCDgAAAAAAIDhEXAAAAAAAADDI+AAAAAAAACGR8ABAAAAAAAMj4ADAAAAAAAYHgEH
AAAAAAAwPAIOAAAAAABgeAQcAAAAAADA8Ag4AAAAAACA4RFwAAAAAAAAwyPgAAAAAAAAhkfAAQAA
AAAADI+AAwAAAAAAGB4BBwAAAAAAMDwCDgAAAAAAYHgEHAAAAAAAwPAIOAAAAAAAgOERcAAAAAAA
AMMj4AAAAAAAAIZHwAEAAAAAAAyPgAMAAAAAABgeAQcAAAAAADA8Ag4AAAAAAGB4BBwAAAAAAMDw
CDgAAAAAAIDhEXAAAAAAAADDI+AAAAAAAACGR8ABAAAAAAAMj4ADAAAAAAAYHgEHAAAAAAAwPAIO
AAAAAABgeAQcAAAAAADA8Ag4AAAAAACA4RFwAAAAAAAAwyPgAAAAAAAAhkfAAQAAAAAADI+AAwAA
AAAAGB4BBwAAAAAAMDwCDgAAAAAAYHgEHAAAAAAAwPAIOAAAAAAAgOERcAAAAAAAAMMj4AAAAAAA
AIZHwAEAAAAAAAyPgAMAAAAAABgeAQcAAAAAADA8Ag4AAAAAAGB4BBwAAAAAAMDwCDgAAAAAAIDh
EXAAAAAAAADDI+AAAAAAAACGR8ABAAAAAAAMj4ADAAAAAAAYHgEHAAAAAAAwPAIOAAAAAABgeAQc
AAAAAADA8Ag4AAAAAACA4RFwAAAAAAAAwyPgAAAAAAAAhkfAAQAAAAAADI+AAwAAAAAAGB4BBwAA
AAAAMDwCDgAAAAAAYHgEHAAAAAAAwPAIOAAAAAAAgOERcAAAAAAAAMMj4AAAAAAAAIZHwAEAAAAA
AAyPgAMAAAAAABgeAQcAAAAAADA8Ag4AAAAAAGB4BBwAAAAAAMDwCDgAAAAAAIDhEXAAAAAAAADD
I+AAAAAAAACGR8ABAAAAAAAMj4ADAAAAAAAYHgEHAAAAAAAwPAIOAAAAAABgeAQcAAAAAADA8Ag4
AAAAAACA4RFwAAAAAAAAwyPgAAAAAAAAhkfAAQAAAAAADI+AAwAAAAAAGB4BBwAAAAAAMDwCDgAA
AAAAYHgEHAAAAAAAwPAIOAAAAAAAgOERcAAAAAAAAMMj4AAAAAAAAIZHwAEAAAAAAAyPgAMAAAAA
ABgeAQcAAAAAADA8Ag4AAAAAAGB4BBwAAAAAAMDwCDgAAAAAAIDhEXAAAAAAAADDI+AAAAAAAACG
R8ABAAAAAAAMj4ADAAAAAAAYHgEHAAAAAAAwPAIOAAAAAABgeAQcAAAAAADA8Ag4AAAAAACA4RFw
AAAAAAAAwyPgAAAAAAAAhkfAAQAAAAAADI+AAwAAAAAAGB4BBwAAAAAAMDwCDgAAAAAAYHgEHAAA
AAAAwPAIOAAAAAAAgOERcAAAAAAAAMMj4AAAAAAAAIZHwAEAAAAAAAyPgAMAAAAAABgeAQcAAAAA
ADA8Ag4AAAAAAGB4BBwAAAAAAMDwCDgAAAAAAIDhEXAAAAAAAADDI+AAAAAAAACGR8ABAAAAAAAM
j4ADAAAAAAAYHgEHAAAAAAAwPAIOAAAAAABgeAQcAAAAAADA8Ag4AAAAAACA4RFwAAAAAAAAwyPg
AAAAAAAAhkfAAQAAAAAADI+AAwAAAAAAGB4BBwAAAAAAMDwCDgAAAAAAYHgEHAAAoNEUlZQ29xAA
AMAVyqu5BwAAAIxn/fadWrd9pzKysiVJe376udo+Qa0C1aNLZ0nS1V07a3BcH900ZHCTjhMAAFw5
TOXl5dbmHgQAAGj5bKHGhsSdKigsqtc5gloFatT1gzX9zjvUs2vnRh4hAAC4khFwAACAS8ovLNKC
b5brs6Xf1jvUuJToqDZ69/nZBB0AAKBREHAAAIAafbN2g95d+IUy//9pKO7y1H8/rP+48w63XgMA
AFz+CDgAAICDnfsP6L3PFtfYV8NdBsb10bvPz1brVoFNdk0AAHB5IeAAAAB2f1v4uf7+2eJmuXb3
rp21dP7bzXJtAABgfCwTCwAAlF9YpNlvzGu2cEOSko+l6tW/f9hs1wcAAMZGwAEAwBUuv7BI0/84
R8vWbmjuoeizpd9q5/4DzT0MAABgQExRAQDgCnb4WKpmvvhagxuJDozrLUm6uktnpWdlq7CoasWV
I8eO2//srKBWgVq74AP6cQAAAJcQcAAAcIU6fCxVD/xxTr2Wf23bJlKjhwzWf9w1TldFtal13537
D2j99p1aunaj02HH1Am365nf/qfL4wIAAFcuAg4AAK5A9Q03Bsb11qNT79Xgfn1dvmZ+YZGefuMd
bUrcVee+Qa0CtfPfi1y+BgAAuHLRgwMAgCtMfmGRZr85z6Vwo1VgoP785GP69H9fqVe4IUmtWwVq
/gvPaOqE2+vct6CwSF+vWV+v6wAAgCsTAQcAAFcQW0PR5GOpTh8zbvRIrfv0A911802NMoZnfvuf
6t6lU537HXFhjAAAAAQcAABcQWa/8Y5L4caMqffqL3/4n0Zv+Dn7vx+uc59dBw426jUBAMDljYAD
AIArxLrtO7XRif4XNn9+8jHNnHavW8YyuF9ftW0TWes+ycdSlV+PBqgAAODKRMABAMAVIL+wSH96
c55T+7YKDNS/57/daFNSLuW6uD517nP42K9uHQMAALh8EHAAAHAFmP3GO043FX3194+rZ9fObh6R
dLUT1ygoKnb7OAAAwOWBgAMAgMucK1NT/vzkYxo9ZLCbR1TFmRCFRqMAAMBZBBwAAFzm3v3sC6f2
++NvHnL7tBQAAAB38WruAQAAAPc5fCzVqVVTBsb11gN3jav3dQpLTupYxpcqKsvSkN6vO3VMz65d
6n09AACAixFwAABwGVvw9fI692kVGKjXfv8/9Tr/8cxlSsteq6LSbPu2X08tUZeYSXUe68zSs7t+
OiCpfiu5nM3fr3P5Pyu/KFVmS4nCgnqpdWAXtQ7sIn+fqHqdEwAAtFwEHAAAXKbyC4u0fN3GOveb
MfUeXRXVxunz5hYcUfrZ9co4s00Wi7na67+c/FLhwf0UHBjr0ngby9n8/Tqa8aXO5ac4bLd97eXl
r9iYO9UpekJzDA8AALgJAQcAAJepb9ZuqHOfVoGBLvXdOJn9vX5O/ajO/bb//Ce1jxqm9pG3NGnQ
kXFmrX769f9q3cdsLtHhtH8pK3e3ro2dLW+vVk00OgAA4E6m8vJya3MPAgAANI6d+w9o6dqNWuZE
uCFJM6beq5nTXJsCknjoaeUW/Or0/u2jhim0VW+FBvVQgG+MS9dyRda5RP2Y8rZLx7QJidOAHnPc
NCIAANCUqOAAAOAysHP/Ab332WLt+elnl44bFNfb5Wt1bHObcgvec3r/k1k/6GTWD5IkX58QhQR2
VuvAzvL1DpGPV7B8vIPl6xMib8/WDaqmOHTiE5ePyc79SVnnEhUVdn29rwsAAFoGKjgAADCw/MIi
zXzxNZeDDZtD3y+t13F7fnlRZ3IP1uvYpuTl5aerIm6Ut2crnS04qPMX9eWo2sdfYwYsaIbRAQCA
xkQFBwAABrVz/wE9/tJfVFBYVK/jA/z86n3tDm1u1bmCFFVWltf7HO7m491KQ/q8Zl8xJVbSoRMf
6MTpdQ77mc0lKinPYmUVAAAMzqO5BwAAAFz3t4Wf68E/PlvvcEOSKq31L+JsEzpY8b1eVOvADvU+
R6MyVd90VcTQaqFFr47/JS+v6sFOfqHzPUUAAEDLRMABAIDBzH5jnv7+2eK6d6wjvygrK1P2ufP1
HkfrgK4a3PNFxUS0gP4VNbxXX++QGncNCmhfbVt+cWpjjwgAADQxAg4AAAxk9hvznF4hpaaqhotl
ZGU1aDxenoHq1/UJdbtqvHy8Axt0rgap4b0Wl52ucdeS0jPVtrUO6NzYIwIAAE2MgAMAAIP459fL
nQ83nJSZXf1mvz5i292v63v/RZ2jb5Onp0+jnNMlNVRwpOdsU0m5Y4Cz/9jbKi3Prbavl1eAu0aG
/4+9Ow+PsrrfP34HkpA9AbIQEiAkgIQtKpSAoqgsgluFFm0VqLSAgiiiYAsCFgEBF1QEEXcRl7YW
bLWiglgFZREKYTGyxLAFSEhCMlnJQn5/8IMvYZ7JzCSTWZL367q8as45zzkfKAhz5zznAADgJBwy
CgCAB1j91dd6ZsVbdj3j16yZSs+erXHM8ZN128FxqYBmUercdozaRA5Q+qn/6FjmNw6buzbOVZYG
cJ0iAAAgAElEQVRp057HFRl2lQKaRSjrzHaZijPMxvn5hqllSJILKgQAAI7ENbEAALi5jMwsDZ84
xeYDRYMCAzV62O3qnBCnh+csrHHsVV0T9f7iBY4o00xpWY5MRWnKL0qTqShNpuKjhrsnXK1H/DjF
RAxydRkAAKCO2MEBAICbm/7cEpvDjU7xcVowdbISE9qrxMruDUnauS9Vh44eU4e25gdv1pWfb0v5
+bZUZPPeF9tKy3NUWHRE5eeKVF5mUlllgcorClVWUajy8gJVVpXWer2KyrMyFR2165nIsB6EGwAA
NBAEHAAAuLF3Vv9b23fvtWnsHQNv1IwJYxUSdP6wT/9mzdS355XavGNXjc+t/XaTHhr1+zrXags/
n5byC2tZb/NnnF6nn46+p4oK60FJcEBr9Uh4pN5qAQAAzkXAAQCAmzIVFmn5+zZcByvphr69tXDa
ZLP263pdbTXg+GrjD04LOC5VXlGhtd9usjrujgE32DxnTMQgBQfG66cjb+mM6aDhGG9vP3VsPUxx
0cNsnhcAALg/Ag4AANzU+h+22PRqSqf4OC2cah5uSFKv7l2tPp925Jgmz3tGL8183O4a6+ovz7xY
Y/+1va62K+CQpJCABPVJnC9TcZoyc7cqp2CfJMnfN1zhId0U2byvfLyDal0zAABwTwQcAAC4qWWr
rO/eCAoM1LK/zrj4WsrlunVMUPs2sUo/drzGedZt/MFlIUd9CQlIUEhAgjq6uhAAAOAUTVxdAAAA
MLf+h606mZllddzEkXcrJiqyxjHDBt9k05rrNv6gCbPn68uNP9g0HgAAwJ2wgwMAADe0/vstVsd0
io/TfcPvsDpu7F3D9d2P/7PpsNJvt/6ob7f+qKu6JerOgTeqV/euah8bY1PNAAAArkTAAQCAG/px
zz6rY0YPu93m+f40YpjNt7FI0s69qdq5N1WSFBYaorjYGHWKa6foiHAFBvjL36+Z/P2aya9Zs/O3
tVyVZPPcAAAA9YGAAwAAN5ORmWX19ZRWkREaPniAzXP2791Tv7t9qD76dK3d9eTlm7Qr36Rd+1IN
+yeMvJuAAwAAuBxncAAA4Ga2puyxOqZ3j252zzvu7t+oU3xcbUoCAABwewQcAAC4mROZp62O6Z1k
f8ARHRGuNxb8Vdf17lmbsgAAANwaAQcAAG7GVFhodYy1m1MsCQ8L04q5szR8yKBaPQ8AAOCuOIMD
AAA38/Mv6VbHJCd1r9Ma86Y8qJZhoXp39b9VVlZWp7kao5KyTBWXZirXtEc+TQMVHBivliE9XF0W
AACNGgEHAACN1JQxI/Wbmwfo0w3fae23m/TL0WOuLsntlZRl6sCxD3Ui+wfD/siwHuqR8Ih8vIOc
XBkAAOAVFQAA3Mjqr77W9t3Wr4h1lLato/XgyLv1rxUvadGfp+j65F4KCQ522vqexFScpk17HrcY
bkhSVt5u/TflQeWYUpxYGQAAkNjBAQCA21j91dea+fzLLlm7aZMmuv2m/rr9pv6qPHdOu/cf0N79
h7TnwCHtPXBQh49luKQud5FjStG21Pk2ja2oKNH/Di5Wv+7PyN83qp4rAwAAFxBwAADgBlwZblyu
aZMmuiqxs65K7HyxraKyUnkFBTIVFCm/sEB5+QUqKCpSnqlA+TYciurpUo+8bdf4iooS7U5bouRE
20IRAABQdwQcAAC4WGpauhateMvm8Z3i4+qxGmPeTZsqPCxM4WFhNj+TY9qtXNMemYrSZSo+qgC/
iGr956qqNOGPXjXOERp8UFtTn6hVzY5SVp6vwpIss3Zvbz/FhPdTeUWRsvJ2qqKitFp/rumgDp9c
o7joYc4qFQCARo2AAwAAFzIVFmnSnAUqKCyy+Zk7B91UjxXVnak4TXvSlspUXP21ltKyPLOxHeJ8
rMx2Vrmmgw6szjGCA1orOXHexcNEyysKtTV1pgqKT1QbV1x22hXlAQDQKHHIKAAALrRyzac6mWm+
O8CSiSN/p/uG31GPFdVeeUWhfjryur7fM90s3PBoBptMOsbcXe2mFB/vIHWMudtsnKn4SH1WBgAA
LsEODgAAXCQ1LV2vrPrIprFBgYF6eurDGnhNsmH/1l179OBfn1bH9u3Uvk2MoiPC9ZubB6p1ZITh
eEcrryjUttRZDSvYuKDKvCmqRV+ztpCgeLO2M264+wQAgIaKgAMAABd5d/W/bRrXKT5OC6ZOVmJC
+xrHFZeUKOWnn5Xy08+SpOWr/qZB112jm/r8Sr8eeGOd67WkQYcbFmTmbjYLOUyFv5iNax7S0Vkl
AQDQ6PGKCgAALpCRmaV/r//G6rigwEAt++sMq+GGJes2/qDpz76k+/48W0dPnKzVHDVpjOGGJP10
5G2VlGVe/LqkLFOHMv5uNs6nib8zywIAoFFjBwcAAC5g6+6Np6c+rJioyDqvt23Xbg0ZM0HTJ4zV
qDtvq/N8F+dthOGGdP7A1P/ufEgt/v8ODVPxcVVUlJiNi4u+3dmlAQDQaBFwAADgZKbCIv3Lht0b
N/TtbfHMjdpasPwNtYtpret/dXWd50pJe7FRhhuXqumGl+CA1moZkuTEagAAaNwIOAAAcLKVaz61
6VrYJyaMrZf1H5j5lN5/caGuSuxc6zlS0l7UiewfbB4fHNBa3t6BtV7P1aqqypVXeFSqOmfTeG9v
P/VIeKieqwIAAJci4AAAwMnWrNtgdcwdA290yKspljzx/Mta+dx8hYeF2f1sxul1doUbPeLHKSZi
kN3ruBtTcZp27F+k0rK8Gsd5e/spOfFJhQQkOKkyAAAgccgoAABOlZqWrpOZWVbH/WH4HfVax+Fj
Gfpsw3d2P5dxep12//K6zeMbSrghSSEBCerXfbFah/eVt7efWb+3t586xNypG5JeIdwAAMAF2MEB
AIATbU3ZY3VMrx5da3VrSoe4tjp8/IQqKipsGv+fbzbqPjuClJ+OvK4jp9bZPL4hhRsX+HgHKSlh
iiQpx5SigqJf5OMdJL9mkZy3AQCAixFwAADgRNt277U6ZvQw+3dvJF/ZXf9esUSnz+TpWMZJPbnk
FaUdOVbjM/sOHNRXmzZrcL++NY4zFadpT9pSuw4UbddqYIMLNy7XMiSJUAMAADdCwAEAgBPt2LPP
6pjePbrVev6I5mGKaB6mF2Y+rinznrEacny7fb1hwGEqTlNm7hZlndlu900prcP7qku78VbHlVdU
qKCo2Oq4FqEhdq0PAAAaJwIOAACcJDUt3ertKZ3i4xQSVPfbRjq0baM/DL9Ds19YVuO4n3/5UWu3
3iU/3zAF+EVIkkzFx1VRUVKrdYMDWl98hcMW/e4aXWP/tb2u1uvzZ9eqFgAA0LgQcAAA4CS2nL9R
l90bl+t7lfXXJ3LPnP/f0rI8q7eDWBMc0FrJifPqNAcAAEBtcYsKAABO8nNautUxvZO6O2y9mKhI
dYhrV+OY3DNeDlnL29tPPa+YLh/vIIfMBwAAYC92cAAA4CQnsqxfD+vIHRySZCosrLE/JKSqzmtc
2LlBuAEAAFyJHRwAADjJ/l8O19gfFBjokPM3LsjIzFJWdk6NY2Ja1S3gINwAAADugh0cAAA4ibUD
RjsnxDl0vbXffW91TFRk7eb29vZTx9bDFBc9rHYTAAAAOBgBBwAADdTiN961OiYqvKnd87YO76tO
be6Rv29UbcoCAACoFwQcAAA4QVl5udUxrSNruZ3iMrn5Jt0/8ymr43x9q9SujW1/FfDzDVNsxA2K
a3WHx72OkmNKUeaZbSooPqyKimJ5ewfIzzdCrVokK6p5X1eXBwAAHISAAwAAJygrr7A6JrZV3XdE
vPzeh1q+6m82jb0+OUFXde4sU/ERlZSevnhNrJ9vmPz9IhQS0E6hAe3VIrSHR+7WMBWnKfXIW8o1
HTToPagT2T/Iz/dt9bzizwoJSHB6fQAAwLEIOAAAcBPWbjyxxR+G32FzwPG7W0arS7sr67ymOzIV
p2lr6lOqqCipcVxpWZ6+3zNdPeLHKSZikJOqAwAA9YFbVAAAcIKgAH+rY37+Jb3O64QEBqpLpw5W
x/Xs3lXXXN0ww42Sskybwo1L7f7ldZmK0+qxKgAAUN/YwQEAQAMzZvivNW3h8zWOuefXtzipmrrJ
LzqgbT/PtuuZwpIMu8KNC1KPvKXkxPl2PwcAANwDAQcAAA3M0P7X1hhwPD9zmoZed60TK6q98nKT
cvJ/rvM83t5+ignvp5bB3ZVTsEcZ2ZtUUVFabUyu6aAyczcrqgUHjwIA4Il4RQUAACfp1aNrjf3b
d+9zyDpNmjTRrTf1N+zzpHDDkZITn1SXduMV1aKvurQbr+TEJ+Xt7Wc2LqdgjwuqAwAAjkDAAQCA
G1n/w1aHzHPLDf2qfd02pnWjDTciw3qY3ZISEpCgmPB+ZmNNxUecVRYAAHAwAg4AAJykc3x7q2O2
pThmB8GNyb9SaEiIJGnU8Dv04YsLG2W4IUkhgfGG7T5Ng5xcCQAAqE8EHAAAOMmAa5Ktjtm2xzGv
qUjnz+J4/8WFmn7/H9X8/4cdjVHWmR8N24vPZpq1+TSxftsNAABwTwQcAAA4SXJSdwUFBtY45kBa
urY6aBfH7En366rEzg6Zy5OZijN08Pj71doyTq/TiezNZmMt7fYAAADuj1tUAABwol49uuq/m7fV
OGbG8y/r65WvOamiBshLUlX1pkMZ/9Lx09+qRUgXFRYfkak4w/DR2MgB9V8fAACoF+zgAADAiQba
8JrKycwsrf7qaydU00BVGTeXluXpRPYPFsON1uF95e8bVY+FAQCA+sQODgAAnGjgNX208NW3VFhU
VOO4RSveUmJCvBITrB9M2pCFh/XU0OTZdj+3ac8UFRSfsHl8cEBrdWk3zu51AACA+2AHBwAAThQS
FKjRw263Oq6gsEjTn18iU2HNQUjD51Wrf5IT56l5SEebVvDzDVPPK6bLx5tbVQAA8GQEHAAAONno
YberVWSE1XEH0tI1ac4CJ1TU8Ph4B6lP4nx1iLlT3t5+Fsd1iLlT/bov5tUUAAAaAF5RAQDAyUKC
AjVp1O808/mXrY7dvnuvlr73kSaN+p0TKmt4Osbeo46x9ygzd7NMxekX2wOaRSiyeV92bQAA0IAQ
cAAA4ALDBw/Q0vc+0qms01bHvvfJp24bcFRUViqvoECmgiLlFxYoL79A+QWFys7L09gRw1xd3kVR
LfoqqkVfV5cBAADqEQEHAAAusuyvM/SHaTOtHjhaUFik1LR0tzlw9FxVlTZs3qaPv1in77ZutzjO
nQIOAADQ8BFwAADgIokJ7fXyk3/RmMdnWR0bExXphIpqti1lj77Zul2frNugfFOBq8sBAACohoAD
AAAXSk7qruCgQBXUcFtKUGCgQoICnVhVdRu2bNOrH/xDe/cfdFkNAAAA1hBwAADgYjWFG5LUOSHO
rvm27tpjdUzyld1tmuvFd97Xax/+w671AQAAXIGAAwCABubhuQtrDE0S2rXRp6/VfIPLztSf9dI7
H2jbrt2OLg8AAKBeNHF1AQAAoGatI+07f6NX92419qcdOaa1G7+32P/2P/+lP/55NuEGAADwKAQc
AAC4uRNZWXaNj42OsjrmsXnPKicvz6z9tY8+1rOvva2zZ8vsWrMxMhWnKce0Wzmm3SqvKHR1OQAA
NHq8ogIAgIu1iozQqazTDpuvZ9dEvbf631bHXXf3ffrgpWd0ZedOkqSVn3yqF99e5bA6GqIcU4oO
n/xUWXnmu1siw3ooLvp2tQxJckFlAACAgAMAABeLbRVZY8BhKiq2a77B/fqqU3x7Hfgl3erYeyY/
rgkj75avt49eeqd24UaLsFC1ioxQq/CWio6IUHRkuFpFhNdqLneWkvaCTmRvttiflbdbWXm71Tr8
GiUlPOLEygAAgETAAQCAy3WOb6/tu/dZ7D+Qli5TYZFdV8XeekM/mwIOSVq+6m82z3up65N76a5b
BuumPr1r9bwkTRp9jySpqqqq1nM4g7Vw41Insn+QJEIOAACcjIADAAAXCwkKsjomNe0XJSfZdrWr
JN03/NfasOVHpfz0c11KM+SIYEOSfLy9NfHeuxxUVf3JOL3O5nDjghPZPyigWaQ6xt5TT1UBAIDL
eZWVlbn3t0wAAGjgUtPS9ZuJU2ocM/LO2zRjwli75j2VnaPbxk5ScUlJXcq7KKFdG03546g6Bxvn
zlWorKJAFZWFKq8wqbyiUGXl5/+34px9r+PUt3PnypWe+ZWqzlXY/ay3t79uSFomH2/rARYAAKg7
Ag4AANxA7+H3qrCoyGJ/dFSkvl75mt3z7jv0i0Y8+GhdSpN0Ptx4Yebj6tC2Ta2eNxUfUmbujzqd
v1P5hYfrXI+rRYb1UJf24+TvG6XyikLtTnvR8ODRHvHjFBMxyAUVAgDQ+HBNLAAAbqBXj6419p/M
zNLWlD12z9u1Q7w+f+uV2pYlqfbhxum87Uo9+oY27n5Y3++ZoUMZaxpEuOHrE6SeV8yUv+/563h9
vM9/7ecbZjY227TX2eUBANBoEXAAAOAGBl6TbHXMmq821GruuJjW2rbmQ/Xq0e3/Gm3cv1nbcOPg
8Q+1ff8zOnzyKxWWnLLrWXdi9NMUHtrDcGxsxA1mbSVl2Q6uCAAAWELAAQCAG7DlANF/r/9GGZlZ
tZo/KMBfK5+dp9/ffsv5Bi/rz9Qm3Cgtz9HW1Cd0KGNNrer0BJXnjM80Ka8sNGvzaeJf3+UAAID/
j4ADAAA3EBMVqVaREVbHvbzywzqtM2vSeHW9ooNNY+8b/mu7wo3jWV/qm/9NUK7pYG3LcztGOdCZ
goMqr6geZpRXFCozd7vZ2JDA+HqqDAAAXI6AAwAANzF88ACrY+qyi0OSCoqKdexEptVxV3frot8M
GWjzvNmmXdqT/mat6/IkZeWF2pY6SzmmFElSjilF21JnqbQsz2xsQDProRUAAHAMAg4AANzE6GG3
Kygw0Oq4p5e/Ues1/rv1R5kKCqyOu+eOoXbNu2P/M7UtySOZijO0LXW+1m69S9tS58tUnGE2xs83
jBtUAABwIgIOAADcREhQoEYPu93quG82b9M7q/9dqzW+3bbD6phre12tW/pfZ/OcOw8u1LlzFbWq
pyHr0m6Mq0sAAKBR8XZ1AQAA4P+MHna7Vq75VIVFRTWOe2bFW0pO6q7EhPZ2zb9p+06rY+653fbd
Gxmnv9ap3P/ZVYMkBftHKyQoXoHNouXjHSjvpoHybhqgpk2b2T2XMxzJ/FyZudZ/7i5IbPt7RbXo
W48VAQCAyxFwAADgRkKCAnVT39769/pvrI6dNGeB1rzygkKCrL/WIknfbLH+ekrrVpG6sc+vbJpP
kmIiBsjfL1LHsr7WiewfahwbEdZdbSMHKzSos5r5hNq8hjtoGZKkjNPr9NPR91RRUWpxnLe3n+Ki
higuepgTqwMAAJLkVVZWZnTFOwAAcJGMzCwNGj3eprGdEtpr5TPzbAo5nli8VGu+XF/jmBG33Kw5
kyfYtPblzlWV6+Dx93X89LcqK/+/HSjNfIPULe5+RTZPNnumy8131jhnrx5dtfLZ+bWqpz6UlGUq
/eS/lJm7vdqhon6+YWoRkqhObe6Rv2+UCysEAKDxYgcHAABuJiYqUhNH/k6vrPrI6tgDaeka/fhM
LXjsYauvq3yzZZvV+W7q29vmOi/XxMtHV7S5T1e0uU+ZuVt16MTfZCo6rq7txhqGG57I3zdKXdqN
V5d241VSlqni0lMKCUiQj3eQq0sDAKDR45BRAADc0KRRv1On+Dibxh5IS9d9j8/U+h+2WhxzxlSg
vHxTjfO0bB6m/r172lWnJVEtknVtt8Ua2OttRbW4xiFzuht/3yi1DEki3AAAwE0QcAAA4KYWTJ1s
89iCwiI9PGeBRk+bqa8Ngo6s3Fyrcwy8to9d9dnCp6lt54MAAADUFa+oAADgphIT2mveYw9p5vMv
2/zM9t17tX33XkVHRWr0sNuVGN9enRPa63S29YAjvk1sXcoFAABwKQIOAADc2PDBA/RzWrpWffKZ
Xc+dzMzSolfftOuZ8JbN7RoPAADgTnhFBQAANzdjwljdMfDGel8nLIizJAAAgOci4AAAwAMsnDa5
3kOO5qGh9To/AABAfSLgAADAQ9R3yBEWElxvcwMAANQ3Ag4AADzIwmmTteTJ6QoKtPd2kiqr/zRt
0tShtQIAADgTAQcAAB5m4DXJWr/yNfXq0dWOp7ys/rNx+w6H1woAAOAsBBwAAHigkKBArXx2vt5+
Zq6dQYdl21L2OmQed1NSlqkc027lmHarvKLQ1eUAAIB6wjWxAAB4sOSk7kpO6q7UtHSt+eprrf9h
q05lna7VXD/u2efg6lwr4/Q6HTj+D5WW5VVr9/MNU/tWtygu+k4XVQYAAOqDV1lZWZWriwAAAI6T
mpau1LRf9HNaun7+JV2mwiId+OWwTc8ueXK6Bl6TXM8V/p8uN9ccMvTq0VUrn51v15zlFYXaljpL
puKMGse1COmoHgkPy983yq75AQCAe2IHBwAADUxiQnslJrQ3a//Lsy/p3+u/qfHZlWs+dWrAYauM
0+t1ttxkddy5qrM6mvm1TWNzTQe1Zd8s9eu+WD7eQY4oEwAAuBABBwAAjUTvpG5WA47tu/cqIzNL
MVGRTqrKdvuPfeTwOUvL8nQw4wN1aTfe4XMDAADn4pBRAAAaieGDB6hVZITVcdOfW+KEaqSMzCyr
YzrHm+9EsZe3t5/atRqo1uF95e3tZ9Z/5NR6mYrT6rwOAABwLQIOAAAakeGDB1gds333Xq3+6ut6
r+X4qUyrY0KC6vbqiJ9vmG5IekVd2o1XUsIU3ZD0ioIDWpuNy83fXad1AACA6xFwAADQiIwedrtN
4xateEumwqJ6rSU1Ld3qmKDAgDqt0Sl2RLXzNXy8g9Qx5m6zccVltbt5BgAAuA8CDgAAGpGQoEDd
MfBGq+MKCos0+vGZ9RpybNu91+oYo8NS7eHXzPwsEX8/8zZT8ZE6rQMAAFyPgAMAgEbmodG/V1Bg
oNVxB9LS6y3kSE1L1383b7M6LrZV3a5wzTXtM2srKPrFrC0koF2d1gEAAK5HwAEAQCMTExWpiSPN
X9MwciHksOVAUHtMf976Qaad4uPqfJvLoYxPlJm7+eLXOaYU/XR0ldm4AF/rh68CAAD3xjWxAAA0
QvcNv0MbNm/V9t3mOxwudyAtXcMnTtH8xx7WwGuS67SuqbBIC159UwdsOH/jzkE31WmtC/538AX5
+b4t6fy1sJfz9vZTTMQgh6wFAABcx6usrKzK1UUAAADny8jM0rAJU1RYZPsrKL16dNP0B/5Uq7Mx
tqbs0YIVb9kUbkjSupWvXdzBkXXmR5ueyTHt0uFT6+yqq0PMneoYe49dzwAAAPdDwAEAQCO2+quv
NfP5l+1+7sa+vTXw2j4a0DdZIUE1n+exNWWPlq36m7bbcKjoBSPvvE0zJoy1uy5JSkl7QSeyN1sf
KKl1eF8lJUyp1ToAAMC9EHAAANDI1TbkuKBTQnvFREao8yW7Ok5knlZGZpb2/5KuAjsPKQ0KDNT6
la9ZDU5qcvjkGqUe/bDGMe1aDVSXduNrvQYAAHAvBBwAAKDOIYcjLXlyep3P+pCkkrJMpZ/8lzJz
t188e8Pb20+RYVepffQdCglIqPMaAADAfRBwAAAASdI7q/+tZ1a85dIa7hh4oxZOm+zSGgAAgGci
4AAAABet/2GrZjy3xK6DRx2FcAMAANQFAQcAAKgmIzNLD/71aR345bDT1pw48neaNOp3TlsPAAA0
PAQcAADA0NL3PtLKNZ/W626OoMBAPT31YYecuQEAABo3Ag4AAGCRqbBIS9/7UKs++czhc9/Qt7cW
Tp1cp9tSAAAALiDgAAAAVmVkZmnd91v0yboNdXp1JSgwUDf17a0/DL9DiZdcKwsAAFBXBBwAAMAu
F8KODZu3ylRYZDXwaBUZod49uql3UjcNvKYPOzYAAEC9IOAAAAB1lpV7RuXl5dXafHx8FNmiuYsq
AgAAjQ0BBwAAAAAA8HhNXF0AAAAAAABAXRFwAAAAAAAAj0fAAQAAAAAAPB4BBwAAAAAA8HgEHAAA
AAAAwOMRcAAAAAAAAI9HwAEAAAAAADweAQcAAAAAAPB4BBwAAAAAAMDjEXAAAAAAAACPR8ABAAAA
AAA8HgEHAAAAAADweAQcAAAAAADA4xFwAAAAAAAAj0fAAQAAAAAAPB4BBwAAAAAA8HgEHAAAAAAA
wOMRcAAAAAAAAI9HwAEAAAAAADweAQcAAAAAAPB4BBwAAAAAAMDjEXAAAAAAAACPR8ABAAAAAAA8
HgEHAAAAAADweAQcAAAAAADA4xFwAAAAAAAAj0fAAQAAAAAAPB4BBwAAAAAA8HgEHAAAAAAAwOMR
cAAAAAAAAI9HwAEAAAAAADweAQcAAAAAAPB4BBwAAAAAAMDjEXAAAAAAAACPR8ABAAAAAAA8HgEH
AAAAAADweAQcAAAAAADA4xFwAAAAAAAAj0fAAQAAAAAAPB4BBwAAAAAA8HgEHAAAAAAAwOMRcAAA
AAAAAI9HwAEAAAAAADweAQcAAAAAAPB4BBwAAAAAAMDjEXAAAAAAAACPR8ABAAAAAAA8HgEHAAAA
AADweAQcAAAAAADA4xFwAAAAAAAAj0fAAQAAAAAAPB4BBwAAAAAA8Hjeri4AAABXO3nypM6dO2fW
3rp1a3l5ebmgIgAAANjLq6ysrMrVRQAA4Er9+/fXqVOnzNr37t0rHx8fF1QEAAAAe7GDAwBQK0eP
HtWePXtUWVmpjh07KjEx0dUlAQAAoBEj4AAAD1BaWqqkpCTDvg0bNigmJsap9fzrX//S448/Xq1t
woQJeuSRR5xaB6rbtWuX7r77bqevu27dOrVt29bp6wIAAFyKQ0YBAHbJycnR/PnzzdqXL1+ulJQU
F1QEAAAAEHAAAOx08OBB5efnG/bt3LnTydUAAAAA5xFwAAAcpkkT/lgBAACAa3AGBwDALvI2QnwA
ACAASURBVJ07d1Z4eLiys7PN+nr27OmCigDbjB07Vhs3bjRr/+677xQVFeWCigAAgCMRcAAA7BIW
FqYFCxZo+vTpF0OOZs2a6YknnlDXrl1dXB2MtG3bVitXrqy3+SMiIuptbgAAAFsRcAAA7Hb99dfr
888/V3p6usrKyhQXF6fIyEhXlwULvL29FR0d7eoyAAAA6hUBBwCgVkJDQ3XllVe6ugwAAABAEoeM
AgAAAACABoCAAwAAAAAAeDwCDgAAAAAA4PEIOAAAAAAAgMfjkFEAgNvLycnRkSNHlJmZqdLSUvn6
+iokJESRkZFKSEiQtzd/nMF9ZWZmKj09XWfOnFFJSYl8fX0VGBioVq1aqU2bNgoKCnJaLVVVVTpy
5IgOHz6s/Px8SVJwcLC6dOmiVq1a1Xn+yspKHT58WMePH5fJZFJlZaWCgoIUEhKi+Ph4hYeH13kN
W+s4duyYTp48qTNnzujs2bNq0qSJ/P39FRUVpZiYGKfVAgBwHv5GCACwW58+fXTmzBmz9p9++klN
mzat8dnPPvtMjz32mFn7F198ofbt21/8uqSkRF9//bXWrFmjTZs2WZyvRYsWGjp0qEaMGKHExEQ7
fhT1Y926dZo0aZJh34033qjFixcrICDAyVU5V3Fxse6991799NNPZn3Jycl6++23rf46MbJx40aN
HTvWsG/y5MmaOHGi0tPTNWTIELvmvf766w3bH3jgAU2ZMsXuOqXzocaXX36pNWvWGP48XODt7a3r
r79eQ4cO1cCBA2v1a8PSj/nCz4l0/gP/2rVr9fbbb2vv3r1mY8ePH2/4+7J///46depUtbZ7771X
s2fPrtZ28OBBffLJJ/rss8/Mxl/qqquu0l133aUhQ4Y4/PfBuXPntH37dn355Zdav359jXVIUlJS
koYMGaLBgwcrNjbWobUAAFyDgAMA4BbOnj178d83btyohQsX6tChQ1afy83N1fvvv6/3339fI0eO
1KOPPqrAwMD6LNWi77//Xo888ohhX3JyshYtWtTgww1JCggI0MyZM3XPPfeY9W3dulWfffaZfv3r
X9s1Z3FxsZ555hnDvm7dumnMmDG1qtXRCgoK9N577+mNN95QUVGR1fEVFRXasGGDNmzYoDZt2uix
xx7TkCFD5OXlVedaysrKJEnZ2dmaMWOGvv32W4tjmzSx/a3l4uLii/+en5+vl19+We+9955Nz+7c
uVM7d+7UK6+8oqefflq9e/e2ed2apKSkaPHixdqyZYtdz6SkpOj555/XqFGjNH78eLVo0cIh9QAA
XIMzOAAAbuHs2bOqrKzUyy+/rLFjx9oUblxu1apV+tOf/mS4u6S+7dixQw899JAqKirM+rp166bF
ixcrNDTU6XW5Ss+ePTVu3DjDvueee065ubl2zffBBx/owIEDhn2zZ8+Wv7+/3TU62p49ezRq1Ci9
9NJLNoUblzt27JgeeeQRzZs3T+Xl5XWu5+zZs8rJydG4ceNqDDck2RWoXPixpaWlaeTIkTaHG5c6
duyYRo0apdWrV9v97KUqKyu1fPly3XXXXXaFG5eqqKjQ22+/rd/85jfatm1bneoBALgWAQcAwC2U
lJTomWee0dKlS+s0z86dOzVnzhxVVlY6qDLrfvrpJz344IOGH2o7dOigpUuXNsr3/e+//3516NDB
rD0rK0uvv/66zfMcOXJES5YsMeybOHGikpKSal2jo2zatEmjRo1SampqnedatWqVnn76aVVVVdVp
nuLiYj355JM1viJzgT0BR0lJiQ4ePKg//vGPFkMnW82aNUs7duyo1bPl5eV68skn9eKLL9aphgtO
nDihMWPG6PPPP3fIfAAA5+MVFQCAW1i6dKl+/PFHs/a2bdsqOTlZ4eHh8vLyUl5enrZv317jB6u1
a9dq8ODBuuWWW+qzZEnnv4s9YcIEw10jrVu31rJlyxQdHV3vdbij4OBgzZ49W6NHjzbre+utt3Tb
bbepa9euNc5RVVWlxYsXV3uF6YIuXbqY7RIJCgrSAw88YDjXf/7zHx07dsysfdSoUYavNXXr1q3G
2i7YsmWL7r//fsPdO5IUHh6uQYMGqV27dgoODlZBQYFOnz6tb7/91uJOpQ8++EDdunXTb37zG5tq
MLJmzRrDnzcj9ryicvToUT388MNmZ1w0a9ZMvXv3VqdOnRQYGKiioiIdOXJEmzdvtrijpaKiQnPm
zNHq1avtOiy4qqpKCxcu1D/+8Q+LY4KDgzVkyJCLB4qWlpbq9OnTSklJsbjbo6KiQlOmTFFgYKD6
9+9vcz0AAPdAwAEAcAuXhxsDBgzQuHHjlJSUZPjhKzU1VcuWLdO6desM51u1apWGDh3qkLMMLDl+
/LgmTJhgeJhhixYttHz5csXFxdXb+p4gOTlZ9913n9555x2zvmeffVZvvvlmjQeObtiwQV988YVh
36xZs8zONImIiLB4MOi+ffsMA45x48YpKiqqph+GRceOHdO0adMMw43Y2Fg9/PDDGjJkiJo1a2bW
P23aNO3atUsLFy7Url27zPoXL16s/v3713r3j1G4cdNNN+maa65RbGysAgMDVVlZqYKCArvOnjhy
5Ei1r5s3b65JkybplltuMZynsLBQa9eu1aJFi1RQUGDWv3//fv3www8WD3s18vHHH2vVqlWGfZGR
kfrLX/6i/v37W7yh5vDhw/rggw/07rvvGvb/+c9/1kcffdTof/8CgKfhFRUAgNuZMWOGli1bpquu
usrid5YTExP10ksvaeTIkYb9O3bs0P79++utxszMTE2cONHsw54kBQYGavny5ercuXO9re9JJk6c
WO2GnAs2b96s//znPxafKygo0LPPPmvYd//99+vqq692WI21UVlZqfnz5ysrK8us71e/+pVWrVql
X//614bhhnT+tZCrrrpKb7/9tq677jqz/uzsbLte5anJ0KFDtXbtWi1fvlyjRo3SjTfeqN69e6tv
374aPHiwevXqVat5u3Xrpn/+858aOXKkxZAkKChII0aM0KpVqxQcHGw4xp7XQo4ePar58+cb9vXr
108ff/yxbr311hqv342Li9OMGTO0YsUKw/Nbzpw5o3nz5jn1VTcAQN0RcAAA3Mqzzz6rP/zhDzbt
vGjatKkee+wxtW3b1rC/vgKOnJwcPfTQQ4bze3t76+WXX9aVV15ZL2vXRmVlpbKzsx36j6XXMYyE
hoZq5syZhn3PP/+8xUNh3333XaWnp5u1d+rUSePHj7d5/fryxRdf6JtvvjFr79Spk5YsWWLzq0kB
AQF6+umnDQOCVatWKTMzs051jh8/Xs8//7zi4+PrNM/l+vbtq9dff10xMTE2je/cubP+/Oc/G/Zt
3rxZ586ds2mel156SSUlJWbtHTp00KJFi+zajXPDDTdo0aJFhn0bN27UV199ZfNcAADX4xUVAIDb
eOSRR3THHXfY9UxAQIDuueceLVy40Kxv7969dl9Hao3JZNKUKVOUkpJi2L948WJde+21Dl2zro4c
OeLwmj7//HMlJCTYPL5fv36699579f7771drP3XqlN544w1NmzatWntaWpqWL19uONesWbNq/O68
M1RUVGjFihWGffPnz7f7utHIyEg9+OCDmjt3rtk63377re66665a1XnLLbfokUceqfE1oNoIDw/X
okWL7P5xDhkyRAsWLDA7k+PUqVPKyMhQmzZtanx+3759+uyzzwz7FixYUKvXeW6++WaNHTtWb7zx
hlnf8uXLNWjQILvOBwEAuA47OAAAbiEpKUn33XdfrZ81kpGRUZeSzBQXF2vq1KnaunWrYf/ChQt1
8803O3TNhuShhx4y/AD7xhtvVLt95Ny5c3ruuecMd4n86U9/Uu/eveu1Tlts3LjRcAfPiBEj1KNH
j1rNeeuttxq+LvHxxx/Xaj5vb2899thjDg83JGnmzJm1OrckODhYffr0Mew7ffq01ec/+eQTw/a7
77671j/vkjRmzBjDa5z3799v8fc7AMD9EHAAANzCb3/7W8MPd7aIjY01bLf06kNtnD17Vk888YS+
/fZbw/4ZM2Zo2LBhDluvIWrevLmeeOIJw77nnnvu4nkHX375pTZs2GA2pkOHDhZvSHG29evXG7YP
Hz681nM2b97ccAdTSkqKTR/+Lzd48GCLvzfqasiQIbV+tlOnTobtlm5auaC4uFj//Oc/DfuMbuqx
R3h4uMaMGWPYZ+kgYwCA+yHgAAC4hbrcdmJ0xad0/pBGR6isrNTcuXMtHoT40EMP6Q9/+IND1mro
brzxRt19991m7Zs2bdLatWuVn5+v5557zvDZmTNnKiQkpL5LtKq0tNTwQ2+bNm3qtItAksXdKUZn
kVjj6+tbp1pqUpffr5YOGi0sLKzxub179xqGIL169VKHDh1qXc8FAwcONGz/4osvVFZWVuf5AQD1
j4ADAODxLH2QM7qSsjZee+01/eMf/zDsGzNmjCZOnOiQdRqLyZMnq3Xr1mbtzz//vF544QUdP37c
rG/06NHq27evM8qzKi0tTfn5+Wbt11xzTZ3ParB0LemBAwfqNK87sXSrjLUQYe/evYbtQ4cOrXNN
ktSxY0d17drVrP3MmTOGtyUBANwPJyYBAFCD//znP3rxxRcN++666y5NmzbN4lW27iI+Pl5r1651
dRkXtWzZUjNmzNCkSZOqtZ84cUIffvih2fh27dqZjXWlo0ePGrZbevXCHhEREYbtp06dqvPcns7S
rUiOvI65Z8+e2rdvn1n7L7/8oo4dOzpsHQBA/SDgAADAgpSUFItnRnTo0EEzZ86slwMcG4OBAwdq
2LBhWrNmjdWxs2fPNjwA0lWOHTtm2D537lyzW1AcxVG7kTzZ4cOHDdvbt2/vsDUSExMN2+t6VS8A
wDnc+1tOAAC40GOPPaaSkhLDvkOHDmnjxo1Orqjh8PLy0pQpUxQZGVnjuHvvvVf9+vVzUlW2ycvL
c/qaJpPJ6Wu6G0uviYSFhTlsjebNmxu25+bmOmwNAED9IeAAAMACa68FzJo1y+J382FdVFSUpk+f
brG/TZs2euihh5xYkW0shV71qbHv4KiqqjK8FSk8PNyhu6gsHVhs7YYXAIB7IOAAAKCWcnNzNXPm
TJWWlrq6FI/Vu3dvi4dO9u3b1+J31F3JFQFHY3fhCuHLOfpWHT8/P8P2c+fOOXQdAED94AwOAABs
0KpVK8MdHVu2bNGrr76qRx55xAVVeb4lS5bo7Nmzhn1///vfdeutt6pPnz5Orqp2WrVqJR8fn3qZ
29LVqo2FpV0a1q6WtZelX4t1vR0HAOAc/NcaAAAr4uPj9frrr+sf//iHXn31VbP+5cuX68orr9QN
N9zgguo814YNG/S3v/2txjFz587VRx995FYf8C1dS7xkyRIlJSU5uZrGwcvLS82bNzd7TSUrK0uV
lZUOe03FUmDi7+/vkPkBAPWLV1QAAKhB27Zt9eqrryo2NlYTJkxQcnKy4bhZs2YpIyPDydV5rjNn
zujpp5+2Ou7QoUN65ZVXnFCR7QICAgzbOYiyfrVt29aw3ZEHsObn5xu2t2zZ0mFrAADqDwEHAAAW
tG7dWq+++qratWsn6fz7+fPnz1eLFi3MxmZlZWn27NkqKytzdpkeacmSJYYHtBp9p/ytt97Stm3b
nFGWTSzd/HLixAknV9K4xMXFGbZbuj62Nvbv32/Ybu22HwCAeyDgAADAguXLlyshIaFaW5s2bfTU
U08Zjt+0aZNWrFjhjNI82nfffacPPvjArL1Lly564403DJ+ZM2eO29wkEhMTY9j+448/OrmSxuWK
K64wbD9w4IDD1tixY4dhe/v27R22BgCg/hBwAABgweXhxgWDBg3Sn/70J8O+pUuXatOmTfVZlkfL
y8vT3LlzDfumT5+uXr16ady4cWZ9hw4d0vLly+u7PJt07NjRsP2///2vQ1+XQHVdu3Y1bP/qq68c
Mn96erpSUlLM2ps3b25x9wgAwL0QcAAAUAsPPfSQevbsadj3xBNP6OTJk06uyDO8/PLLOnr0qFn7
3Xffrd69e0uSxo4dq9jYWLMxb775plu8qhIXF2f4Hf2SkhJ9+eWXLqiocejRo4cCAwPN2jdt2qQj
R47Uef4NGzYYtg8ePNjiwbIAAPdCwAEAQC34+/tr/vz5Cg0NNes7deqU5syZo/LychdU5r42bdqk
VatWmbW3aNFCDz744MWvw8LCNG3aNMM55s6d6/CrQe3VpEkT3XbbbYZ977zzjoqLi+u8hqXrShuz
gIAADRs2zLDP6NeVPfLy8rRy5UrDvsGDB9dpbgCA8xBwAABQS+3bt9ecOXMM+7755hu9+eabTq7I
feXn52vevHmGfY899piioqKqtQ0ePFgDBgwwG3vgwAHDq3pt4ePjY9h+7tw5u+e69dZbDdsPHTpU
53NYiouLNXnyZC1btkwVFRV1mquhufPOOw3bV65cafGAUFu89957OnXqlFl7p06dLN6cBABwPwQc
AADUwdChQzVq1CjDvhdeeEFbt251ckXuadmyZUpPTzdrT05ONvzQ2qRJE02dOlXNmjUz63v99de1
fft2u2sIDg42bLd0NWhN2rdvr9///veGfa+++qq++OILu+eUzu/cmDNnjr755hstWbJEU6dO1Zkz
Z2o1V0PUvXt33XLLLYZ906dPV15ent1zfvfdd1q6dKlh3wMPPGAxGAMAuB8CDgAA6ujRRx/VlVde
adg3Y8YMZWZmOrki97J582a9++67hn2PP/64vL29Dfvi4+OrvbpyqaeeekpFRUV21REWFmbYvnPn
TrvmueD+++9X8+bNDfsmT56sTz/9VFVVVTbPd/z4cY0fP16ffPLJxba1a9dqzJgxysrKqlWNDdHk
yZMNrxPet2+f/vKXv9j1c7V582Y9+uijhn39+vXTkCFDal0nAMD5jP9GAQDwGLm5uYbf5a6roKAg
+fn5OXzehiggIEBPP/20RowYYfah+/jx43rqqae0ZMkSNW3a1CX1VVZWKjs7u97mDwgIUEBAgGFf
QUGBxVdTxo0bp27dutU496hRo/TZZ5+ZXQW6f/9+rVixwuKHUyOdOnUybH/llVcUGxura665ptr/
R5WVlTX+fxYdHa1Zs2ZZrGHq1KnasGGDHnjgAXXq1EleXl6G4/Lz87V27Vq99NJLys3NNevv2LGj
wsPDa/qhNSpxcXGaMWOGZs2aZdb3zTffaMSIEXr88cfVv39/BQUFGc6RkZGhDz/8UK+//rphf2ho
qGbOnOmy37MAgNoh4AAAD/fb3/62XuZdtmyZBg4cWC9zN0QJCQmaM2eOpk6data3fv16vfPOOxav
lq1vR44c0bXXXltv88+bN08jRoww7Fu+fLkOHTpk1h4bG6uxY8danTsgIECPP/644dgVK1aof//+
Fm+zuZyla0azsrI0duxYdejQQYmJifL29taJEycUFRWlZ599tsY5b731VqWlpWnZsmWG/Z9//rk+
//xzJSYm6vrrr1dkZKRCQ0NVUVGh7Oxs/fTTT/r6668tHiqanJys2bNnq0kTNt1easSIEUpNTdUH
H3xg1nfq1Ck9+uijCg4O1s0336zY2FiFh4fr7Nmzys7O1t69e7Vx48Ya51+4cKHhTTkAAPdGwAEA
gIPcdttt+t///mf4oeuZZ55RUlKSevXq5YLKXGPbtm0WD1qdNm2axVdGLnfdddfpzjvvrPbqxgVz
587VBx98YHEHyaU6d+6sPn36aMuWLYb9hw4dqhbGWDrr4XKTJk3SuXPntHz5cotjUlNTlZqaatN8
F1x33XV69tlnLZ4d0ph5eXlp+vTpKi0t1erVqw3HFBQU6OOPP7Z77sWLF+umm26qa4kAABfg2wEA
ADiIl5eXHn30UYs7BaZPn16vr4q4k8LCQs2dO9ewb8CAAXZfvTl58mTDD/qpqal67bXXbJrDy8tL
U6ZMsfmVLlvPz2jSpIkmT56sRYsWGZ4NURsjR47UkiVLLJ7xAcnX11fz5s3T5MmTHTJfq1at9M47
71i8IQcA4P4IOAAAcKDg4GAtWLDA8IPu0aNHNW/ePFVWVrqgMudasWKF2bkZktSsWTNNnTrV7lcu
WrdurSlTphj2LV++XLt27bJpniuvvFIvvPCCTbsi7Dkg1MvLS3feeac+/fRTi1eZ2qJDhw5aunSp
Zs2aZdOulMauadOmmjhxov7+97+rT58+tZ5n1KhR+uc//6m+ffs6sDoAgLMRcAAA4GBXXHGFnnzy
ScO+tWvX6v3333dyRc61Y8cOi7sqJk2apPj4+FrNO2LECIu31cyZM0fFxcU2zTNgwACtXr1a99xz
j8UbXCTVKmBo06aNFi1apM8//1xTpkxRYmKi1We8vb01dOhQLV68WB9//LEGDRpk97qNXVJSkt55
5x2tWrVKo0aNUqtWraw+07VrV02bNk3r1q3TzJkzOcgVABoAr7KyMtu/PQEAANCA5Ofn6+eff1Z2
drbKy8sVEBCg0NBQxcXFKSoqyiFrZGVlKSMjQ1lZWSotLVVlZaX8/PwUFBSk6OhoxcbGOuzVFpxX
WVmp48eP68SJE8rNzdXZs2fVtGlT+fn5KSIiQjExMQ77/xcA4D4IOAAAAAAAgMfjFRUAAAAAAODx
CDgAAAAAAIDHI+AAAAAAAAAej4ADAAAAAAB4PAIOAAAAAADg8Qg4AAAAAACAxyPgAAAAAAAAHo+A
AwAAAAAAeDwCDgAAAAAA4PEIOAAAAAAAgMcj4AAAAAAAAB6PgAMAAAAAAHg8Ag4AAAAAAODxCDgA
AAAAAIDHI+AAAAAAAAAej4ADAAAAAAB4PAIOAAAAAADg8Qg4AAAAAACAxyPgAAAAAAAAHo+AAwAA
AAAAeDwCDgAAAAAA4PEIOAAAAAAAgMcj4AAAAAAAAB6PgAMAAAAAAHg8Ag4AAAAAAODxCDgAAAAA
AIDHI+AAAAAAAAAej4ADAAAAAAB4PAIOAAAAAADg8Qg4AAAAAACAxyPgAAAAAAAAHo+AAwAAAAAA
eDwCDgAAAAAA4PEIOAAAAAAAgMcj4AAAAAAAAB6PgAMAAAAAAHg8Ag4AAAAAAODxCDgAAAAAAIDH
I+AAAAAAAAAej4ADAAAAAAB4PAIOAAAAAADg8Qg4AAAAAACAxyPgAAAAAAAAHo+AAwAAAAAAeDwC
DgAAAAAA4PEIOAAAAAAAgMcj4AAAAAAAAB6PgAMAAAAAAHg8Ag4AAAAAAODxCDgAAAAAAIDHI+AA
AAAAAAAej4ADAAAAAAB4PAIOAAAAAADg8bxdXQAA5ysoKNCJEyeUnZ2toqIilZeXKzAwUGFhYWrZ
sqVatGihwMBAV5cJAG6vqqpKGRkZqqysvNgWHR0tX19fF1YFAJ6rrKxMGRkZysrKUn5+vsrLyxUQ
EKD4+Hi1a9fO1eXBzRFwAI1IZWWl9u/fr4MHD5r15efnKz8/X0eOHJEkXX311WrTpo2zSwQAj+Ll
5SV/f39t3rz5YshhMpnUvXt3F1cGAJ4nOztbO3bsUGlpabV2k8lk1gYY8ciAo7KyUl999ZXKysok
SWFhYerfv3+t5/v++++VnZ0tSfL29tbgwYPl4+PjkFoBd1FVVaW9e/fq8OHDNo0PCAio54oAoGFo
2bKlevbsqW3btkmSfvnlF0VFRSkyMtIp62/evFlZWVk1jvH29pafn9/F3Xrh4eFq2bKlvLy8bFpj
y5YtyszMlCRFRUWpT58+taq1qqpKX3/9tYqKiiRJXbp0UceOHWs1V306dOiQ9u3bZ3Vc06ZN1axZ
M/n7+6t58+Zq0aKFIiMj1bRpUydU2bBUVFRo9+7dOn36tFq1aqVu3brx8+gkp06d0r59+9SkSRN1
69ZNERERLqmjoKBAW7duVUVFhWE/n89gC48MOJo2baq2bdvq0KFDkqS8vDwVFBQoODjY7rmKioou
hhuS1KZNG37zoEHKysqqFm4EBQWpU6dOCgkJUdOmTVVeXq7S0lLl5OQoIyNDQUFBLqwWADxLdHS0
evTood27d0uSdu/erf79+7vN3ykqKipUWFiowsJCZWZmav/+/QoNDVW3bt0UHh7utDpycnIuhhuS
dPjwYSUkJKhJE888Fq6yslLFxcUqLi5WTk6OJMnf319dunRRbGysi6vzLCdPntSxY8cknf91ERkZ
qejoaBdX1fBVVVVp165dOnv2rCQpJSVFAwcOdEktBw4cqBZudOrUSW3btpWfn9/FWgFrPPNPE8ns
P3jWvnNhyeXP8R9SNFRHjx69+O8BAQHq16+f2rRpo9DQUAUFBal58+aKjo5Wt27dNGjQIDVr1syF
1QKA52nfvv3F3QhFRUXav3+/iyuqWX5+vr7//nudPHnSaWueOHGi2teXBgMNRUlJiXbs2KG9e/fy
gcwOl/9cnTt3zkWVND6X/ly76ue9vLxcx48fv/h1QkKCEhMTFRgYqKZNm6pp06by9vbI783DyTz2
V0nz5s0VFBSkwsJCSdLx48eVkJBg9zyX/kby9/dXy5YtHVYj4C4qKysvbi2Wzv+hUVOA4anfSQMA
V0tMTFRpaamOHTumtLQ0RUVFOXW7d2RkpHr16mXYV1FRoYKCAh0/fvzid8ol6X//+59uuukm+fv7
12tt5eXl1da94MSJEy7bEm+rW2+91eLrEhUVFSouLtbp06d14MABlZeXS5LS0tLk7+9fq7+fNkbR
0dHKyspSZmamWrdurVatWrm6pEbBy8tLV111lfbu3SsvLy/16NHDJXVc+Ex3QUxMjEvqgOfz2IDD
y8tL7dq1u/h+ZF5enkwmk0JCQmyeo7CwULm5uRe/btu2LR/s0CCVl5dXO+G/Nq9zAQCs8/Ly0tVX
X62rr77aZetbei3Gx8dH/v7+ioyMVFhYmPbs2SPp/Af048eP1/tZGFlZWRe3n/v6+l48S+3YsWNK
TEx0+5tnLJ1X4uPjo9DQUIWGhqpVq1bavHmziouLJUmpqamKjo7mXCsb+Pj4WAzn+rHJ2gAAIABJ
REFUUL+io6Ndvov9wn8PLqjvwBUNl0d/mo+Kiqr2tb2vqVw+nqQYDdWl4YYkDu0CgEauffv2Cg0N
vfj1qVOn6n3NS3dvXHHFFQoLC5N0/s+o2r5q7G6CgoKqfQe8srLScNcKgOouf0WJv6uitjw64AgO
Dq72Ssmlr5vY4tLxYWFhF/+gBQAAaMi8vLyqfaMoPz+/XtcrKiqq9qpkVFSU2rZte/HrS8+J8nRR
UVFq3rz5xa+decYJADR2HvuKygVt2rS5eDhVfn6+8vPzq31HwpKCggKdOXPm4teX/iFrSVVVlXJy
cpSVlaXc3FwVFxervLxcfn5+F69ci46OtrrFsrS0VF9++eXFrwcOHKjAwP/H3ns3NZJl+d9feQsI
kMd7KGwVVXTZX3fPxuzM7vZb2ojnLW3EzuzszM7GdJfpAsrghacw8hIS8l7PH0TezZtyKVCCROcn
oiIqkZRKXXPOueeec64OyWQSbrcbPp8PsVgM2WwWer0eXV1dsNvtlLIErosA+f1+uN1uRCIRRKNR
KJVKdHR0wGw2o6enp+7q7dlsluQ/RqNRxGIxqFQq6HQ6GI1GmEymGzmCEokE3G43AoEAIpEIMpkM
lEolcVLZbLY7ObXj8vISfr8fwWAQiUQC6XQaWq0WBoMBZrMZVqu1bo9xKBSC3+9HIBBAPB5HLpeD
Vqsl/WA2m3kVRfL7/fjw4QMAQK1W4w9/+AOA6/HidrtJn+RyOeh0OphMJvT09FRMy/J4PFheXi77
2tu3b6nrxcVFUu09Ho/jf/7nf8hrb968QVdXV83nv7q6gtvtht/vRywWg0wmQ1tbG8xmM+x2OzQa
DWKxGP7+978DuPbM//TTTyX3SSQS+Nvf/lbX929vb5NTlYxGI169elXyHnb7AsBPP/0EiUQCl8uF
i4sLRCIRJJNJPHnyBH19fWW/JxqNwuPxIBgMIhaLIZ1Ok3FsNBphtVp5jeP9/X04HA4A12GhS0tL
yGQyODs7I/M5l8vhxx9/rCvtrhqMvGDLL+A6BLSrqwsmk+lGRxumUim4XC74fD5cXV2hUCiQ8W8y
mXjNqa2tLRwdHQG4jqT77rvvqr4/mUzir3/9K7l++fKlIPn7jepvLvF4HD6fDz6fj5y+oFKp0N7e
DpPJBLvdXneR30b0AxshZHYoFILH48Hl5SXi8XiJ/rRarXX/bqF0Vr00yj64a9g2Qj6fRz6fF2zX
lL3INxqN0Ol01DG6jO54KCd4WSwWYmcyc7JaGnSz6Jf7HMvBYBDv3r0j17///e9rpvZks1l4PB74
/X6Ew2Ekk0mSitXd3Q2LxVJ3fT0h5B+jg/1+P0KhEOLxOKRSKbRaLTo7O2EymWAymXgf29xo2MdA
j4yMYGZmpuz73r9/T06fZNuOjBy+vLxELBaDUqlEZ2cnLBYL7HZ7Rbmyt7eH3d3dsq/9+c9/pq6X
lpZqptEkEgl4vV74fD7E43Ekk0lotVro9Xpik/NJfbmpzehwOLC/vw8AGB4exuzsLIrFItH5zJxi
xpPNZoPVai1ZryUSCbhcLiIXmbUFM//42OVc2HZ6NBqFXC4vsQEfCi3v4OCmqfj9fl4ODvYuQrn7
cInFYuRs7nKvxWIxXFxcYGdnB7Ozs3UdDZbP53FycoKdnZ2Sc58vLy9xeXmJw8NDjI2NYXJyElKp
FLFYDGtrayWVx5lCV263G/v7+1hcXOQt2F0uF7a2tpBMJkvuyRjkADA4OIjJyUlehmixWMTR0REc
DkdJVWbmWb1eL3Z2djA2NoaJiQlBjKtkMomdnZ2yUT6RSASRSARnZ2fQarV48uQJrzZLpVLY2dkp
G3qayWQQDodxenoKrVaLmZmZunIbmQJlTqcTGxsbJXmJmUwGoVAI+/v7mJ6exujoKO97N5pCoYD9
/f2ypwUkk0n4fD7s7u5idna2qWp/ZDIZrK+vl8iCcmSzWTgcDpycnJS8xh7H29vbGB8fx/j4OO9x
nM/nybnv7KMTgcr53vUSjUaxtrZG1RxiyGQyuLq6wsnJCfR6PZ48eVLiTC1HsVjEyckJHA5Hidxi
j/+2tjbMz8+3VAFnofo7n8/j8PAQ+/v7ZeVhPB6H2+3Gzs4OZmZmMDAwUPOeje4HIWR2JpPB9vZ2
2R16tv6Uy+WYm5ur6GDkIoTOuglC2gdCwxwLCVw7O4SqQ1YsFnF6ekqumT5mHFHMgsntdgteB+Su
4I63XC5X1inQTPql1cayx+PB+vo6UqkU9fdcLodkMonLy0scHBzAarVibm6u5sJWKJs1HA5jc3Oz
rA5OJpMIBoM4PDyE0WjEzMwMr3VMM1AoFJBKpbC5uVlyOhLTXk6nE8fHx3j69Cl0Op2gz8LoV25a
NmPnu1wuyOVyTExMYHh4uC55V4/NyJDP5xGPx7G+vl4ypzKZDGKxGNxuN/R6PRYXF2EwGIhO397e
LhmDjE4/PDzE0NAQpqeneY2/SjImm82SeXJ4eAiLxYL5+fkHUfukpVNUgOudbnaVXb55juyFrsVi
qeohDofDePv2bcng1Ol06OrqorxumUwGnz9/xrdv3/j+BOzs7GBjY4MyTssN2IODAxwfHyMajeLt
27eUc6Pc+5PJZFmlVo7Dw0Osrq6WGIparbYk+uDbt2/4+PFjyXvLsb29XTJJ5XI5dDpdyX0PDg6w
trbW8OOpUqkUlpeXS5wbSqUSWq2WEnCJRALv3r2rmYucSCTw66+/low3xhvKfe/KykpZ46US+Xwe
x8fH+PTpE+XcKNfP29vbZce9SqXC0NAQhoaGSowQm81GXhsaGrqxMCsWi9je3i7r3GA/ay6Xw9ev
X3FwcHCj7xGCtbU1Xooqk8ng48ePJf2nVqvR1dVV0nb7+/tYX1/nfTRgMpnE6uoqr3l6E6LRKN6/
f19iWGk0mpJnj8ViZd/LpVAoYG1tDZubm5TcUiqVJfeMRqP4+PFjzXs2C0L1d6FQwPr6OnZ3d2vK
w1wuh7W1NbILW+2eje6HRsvsbDaLlZWVEueGWq0mR/8x5HI5fPnyhZesFEpn1YvQ9oGQ5PN5alFi
s9kE2z1mdnUZ2BFXbIfW6enpgzkalOtwLKe/m0m/tNpYdrlcWF5eppwbMpkMOp2uxJHk8Xjw8ePH
EkcIFyFsVr/fX1avqtXqkucMBAJ4//59yxybHIvFsLy8TMmRcuM8HA5jdXW1ZE4A1+UGGFuUu9nc
399P2apqtbrsc+TzeXz9+hUOh4NybshkshI7P5fLYXt7G+vr6yWOkGrwtRnZXF1d4cOHD9ScKtc+
sVgMKysrSKfT2N7exubmJjWuyjliTk5OKka+sEmlUvjw4UOJjNFoNCVOWK/Xi+XlZcrx3aq0fAQH
cH2MkNPpBHDtpauVpsKksjBU2y3KZrPUIlOr1WJqagpWq5UIOyacb3NzE5FIBMB1yLXZbOZVNdvr
9UImk2FychI2mw0ajQZSqRTJZBIul4uasIwHLpPJoK2tDVNTUzAajVAoFMhms4hEIjg6OiKhoNls
FkdHR1WPfHK5XOQ0GuC6HsnU1BS6u7vJRIzFYjg7OyML1HA4jC9fvuDFixcVPaAej4eEnQPX/TQx
MQG9Xg+JRIJisYhwOAyHw0Em/8XFBYxGI6+dSz4Ui0Wsra1R/T01NYXe3l7SN0xxs62tLRK2//nz
Z/zwww9lvc35fB6fPn0ifQ0Ak5OT6OvrI/fM5XIIBALY2dlBNBoFAGxsbECj0fAuZstUtx8cHMTg
4CD0ej1kMhmSySScTie1w+BwOEpCADs7O8lOfDwepxw8o6OjNwpv4+J2u3F8fEyuNRoNpqenYTKZ
oFQqkcvlEIvFcHJyQsJjmwVmd7erqws9PT1Qq9UoFAolUSbsXRepVEr6mq1oo9Eodnd3iZI/Pz/n
XZGcGR/A9RwxGo1QqVQVd/vqgRn/jLKSy+WYn5+n5Fcmk4HT6cT29jYJUf/y5Qt++OGHiqlVe3t7
1IJ1fHwcAwMD1Jzy+/3Y3t4moZVra2v4/vvvm75omFD9fXx8TDki+/r6MDIygvb2diIPQ6EQ9vb2
yNjc39+HwWCoeN9G94MQMvvw8JAy1icnJzEwMEDak3nGzc1NIn83NjbQ1dVVUY8LpbPq5S7sA6Eo
FovY3d0lbQ5c6xqhYMt+q9VKLdzZzo54PI7Ly0sYjUbBnuWuYC9otVpt2TnXLPql1cZyMpnE169f
yXV7eztmZ2fR1dVF5nc8Hsfx8TGxUSKRCHZ2diqebiSE/GMWruyTg2ZmZmCxWEj7p9NpeDwebG1t
IZfLEafw999/3/Qn7zDyVa/XY2JiAkajEWq1Gvl8nrQVu4yAy+UqKQlgt9tht9sBXPcB24kwMzPD
K9Xe4XBQNm5vby9GRkbQ0dFB9d3+/j7ZwDw7O4NarcbU1BSv38rXZmQTDocBXB/dPTIygs7OTigU
CtI++/v75L7JZBJv374lzsjR0VEMDAxAp9OhWCwilUrB4/Fgb2+PzNPDw0MMDAxUTJfK5/P4/Pkz
eQ6lUonp6WlYrVZq/LndbmxtbSGfz+Pq6goOhwMLCwu82qVZafkIDuBaObIN8VqVuNmvy2Syqrnb
LpeLDDa5XI4XL16gt7eX+j6JRAKj0YilpSWiwPL5PO+K5DKZDC9fvsTo6Ch0Oh0RzszZ6YuLi+S9
hUIBiUQCOp0OL1++hM1mI5NfoVCgu7sbz549I8ICuJ7ElbyU6XQa6+vr5JqpX8DNxdfr9Xj06BEe
P35M/hYIBKrutLENb4PBgIWFBbS1tZEdIolEgs7OTiwtLVGL7YODA967E7VgalcwPH78GOPj45TS
kMlksNlsePXqFTG6crlcxWiD4+Njqn7L0tISJiYmqHvK5XJYrVa8fv2ayv9eX18vSTepxpMnTzA/
P4+Ojg7SHxqNBqOjo5ienibvSyaTRIDdFfl8HltbW+Rao9HgzZs36OnpIYJTLpfDYDDg8ePHFfM5
75OFhQW8efMGw8PDsNvt6O3tpRZV4XCYUpqLi4sYGxsr2UVoa2srSe2op2q+SqXC69ev8fTpUwwO
DsJms6Gvr+/WIfWhUIgyshcWFkrkl1KpxNDQEGX0cYsBsrm8vCT5pQDw9OlTTE1NlcwpppYGM26j
0WjdhaDvGqH6Ox6PUzstAwMDePz4MTG+gGt52NXVhaWlJcoJWi5MFRCmHxots3O5HOUAHRoawsTE
BNWezDO+ePGCGpeVCk4KqbPq5S7sg0bDON9XVlZI3SLgWjbwSU276Xey01O4EYUajYZarHND3VuR
aDRKOXXKOSOaSb+02lh2u93EaSCTyfD06VMYjUbKeanT6TA7O4uRkRHyt/Pz84rRLELYrOzoOpVK
hTdv3qCvr49yLqlUKgwMDODVq1fUxgOzydXsdHd34/Xr1+jt7SVjVyaTobu7G0tLS5QzU4hNLr/f
TzmmRkdHSbpHub5jO3L39/frii6tZTOWo6+vD0tLSzCbzWS9xm4ftjOXGZszMzOYnp4mzjWmVsvw
8HBJjbJqa97T01OS/qdUKvH69Wv09/eXjL/BwUFKV56engpedFpoHoSDQy6XUx7B8/PzisKmWCxS
iqG3t7fqLmk2m4XFYoHFYsHIyEjVokI6nY5yLLAXwdUYHx+vuptus9lKiqRNT09XDNWSSCTUBM7n
81RoKJvz83Oy4JZKpZifn69aELO/v5+KeDk4OCgbcgaATCrg2hNe6b5yuZzKuWWKAjUCrje+WjFZ
plYGw8XFBamFwZDNZinHx/DwcNVdFKVSSXlBU6kUiTaqxcTERNXoIq6RWKmPhcLn81H9NDs7WzXV
ZWRkhHdu/V0wMTFRM1IonU6T+W+1Wqv2tUwmo+7n9Xp5O+oeP34sSI0KriFXrdaQ3W6n5Ewl+cUe
/4ODg1SKIBe9Xo/h4WFy3Syh+ZUQqr/Pz8+Jk1mtVmNmZqZiKoBMJqPkELOjzUWIfmi0zE4mk5R+
qOcZKznYhNRZ9XIX9sFNCAQC+O///u+Sf3/+85/xpz/9Ce/fvyeLUpVKhcXFxYZFTZbD5/ORNpdK
pWU3lbipxlzd20owufps2H3P0Ez6pVnHciXYEbRGo7HqLjq3Rhn7s2waLf+YQq0Ms7OzVdvVYDBQ
st/j8dxL29aDQqHA4uJixc0YpVJJrUcCgUDDNjAZ2HZ+R0dH1YgMiUSC6elpaiOA/flq8LEZuTAR
E5UiV2UyGeWAA66jr9m6kEtXVxflFKm0uZnNZqn08Vp18LiHWbS6o/lBpKgA104AZqcoGo3i6uqq
bOX0q6srKmSvVojf6OhoXQUc2ZOmVq4fA58K793d3WQQy+XymkVRuUK0XNRAsVikdteYNIhajIyM
ECdROp2G3+8v244ymYwYKbUMyu7ubrx48YJc13v6SzkikQi1MOATfsuuIMw4htgT3ufzUYZXNSHE
0NHRgb6+PtJmx8fHGBoaqvm5WoKUqcDMjOe7zpljK26tVssr9cZoNNa18yQkfE5OYgw+vrCdjoVC
AdlstmaaSVtbW13fUQ/cRXQ+n6+6GJyfnyeyotxzx+NxareOj7K32+1UmkAymWzaAlZC9HexWKQc
CiMjIzVPVWJOl2DmWDQaLdnlEaIfGi2zueOv1j0HBgaqLsSE1ln1chf2wU1gUs34MDIyIpj8YWDL
fHaEHxuTyQSZTIZ8Po9cLgefz1fVIdZs5PN5qqgle8Ohv7+/7CZWM+mXZh3LlWBHatSKilWr1ZSs
qiQzGi3/2JtZer2+rJOLS29vL3Z3d0mbulwuwSKrGsHg4GBNfc5eVOdyOeRyuYbY+MD1xh7bGT42
NlYzBVEul2N8fBxra2sArts4kUjUTAfiYzNy0ev1NSNxuU6H/v7+mrWQOjs7iUOu0oaw3++n7Lla
Ok8ikWBgYIA41TweD+/0nWbkwTg4mGJMTEf7fL6yjgP2okylUjU8z5M9KOspXlMLtjBob2+vOYG5
3sJywprrdeZbG6KjowMGg4E4XILBYNmJYzabScjf0dFRybnwbBQKRcOPJ2KHV8lkMl5KQi6X4+XL
l8TDzBXc7Fxyk8nEuyK03W4nRl4sFuMlTPnkiatUKuLgaNSuJF/YbdHb23tvR5vdFCFqQXDbgM9O
BZ8jhG8KV3Hu7u5iZmam4m+v5Wxl7xQwR1LzeQapVErSLKLRaNM6OOqFT38zxz0y8K198+jRI7Kz
w20vofqh0TJbq9VCrVYTY313dxcdHR0Vow+1Wm1VuSi0zhIaoeyD27Czs4OTkxM8fvxYkKOWE4kE
5Yyr1O5KpZLSk2dnZ03n4PjTn/5U92dMJhNmZ2cb8v3NpF/ueyxzow1PT0+rOnr52JeNln/scc9n
0Qpc2yX9/f0k/dDtdlPpyM0GHzu13HqkUQ4ObhoF33UE1+kXDodr2uRC1Q/jzlE+9hH7M5UcfOyI
JL7HxLNtRvbxyK3Ig3FwSKVSDAwMkDzn8/NzjI2NUQKlWCxSOXYDAwN1DdhCoYBQKIRAIIBwOIxY
LIZUKnXnC0s+8BGk3JSGcuehV8JoNBJjsVJ41PDwMJxOJ9mR+eWXX9DT00NC4YUunsT+fZ2dnbz7
upqRxw4XrCelgNu2sVis4b+/0WF/1WCOnmOoZ+y0MpFIBH6/H+FwGJFIBKlUqq6aKndNR0cH+vv7
idz79u0bfD4fBgcH0d3dTdV24QO7zwuFAt6+fcvrc+waEs0oLyvRiP7mpgnxPSq5mtNCqH5otMyW
SqWYmpoixQDD4TD+/ve/Y2BgAGazGQaDoS7jSWiddRuayT6wWCx4/vx52dcKhQLS6TQ5Zvzq6grJ
ZBIfP37Ey5cvG54qx17kyeXyqvrVZrMRB4fP50MsFuMVodOMMGkMIyMjvGVss+iXZhrLlbDZbDg8
PCSycG1tDWdnZ+jv70dnZydVO4MvjZR/qVSKcsbWI6vYzpt4PN7Si0ygccfdl4OdbsQ96acaarUa
er2e6BS2Tr1ruO1Tb3tVsv3Zzh+fz4dffvml5r24zko+UWLNyoNxcADXHirGwRGLxRAOhynvazgc
poxNvrs/wPXg2NnZafmiK2zYykoqldZV0JC9A8euws6mo6MDz58/x5cvX4igdzqdJGyvra0NVqsV
JpMJ3d3dDatsz8A2DCrtGNYL+7fWc09u27ZyfjFQujhqVQHIl2g0CofD0VSnwPBldnYWUqmUpEkk
Egns7OwAuN6RsFgsMJvNMJlMNQ04diRCLpe7UX5wMxnJlWhkf3N/byN2VIXqByFkdn9/P/L5PDml
J5fL4ejoiOQ9G41GMv5qRRAJrbNuSivZB1KplBwRbTKZyNHBzDHGjTzpqFgslhQXrTb+mYLxTD97
PJ660ibuC2YsqtVqGAwGdHZ2Uqdk1KKZ9EurjGWFQkFkFRNNenl5SdKSVSoVrFYrLBYLOWmwFo2U
f1wb77b24kO3sW4K287nG1HNwHZwNPNG1U1hr3dTqdSNUslawV6rxINycHDDUH0+H+XgYOdptbW1
8ap9AVzXTGBXM2aKZHV0dEChUFDGgNfrrfuc5PuC7amrN1yMbaRUKwhqNBrx448/4uLiAsfHx9QO
XDQaRTQaxcHBAbRaLcbHx9HX19cwRwf3LOxGwBaC9dyTT8pQK8H18jb70Z+3gTlxgG2wdHV1obOz
E2q1mvrt0Wi0oac0NALmaNi+vj6cnp7i4uKC7OTn83m4XC5STKqvrw+jo6MVd5saEYp8l5FGN6HR
/c2Vs43YzRKyH4SQ2UNDQ7BYLDg9PcXJyQnVtoFAgITSdnd3Y2xsrGLNgLvQWfXSyvaBQqHAo0eP
8O7dOwDX/ev3++va/KlGKBSidlhrpQXJ5XL09vYSZ+y3b98wMjLSNOmP//Zv/9bwlI9m0i+tNpa1
Wi1evXoFj8eD4+NjKiQ/nU7j9PQUp6enkMvlGB4exvDwcE2naKPk321sJO79Wt1eFBJ229Rrh7Ln
cqtvOpbjIf6menhQDg7gereIcXCcn59jfHycnIHMLnQ1MDDAS2kGAgFK4A8NDWF8fLyiNzaTydy7
0OcLWxjUOxHYwrtWvphCocDQ0BAGBwdxdXWFcDiMYDAIr9dLvjeRSGBtbQ3n5+d49uzZrY/HBOjf
16gcUaVSSZwc9dyT+14h6y7cBVxF0iz55I0mnU7j8+fPZJwajUbMzs5WdAD4fL6mc3AwdHV1oaur
C9PT0wgGgwiHw/D5fFS4/vn5OZxOJ+bn58sW1GIbXjabDUtLS3fy7HeFEP3NlUPFYvHWCzah+0EI
ma3VajE1NYXx8XGEQiGEw2EEAgH4/X7icAsGgwgGgxgaGsLMzEyJoX9XOosvD8E+6OrqouqkBIPB
hjk4uBEJv/76a12fj8fjCAaDDa+V1iw0k35p1bEskUhgs9lgs9kQj8fJ0eher5dEauVyOezv7+Ps
7AxLS0s167E1Qv7dxkbiHgve6vaikLDbpl47lO0caVRNkGaCXXNrdnaW16EID4kHN2vYOz/xeJyk
qYRCISoslW/lanbFdrvdjrm5ucY97D3DFgyFQqGuPD/2DhhfY1EikcBgMMBgMGBwcJDkeX779o2c
BR8MBrG+vt4Qg539Wxp1wohWqyUOjnrCvbjhb62usLjP/1A9xU6nk/SzRqPBs2fPWj5UlKmmbbPZ
MDU1hWQyCZ/Ph729PSSTSRQKBXz9+hV6vb6kICb7t3NrSzwEhOhvrpxtRIG1u+oHIWS2TCaD0WiE
0WjE6OgostksAoEADg8PSXj5yckJdDpdyfF5d62zavEQ7AOJRIK2tjYy7huVvpPL5aj0lJvicrke
rIOjmfTLQxjLOp0OOp0Ovb29AK7rM7hcLhwcHKBQKCCVSmF1dRU//PADr3a+jfzjyvh6bFDue1vd
XhQSdj/WK7vY7291u64cWq2WRNDdx0lH901jix40AdzjKplTU9ieZpPJxKtwVS6Xo3YgGKH5UOC2
QaWzwcvBPkHjpkdYSaVSdHd3Y3FxkcqzdbvddT1LJdi/LxQKlXjFbwL7t7KPoK0F9/e0auE0BplM
Ru0yNaK/GG5SKV4o2Kcu9fb2PkglqNFoMDAwgFevXlGGVLnFCXthyBTBawTNEoIuRH9z84K5hTJv
glD9UAshZLZCoYDNZsPLly8ph9rh4WGJzL5vncXmodoHjZqLfr+/IY7v8/PzB+tAbxb98lDHcnt7
OyYnJ/H06VPyt2QyeePIk3rkn0qlKpHTfGHXP9HpdA2JaH6osIt2h0Ih3rIinU5TfcK3+HcrwdaX
fr//Hp/kfniQbsHe3l5Sufvs7Ayjo6NUekpfXx+v+9xk173Z88vZ6HQ66mhdr9fLa6ckGo1SRe3K
HXvodDqJ8FCr1RgaGqp6z+HhYRweHpLreDx+65M52J/P5XIIh8M1j2gsFov49OkTMawnJiaoWi1d
XV0kRNTn8/E67hWgQ3WZXYZWx2g0kj52Op2YmJhoiHHcTPVK2LvjfHbdm2n+p9Npaleur6+vqmNN
p9NhaGgIBwcHAMo78Lh1izweDwYHB2/9rOy2vc9iX0L0t16vp1LbQqEQrwX2wcEB6YOenh5q0SFE
Pwghs/f390nYcFdXV9XISZlMhtHRUaysrAD4v6JobPkqpM6ql4diHxQKBWpB1aiC3MwON3BdH+2H
H37g/dlQKEQq/udyOfh8vqY7MrYRNIt+abWxHAqFqNN5xsfHq9ZfsNls6OjoIOO8nLOh0fJPIpHA
arUSe/H8/JxXPZlCoUCtVxqVLvZQYevCQqGAQCDA6whwtnMRqH5qWatiNBpJfbVwOIxwOMy79uRD
4MFFcADX5yAzwi6RSODw8JAYRFKplPc5ydz831qhwKlUqiEhmXeFRCKhcrJOTk54hXixF01KpbLs
sW/JZBL7+/vY39/H3t5ezegJIXYuOjo6qIUEn74Jh8NwuVzweDzweDwlz2WxWCjlzycfNhqNUt/9
UPLg2PMoFovV3BUpFou8dk4UCgXVxrWO72IMYCFgG021qsoXi8Wmqr8hlUormzUhAAAgAElEQVRx
eHhI5iF7B7sStRY3HR0dlBG3v7/PyyGRSCQoo40Le4cqHA7XdGqxi8k1EiH6WyKRUM6Ho6OjmrnC
uVwOx8fHRA5xjXch+kEImR0MBsk9mZMIqlFrp1JInVUvD8U+8Pl81NhphAGcTCaJYQ1c1zyrh87O
Tuo5qsmOVqZZ9EurjeV8Pk/kyv7+Pq+ouFppaULIP7ZTLhKJUE6ZSjidTkqm2e32mp/5LaPX6ynH
OZOOVI18Pk82coBrB9hD2HTkwl3r7u/v83JM+ny+uiLUm5UH6eBQKBTUbhdzdCxwLXD4hntxQ8wO
Dg4qGpGJRAIrKytUqHAjUiKEpq+vjwjqfD6P9fX1qsa30+kkFc4BYGxsrOzOA3tXLZ1O4+zsrOpz
cBeo9Zw3Xg12DvfZ2VlVIzubzWJ7e5tcW63WkudQKBQYHx8n14eHh1WVVjabxdraGrlWq9UPJvyT
m+q1tbVVNVT+6OiIMnorIZFIKMF8enpaMewwn89jZ2enoSkybNgOMqfTWfE4TmbucB049ykDmNB/
hqOjo6qL4Hw+T82PclEGUqmUGv/JZLKmzEgkElhdXcWXL1+wtbVVtk3Yi/VCoVB1noZCIWxtbVV8
/TYI1d99fX2U0505prccxWIRu7u7ZC4plcqSKAUh+kEImc0ef9Xak4Ed6cYcu8lFKJ1VLw/BPojH
41RhSblc3pB6F1ydyLfmGRt2kWOv11t10Z1IJBpWZ+suaRb90mpjubOzk3IwHB0dVV24JRIJKkS/
XDqCEPKvu7ubcqZubm5WHcfRaJTSbVartSHRZg8dtp0fCoWwv79f9f0Oh4PaOOPWenooMFG5DG63
m4o6KkcgEMDq6io+fPjQ8o7lB+ngACp7PevxhnJ3ixKJBJaXl+Hz+ZBKpZBOpxEOh3FwcIB//OMf
JcqpFRSuSqXC/Pw8ufb5fPjw4QNV2R64/u17e3v49OkT+Vt3d3fFaASDwUAZKOvr69jY2CiphZFK
pXB8fIwvX76QvxmNxoaFi9ntdmqx/PXrVxweHlLKOZ/Pw+v14v3792SXWyaT4dGjR2XvOTw8TBkm
q6urODg4oLzuhUKBtCXbEzo/P/9g6jhIpVJMT0+T63g8jnfv3sHlciGdTqNYLCKbzeLy8hJfvnyh
nEe1YO98xGIxfPz4EX6/H7lcjhQLc7vd+Pjxo6BRE9yw6JWVFVxcXCCRSCCTySAajeL8/Bz/+Mc/
yu5o3ffpMmNjY2R3LhqN4t27dzg/P6dkExPWubq6So3VSo44u91OveZyucrKjEwmg7OzM7x9+5ac
1JJKpcqG6BoMBsrJsbGxgb29PSQSCTKOrq6usLe3h/fv3wuWxiJUf+v1ekxMTJDr4+NjrK+vU0ZW
sVhEOBzGp0+fcHR0RP4+OztbdkHe6H4QQmb39vYSJ2ihUMCHDx9weHiIWCxGFiTFYhHRaBSbm5uU
8TU8PFz2+EWhdFa9tKp9UCgUEI/H8e3bN7x9+5bSWxMTEw1JUWEvDm022402LLih+dwTWRi+fv2K
v/3tb/jLX/7ScgZ5s+iXVhvLMpmMsj3Oz8+xvLwMr9dLRf9ls1m4XC78+uuvpK0UCkXZKG6hbNa5
uTkSkZpMJvHu3Ts4nU5q0yabzeL8/Bzv3r0juk2hUGB2drbsPbPZLP7jP/6D/OMTnfmQMZlMlJNi
b28PX79+LYmKKqdfx8fH0d3dfWfPetdMTk5SG5E7Oztl2yYej2N3dxfv379HLpdDPp9v+dpHD7IG
B3BtyLCPPgNuFpo6ODgIt9tNDP/Ly8uKR50x1eEZL3sqlUI2m23644fsdjump6fJAvTy8hIfPnyA
VColp4ZwFxQGgwGLi4tlDVCGmZkZKvf55OQEJycn5L6pVKokFF2tVlPG622RSCRYWFjAx48fEYlE
kM/nsb29je3tbWg0GsjlciQSCcpQkMlkePbsWcWiQzKZDE+fPsXy8jIikQgKhQJ2dnaws7MDpVIJ
pVKJRCJRsqsxNzf34PIprVYrxsfHicc8Ho9jdXW14vvZebDVsFgsMJlMZNeFGZOVYOflNxKj0Yjh
4WES4p5KpfD58+eK77dardTuZSqVuteCsh0dHVhYWCDGWDQaJf9XKpVk/HMZHR2tmMonkUgwNzeH
bDZLZB3TPzKZDFqtFtlstiSax2w2Y35+vqyDQyKRYGpqCsvLywCuF2G7u7tU9B2bVuzvkZERRCIR
Upvg27dv+PbtG5RKJVQqFdEXbKampio6moToh0bLbLlcjqdPn+L9+/fIZrPI5XJE/srlcqjVaiST
yZKFGtMPlRBKZ9VLs9oHXq8X//mf/1n2tUqL4sHBwYbsZDJHADPwrXnGRaPRwG63k6i/09PTkhoG
kUiEcqbs7Ozc+Pvug2bSL806livR19eHcDhMNji8Xi95Hq1Wi3w+X9bx8vjx44pOPCFsVr1ej6Wl
JaysrCCXyyGVShGnKxM1w9Vlcrkc3333XcMimX8LTE1NIZ1OE/16dnaGs7MzomfK9V1/fz8VCfkQ
USqVePbsGVZWVkj0ENM2CoUCGo0GiUSipG3GxsZaPp3+wUZwyGQyyhsLXA/maoWIyiGXy/Hs2bOa
IZYdHR14+fJlyYAQKnS+0YyOjuLZs2dUmGKhUEAsFisxFAcGBvD8+fOaOY0KhQIvXrwoyb9l7sud
UGazGa9evWr4glCj0eD58+cluyXJZBLRaJQy+AwGA16/fl2zv7VaLV68eFEyxjKZDGKxGOXc0Gq1
WFpaqlm0qlWZnJysGO3CIJfL8eTJE94CUyaT4cmTJzXr5cjlciwsLFAVzRvN9PR0zfsrlUo8efIE
jx8/pv7ONvTvi76+vrLzNZPJlDg35HI55ubmavanQqHAs2fPMDExQcnUfD6PaDRasqgeHR3F0tJS
VQPYarXiyZMnNWW00WjEq1evqr7nNgjV31KpFAsLC5iYmKAW2cxOLdu5wRgltYyvRveDEDK7o6MD
b968KQm1zuVyiMViJQvuoaEhLC0t1Sx0KITOqpdmtg/y+XzZf1yUSiUWFhYwNzfXkCLR7EgLuVx+
q3onbOdeLBYryQvnjpFm30wqR7Pol2Yey+WQSCSYnZ3FzMxMic4ol7Kk0+nw4sWLqgUohbJZTSYT
Xr16VRIpkEwmS5wbRqMRr1+/ftBRBUIgk8nw+PFjPHr0iBoPjJ5h9x0TATQ/P1/3mrAVaW9vx6tX
r0o2S7LZLCKRCNU2jK1eywZsBR5sBAdwbTCzc7FuunuuVqvx3XffEQ9xMBhEMpmEWq1GR0cHbDYb
rFYrZDIZstksFYp83yHq9WC322EymeDz+eDz+RCJRBCLxaBUKqHT6WA0GmE2m+sqQqZQKLCwsICh
oSH4fD4Eg0HEYjGk02koFApotVp0dXXBbDaju7tbsOMiNRoNnj59iuHhYfIcTBgo+xksFgvvHT61
Wo3Hjx+T3xYIBBCPx5HJZKDX69He3g6z2Qyz2dyShhdfJBIJxsbGYLFY4HK54Pf7EYvFIJPJ0NbW
BrPZDLvdDo1GQ4XZ1lIs7Hnn8XgQDAaRTqehUqnQ1tYGk8kEm81Wct9Gw6Ti9PT0wOVyIRAIIBaL
QS6Xo62tDVarFTabjewKzczMkMVqs/S7xWLB7373O3i9XgQCAYTDYRJlpFarYTAYYDQaYbFYeIeo
y2QyTE5Oor+/H16vl/R7MpkkbdPd3Q2r1co75ayvrw/d3d24uLiAz+cjKRxarZbkM5vNZkGPlRWy
v5k26+3thc/ng9/vRzweRzKZhEqlgsFggNlshs1m4z12Gt0PQsjstrY2vH79Gn6/H4FAAJeXl0T+
qlQqtLe3o6urC1arta7j+oTQWfXSavaBWq2GWq1GZ2cnuru7G6qf8vk8JYv7+/t5nchRCZPJRJ1A
5HK5qIWfVqvF3NwcDg4OoFKpMDMzc/OHvyeaSb+02liWSCQYGRlBT08PsRGurq6QTCZJ1EVnZydM
JhNMJhOvsSiUzWowGPDq1Ssi90OhENlgYO7JPGete3LbulnsjPtGKpVibGwMPT098Hq98Pl8RL9q
NBro9Xpik//WomM0Gg0WFxcxPDxM9DCzXlEqlejo6CA2daNO0rpvJJlMpvnOLRMREXmQHB4ekrDy
eo8OFBERERERERH5LRMOh/Hzzz+T63/9138VnRwiIhwebIqKiIhI88Guv3GftSlERERERERERFoN
dpFXu90uOjdERMogOjhERERuRbVjXNkkk0kqP7sRxxGKiIiIiIiIiPwWKBaLVBpYpSLUIiK/dUQH
h4iIyI1xOp1YW1vDp0+fSgoassnn89jY2CC5ozKZrGYxMxERERERERERkWvcbjeJhDWZTA/uZD4R
kUYhOjhERERuBHOUJwD4fD78/PPPOD09pRwduVwOPp8PHz58oI63m5iYaPiJBiIiIiIiIiIiDxWm
8LZKpcLs7KygBbdFRFoZscioiIjIjbm6usLHjx9LojcUCgUUCgVSqRR1ZC5wfVLG48ePRcUsIiIi
IiIiIlIHXq+XnLolIiJSHtHBISIicisSiQQcDgcuLi6qvk8ul2NychLDw8Oic0NERERERERERERE
pOGIDg4REZGGEIvFEAwGEQgEEIlEkEgkoFar0dHRAaPRCKvV+mDO1xYRERERERERERERaT5EB4eI
iIiIiIiIiIiIiIiIiEjLIxYZFRERERERERERERERERERaXlEB4eIiIiIiIiIiIiIiIiIiEjLIzo4
REREREREREREREREREREWh7RwSEiIiIiIiIiIiIiIiIiItLyiA4OERERERERERERERERERGRlkd+
3w8g0tzkcjnEYjFy3dbWBplMdo9PJCIi0qrEYjHkcjkAgEKhgE6nu+cnEqlFsVjE1dUVudZqtVAq
lbe6ZzQaRT6fBwAolUpotdpb3U9EpBai7BERERH57SA6OESqEo1G8csvv5Dr3/3ud2hra7vHJxIR
EWlVHA4HXC4XAGBgYAALCwv3/EQitcjlcvj555/J9XfffQer1Xqre25sbCAQCAAAJiYmMDk5eav7
iYjUQpQ9IiIiIr8dRAeHiIiIiIhIDWKxGHw+Hy4vLxGNRpFMJiGVSqHRaNDW1obu7m6YzWZoNJr7
flSRB0o2m0UgEIDP50M0GkU8HgcA6HQ66PV6mM1mGI3GW0fYiIiIiIiItDKig0NERERERKQCqVQK
DocDZ2dnZV9Pp9MIh8M4Pz+HTCbD8PAwxsfHIZeL6lWkMRQKBVxcXGB7exuZTKbk9VQqhWAwiNPT
UygUCkxNTaG/v19MJxURERER+U0iWmAiIiJNTSaTwX/913+R6+fPn8NisdzjE4n8VohEIvj48SOS
ySSv9+fzeRwcHCAYDOLZs2dQq9UCP6HIQyeXy+HLly9wu9283p/NZrGxsQGv14vFxUUoFAqBn1BE
RERERKS5EB0cIiIiIiIiHFKpVIlzo7+/H729vWhvbycRGplMBldXVzg9PYXH4wEAXF5e4uvXr1ha
WhJ30UVuTD6fx8rKCvx+P/mbRqPB0NAQuru7iQMtlUrh8vISJycnSCQSAACv14vl5WU8f/5cjCYS
EREREflNIWo9ERERERERDgcHB5Rz48mTJ+jr6yt5n0ajgUajgdVqxeHhIba3twEAPp8Pp6enGB4e
vrNnFnlY7O3tUc6Nvr4+TE9PQ6VSUe/TarXo6urCwMAAdnZ28O3bNwBAMBjE3t4epqen7/S5RURE
RERE7hPpfT+AiIiIiIhIM5HNZnF6ekqu+/v7yzo3uIyOjqK3t5dcOxwOcjSliEg9XF5e4uDggFz3
9PRgYWGhxLnBRqFQYG5uDv39/eRvh4eHCAaDgj6riIiIiIhIMyE6OERERERERFjE43Hk83lybbPZ
eH92cHCQ/D+Xy+Hy8rKhzyby24CJwgAApVKJmZkZSKW1TTaJRIJHjx5RjhC2s05EREREROSh8+BS
VEKhEPx+PwKBAOLxOHK5HLRaLTo6OmA2m2E2mwXPR726uoLb7Ybf70c0GoVcLodGo0FXVxdMJhPM
ZnPVz2ezWfz5z38m1//0T/8EvV6PfD4Pj8cDj8eDq6srJJNJaDQadHd3w2azwWQyQSKR8H7OdDoN
l8sFj8eDaDSKQqEAnU4Hk8kEq9UKg8Fw4zZgP+vl5SUymQy0Wi05ys5isdQswLe/vw+HwwHgeoGx
tLSETCaDs7MzuN1uRCIR5HI5/Pjjj2hvb694n9v2B5dCoQCfzwe/349wOIxEIkHajjkq0mg01tUX
hUIBfr8ffr8foVAI8XgcUqkUWq0WnZ2dMJlMdfdvvRSLRfj9fng8HgSDQSQSCahUKuh0OhiNRpjN
ZnR0dFT8/NbWFo6Ojsj1mzdv0NXVVfH9gUAA79+/J9cDAwNYWFgAAPz666/w+XxlP/fx40fq+ve/
/z20Wm3V39boOcn8Nr/fj/Pzc4RCIcRiMeo3AIDf78eHDx8AAGq1Gn/4wx8AXOfMu91ueL1eRKNR
5HI5Mvd6enqqjudyNMP48fv9cLvdpC3UajU6OjpgsVhgt9tvVYviruU6N+qinmM3uX3H1ESoRLFY
RDAYJEfQJhIJZLNZqNVqGAwGGI1G2Gy2ms9wV3qjGvl8Hqurq/B6veRv9RQF9vl88Hg8ZAwplUp0
dnZWHUOJRAJ/+9vfyPX4+DimpqZqftcvv/yCUCgEADCbzXjx4kXF90ajUSIXY7EY0uk0lEol2tra
YDQaYbVaodfref1GPiQSCZyfn5PrsbGxugrWqlQqjI6OknSp8/NzTE5OlpWTHo8Hy8vLAK7Trf75
n/8ZABAOh+HxeMick0gkRH/bbDbodDrqPtlsloyzWCyGRCJBZKzFYoHFYuHloLkJQsme2+rE25BI
JOB2uxEIBBCJRJDJZMiYY+ZurTHndruxsrJCrn/66aeabfG///u/iEajAICpqSmMj4/XfNa7nh9c
GmFvNss8SKfT+Mtf/kKu/+Vf/gVKpRLxeBxutxs+nw+xWIzYnIx+4GOvN8KmFmJOhEIh0nfxeLxE
/1mt1qqRa+WesRE6VaS1eTAOjlQqhZ2dHcooYMhkMgiHwzg9PYVWq8XMzExdO3J8yWazcDgcODk5
Kfl7MpnE5eUlDg8PYbFYMD8/D41Gw+u++XweoVAI6+vruLq6ol6LRqOIRqP49u0b+vr6MDc3x8vQ
d7vdWF9fRzqdpv6eTqdxeXmJvb09jI2N3ei0Cq/Xi42NjRLDPhKJIBKJwOVyQS6XY3Z2lgqlrUY+
n0c0GsXy8jLi8Tj1WiXjXIj+CIVC2NzcJIYxm0wmg1AohMPDQ5jNZszPz9dceAPXCnRzc7PsTm8y
mUQwGMTh4SGMRiNmZmYEMahisRg2NjaofG/geqEXj8fh8/mws7OD0dFRTE5OljWSxsfH4XK5SN0C
h8OBly9flu2fQqFAjG/gevHPZ1FSL0LNyUKhAIfDgf39/bqeBQCcTic2NjZKjntkxs/+/j6mp6cx
OjrK6773PX4ymQw2NzdxcXFB/T0WiyEWi8HpdGJ/fx9Pnjyp+973Jde5J08kEomqzjruZ7///nty
Xc0wqzTvmNdisRguLi6ws7OD2dlZKv2lFkLojWoUCgWsra1Rzo0nT57w0iGpVAobGxslJ4Xkcjkk
Egk4nU4cHx/j6dOnJQsKrVYLi8VCvvfi4gKTk5NVnTbxeJyS4T09PWXfV0l+sJ/N6/Vie3sb4+Pj
GB8fb0hR2XA4TF1brda672G1WikZe3V1VVMfZbNZ5HI57OzslP3NyWQSfr8fe3t7mJ+fJ+PR5/Nh
bW2t5LQhZpydnp7CaDTiyZMnvGUsH4SUPY3QiTehWCzi6OgIDocDhUKh5LuZMbezs4OxsTFMTEzc
WyHj+5ofbISwN5tpHmSzWZyfn8PhcFBRhcD/2ev7+/sYGxvD5OQkbyfiTWzqRs+JTCaD7e3tskew
s/WfXC7H3NwcrzRRIXWqSGsh+/d///f/774f4rYkEgl8/PixZEDL5XKoVCpqNy6bzcLpdEKlUqGz
s7Nhz8BU3Geq6DNoNBrIZDJKMMXjcQQCAdhstrJGZaFQoHJvdTpdidCUyWQoFovU5yKRCLLZbE1j
yOVyYXV1tURYSqVS6p6Xl5cIh8OUE2RoaKiqwf7t2zd8/vyZLOYAkN3yQqFA7l8oFODxeKr2QzAY
RCAQIM/mcrkQi8VK3lfumRrZH+zn+fXXX0sUqUajgUKhoMYZ4223Wq1VvcR+vx8fP34sUTBqtRpS
qZR6TsbQ7+rq4uU44cvl5SXev39Pdm2A6/bWaDQoFouUkXV5eYlkMgmr1VqiBGUyGbRaLZxOJ3le
vV5fdifg7OyMCsFeWFigxkEqlYJer0dnZyfa29upBZrFYoHZbEZnZyeJTijXb0LOyXQ6XVYpGwwG
av6xd2KLxSKUSiXW1tao7y43l/1+P3Q6XU1nxH2Pn2w2i9XV1ZI2Bujflclk4HK5kMvliGzgthWX
+5TrCoUC3759I+0Xi8XQ09PD2zhXq9XkX6VjOsPhcMm8A67lfVtbG3K5HJl7+Xwebreb7ECVQyi9
wb1vb29vyW5ssVjE9vY2lQoxMzNDpeuwOT8/J3JUo9Hg+PiYyPpKz5lKpRAMBtHb21vWiGecI9ls
FmazueoCgtlhZZibmyvpp0wmg+Xl5RKni1qtJjKNPQaDwWBF2VgvZ2dnxGGp0Whu5PxVKpU4PT0l
z6jVamEymUrexzgCgOu+jkQilMOgXF8UCgW43W6YTCaEw2EsLy9TbVHuM4lEAqFQqGL/1YuQsqdR
OvEmbG9vY29vj2o/xoYq992JRKLid7P7FrjehKjV9icnJ8T5bjKZ0N3dXfZ99zk/GBppbzbLPMjn
8zg8PKTef3x8TN2Ha6sD12OBkX2V2vc2NnWj50Q2m8XKykrJ/FWr1VCpVCX953a7a+r3RutUkdam
5SM48vk8Pn36hEgkQv42OTmJvr4+YsTncjkEAgHs7OyQgb+xsUEq3zfiGT5//kx2XZRKJaanp6nF
bTqdhtvtxtbWFvL5PK6uruBwOKhw9kowuzAmkwljY2MwGAxQKBTIZrPw+/3Y3NxEKpUCcC3wh4aG
KoaXxeNxfPnyhVzLZDJMTU3BZrMRQZVIJOByubC3t0e1ay08Hg/W19fJtd1ux9jYGDo6OiCRSFAs
FhEOh7G3t0d227a2ttDd3V0zJJ8tsHp6emA0Gskih+tAEKI/0uk0VldXifJSqVSYmZmBxWIhhjGT
8rO9vY18Po9kMonPnz/j9evXZRVZLBbDysoKuSeTZ22xWKjn9Hg82NraIgbaysoKvv/++4YsUhOJ
BFZWVijDb3JyEkajkSzm4vE4Tk5OSPrJ+fk5TCZTWW+6zWZDb28vMQx2dnaoNgL+b1eewW63l+yg
jo2Nkf8zIZQMQ0NDNXeFhZ6TTPqMRqPB4OAgtFotpFJpzQXw5uYmgOs6DYODg9Dr9ZDJZEgmk3A6
ndSuncPhqBpe3QzjZ29vj1qYmkwmjI+Pw2AwQC6XI5vNIhgM4ujoCIFAgDJEq3Hfcl0mk2F0dJSM
02g0io8fP2J2drYhDpRsNotPnz6RhYRWq8XU1BSsVitxsDFhtpubm6Qdtra2YDabefVdI/VGLfb3
93F8fEyux8bGMDIywuuzjKzQ6/WYmJiA0WiEWq1GPp9HOByGw+EgRTKvrq7gcrlKdmLNZjPltPT5
fFUjbthGtdVqLesMYUdFSaVSMv7Yoe7RaBS7u7twuVwArmWjzWa7dSQR26HLN3KoHF1dXeTZ+Opy
r9dL+sJkMhFZwkT8sHe0v3z5QjZArFYr0fdSqRSZTIZEgzK/5/LyEm63uyG7pkLJnkbrxHrweDxU
mmdPTw8mJiag1+spG8rhcBDH78XFBYxGIwYGBm713fVyn/MDENbeBJpnHjCyamJiAj09PdDpdJBI
JEilUiQ6hrEBTk5OYDKZeLVvPTa1EHOCW/x4cnISAwMDZPzk83mipxhn+MbGBrq6uspu/NyFThVp
LVo+guPo6IgKX15aWsLg4CC1oJJKpdDr9ejp6UEgECBGXTAYRH9//61D5r59+0Z2o5VKJV6/fk0M
Lga5XA6DwQCdTkeE/dXVFWw2W0luIHfHDACGh4fx5MkTsiACro3wtrY2dHV1UQtAvV5f0Sja3Nyk
jKcXL16gt7cXCoUCEokEEokESqUS3d3d6O7uhsvlojzFlSI4GG8+I2hHR0dJyD/jwZVIJGTx4ff7
kUqlUCwWkc/nywpktrcZuHYqvHjxAqOjozAYDGhra0NHR0fJjnuj+wMAdnd3iUEhl8vx8uXLsvfs
7OyEwWAgRjsTiVBOIH/+/JkoGZVKhTdv3sBkMpV9TrPZDKfTiUKhgHw+j0Qi0RAj8evXr8QJYDQa
8fz5c7S3t1MOGaVSCbPZjGw2S8K6Q6EQhoaGyjpuOjs7cXZ2hkKhgFwuB6lUCqPRSF53OBykX+Vy
OZaWlirucgOlOxrldpC53MWcHBwcxPPnz2EymdDe3o62traS5+Lm0gPXYfvj4+MkygK4jhjo6uqC
QqEgzpNcLldV8d73+AmHw/j69Su5ZnJ6dTod+V0ymYzI3mQySS2yqu2iNoNcNxgMCIfDJDomlUrh
9PQU8Xgccrmc6r96ubi4IL9PLpfj9evXMBqN1P0kEgm0Wi3MZjNOT09RLBZRLBah0+nKOlmE0hu1
IjhOTk6oVIiBgQHMzMxU3aVlR3AAQHd3N168eIGuri4iz5kaMlarFU6nk9oZ5Y5dmUyGWCxGxlcy
mcTw8HDZZ8hkMlhfXyd6bWJiomTBw6R9MTx9+hSDg4MlukalUlH6jGmvSikvfDk4OCCGOhOxdhMu
Ly+JzJbL5WUjari7/O3t7Xj58iXpC8YuUKlUsFgsZJEAXC8qisUienp68PTpU+LolUgkkMvlaGtr
g91up/qvWCw2tewRQifyZWdnh+yoGwwGLC0tlbWhbDYbiYgArherQxodp2AAACAASURBVENDJeNd
qAiO+54fQtibzTIPuPaOVCrF8+fPMTAwAJVKRZ5DoVAQ3X5xcUHkWTgcxuDgYFnZd1ObutFzIpfL
4dOnT2QzZ2hoCNPT09T3MvrdYrHg/PycvFcqlZbd4BJCp4q0Ni19iko2m6UMr+Hh4aqeS6VSSe3O
plIpSqDd9Bn29vbI9ezsLNra2iq+3263UxOJWVhVw2g0Ynp6uqJi6urqohaQ3PxdhkQiQYXcjY2N
lQ1Z5X4vH87Pz4mybWtrq5oDLZfLqcJV5+fnRPlV4/HjxxXDJRmE6I9UKkV566enp6uGtJnNZgwP
D5Nrbn4wAFIAif2c1RbtBoMBMzMz5JopxHcbgsEgCS+VSqVlw7TZjI6OkkVSKpUqm+MIXEc1sJ/1
4OCALMRDoRC10zs9Pd1wz/ldzMnu7m7Mzc3VvYiemJiousvHNXjKhY8CzTF+uOG7s7OzFWUU8zq3
fkI5mkGuA9fP/PTp05Kd0YuLC/z666/461//io2NDXg8Ht67wwzZbJYUnBsZGanadzqdDna7nVzz
7bdG6Y1qMPVkGGw2G2ZnZ+sKQVcoFFhcXKyY+qhUKqmFeSAQKAnPBkC1USKRqPh7gsEgZSyX04Hp
dJr0j9VqrTr+ZDIZNUa8Xm/Z56sHdlrRbWqjsD/LrQtQiZmZmaoFGYeGhqhrmUxWdZwplUrqM5X6
rx6Ekj1C6US+sBefPT09FfteLpdTUY7xeJx3/zaC+54fd2FvNss8mJqaqurgNBgMePToEbmOx+O8
T+7iY1MLMSeSySTlsK7m8NLr9ZQ9za7xxOYudKpIa9HSDg6fz0cZluxJUImOjg5qgcFebN0Ev99P
vN1KpbJmaJhEIqGEfbn8US7Dw8M1ve7sBXcl4c1WngB4hTTyzU1j11MYHh6uufCzWCyU8q4lYNra
2ngVqxOiP/x+PzGI5XI5r90H9vcGAoGSYmHsBZher6eEbSV6e3sphctnIV4Ndu6s3W6v6gQAQHaO
GKop0b6+PqKUC4UCdnd3USgUqNQUo9HIu+hXPdzFnBwZGblRHnGtOcdUnmfgFgFmuO/xUywWqd3/
gYGBmkXTFAoFrwKnzSDXGRQKBRYWFvD8+fMSWZjJZHBycoLl5WX89a9/xdbWFm8nwejoKJ4/f47n
z59jcnKy5vvZTkA+xjnQOL1RCa/XS6U7Go1GPH78uG6n3+DgYM2xw54TuVyu5JQb4Hq3mW14VzqF
iW1w22y2so4Vi8VC+ue7776rOdfZ86pQKNTt8GJTLBZL8vhvCvuz3KLGlag1R9VqNTUeK6X4sGEv
Nir1H1+ElD1C6kQ+sPurVhsxUU/Mv2qLzkZzn/MDEN7eBJpnHtQag8C1bme3AR9HG1+bWog5wR0v
tdphYGCAjPO5ubmy77kLnSrSWrS0g4Odv2UymXh56AF6p4c5xummsJ0GVquVlzHCFhDM8V/V4BPy
yFZule7HNr47Ozt5t1ctmMrEDHxyhrlpC9yiQFz47mIJ0R/cccbHkDAYDEQgf/fddyWvsxfR/f39
vBbLMpmMcghwi3vVC3uBWy2Shw070qGakSCRSDAzM0Pa3+Vy4evXr1SBq2q7brehWebkTT/HXnBV
Uvz3PX6Yo9wYbhpCX45mkOtcLBYL/t//+38kpa9cyO3R0RF+/vlnfP36taHfDdAGIbc4dCUapTfK
cXV1RYUYt7e34+nTpzdaZPF5Tu4cLjcvuOP7/Py8bFFAtnOQj2OQD9z5d9sd6maHvWDlc/wnn/7j
i5CyR0idyAf2bzk6Oqp6P4VCQY7INpvNd+rgqJdGzo+7sDf5cp/zgA13I4ePo52vTS3EnNBqtVTb
7e7uVnUyMGklzL9GcBOdKtJatHSRUfbEqRVmxYabbxuLxW4cJs+uZ+Hz+fDLL7/U/Ax3MmWz2Yae
x1xJebBzUG9TuIwL9wSHr1+/8lpwsT9Xaae6XoToD/Y9+Ua0yOXyioI4lUpR4aT1FPZjf388Hkcm
k7nR2Emn09QzHBwcULsi1T7HUGsRx4SOMvn57LDiycnJGxc0rEUzzsmbUm4uN8P44fY9n10mvjSD
XC+HRCIhBtbs7CwCgQA8Hg9cLhc1fs7OzuD1erG4uMjLICwUCgiFQggEAgiHw4jFYkilUg0zfvnC
d9GRTqepwnYymQxLS0tVT9e6LXyjpaxWKylyF4/HcXV1RY35UChEHDkymYxa9FQjEonA7/cjHA4j
EokglUrV5RCqByZvn2nf2xjf7M8K1T98+qZRp2YAwsmeu9CJtRgeHobT6UQ+n0cul8Mvv/yCnp4e
2O12GAyGpi2EeJfzo5nsTTZ3PQ+4sGu/NSrlQqg5IZVKMTU1RerohMNh/P3vf8fAwADMZjMMBsOt
7K9m0aki90tLOzjYE6darhwXrqK/TbgcW2imUqkbhTrd1aRjC5162qsW3Pa7SS53o9pAiP5gj7NG
LHq57XXbsXuTZ+I+Q6VaD9XgYyQMDQ3B5XJRCtdgMPBKO7gprTQnb0IzjB/uoquRzqBmkOu1UCqV
sNvtsNvtmJmZgdfrxeHhIXEip9NpLC8v49WrV1WLl/l8Puzs7FBOuWaHOZGHgTmBqFERgbeBOQKZ
GUM+n49ycLBDt+12e81xG41G4XA4bh0tVy8ajYbsMt9GFrHnaSN1/n0ilOy5K51YjY6ODjx//hxf
vnwhC0un00mijtra2mC1WknxTyEiIOvhPuZHM9mbzQRb/2WzWRQKhVuPDyHnRH9/P/L5PDl1kImC
ZBzURqMRZrMZJpOprmNcW1GnighDSzs42B7ievJUGxkmJqQR3Whu2l614NaXuAmNCukVoj8a3W5c
A62ee5YLjW/EMwh1D5lMht7eXsrB0dPT09Dxx6WV5uRNaIbxw/1cIw3tZpDr9aBUKtHX14eenh6c
nJxga2sLwHU/bWxs4M2bN2Xb5/j4mDqJgCl42dHRAYVCQf0er9dbsbjaXVOuXdfW1tDR0XHvTg6p
VIr+/n7s7u4CuI4aGxsbIzun7HDrWrV5AoEAdTQicO1A6ezshFqtpvonGo1Shahvi1qtJg6O2xSP
ZH9WyAibu0Qo2XNXOrEWRqMRP/74Iy4uLnB8fEwtKqPRKKLRKA4ODqDVajE+Po6+vr57cXTc1/xo
JnuzmeDqv0Y4OISeE0NDQ7BYLDg9PcXJyQk1lgKBAEk37u7uxtjYWM2aIa2qU0WEoaUdHEqlkhjD
9UxE7ntvU6VcKpUSgTs7OyvozvRtUSgUN2qvWnDD7n766SdBF7DVEKI/2OOsEcqV2zb19AX3+286
drl99ubNm4amLTGkUinqRBMA2N/fR09PT82CXDellebkTWiG8cP9XCOMKYZmkOs3QSqVYmRkBLlc
jiyww+EwQqFQSapNIBCgDLGhoSFydHA5MplMUxljUqkUjx49gsPhQD6fRzabxfr6Op4/f37vu8oW
i4W0fzQaJWkqkUiEOA3kcnnV9JR0Oo3Pnz8Tg9toNGJ2drZiOpjP52uog6Ojo4NEm9ymcCX7s3yK
bLYCQsmeu9KJfFAoFBgaGsLg4CCurq4QDocRDAbh9XrJmEwkElhbW8P5+TmePXt2pw6s+5wfzWRv
NhNc3d4qc0Kr1WJqagrj4+MIhUIIh8MIBAJUcf9gMIhgMIihoSHMzMyU/W2trlNFGk9LFxm9aRVc
bm7gbQzhVqrEy15QNjIHkdt+QuVe8kGI/mDfsxG/jVsMrJ6+4L73pmP3Ns9QDzs7OyVtls1mqdNU
Gk0rzcmb0Azjh2tQNnLO37dcz+VyuLy8JP/qnRvcY4DLhcqyT3mx2+2Ym5trqRSCxcVFjIyMYHZ2
lvzN7/fj8PDwHp/qGoPBUDYthV28tqenp2pRRqfTScaeRqPBs2fPBKsZVA728yeTyRuFhsfjcWr+
1BPm3cwIJXvuSifWg0QigcFgwODgIBYXF/HHP/4Rr1+/po4TDwaDWF9fv9Pnus/50Uz2ZjPBHq8K
haIhDo67nBNMTSTmNJQ//vGPWFpaohwqJycnFR1lra5TRRpPSzs42LnN9exysIttAvyqH1eC/dnb
noEuNOxiXLc9zowNV4jcZ+6bEP3B3vlqxG9TqVSUs4k7HqvB/n6dTnfjXRulUkkZCjfJY62Fx+PB
+fk5uWYvhi4uLgTL222lOXkTmmH8cIvdNaoqPXD/cj2dTuPt27fkH/d47VpwI5O4Bngul6PGPnux
0gpMT0+T00f6+/upY7MdDkfd7SUEbCcTU3iPnZ5itVqrfp59xGxvb++dFxzm1m3hc3Q1F+7u5ENx
cAgle+5CJ94WqVSK7u5uLC4uYnR0lPzd7XbXpQduy33Oj2ayN5sJ9nhtVJTFfc4JhUIBm82Gly9f
Ur/n8PCwJFql1XWqiDC0tIODPeh9Ph/vCtbsiaDT6W6VN8wOcw2Hw02pFBm4C4dGHWXY3t5OCUH2
MXx3jRD9wR1nfHL74/E4lpeXyT92+LxEIqEM7HLHGZajUChQDoNaRno1ZDIZlc94dnbW0LSlbDZL
hQsODg5ieHgYY2Nj5G+bm5uC7L600py8Cc0wfnQ6HWVoNtKRdN9yXaPRUPKs3or0XPlQa8eRT6RJ
M+WMsx1HEokEs7Oz1KLz69ev9777zZZtkUgEHo+HOF5qpacAdKFiPsdvNrp/tFot5aQ5ODioK5op
m81S0TS9vb1NewJHvQgle4TWibVwOp1wOBxwOBy80jm4qZfc00UA4eoS3ef8aCZ7s1ngLvCrFbau
B6HmxP7+PhnrtdJEZDIZ5cwrVzi+1XWqiDC0tIPDYrFQA5mPUohGozg9PSXXt83P5x4Fur+/z2vi
+Hy+hkZR8MFkMlFha2dnZzU/ww7rrYRMJsPAwAC5vri44PW5fD6Po6OjhhoRQvSH2Wwm7ZbNZqmd
wEr4/X54PB54PB7E4/ESQ4O968kY4LVwOp3UYo/ZRb0p7M+nUilex38BwOnpac3Cd3t7e+RZFQoF
JiYmAACjo6NkhzuZTJJc+Xqo1Z+tNCdvyn2PH4lEgv7+fnL97du3mguwdDrNy1lw33JdKpVS7Xt6
elp28VAJbgQD19HCDR2ude9UKkX9tmZDpVJhYWGBXCcSCWxtbd2rAanT6Sg5wHa29vX11TSA2fK6
1g5xsVhsaP0NhsHBQfL/TCaD7e1t3jWgdnd3KRnN1s+tjpCyR0idWItkMon9/X3s7+9jb2+vZl/z
iZrgRujVSnWKRCK8HMr3OT+ayd68C/iMK6fTSTmv+BxPzhch5kQwGCRjnY+Dqlak6UPTqSKNoaUd
HAqFAuPj4+T68PCwqqGfzWaxtrZGrtVq9a1DmXQ6HYaGhsi12+2umYccCASwurqKDx8+UDuqQqNW
qynD4ODgoKpi8Hq9cDgcvO49ODhICZm1tbWqijKXy2FjYwNbW1tYWVlpWK0EIfpDrVZTxubW1lbV
sFjm6DQG9mcZuru7KSW0ublZVShHo1FyOgNwvft+2zBEq9VKpS05HA4q9LQcx8fHWFtbw7t37yoa
jMFgkBz1BQCPHj0iO25KpRKPHj0ir52cnNTcgeM6h2qdktJKc/KmNMP4YcvOfD6Pzc3NikY5M9/5
GGvNINeHh4eJPMvlclhdXeUVAh6NRqnFdLloAW6K0cHBQcVIpkQiUSIfG1HouNGYTCZMTk6S64uL
i3ufR+wxwNZFfCKX2DugTqezoqzL5/NYX18v2YVsRB91dXVREW8XFxdYX1+vGvWWz+exs7ND5aMP
Dw/XjFhpNYSSPULpRD6w+yidTtfcgOI+V7kIHb1eT+nPaou6VCqF9fV1Xg6A+54fzWJv3gXb29tV
x1UsFsP29ja57ujoaFgEByDMnGCfYFVt/DCwo1NUKlVJmtJD1Kkit6elHRzAtfJmT+bV1VUcHBxQ
wq5QKMDn8+HDhw/UDu38/HxDcgcnJyepsN2dnf+fvTsPbyNN7Dv/I0HwAsT7vsRDFCVSUuui1K1b
Peqebk/sGXtsx0cce3xNbE+8duzYu058OxlfSdaJn4ljrz3JbmzPsWN7prcz3dPqllr3Rd1HS6Qo
3vcFkiAIgAD3D5k1LAAkQRIUVNT38zx8HlYBKLwoAIV6f/Ue93Xjxo2wZNvtduujjz7S+fPnNTMz
Y4w+/yxt3rzZuHoVDAZ18eJFtba2ampqSsFgUIFAwKigX7p0KeovvtPp1LZt24zlyclJnTt3Tl1d
XabXGAgE1NfXpwsXLhg/4FNTU2GjNa/GWrwftbW1xmfF7/fr4sWL6unpMaXmPp9PHR0dOnfunHFw
zczMNIVK8+3YscN4Lzwej86dO6fu7m5TGfx+vzo7O03btNvtpvEsVioxMVG7du0yThQCgYCuXLmi
[...]
AAAA6QkcAAAAQHoCBwAAAJCewAEAAACkJ3AAAAAA6QkcAAAAQHoCBwAAAJCewAEAAACkJ3AAAAAA
6QkcAAAAQHoCBwAAAJCewAEAAACkJ3AAAAAA6QkcAAAAQHoCBwAAAJCewAEAAACkJ3AAAAAA6Qkc
AAAAQHoCBwAAAJCewAEAAACkJ3AAAAAA6QkcAAAAQHoCBwAAAJCewAEAAACkJ3AAAAAA6QkcAAAA
QHoCBwAAAJCewAEAAACkJ3AAAAAA6QkcAAAAQHoCBwAAAJCewAEAAACkJ3AAAAAA6QkcAAAAQHoC
BwAAAJCewAEAAACkJ3AAAAAA6QkcAAAAQHoCBwAAAJCewAEAAACkJ3AAAAAA6QkcAAAAQHoCBwAA
AJCewAEAAACkJ3AAAAAA6QkcAAAAQHoCBwAAAJCewAEAAACkJ3AAAAAA6QkcAAAAQHoCBwAAAJCe
wAEAAACkJ3AAAAAA6QkcAAAAQHoCBwAAAJCewAEAAACkJ3AAAAAA6QkcAAAAQHoCBwAAAJCewAEA
AACkJ3AAAAAA6QkcAAAAQHoCBwAAAP/L3p1HV13eiR//BDEXkEQlgBBQiNXGBXBBlMUFVNzBurUj
1traarXtdBm7zHSZ33TamS7TTmtnWtta2zqtdNrazV2sEheCCogsLhErqBCsEIq5qCQI+f3hcM3l
BkgwcPOE1+scz7n3ufd7v0+Sc3LI2+f7fCF5AgcAAACQPIEDAAAASJ7AAQAAACRP4AAAAACSJ3AA
AAAAyRM4AAAAgOQJHAAAAEDyBA4AAAAgeQIHAAAAkDyBAwAAAEiewAEAAAAkT+AAAAAAkidwAAAA
AMkTOAAAAIDkCRwAAABA8gQOAAAAIHkCBwAAAJA8gQMAAABInsABAAAAJE/gAAAAAJIncAAAAADJ
EzgAAACA5AkcAAAAQPIEDgAAACB5AgcAAACQPIEDAAAASJ7AAQAAACRP4AAAAACSJ3AAAAAAyRM4
AAAAgOQJHAAAAEDyBA4AAAAgeQIHAAAAkDyBAwAAAEiewAEAAAAkT+AAAAAAkidwAAAAAMkTOAAA
AIDkCRwAAABA8gQOAAAAIHkCBwAAAJA8gQMAAABInsABAAAAJE/gAAAAAJIncAAAAADJEzgAAACA
5AkcAAAAQPIEDgAAACB5AgcAAACQPIEDAAAASJ7AAQAAACRP4AAAAACSJ3AAAAAAyRM4AAAAgOQJ
HAAAAEDyBA4AAAAgeQIHAAAAkDyBAwAAAEiewAEAAAAkT+AAAAAAkidwAAAAAMkTOAAAAIDkCRwA
AABA8gQOAAAAIHkCBwAAAJA8gQMAAABInsABAAAAJE/gAAAAAJIncAAAAADJEzgAAACA5AkcAAAA
QPIEDgAAACB5AgcAAACQPIEDAAAASJ7AAQAAACRP4AAAAACSJ3AAAAAAyRM4AAAAgOQJHAAAAEDy
BA4AAAAgeQIHAAAAkDyBAwAAAEiewAEAAAAkT+AAAAAAkidwAAAAAMkTOAAAAIDkCRwAAABA8gQO
AAAAIHkCBwAAAJA8gQMAAABInsABAAAAJE/gAAAAAJIncAAAAADJEzgAAACA5AkcAAAAQPIEDgAA
ACB5AgcAAACQPIEDAAAASJ7AAQAAACRP9QYrvAAAIABJREFU4AAAAACSJ3AAAAAAyRM4AAAAgOQJ
HAAAAEDyBA4AAAAgeQIHAAAAkDyBAwAAAEiewAEAAAAkT+AAAAAAkidwAAAAAMkTOAAAAIDkCRwA
AABA8gQOAAAAIHkCBwAAAJA8gQMAAABInsABAAAAJE/gAAAAAJIncAAAAADJEzgAAACA5AkcAAAA
QPIEDgAAACB5AgcAAACQPIEDAAAASJ7AAQAAACRP4AAAAACSJ3AAAAAAyRM4AAAAgOQJHAAAAEDy
BA4AAAAgeQIHAAAAkDyBAwAAAEiewAEAAAAkT+AAAAAAkidwAAAAAMkTOAAAAIDkCRwAAABA8gQO
AAAAIHkCBwAAAJA8gQMAAABInsABAAAAJE/gAAAAAJIncAAAAADJEzgAAACA5AkcAAAAQPIEDgAA
ACB5AgcAAACQPIEDAAAASJ7AAQAAACRP4AAAAACSJ3AAAAAAyRM4AAAAgOQJHAAAAEDyBA4AAAAg
eQIHAAAAkDyBAwAAAEiewAEAAAAkT+AAAAAAkidwAAAAAMkTOAAAAIDkCRwAAABA8gQOAAAAIHkC
BwAAAJA8gQMAAABInsABAAAAJE/gAAAAAJIncAAAAADJEzgAAACA5AkcAAAAQPIEDgAAACB5AgcA
AACQPIEDAAAASJ7AAQAAACRP4AAAAACSJ3AAAAAAyRM4AAAAgOQJHAAAAEDyBA4AAAAgeQIHAAAA
kDyBAwAAAEiewAEAAAAkT+AAAAAAkidwAAAAAMkTOAAAAIDkCRwAAABA8gQOAAAAIHkCBwAAAJA8
gQMAAABInsABAAAAJE/gAAAAAJIncAAAAADJEzgAAACA5AkcAAAAQPIEDgAAACB5AgcAAACQPIED
AAAASJ7AAQAAACRP4AAAAACSJ3AAAAAAyRM4AAAAgOQJHAAAAEDyBA4AAAAgeQIHAAAAkDyBAwAA
AEiewAEAAAAkT+AAAAAAkidwAAAAAMkTOAAAAIDkCRwAAABA8gQOAAAAIHkCBwAAAJA8gQMAAABI
nsABAAAAJE/gAAAAAJIncAAAAADJEzgAAACA5AkcAAAAQPIEDgAAACB5AgcAAACQPIEDAAAASJ7A
AQAAACRP4AAAAACSJ3AAAAAAyRM4AAAAgOQJHAAAAEDyBA4AAAAgeQIHAAAAkDyBAwAAAEiewAEA
AAAkT+AAAAAAkidwAAAAAMkTOAAAAIDkCRwAAABA8gQOAAAAIHkCBwAAAJA8gQMAAABInsABAAAA
JE/gAAAAAJIncAAAAADJEzgAAACA5AkcAAAAQPIEDgAAACB5AgcAAACQPIEDAAAASJ7AAQAAACRP
4AAAAACSJ3AAAAAAyRM4AAAAgOQJHAAAAEDyBA4AAAAgeQIHAAAAkDyBAwAAAEiewAEAAAAkT+AA
AAAAkidwAAAAAMkTOAAAAIDkCRwAAABA8gQOAAAAIHkCBwAAAJA8gQMAAABInsABAAAAJE/gAAAA
AJIncAAAAADJEzgAAACA5AkcAAAAQPIEDgAAACB5AgcAAACQPIEDAAAASJ7AAQAAACRP4AAAAACS
J3AAAAAAyRM4AAAAgOQJHAAAAEDyBA4AAAAgeQIHAAAAkDyBAwAAAEiewAEAAAAkT+AAAAAAkidw
AAAAAMkTOAAAAIDkCRwAAABA8gQOAAAAIHkCBwAAAJA8gQMAAABInsABAAAAJE/gAAAAAJIncAAA
AADJEzgAAACA5AkcAAAAQPIEDgAAACB5AgcAAACQPIEDAAAASJ7AAQAAACRP4AAAAACSJ3AAAAAA
yRM4AAAAgOQJHAAAAEDyBA4AAAAgeQIHAAAAkDyBAwAAAEiewAEAAAAkT+AAAAAAkidwAAAAAMkT
OAAAAIDkCRwAAABA8gQOAAAAIHkCBwAAAJA8gQMAAABInsABAAAAJE/gAAAAAJIncAAAAADJEzgA
AACA5AkcAAAAQPIEDgAAACB5AgcAAACQPIEDAAAASJ7AAQAAACRP4AAAAACSJ3AAAAAAyRM4AAAA
gOQJHAAAAEDyBA4AAAAgeQIHAAAAkDyBAwAAAEiewAEAAAAkT+AAAAAAkidwAAAAAMkTOAAAAIDk
CRwAAABA8gQOAAAAIHkCBwAAAJA8gQMAAABInsABAAAAJE/gAAAAAJIncAAAAADJEzgAAACA5Akc
AAAAQPJ6FnsCAADArvHGGxvj4TnzY9GTS+LF5fXxSuO62NTSUuxpAbtA3z69Y/DggXHoOw+MY44e
GQMq+hV7Sp1O4AAAgG5u2Qsr4te/vz1uv7smmpqaiz0doAs4cfyYuODc02PsmCOLPZVOU9Lc3CzZ
AgBAN3XdDb+Kn9/0u2JPA+iiJk+aEJ/4yGXdYkWHwAEAAN1Qw5q18c//dm3Mnb+o2FMBurj+Ff3i
y5//eBxz1IhiT+VtETgAAKCbaVizNj7+ua/Gs39ZVuypAInoUVIS3/n6F5K+ZMVdVAAAoJv553+7
VtwAOmRTS0t86avfjReW1xd7KjtM4AAAgG7kuht+5bIUYIc0ZtfFt753Q7GnscMEDgAA6CaWvbDC
hqLA2/LI3AVx210ziz2NHSJwAABAN/Hr399e7CkA3cD0395W7CnsEIEDAAC6gTfe2Bi3311T7GkA
3cBflj4fc+cvLvY0OkzgAACAbuDhOfOjqam52NMAuonaR+cXewodJnAAAEA3sOjJJcWeAtCNLH7y
mWJPocMEDgAA6AZeTPjWjkDXk+LvFIEDAAC6gVca1xV7CkA3snZtY7Gn0GECBwAAdAObWlqKPQWg
G0nxd4rAAQAAACRP4AAAAACSJ3AAAAAAyRM4AAAAgOQJHAAAAEDyBA4AAAAgeQIHAAAAkDyBAwAA
AEiewAEAAAAkT+AAAAAAkidwAAAAAMkTOAAAAIDk9Sz2BAAAAIiYcsbJceQRh+aNLX5ySfzh1hlF
mhGkReAAAAAosnccOCw+88krou9efXJjy15YHtf//DdFnBWkxSUqAAAARfa5T12ZFzdW/nVVXPP5
r8VLf11VxFlBWgQOAACAIrps2vlxzJEjcs8b1qyNz3zxG7H0+eVFnBWkR+AAAAAokqrh+8cH33dR
7nljdl384798K558ekkRZwVpEjgAAACK5J/+4cO5S1Nee319fOmr34158xcVeVaQJpuMAgAAFMmV
H/9isacA3YYVHAAAAEDyrOAAAACK5tGZv4+ePffY7vtaWlqiuXlD/O2VV+KF5Stj3vzF8Ydb74nV
DWt2yvlee319ZNe9GmtfaYwnnloSs2bPi5kPPtyhc23N4EED48zJJ8ZxxxwRQysHRXl5WWRKSyO7
7tX429q1sfipJfHArDlx3/2zO/S5F5x7Rnzh01fnjW3a1BJ//5l/jdmPPrbd43v23CN+c+P3YvgB
Q/PGH3p4Xnz8M/+61eN+8J9fjrFjjsyfy3s/ut1NUn/x42/F4YceXDA+84HZcc0Xvr7d+bZln73L
47bfXh99evcqeO26G6bH9T//9Q597ojDquPUieNi9JEjYuCAiigv6xtRUhKNjdlY3bAm5j3+RPy5
ZlYsXFy3Q59P5xA4AACALq+kpCQymdIYNHBADBo4II49elS87+Lz4rd/vDN+cP0v4403Nnbq+fr0
7hV9eveK/QZURPVBVXH+lNPi+RdXxA9+Mj3uue+hHfrMvfr0jg9d9p646Lwz2/wDfN99ymPffcrj
wOEHxNQzT4mn6p6NH/xkesx6eF67Pv93f7orzpx8Yhx9xOG5sR49SuIjH5rWrsDx/ksuKIgbr69f
H9ded2O7zt9Zjj3myCgv6xuN2XUdPnbKWae0+b3dUQfsPyQ+duUlcfKJ46JHj8ILIAb07xcD+veL
Q6sPimkXTY37Zz0S//2jX7gDTpG4RAUAAEjSXn16x/unnR/XffcruY06d6Zh+w+Jr/2/a/LuetJe
gwcNjJ/899fismnntfsP8EOrD4prv/HFuPzS9p/v2utujOYNG/LGDj/04LjoXWdt87j+Ff1i2kVT
CsZ/8/s74y/PPd/u83eGvfr0jilnnrJDx0468bhOm8fYMUfGz6/7epw6cUKbcWNLPXqUxKQTxsbP
rvtGHD/umE6bB+0ncAAAAF1GU/OGeHHFyoL/6l/6a7z2+vo2jxl9xOHx7//vmk4939pXGmPTpk0F
7+/Ro0dc/cFpMfnk49t9joEDKuK673w5qg+uavP1jRs3xuvr2/7aevToER+94pL48OUXt+tci56o
i1vvuLdg/AOXnh979em91eOu/tDFsc/e5Xljy+tfih/97FftOm9nO/mksR0+pmrY0Bh56Ds75fzj
jzs6/uMrnyv4nmzWvGFDQUjarLysb3z9y5+Jk47vvNhC+7hEBQAA6DKWvbA8Lv7AJ7f6+rhjj47L
Ljkvjj16VN748eOOifOmnBZ/uHVGp51v0H4D4l3nTI5LLpoSe7VaIdKjR4/48OV/1+5LVb7w6avj
gKGVeWMbN26Mu+99KG67676YO39RvPHGxhg4oCImn3x8XDD1tLxLRUpKSuLy914YCxY9FQ/PeXy7
5/v+9TfFiROOjQH9+731tQwcEFd+4O/iO9//WcH7Dzvk4Dj79EkF4z+8YXqsX9/Urq+xs406vDqG
HTA0nn+h/Zd6TD3r1Nhjj+3vr7I9++5THp//9FV5P/OIiOy6V+N3t9wdd93zQDzz7NKIiHjnQVVx
xuQT4/wpp725L8f/6dO7V3zuU1fE4ifromHN2rc9J9rHCg4AACAZsx99LK76xJdixr0PFrx20Xln
duq5XvrrqvjhDdPjE5/7ajQ1Nee9duCw/WPcsUdv9zPOm3JanDB+TN7Y6+vXx2e/9M344lf+Mx6e
83hu/5CXVzXETb/+U0z74D8UbGi655494zOfuKJd8177SmNcf2PhZpoXnHtGHLD/kILxj15xSZTu
uWfe2OxH58cdM+5v1/l2hj322CPOPbtjl6mcdPyY7b+pHT710Q9E5aD98sZeWF4f7/vwZ+N7192Y
ixsREc88uzS+d92NcemVn4llW8SYQQMHxKc++oFOmRPtI3AAAADJ+cZ3fxxrX2nMG6s+qCqqhg3d
yhE77rEFT8Rd9z5QMH70kYdt99i2ost3vv+zbd6RZf36pvj8v3wr6pYszRuvGja0zZUWbbn5j3fF
/IVP5o316d0rPnblJXljJ580ruAOKE1NzXHtD/+nXefpTK80ZvOeTzz+2HYfe+zoI/JWvTRv2FAQ
pdpj0H4D4pSJ4/PGXl+/Pj77z/+xzdUkLy6vj2u+8PV49dXX8sZPOWl8DNpvQIfnwY4ROAAAgOT8
bW1jzJm3MG+spKQkjhh56E4538OPFl4ast+Aim0eM2Hs6Djk4APzxhY9+Uzc/Me7tnu+puYNcd0N
NxWMv2vK5O0eu9m11/28YJ+Ik08cF8eOPiL3/KrLL46SkpK899z8p7vimSXPtfs8neXxRU9FU/Nb
8x1+wNC8uW7LOWdMzHs+d/6i2NjGHirb857zz47evfI3gf3T7fe26/uxdNmL8Yfb7skby2RK4z3n
n93hebBjBA4AACBJL6xYWTDWb999dsq5Xl69pmBszy0u69jShLGjC8ZmdOAWsw/MmhMvLK/PGxtx
yMHRq1emXccvXFwXt955X95Yjx494iNXvLmK47Jp58dBBw7Le33lSy/HD2+Y3u45dqpNLTFv/qK8
oS3DRVt69twjxh+X/72+595ZBZfdtMfoo0bkT2lTS/zulrvbffzvbplRsDntlp/JziNwAAAASdq4
sfD/0G+xGKHTtN6wc7O/rW1s451vObT6HXnPW1pa4u4/F+4dsi2PL3oq73kmU9quvT82+/6Pfxmr
togzow6vjr+78Jx473vOLXj/D2/4Vbz62usdmmNnKc2Uxt335gegCWOPiZ49t71x6JmnnhT99t07
9/xvaxvjzzWztnvcljKle8Y7qvbPG1v24vIO3Sb3+ReWx3PLXswbO6jqgHZHKd4egQMAAEjSkMED
C8a2Fx121ITjCqPClqsrtjRsiw09X169JlY3FK4E2Za/LH2xYOywQ97RxjvbtvaVxvjJjb8tGL/m
Y5dHRb/81S6PPrYwbr3rvoL37ip7lu4Zd95Tk3fXkX33KY8zJ297FcfkU/Jv2fvg7DkFd0BpjxGH
H1JwecqLL2z7Z9yWF17MP6ZXr0yMPKy6w59DxwkcAABAcvbq07vN/RkWP7Wk08819tij4rRTTsgb
a2pq3u5tYsv65v+Rvbrhbx0+9/LlhZfh7FNe1qHP+O0f74jHF+evBNnydqpNzRvie9ft+o1FW8uU
lsYbb2yMhx6emzc++eQJWz2mot8+MeaokXljt945M/bq07vD598y+EREvNzBIBUR8dLLqwvG+lfs
2+HPoeMEDgAAIDn/dM3VBZeNLH1+eadujjlwQEVc/cFp8a2v/mNkSvP3c7jznvvzVhq0deyWEeH1
9es7PIfsFnfliIjo23evDn/OtT+4MTZseGOrr//h1hnx5NOdH4c6ovT/vse33pG/imTMUSOjf0Xh
JUIREeeefWpkMqW5539Z+nzMm78o9tqr49+jvcsKw9GOXK7z2uuFP+fyDkYpdkzPYk8AAABge3r1
ysQB+w+JIw4/JM45c1KMPOydBe/5/a0zOvy51QdVxR+m/6BgfK8+vWPfffYuiBQREcteWB7f285t
VMvb+GP5jW0Ehq15rY0/sHdkP4cFi56KO2bUxLlnn1rw2qrVa4q3sWgrmzcFfWzBE/Hsc8/nNkDN
ZEpj6lmnxE9/UXipzcQTxuY9v++BRyIiovcOfI/69OlVMLaheUMb79y2pqamgrEdWVFCxwkcAABA
l1F9UFU89uCfOnzc3PmL4qZfd/y4iMK9MralbsnSuOYLX4u1r+ycvT52piGV+7U5XtZ3rxi034Bo
zK7bxTPKl8m8tUpm5oOP5N3hZdIJxxUEjnceVBWHVR+Ue968YUP86fY/R0REH0Fht+QSFQAAIGnz
FjwRn/3SN3f6ea7/+a/j0iuvifqVf93uexuz2YKxPUs7ftvStv5QX7++cIXA9rzrnMlxzBZ7VWzW
q1cmPnH1ZR3+zM62Z8+3vj9/vO2eaN7w1uqJww45KKoPPjDv/VPOPDl69HjrtjnzFzyR+9n0anXZ
Snu99lrhpSWlpR3/nEymcPVIse5Ms7sROAAAgCStXrM2rrthelzxsc/v9BUVy+tfiutv/HW88cbG
dr3/5VUNBe/t1cYfvttT1sZ+G+vWvdqhzygv6xtXfuA923zPuGOPirNOO6lDn9vZSlsFoJUvvRzz
FzyRe15SUhLnnn1K3vtPnDAm7/mM+2blHu/I9/qVNqJUW5etbE9bl6M0NhZ+Np3PJSoAAECX8vyL
KwrGWlpaoql5QzQ2ZuPFFS/FY48/ETPue7DdwWFr6p5dGhd/4JMF4z/4zy/H2DFH5p4PrRwU77ng
nA5dBrPu1Vdjn73Lc88H9m97o8xt2X/IoIKxxmzHAsdHrrgkBg0csMVnrIvysr55Y1d9cFrc98DD
O7RCpDOUbrHCZcZ9s+K4Y976GZw4YUx887vXR0TEhLGjY/8hg3OvrX2lMe64e2buea/eHQ8cq1cX
3jFl4ICKDn/OoIGFx/xt7Ssd/hw6TuAAAAC6jK0Fh13tp7/8XRw7+oi8SyAuvvDsuPkPd0RTOzee
XPbCijhy5FuBo3/FvjFwQEW8vKqh3fN4R9UBBWNPP/OXdh9/2KEHx7lnT84b27SpJb701e/Gpz76
/hh+wNDc+NDKQXH1B6fFd77/s3Z/fmfavMnoZnfcPTP+/sOX5iJR5aD94qTjj4v7H3qkYLXJQ7Pn
5v1cduTSkieeeiZee3199On91qqN/YcO3sYRbTtg/8q8501NzfH4oqe28m46k0tUAAAAtjD3sYXx
8Jz5eWOVg/aLi989td2fsWWIKCkpidNOOaFD8zhi5CF5z5s3bIjZj87fyrsLffIj7y+4xe39sx6J
B2vnxI9++r8F77/wXWfEQQcO79AcO0tJSf6fp03NG+Kh2XPzxs489YTIlO4Z4449Om/8trtq8p7v
0aPjf+o2NW+IZ597Pm9s+P5DO/T9GHbA0Kgatn/e2HPLXijaqpjdjcABAADQhp/+4ubYtKklb+zd
553Z7tu0Plg7r2Ds9JOPb/f5Txg/Jg4Ymr8a4Mm6Z2Pdq6+16/jzppwWxxw5Im/s9fXr479//MuI
iLj73gfj0bkL8l7v3atXfPIjxd9wdLMtw8XYY4+KKWedGvvs/dZteJ97/sV4dN6CLQ/dIfMeX5z3
vEePkrjg3NPbffz5UyZHjy3iymMLnuyUubF9AgcAAEAbHlvwRNQ++lje2KCBA+K97zm3XcfPfvSx
eKru2byxww89OC5611nbPbZnzz3iqsv/rmD8ltvva9e539xYtPD4398yI5YuezH3/Hs//kXe3Uoi
3txw9MzJxd1wdLNH5y2Ipc8vzz0vL+sbH97i66p54JFOO9+vf3d7vPZ6/t1Uzj3rlHjnFndwacv+
QyvjvCmn5Y01NW+I3/zhzk6bH9smcAAAAGzFm6s4NuWNXfSuM9u8U0Zb/vd3dxSMffKjl8WkE8Zu
9ZiePfeIr3zxU3Fo9UF54y8sr48/3jajXef96JXvjf222CDzr6sa4kc//VXe2JNPLYk7Z9yfN1ZS
UhJXffDidq9U2dlqHswPGBX99sk9fuONjfGnO+7ttHO9vKoh7rnvobyxXr0y8R9f+WwMa7VfyZYG
DqiIb//b56LvXn3yxh946JF4cXl9p82PbRM4AAAAtuLxhU9G7SP5qzgG9O8Xl158XruOv/XOewv+
QO/dq1d88yufjX/9wifiqCMOz43v1ad3nDfltPjF9d+O07fYq2Pjxo3x7f/6abvOOeKw6jj37FML
xn/2y5vbvLzluhumF9xmd/8hg+PDH7i4Xefb2f54+5+3erec+Quf6PSAcO11N8by+pfyxvYfMjhu
/OE34mNXXpoXOgbtNyA++L6L4qaf/GfBXh2rVq+Jb/93+35mdA53UQEAANiGG35xc4w79qjYY489
cmMXTD09pv/mlmjMrtvu8f/+7R/G8GFD8u5Ysscee8Q5Z5wc55xxcjQ1b4impqbou9deeXdtae1/
fvXHeLB2Trvm+8mPXFZwR5InnloSv/l94WqSiDdXLdz0m1vio1e8N2/83eefGbfdPTP+ssXGm7va
i8vr4/FFT8YxR40seO2embWdfr61rzTGv3/ruvjmV/JXZJSX9Y3LL70wLr/0wnjt9fWxadOm2KtP
7ygpKfyZNTU1x39c+5MO3TGHt88KDgAAgG1YsOipeOjh/A1DK/rtE5dNO79dx69uWBNXffKf44mn
n23z9UzpnlFe1rfNuLFpU0v86Gf/G//1o/9p17nOn3p6HN1qVcibn7EpfvCT6ds87sbpv4/nnn8x
b6x3r17xiau7xoaj99xXGDIas+vitrvatydJRz085/H4h89/LRrWrG3z9T69e0Xfvfq0GTfWvfpa
fP7L344/18zaKXNj6wQOAACA7fjpL26OjRvzL5M4b8rk2Gfv8nYd//Kqhrji7z8fP/vl79p9F5S6
Z5fGNV/4WsG+GVtTXtY3rnz/ewrGZz74cMzeYrPULb3xxsY2bxs74bijCy6XKYZb77q3YLXMrIfn
7dTbr859bGF84CP/GHff+2DBz74tLS0t8dDsuXH5R/4pZj748E6bF1vnEhUAAIDtWPREXTxUOzdO
OuG43Ng+e5fH+y85P777g5+36zPWr2+K//rR/8Rv/3hnnDH5xBg7+ojYf+jgKC8vi16Z0siuezX+
trYxnnx6STxQO7dgs8vt+diVl8bALTYWfe319fFfP/plu46/576H4rxzJsfYMUfmxkpKSuLqD02L
+2c9ulNjwvasX98UtY88FmecemJubMtbyO4My1esjH/6l2/FLw45OCZPmhDHHDUiBg6oiPKyvlHS
oyQas6/G6oY1MX/Bk/HnmtqYv+CJnT4ntq6kubm5ZftvAwAAurKr/+Ff4rHHFxd7GkA38sh9Nxd7
Ch3iEhUAAAAgeQIHAAAAkDyBAwAAAEiewAEAAAAkT+AAAAAAkidwAAAAAMkTOAAAAIDkCRwAAABA
8gQOAAAAIHkCBwAAAJA8gQMAAABInsABAAAAJE/gAAAAAJIncAAAAADJEzgAAACA5AkcAAAAQPIE
DgAAACB5AgcAAACQPIEDAAAASJ7AAQAAACRP4AAAAACSJ3AAAAAAyRM4AACgG+iVKS32FIBupFev
TLGn0GECBwAAdAMD+vcr9hSAbmRA/4piT6HDBA4AAOgGDn7H8GJPAehGqg9K73eKwAEAAN3A6CNH
FHsKQDcy+qj0fqcIHAAA0A0cOHxoHHbIwcWeBtBNTDz+2GJPocMEDgAA6CbOnzK52FMAuoFzzzo1
+u27T7Gn0WECBwAAdBNTzjzZKg7gbbv04nOLPYUdInAAAEA38vGrLi32FICEffzqy2L/IYOLPY0d
InAAAEA3ctSow+LTH/9QsacBJOjcs06NSy6aUuxp7DCBAwAAupmL3nVG/P2H31fsaQAJOfv0ifH5
T19V7Gm8LSXNzc0txZ4EAADQ+Wbc91B887vXR3bdq8WeCtCFfeiyd8cVl7272NN42wQOAADoxlY3
rIkf//w38afb/1zsqQBdzNgxR8Xll14QR4w4pNhT6RQCBwAA7AZWrPxr3HnP/THr4fnx5NNLij0d
oEj2H1oZY485MiafPL7bhI3NBA4AANjNNG/YEMtX/DVeaWyMTZs2FXs6wE5WUlISffr0icH79Y+9
y8uKPZ2dRuAAAAAAkucuKgAAAEDyBA4AAAAgeQIHAAAAkDyBAwAAAEiewAEAAAAkT+AAAAAAkidw
AAAAAMkTOAAAAIDkCRwAAABA8gQOAAAAIHkCBwAAAJA8gQMAAABInsABAAAAJE/gAAAAAJIncAAA
AADJEzgAAACA5AkcAAAAQPIEDgBm9J98AAAQvUlEQVQAACB5AgcAAACQPIEDAAAASJ7AAQAAACRP
4AAAAACSJ3AAAAAAyRM4AAAAgOQJHAAAAEDyBA4AAAAgeQIHAAAAkDyBAwAAAEiewAEAAAAkT+AA
AAAAkidwAAAAAMkTOAAAAIDkCRwAAABA8gQOAAAAIHkCBwAAAJA8gQMAAABInsABAAAAJE/gAAAA
AJIncAAAAADJEzgAAACA5AkcAAAAQPIEDgAAACB5AgcAAACQPIEDAAAASJ7AAQAAACRP4AAAAACS
J3AAAAAAyRM4AAAAgOQJHAAAAEDyBA4AAAAgeQIHAAAAkDyBAwAAAEiewAEAAAAkT+AAAAAAkidw
AAAAAMkTOAAAAIDkCRwAAABA8gQOAAAAIHkCBwAAAJA8gQMAAABInsABAAAAJE/gAAAAAJIncAAA
AADJEzgAAACA5AkcAAAAQPIEDgAAACB5AgcAAACQPIEDAAAASJ7AAQAAACRP4AAAAACSJ3AAAAAA
yRM4AAAAgOQJHAAAAEDyBA4AAAAgeQIHAAAAkDyBAwAAAEiewAEAAAAkT+AAAAAAkidwAAAAAMkT
OAAAAIDkCRwAAABA8gQOAAAAIHkCBwAAAJA8gQMAAABInsABAAAAJE/gAAAAAJIncAAAAADJEzgA
AACA5AkcAAAAQPIEDgAAACB5AgcAAACQPIEDAAAASJ7AAQAAACRP4AAAAACSJ3AAAAAAyRM4AAAA
gOQJHAAAAEDyBA4AAAAgeQIHAAAAkDyBAwAAAEiewAEAAAAkT+AAAAAAkidwAAAAAMkTOAAAAIDk
CRwAAABA8gQOAAAAIHkCBwAAAJA8gQMAAABIXs9iTwAA6L7q6+sLxiorK4swEwCguxM4AIBOUV9f
HytXroz6+vpYvXp1NDc3R0RES0tLRESUlJTk3ltaWhr9+/ePysrKGDx4sOgBALxtJc3NzS3FngQA
kKZsNhuLFy+OpUuXRjabzcWMjigpKYmysrKoqqqKESNGRFlZ2U6YKQDQ3QkcwNuSzWbj+eefj4iI
YcOG+cMEdhPZbDbmzZsXdXV1bUaN8vLyKCsri379+kWvXr1y4+vXr481a9ZENpuNxsbGguNKSkqi
uro6Ro8e7fcJANAhAgeww+bNmxcLFy6MpqamiIjIZDIxderUqKioKPLMgJ2lqakpFi9eHHPmzCl4
rbq6OgYPHhxVVVVRWlqaG299aUrrGNLc3BxLly6NlStXRl1dXd5nlZSUxDHHHBMjRoyITCazE74S
AKC7ETiADquvr4+ZM2dGNpsteG3IkCExZcqUIswK2NkaGhqipqYmVq1alRsrLy+Po48+Ohc1WseM
9mppaYnm5uaoq6uLxYsX563sGDBgQEycOFE4hW4gm83G7NmzY+nSpbmxtvboaWu8rZVibcXTrb1/
a59/4IEHxtixY6O8vLzjXxDQ5QgcQLtls9moqamJFStWbPN9V1111S6aEbCr1NXVRW1tbd6KrVGj
RsXo0aML3tvU1BQrV66MhoaGaGhoyB2z+biKioqoqKiIwYMHF6zOaGlpiccee6xgddj48eOjurp6
J36FwM6UzWbj5ptvzvt90FVkMpm44IILRA7oBtxFBdiubS1JB7q/urq6mDlzZu75kCFDYuLEiXl7
ZDQ1NcWSJUvi6aefjtWrV2/z85577rkoKSmJlpaW6N+/f4waNSqGDRsWmUwmSkpKYvTo0XHwwQfH
/fffHytWrIimpqaoqamJiBA5IFGtA2lX09TUFLNnz47TTz+92FMB3iaBA9imZ555JubMmdPm5ShA
97dl3Bg5cmRMmDAh93xzAF24cGE0Nze3+y4qm9+3evXqmDlzZpSWlsaoUaNye26Ul5fHOeecE7W1
tbFo0aJoaWnJzUPkgPQsW7as2FPYptaXzQDpEjiANjU0NERtbe12L0cBuq+6urrcyomIiIkTJ+bF
haVLl0Ztbe3bDqAtLS3R1NQUc+bMibq6uhg3blxUVVVFSUlJjB8/Pvr375+LGzNnzoyWlpY45JBD
3tY5AbbU0NBgvx9InMAB5Nm8TPPpp58u9lSAItocOTevtJg0aVJe3KitrY2FCxd2+nkbGxvj7rvv
jiOOOCLGjRuXu21sROQix+zZs2PAgAH+EAE6VVe9hAZovx7FngDQdSxevDimT58ubsBubvOeF5v/
sT9y5Mi8uFFTU7NT4kZrCxYsiJqamlxgqa6ujpEjR7Y5PwCACCs4gHjztq+zZ8/Ou/UjsPtavHhx
7vfBkCFD8vbcqKmp2WURdPN5Jk6cGBEREyZMiDVr1sSKFSti1apVsXjx4jbv4gIA7J6s4IDdWDab
jRkzZsQtt9wibgAR8ebvhc13TMpkMnHSSSflXqutrd3lK7yefvrpmDVrVu75xIkTc7eWtQEyANCa
wAG7qXnz5sXNN98czz33XLGnAnQhc+fOzT0eNWpUlJeXR8SbG4ru7MtStmbRokW5OxyUlZXFqFGj
cq+1ni8AsHsTOGA3s3Tp0pg+fXrMmTPH9etAnmw2G3V1dRERUV5enrv8o6mpKWpra4s5taitrc39
zho9enSUlZVFxJt3erGKAwCIEDhgt5HNZuPWW2+Nu+++OxobG4s9HaALar1Co/XeFosXLy56RMhm
s7F48eLc89arOIq1sgQA6FoEDujmNt/29aabbooVK1YUezpAF7Zs2bLc46qqqoh483dIVwkICxcu
zK3ieOc735kbbz1vAGD3JXBAN/bMM8/E9OnTY8GCBcWeCtDF1dfX51ZpVFdXR2lpaUS8+Xukq1zO
1tTUlNuLI5PJ5G5dm81mo6GhoZhTAwC6AIEDuqH6+vq49dZb47777usyf5gAXdvKlStzjysrK3OP
n3nmmWJMZ6ueeOKJ3OPW87SKAwDoWewJAJ1n8+Uou/o2jkD66uvrc49bX57S1W4hvWrVqmhqaopM
JpMXOOrr6/P2DQEAdj8CB3QT8+bNy7s+HaAjVq9eHRFv3j1l8+UpraNHV1JfXx9VVVVRVlYW5eXl
0djYaPNkAEDggNTV19dHTU2Nf9wDb8vmOLr59qsREWvWrCnWdLZpzZo1uVUmZWVl0djYWPS7vAAA
xWcPDkhYTU1N3HLLLeIG8La0XqnRr1+/3OOudnnKZo2NjdHS0hIR+fPtqitOAIBdQ+CARNXX10dd
XV2xpwF0M7169co93rBhQxFnsnXr1q3LPW49XwBg9yZwQKJWrlyZ+z+YALubkpKSYk8BAOhiBA5I
1PDhw/0DHwAA4P8IHJCoioqKqK6uLvY0gG5m/fr1ucd77rlnEWeydX379s09bj1fAGD3JnBAwiZO
nBhTp06NAQMGFHsqQMIqKytzj1vfOaWr/m4pLy/PPW4939ZfBwCw+xE4IHGVlZVxwQUXxIQJEyKT
yRR7OkCiNv/+aH1XptZ3KOlKWs9r83xbRw8AYPckcEA3MXLkyJg2bVqMHDmy2FMBEtS/f/+IiMhm
s9HU1BQREUOGDCnmlLZq80qNbDYb2Ww2IiLKysqKOSUAoAsQOKAbyWQyMWHChLjoooti6NChxZ4O
kJDWl3csW7YsIiJKS0tz4aOr6N+/f261SX19fW7c5SkAgMAB3VBFRUWcc845MWnSJP9XE2iXwYMH
5x63DgddbVVY6/m0nufw4cOLMR0AoAsROKAbq66ujgsvvDDGjBlT7KkAXVxlZWVuH4u6urrcZSpV
VVVdZn+fTCaTCxlNTU1RV1cXEW/uv1FRUVHMqQEAXYDAAd1cJpOJ0aNHxyWXXBJVVVXFng7QhQ0b
Niz3uPVlKqNGjSrWlPKMGjUqF1ueeeaZ3HjreQMAuy+BA3YTZWVlcfrpp8fUqVPdbQBoU+uQMXfu
3NzjESNGFP33Rnl5eYwYMSL3fOHChbnHXSXAAADFJXDAbqaysjKmTZsWY8aM6TLLzoGuoaysLKqr
qyPizTuUzJs3LyLeXAk2bty4Yk4tJk6cmPudNW/evNzdU6qrq+01BABEhMABu63Ro0fHtGnTcn/M
AEREHHPMMbnHCxcuzIWEqqqqom04OmbMmLxbw7ZevdF6vgDA7k3ggN1YJpOJSZMmxdSpU7vcrSCB
4igrK8ttTNzU1BQ1NTW51yZMmLDLo2h1dXWMHj0693zGjBm5DVDHjBlj9QYAkCNwAFFZWRkXXnhh
TJo0yWUrQIwYMSIXPVesWBGzZs3KvTZp0qRdFjmqq6tj0qRJueezZs2KVatWRURE//798/bkAAAQ
OICc6urqmDZtWtGWoQNdw+bVXZuD56JFi3K3ZI14M3Ls7N8TY8aMyYsbdXV1sWjRojbnBwAQIXAA
W8hkMjFhwoS46KKLYsiQIcWeDlAkFRUVMX78+NzzmTNn5kWOCRMmxOmnn97pd1cpLy+PqVOn5l2W
UldXFzNnzsw9Hz9+fFRUVHTqeQFEU0hfz2JPAOiaKioqYsqUKbF06dKYPXt2NDY2FntKwC5WXV0d
LS0tuX04Zs6cGQ0NDbnwUVVVFZWVlbF48eJYuHBhbm+MHZHJZGLUqFExYsSIvD8yamtr8zYV3ZWX
yAC7F+EU0idwANvUmX/AAOk55JBDoqSkJLeCYuHChdHQ0BATJ06MsrKyyGQyMXr06BgxYkQsW7Ys
Fi1aFKtXr2735/fv3z9GjhwZw4cPzwsb2Ww2ZsyYkdtzI0LcgJQNHz48li5dWuxpbFVVVVWxpwB0
gpLm5uaWYk8CSEM2m43a2trt/gPlqquu2kUzAnaVurq6qK2tzUXOzSsuWl9KsllTU1PU19fHmjVr
orGxMdatW5d7rW/fvlFeXh79+vWLysrKNpeEz5s3Ly+oZjKZGD9+vLgBCctms3HzzTd3yf9Rkslk
4oILLuj0S+6AXU/gADqsvr4+ampq2rxsZfjw4XHGGWcUYVbAztbQ0BAzZ87MW6FRVlYWRxxxRBx8
8MFv6/r1pqamWLJkSSxYsCCy2WxuvH///jFp0iRLx6EbyGazMev/t3eHuooDUQCGT1aAogZFDThQ
KFC8A299FVWAICgwRdVQVbducwnJZhd2Q07zfbJjRjXtP9PO11dcLpdPT+WX2WwWm83GkdPQEwIH
8LLD4RBVVT2ssm63Wy8i0GNd18XxeIzdbvc0tlgsoizLmEwmf/Sy0LZt3G63qOs6TqfT0/h6vX76
JwfQD03TfHQ3x3A49LwCPSRwAG/pui7O53MMBoOnb+iB/mrbNqqqejhZ5bvRaBRFUcR4PH64L3Rd
F03TxP1+f9ip8d18Po/VamVFFQD4KwIHAPCytm1jv9/H9Xp967SloihiOp3GcrkUNgCAlwgcAMA/
0TRNXC6XqOs62rb9bfAoiiJGo1GUZRmz2cxWcQDgbQIHAPDf1HX9dK0syw/MBADoO4EDAAAASO/H
pycAAAAA8C6BAwAAAEhP4AAAAADSEzgAAACA9AQOAAAAID2BAwAAAEhP4AAAAADSEzgAAACA9AQO
AAAAID2BAwAAAEhP4AAAAADSEzgAAACA9AQOAAAAID2BAwAAAEhP4AAAAADSEzgAAACA9AQOAAAA
ID2BAwAAAEhP4AAAAADSEzgAAACA9AQOAAAAID2BAwAAAEhP4AAAAADSEzgAAACA9AQOAAAAID2B
AwAAAEhP4AAAAADSEzgAAACA9AQOAAAAID2BAwAAAEhP4AAAAADSEzgAAACA9AQOAAAAID2BAwAA
AEhP4AAAAADSEzgAAACA9AQOAAAAID2BAwAAAEhP4AAAAADS+wnLxlt3Q8Q1EgAAAABJRU5ErkJg
gg==
" width="800px"&gt;</msg>
<status status="PASS" starttime="20230501 19:42:27.390" endtime="20230501 19:42:27.680"/>
</kw>
<msg timestamp="20230501 19:42:27.680" level="FAIL">ValueError: Element locator 'accessibility_id=ENTRAR' did not match any elements.</msg>
<status status="FAIL" starttime="20230501 19:42:27.351" endtime="20230501 19:42:27.682"/>
</kw>
<status status="FAIL" starttime="20230501 19:42:27.351" endtime="20230501 19:42:27.683"/>
</kw>
<kw name="Então poderei ver o feed da BIA">
<status status="NOT RUN" starttime="20230501 19:42:27.683" endtime="20230501 19:42:27.683"/>
</kw>
<status status="FAIL" starttime="20230501 19:42:14.061" endtime="20230501 19:42:27.684">ValueError: Element locator 'accessibility_id=ENTRAR' did not match any elements.</status>
</test>
<status status="FAIL" starttime="20230501 19:42:13.898" endtime="20230501 19:42:27.686"/>
</suite>
<statistics>
<total>
<stat pass="0" fail="1" skip="0">All Tests</stat>
</total>
<tag>
</tag>
<suite>
<stat pass="0" fail="1" skip="0" id="s1" name="biaPrimeiroLogin">biaPrimeiroLogin</stat>
</suite>
</statistics>
<errors>
</errors>
</robot>
