<?xml version="1.0" encoding="UTF-8"?>
<robot generator="Robot 5.0.1 (Python 3.10.5 on win32)" generated="20221017 13:36:46.610" rpa="false" schemaversion="3">
<suite id="s1" name="oneCreateA" source="D:\Users\xui8\AppiumProject\Tests\oneCreateA.robot">
<test id="s1-t1" name="Open_Aplication" line="6">
<kw name="Open Application" library="AppiumLibrary">
<arg>http://localhost:4723/wd/hub</arg>
<arg>platformName=Android</arg>
<arg>deviceName=emulator-5554</arg>
<arg>appPackage=com.oneblinc.one.one_app.dev</arg>
<arg>appActivity=com.oneblinc.one.one_app.MainActivity</arg>
<arg>automationName=appium</arg>
<doc>Opens a new application to given Appium server.
Capabilities of appium server, Android and iOS,
Please check https://github.com/appium/appium/blob/master/docs/en/writing-running-appium/server-args.md
| *Option*            | *Man.* | *Description*     |
| remote_url          | Yes    | Appium server url |
| alias               | no     | alias             |</doc>
<msg timestamp="20221017 13:36:46.764" level="TRACE">Arguments: [ 'http://localhost:4723/wd/hub' | platformName='Android' | deviceName='emulator-5554' | appPackage='com.oneblinc.one.one_app.dev' | appActivity='com.oneblinc.one.one_app.MainActivity' | automationName='appium' ]</msg>
<msg timestamp="20221017 13:36:48.786" level="DEBUG">POST http://127.0.0.1:4723/wd/hub/session {"capabilities": {"firstMatch": [{"platformName": "Android", "appium:deviceName": "emulator-5554", "appium:appPackage": "com.oneblinc.one.one_app.dev", "appium:appActivity": "com.oneblinc.one.one_app.MainActivity", "appium:automationName": "appium"}]}, "desiredCapabilities": {"platformName": "Android", "deviceName": "emulator-5554", "appPackage": "com.oneblinc.one.one_app.dev", "appActivity": "com.oneblinc.one.one_app.MainActivity", "automationName": "appium"}}</msg>
<msg timestamp="20221017 13:36:48.794" level="DEBUG">Starting new HTTP connection (1): 127.0.0.1:4723</msg>
<msg timestamp="20221017 13:36:55.976" level="DEBUG">http://127.0.0.1:4723 "POST /wd/hub/session HTTP/1.1" 200 935</msg>
<msg timestamp="20221017 13:36:55.977" level="DEBUG">Finished Request</msg>
<msg timestamp="20221017 13:36:55.978" level="DEBUG">Opened application with session id ae14ad41-852e-4a5d-a41d-cfaa683ba851</msg>
<msg timestamp="20221017 13:36:55.978" level="TRACE">Return: 1</msg>
<status status="PASS" starttime="20221017 13:36:46.764" endtime="20221017 13:36:55.978"/>
</kw>
<status status="PASS" starttime="20221017 13:36:46.764" endtime="20221017 13:36:55.979"/>
</test>
<test id="s1-t2" name="Check if buttons are Enabled" line="9">
<kw name="Element Should Be Enabled" library="AppiumLibrary">
<arg>accessibility_id=CREATE YOUR ACCONT</arg>
<doc>Verifies that element identified with locator is enabled.</doc>
<msg timestamp="20221017 13:36:55.981" level="TRACE">Arguments: [ 'accessibility_id=CREATE YOUR ACCONT' ]</msg>
<msg timestamp="20221017 13:36:55.981" level="DEBUG">POST http://127.0.0.1:4723/wd/hub/session/ae14ad41-852e-4a5d-a41d-cfaa683ba851/elements {"using": "accessibility id", "value": "CREATE YOUR ACCONT"}</msg>
<msg timestamp="20221017 13:36:56.393" level="DEBUG">http://127.0.0.1:4723 "POST /wd/hub/session/ae14ad41-852e-4a5d-a41d-cfaa683ba851/elements HTTP/1.1" 200 139</msg>
<msg timestamp="20221017 13:36:56.393" level="DEBUG">Finished Request</msg>
<msg timestamp="20221017 13:36:56.393" level="DEBUG">GET http://127.0.0.1:4723/wd/hub/session/ae14ad41-852e-4a5d-a41d-cfaa683ba851/element/00000000-0000-003f-0000-000800000004/enabled {"id": "00000000-0000-003f-0000-000800000004"}</msg>
<msg timestamp="20221017 13:36:56.405" level="DEBUG">http://127.0.0.1:4723 "GET /wd/hub/session/ae14ad41-852e-4a5d-a41d-cfaa683ba851/element/00000000-0000-003f-0000-000800000004/enabled HTTP/1.1" 200 14</msg>
<msg timestamp="20221017 13:36:56.405" level="DEBUG">Finished Request</msg>
<msg timestamp="20221017 13:36:56.406" level="INFO">Element 'accessibility_id=CREATE YOUR ACCONT' is enabled .</msg>
<msg timestamp="20221017 13:36:56.406" level="TRACE">Return: None</msg>
<status status="PASS" starttime="20221017 13:36:55.980" endtime="20221017 13:36:56.406"/>
</kw>
<kw name="Element Should Be Enabled" library="AppiumLibrary">
<arg>accessibility_id=LOG INTO MY ACCONT</arg>
<doc>Verifies that element identified with locator is enabled.</doc>
<msg timestamp="20221017 13:36:56.407" level="TRACE">Arguments: [ 'accessibility_id=LOG INTO MY ACCONT' ]</msg>
<msg timestamp="20221017 13:36:56.407" level="DEBUG">POST http://127.0.0.1:4723/wd/hub/session/ae14ad41-852e-4a5d-a41d-cfaa683ba851/elements {"using": "accessibility id", "value": "LOG INTO MY ACCONT"}</msg>
<msg timestamp="20221017 13:36:56.432" level="DEBUG">http://127.0.0.1:4723 "POST /wd/hub/session/ae14ad41-852e-4a5d-a41d-cfaa683ba851/elements HTTP/1.1" 200 139</msg>
<msg timestamp="20221017 13:36:56.432" level="DEBUG">Finished Request</msg>
<msg timestamp="20221017 13:36:56.432" level="DEBUG">GET http://127.0.0.1:4723/wd/hub/session/ae14ad41-852e-4a5d-a41d-cfaa683ba851/element/00000000-0000-003f-0000-000900000004/enabled {"id": "00000000-0000-003f-0000-000900000004"}</msg>
<msg timestamp="20221017 13:36:56.442" level="DEBUG">http://127.0.0.1:4723 "GET /wd/hub/session/ae14ad41-852e-4a5d-a41d-cfaa683ba851/element/00000000-0000-003f-0000-000900000004/enabled HTTP/1.1" 200 14</msg>
<msg timestamp="20221017 13:36:56.442" level="DEBUG">Finished Request</msg>
<msg timestamp="20221017 13:36:56.443" level="INFO">Element 'accessibility_id=LOG INTO MY ACCONT' is enabled .</msg>
<msg timestamp="20221017 13:36:56.443" level="TRACE">Return: None</msg>
<status status="PASS" starttime="20221017 13:36:56.407" endtime="20221017 13:36:56.443"/>
</kw>
<status status="PASS" starttime="20221017 13:36:55.980" endtime="20221017 13:36:56.443"/>
</test>
<test id="s1-t3" name="Criar Conta" line="13">
<kw name="Wait Until Page Contains Element" library="AppiumLibrary">
<arg>xpath=//android.widget.Button[@content-desc="CREATE YOUR ACCONT"]</arg>
<doc>Waits until element specified with `locator` appears on current page.</doc>
<msg timestamp="20221017 13:36:56.444" level="TRACE">Arguments: [ 'xpath=//android.widget.Button[@content-desc="CREATE YOUR ACCONT"]' ]</msg>
<msg timestamp="20221017 13:36:56.444" level="DEBUG">POST http://127.0.0.1:4723/wd/hub/session/ae14ad41-852e-4a5d-a41d-cfaa683ba851/elements {"using": "xpath", "value": "//android.widget.Button[@content-desc=\"CREATE YOUR ACCONT\"]"}</msg>
<msg timestamp="20221017 13:36:56.679" level="DEBUG">http://127.0.0.1:4723 "POST /wd/hub/session/ae14ad41-852e-4a5d-a41d-cfaa683ba851/elements HTTP/1.1" 200 139</msg>
<msg timestamp="20221017 13:36:56.680" level="DEBUG">Finished Request</msg>
<msg timestamp="20221017 13:36:56.680" level="TRACE">Return: None</msg>
<status status="PASS" starttime="20221017 13:36:56.444" endtime="20221017 13:36:56.680"/>
</kw>
<kw name="Click Element" library="AppiumLibrary">
<arg>xpath=//android.widget.Button[@content-desc="CREATE YOUR ACCONT"]</arg>
<doc>Click element identified by `locator`.</doc>
<msg timestamp="20221017 13:36:56.680" level="TRACE">Arguments: [ 'xpath=//android.widget.Button[@content-desc="CREATE YOUR ACCONT"]' ]</msg>
<msg timestamp="20221017 13:36:56.681" level="INFO">Clicking element 'xpath=//android.widget.Button[@content-desc="CREATE YOUR ACCONT"]'.</msg>
<msg timestamp="20221017 13:36:56.681" level="DEBUG">POST http://127.0.0.1:4723/wd/hub/session/ae14ad41-852e-4a5d-a41d-cfaa683ba851/elements {"using": "xpath", "value": "//android.widget.Button[@content-desc=\"CREATE YOUR ACCONT\"]"}</msg>
<msg timestamp="20221017 13:36:56.716" level="DEBUG">http://127.0.0.1:4723 "POST /wd/hub/session/ae14ad41-852e-4a5d-a41d-cfaa683ba851/elements HTTP/1.1" 200 139</msg>
<msg timestamp="20221017 13:36:56.716" level="DEBUG">Finished Request</msg>
<msg timestamp="20221017 13:36:56.716" level="DEBUG">POST http://127.0.0.1:4723/wd/hub/session/ae14ad41-852e-4a5d-a41d-cfaa683ba851/element/00000000-0000-003f-0000-000800000004/click {"id": "00000000-0000-003f-0000-000800000004"}</msg>
<msg timestamp="20221017 13:36:56.765" level="DEBUG">http://127.0.0.1:4723 "POST /wd/hub/session/ae14ad41-852e-4a5d-a41d-cfaa683ba851/element/00000000-0000-003f-0000-000800000004/click HTTP/1.1" 200 14</msg>
<msg timestamp="20221017 13:36:56.766" level="DEBUG">Finished Request</msg>
<msg timestamp="20221017 13:36:56.766" level="TRACE">Return: None</msg>
<status status="PASS" starttime="20221017 13:36:56.680" endtime="20221017 13:36:56.766"/>
</kw>
<status status="PASS" starttime="20221017 13:36:56.444" endtime="20221017 13:36:56.766"/>
</test>
<test id="s1-t4" name="Selecionar Produto" line="17">
<kw name="Wait Until Page Contains Element" library="AppiumLibrary">
<arg>xpath=//android.widget.CheckBox[@content-desc="LOANS Get up to $2,000 instantly when you need!"]</arg>
<doc>Waits until element specified with `locator` appears on current page.</doc>
<msg timestamp="20221017 13:36:56.767" level="TRACE">Arguments: [ 'xpath=//android.widget.CheckBox[@content-desc="LOANS Get up to $2,000 instantly when you need!"]' ]</msg>
<msg timestamp="20221017 13:36:56.767" level="DEBUG">POST http://127.0.0.1:4723/wd/hub/session/ae14ad41-852e-4a5d-a41d-cfaa683ba851/elements {"using": "xpath", "value": "//android.widget.CheckBox[@content-desc=\"LOANS Get up to $2,000 instantly when you need!\"]"}</msg>
<msg timestamp="20221017 13:36:56.800" level="DEBUG">http://127.0.0.1:4723 "POST /wd/hub/session/ae14ad41-852e-4a5d-a41d-cfaa683ba851/elements HTTP/1.1" 200 12</msg>
<msg timestamp="20221017 13:36:56.801" level="DEBUG">Finished Request</msg>
<msg timestamp="20221017 13:36:57.012" level="DEBUG">POST http://127.0.0.1:4723/wd/hub/session/ae14ad41-852e-4a5d-a41d-cfaa683ba851/elements {"using": "xpath", "value": "//android.widget.CheckBox[@content-desc=\"LOANS Get up to $2,000 instantly when you need!\"]"}</msg>
<msg timestamp="20221017 13:36:57.692" level="DEBUG">http://127.0.0.1:4723 "POST /wd/hub/session/ae14ad41-852e-4a5d-a41d-cfaa683ba851/elements HTTP/1.1" 200 12</msg>
<msg timestamp="20221017 13:36:57.692" level="DEBUG">Finished Request</msg>
<msg timestamp="20221017 13:36:57.905" level="DEBUG">POST http://127.0.0.1:4723/wd/hub/session/ae14ad41-852e-4a5d-a41d-cfaa683ba851/elements {"using": "xpath", "value": "//android.widget.CheckBox[@content-desc=\"LOANS Get up to $2,000 instantly when you need!\"]"}</msg>
<msg timestamp="20221017 13:36:57.936" level="DEBUG">http://127.0.0.1:4723 "POST /wd/hub/session/ae14ad41-852e-4a5d-a41d-cfaa683ba851/elements HTTP/1.1" 200 12</msg>
<msg timestamp="20221017 13:36:57.937" level="DEBUG">Finished Request</msg>
<msg timestamp="20221017 13:36:58.145" level="DEBUG">POST http://127.0.0.1:4723/wd/hub/session/ae14ad41-852e-4a5d-a41d-cfaa683ba851/elements {"using": "xpath", "value": "//android.widget.CheckBox[@content-desc=\"LOANS Get up to $2,000 instantly when you need!\"]"}</msg>
<msg timestamp="20221017 13:36:58.178" level="DEBUG">http://127.0.0.1:4723 "POST /wd/hub/session/ae14ad41-852e-4a5d-a41d-cfaa683ba851/elements HTTP/1.1" 200 12</msg>
<msg timestamp="20221017 13:36:58.178" level="DEBUG">Finished Request</msg>
<msg timestamp="20221017 13:36:58.383" level="DEBUG">POST http://127.0.0.1:4723/wd/hub/session/ae14ad41-852e-4a5d-a41d-cfaa683ba851/elements {"using": "xpath", "value": "//android.widget.CheckBox[@content-desc=\"LOANS Get up to $2,000 instantly when you need!\"]"}</msg>
<msg timestamp="20221017 13:36:58.417" level="DEBUG">http://127.0.0.1:4723 "POST /wd/hub/session/ae14ad41-852e-4a5d-a41d-cfaa683ba851/elements HTTP/1.1" 200 12</msg>
<msg timestamp="20221017 13:36:58.417" level="DEBUG">Finished Request</msg>
<msg timestamp="20221017 13:36:58.621" level="DEBUG">POST http://127.0.0.1:4723/wd/hub/session/ae14ad41-852e-4a5d-a41d-cfaa683ba851/elements {"using": "xpath", "value": "//android.widget.CheckBox[@content-desc=\"LOANS Get up to $2,000 instantly when you need!\"]"}</msg>
<msg timestamp="20221017 13:36:58.653" level="DEBUG">http://127.0.0.1:4723 "POST /wd/hub/session/ae14ad41-852e-4a5d-a41d-cfaa683ba851/elements HTTP/1.1" 200 12</msg>
<msg timestamp="20221017 13:36:58.653" level="DEBUG">Finished Request</msg>
<msg timestamp="20221017 13:36:58.861" level="DEBUG">POST http://127.0.0.1:4723/wd/hub/session/ae14ad41-852e-4a5d-a41d-cfaa683ba851/elements {"using": "xpath", "value": "//android.widget.CheckBox[@content-desc=\"LOANS Get up to $2,000 instantly when you need!\"]"}</msg>
<msg timestamp="20221017 13:36:58.893" level="DEBUG">http://127.0.0.1:4723 "POST /wd/hub/session/ae14ad41-852e-4a5d-a41d-cfaa683ba851/elements HTTP/1.1" 200 12</msg>
<msg timestamp="20221017 13:36:58.893" level="DEBUG">Finished Request</msg>
<msg timestamp="20221017 13:36:59.100" level="DEBUG">POST http://127.0.0.1:4723/wd/hub/session/ae14ad41-852e-4a5d-a41d-cfaa683ba851/elements {"using": "xpath", "value": "//android.widget.CheckBox[@content-desc=\"LOANS Get up to $2,000 instantly when you need!\"]"}</msg>
<msg timestamp="20221017 13:36:59.133" level="DEBUG">http://127.0.0.1:4723 "POST /wd/hub/session/ae14ad41-852e-4a5d-a41d-cfaa683ba851/elements HTTP/1.1" 200 12</msg>
<msg timestamp="20221017 13:36:59.133" level="DEBUG">Finished Request</msg>
<msg timestamp="20221017 13:36:59.339" level="DEBUG">POST http://127.0.0.1:4723/wd/hub/session/ae14ad41-852e-4a5d-a41d-cfaa683ba851/elements {"using": "xpath", "value": "//android.widget.CheckBox[@content-desc=\"LOANS Get up to $2,000 instantly when you need!\"]"}</msg>
<msg timestamp="20221017 13:36:59.368" level="DEBUG">http://127.0.0.1:4723 "POST /wd/hub/session/ae14ad41-852e-4a5d-a41d-cfaa683ba851/elements HTTP/1.1" 200 12</msg>
<msg timestamp="20221017 13:36:59.368" level="DEBUG">Finished Request</msg>
<msg timestamp="20221017 13:36:59.578" level="DEBUG">POST http://127.0.0.1:4723/wd/hub/session/ae14ad41-852e-4a5d-a41d-cfaa683ba851/elements {"using": "xpath", "value": "//android.widget.CheckBox[@content-desc=\"LOANS Get up to $2,000 instantly when you need!\"]"}</msg>
<msg timestamp="20221017 13:36:59.609" level="DEBUG">http://127.0.0.1:4723 "POST /wd/hub/session/ae14ad41-852e-4a5d-a41d-cfaa683ba851/elements HTTP/1.1" 200 12</msg>
<msg timestamp="20221017 13:36:59.610" level="DEBUG">Finished Request</msg>
<msg timestamp="20221017 13:36:59.817" level="DEBUG">POST http://127.0.0.1:4723/wd/hub/session/ae14ad41-852e-4a5d-a41d-cfaa683ba851/elements {"using": "xpath", "value": "//android.widget.CheckBox[@content-desc=\"LOANS Get up to $2,000 instantly when you need!\"]"}</msg>
<msg timestamp="20221017 13:36:59.847" level="DEBUG">http://127.0.0.1:4723 "POST /wd/hub/session/ae14ad41-852e-4a5d-a41d-cfaa683ba851/elements HTTP/1.1" 200 12</msg>
<msg timestamp="20221017 13:36:59.848" level="DEBUG">Finished Request</msg>
<msg timestamp="20221017 13:37:00.054" level="DEBUG">POST http://127.0.0.1:4723/wd/hub/session/ae14ad41-852e-4a5d-a41d-cfaa683ba851/elements {"using": "xpath", "value": "//android.widget.CheckBox[@content-desc=\"LOANS Get up to $2,000 instantly when you need!\"]"}</msg>
<msg timestamp="20221017 13:37:00.081" level="DEBUG">http://127.0.0.1:4723 "POST /wd/hub/session/ae14ad41-852e-4a5d-a41d-cfaa683ba851/elements HTTP/1.1" 200 12</msg>
<msg timestamp="20221017 13:37:00.082" level="DEBUG">Finished Request</msg>
<msg timestamp="20221017 13:37:00.290" level="DEBUG">POST http://127.0.0.1:4723/wd/hub/session/ae14ad41-852e-4a5d-a41d-cfaa683ba851/elements {"using": "xpath", "value": "//android.widget.CheckBox[@content-desc=\"LOANS Get up to $2,000 instantly when you need!\"]"}</msg>
<msg timestamp="20221017 13:37:00.317" level="DEBUG">http://127.0.0.1:4723 "POST /wd/hub/session/ae14ad41-852e-4a5d-a41d-cfaa683ba851/elements HTTP/1.1" 200 12</msg>
<msg timestamp="20221017 13:37:00.317" level="DEBUG">Finished Request</msg>
<msg timestamp="20221017 13:37:00.528" level="DEBUG">POST http://127.0.0.1:4723/wd/hub/session/ae14ad41-852e-4a5d-a41d-cfaa683ba851/elements {"using": "xpath", "value": "//android.widget.CheckBox[@content-desc=\"LOANS Get up to $2,000 instantly when you need!\"]"}</msg>
<msg timestamp="20221017 13:37:00.560" level="DEBUG">http://127.0.0.1:4723 "POST /wd/hub/session/ae14ad41-852e-4a5d-a41d-cfaa683ba851/elements HTTP/1.1" 200 12</msg>
<msg timestamp="20221017 13:37:00.560" level="DEBUG">Finished Request</msg>
<msg timestamp="20221017 13:37:00.766" level="DEBUG">POST http://127.0.0.1:4723/wd/hub/session/ae14ad41-852e-4a5d-a41d-cfaa683ba851/elements {"using": "xpath", "value": "//android.widget.CheckBox[@content-desc=\"LOANS Get up to $2,000 instantly when you need!\"]"}</msg>
<msg timestamp="20221017 13:37:00.795" level="DEBUG">http://127.0.0.1:4723 "POST /wd/hub/session/ae14ad41-852e-4a5d-a41d-cfaa683ba851/elements HTTP/1.1" 200 12</msg>
<msg timestamp="20221017 13:37:00.795" level="DEBUG">Finished Request</msg>
<msg timestamp="20221017 13:37:01.006" level="DEBUG">POST http://127.0.0.1:4723/wd/hub/session/ae14ad41-852e-4a5d-a41d-cfaa683ba851/elements {"using": "xpath", "value": "//android.widget.CheckBox[@content-desc=\"LOANS Get up to $2,000 instantly when you need!\"]"}</msg>
<msg timestamp="20221017 13:37:01.038" level="DEBUG">http://127.0.0.1:4723 "POST /wd/hub/session/ae14ad41-852e-4a5d-a41d-cfaa683ba851/elements HTTP/1.1" 200 12</msg>
<msg timestamp="20221017 13:37:01.038" level="DEBUG">Finished Request</msg>
<msg timestamp="20221017 13:37:01.244" level="DEBUG">POST http://127.0.0.1:4723/wd/hub/session/ae14ad41-852e-4a5d-a41d-cfaa683ba851/elements {"using": "xpath", "value": "//android.widget.CheckBox[@content-desc=\"LOANS Get up to $2,000 instantly when you need!\"]"}</msg>
<msg timestamp="20221017 13:37:01.270" level="DEBUG">http://127.0.0.1:4723 "POST /wd/hub/session/ae14ad41-852e-4a5d-a41d-cfaa683ba851/elements HTTP/1.1" 200 12</msg>
<msg timestamp="20221017 13:37:01.270" level="DEBUG">Finished Request</msg>
<msg timestamp="20221017 13:37:01.484" level="DEBUG">POST http://127.0.0.1:4723/wd/hub/session/ae14ad41-852e-4a5d-a41d-cfaa683ba851/elements {"using": "xpath", "value": "//android.widget.CheckBox[@content-desc=\"LOANS Get up to $2,000 instantly when you need!\"]"}</msg>
<msg timestamp="20221017 13:37:01.510" level="DEBUG">http://127.0.0.1:4723 "POST /wd/hub/session/ae14ad41-852e-4a5d-a41d-cfaa683ba851/elements HTTP/1.1" 200 12</msg>
<msg timestamp="20221017 13:37:01.510" level="DEBUG">Finished Request</msg>
<msg timestamp="20221017 13:37:01.720" level="DEBUG">POST http://127.0.0.1:4723/wd/hub/session/ae14ad41-852e-4a5d-a41d-cfaa683ba851/elements {"using": "xpath", "value": "//android.widget.CheckBox[@content-desc=\"LOANS Get up to $2,000 instantly when you need!\"]"}</msg>
<msg timestamp="20221017 13:37:01.748" level="DEBUG">http://127.0.0.1:4723 "POST /wd/hub/session/ae14ad41-852e-4a5d-a41d-cfaa683ba851/elements HTTP/1.1" 200 12</msg>
<msg timestamp="20221017 13:37:01.748" level="DEBUG">Finished Request</msg>
<msg timestamp="20221017 13:37:01.956" level="DEBUG">POST http://127.0.0.1:4723/wd/hub/session/ae14ad41-852e-4a5d-a41d-cfaa683ba851/elements {"using": "xpath", "value": "//android.widget.CheckBox[@content-desc=\"LOANS Get up to $2,000 instantly when you need!\"]"}</msg>
<msg timestamp="20221017 13:37:01.982" level="DEBUG">http://127.0.0.1:4723 "POST /wd/hub/session/ae14ad41-852e-4a5d-a41d-cfaa683ba851/elements HTTP/1.1" 200 12</msg>
<msg timestamp="20221017 13:37:01.982" level="DEBUG">Finished Request</msg>
<msg timestamp="20221017 13:37:02.075" level="DEBUG">GET http://127.0.0.1:4723/wd/hub/session/ae14ad41-852e-4a5d-a41d-cfaa683ba851/source {}</msg>
<msg timestamp="20221017 13:37:02.097" level="DEBUG">http://127.0.0.1:4723 "GET /wd/hub/session/ae14ad41-852e-4a5d-a41d-cfaa683ba851/source HTTP/1.1" 200 7197</msg>
<msg timestamp="20221017 13:37:02.098" level="DEBUG">Finished Request</msg>
<msg timestamp="20221017 13:37:02.099" level="INFO">&lt;?xml version='1.0' encoding='UTF-8' standalone='yes' ?&gt;
&lt;hierarchy index="0" class="hierarchy" rotation="0" width="1080" height="2148"&gt;
  &lt;android.widget.FrameLayout index="0" package="com.oneblinc.one.one_app.dev" class="android.widget.FrameLayout" text="" checkable="false" checked="false" clickable="false" enabled="true" focusable="false" focused="false" long-clickable="false" password="false" scrollable="false" selected="false" bounds="[0,0][1080,2148]" displayed="true"&gt;
    &lt;android.widget.LinearLayout index="0" package="com.oneblinc.one.one_app.dev" class="android.widget.LinearLayout" text="" checkable="false" checked="false" clickable="false" enabled="true" focusable="false" focused="false" long-clickable="false" password="false" scrollable="false" selected="false" bounds="[0,0][1080,2148]" displayed="true"&gt;
      &lt;android.widget.FrameLayout index="0" package="com.oneblinc.one.one_app.dev" class="android.widget.FrameLayout" text="" resource-id="android:id/content" checkable="false" checked="false" clickable="false" enabled="true" focusable="false" focused="false" long-clickable="false" password="false" scrollable="false" selected="false" bounds="[0,0][1080,2148]" displayed="true"&gt;
        &lt;android.widget.FrameLayout index="0" package="com.oneblinc.one.one_app.dev" class="android.widget.FrameLayout" text="" checkable="false" checked="false" clickable="false" enabled="true" focusable="false" focused="false" long-clickable="false" password="false" scrollable="false" selected="false" bounds="[0,0][1080,2148]" displayed="true"&gt;
          &lt;android.widget.FrameLayout index="0" package="com.oneblinc.one.one_app.dev" class="android.widget.FrameLayout" text="" checkable="false" checked="false" clickable="false" enabled="true" focusable="true" focused="false" long-clickable="false" password="false" scrollable="false" selected="false" bounds="[0,0][1080,2148]" displayed="true"&gt;
            &lt;android.view.View index="0" package="com.oneblinc.one.one_app.dev" class="android.view.View" text="" resource-id="" checkable="false" checked="false" clickable="false" enabled="true" focusable="false" focused="false" long-clickable="false" password="false" scrollable="false" selected="false" bounds="[0,0][1080,2148]" displayed="true"&gt;
              &lt;android.view.View index="0" package="com.oneblinc.one.one_app.dev" class="android.view.View" text="" resource-id="" checkable="false" checked="false" clickable="false" enabled="true" focusable="false" focused="false" long-clickable="false" password="false" scrollable="false" selected="false" bounds="[0,0][1080,2148]" displayed="true"&gt;
                &lt;android.view.View index="0" package="com.oneblinc.one.one_app.dev" class="android.view.View" text="" resource-id="" checkable="false" checked="false" clickable="false" enabled="true" focusable="false" focused="false" long-clickable="false" password="false" scrollable="false" selected="false" bounds="[0,0][1080,2148]" displayed="true"&gt;
                  &lt;android.view.View index="0" package="com.oneblinc.one.one_app.dev" class="android.view.View" text="" resource-id="" checkable="false" checked="false" clickable="false" enabled="true" focusable="false" focused="false" long-clickable="false" password="false" scrollable="false" selected="false" bounds="[0,0][1080,2148]" displayed="true"&gt;
                    &lt;android.view.View index="0" package="com.oneblinc.one.one_app.dev" class="android.view.View" text="" resource-id="" checkable="false" checked="false" clickable="false" enabled="true" focusable="false" focused="false" long-clickable="false" password="false" scrollable="false" selected="false" bounds="[0,0][1080,248]" displayed="true"&gt;
                      &lt;android.view.View index="0" package="com.oneblinc.one.one_app.dev" class="android.view.View" text="" content-desc="Welcome" resource-id="" checkable="false" checked="false" clickable="false" enabled="true" focusable="true" focused="false" long-clickable="false" password="false" scrollable="false" selected="false" bounds="[452,145][628,186]" displayed="true" /&gt;
                      &lt;android.view.View index="1" package="com.oneblinc.one.one_app.dev" class="android.view.View" text="" resource-id="" checkable="false" checked="false" clickable="false" enabled="true" focusable="false" focused="false" long-clickable="false" password="false" scrollable="false" selected="false" bounds="[971,126][1037,205]" displayed="true" /&gt;
                    &lt;/android.view.View&gt;
                    &lt;android.view.View index="1" package="com.oneblinc.one.one_app.dev" class="android.view.View" text="" content-desc="How can we help you with?" resource-id="" checkable="false" checked="false" clickable="false" enabled="true" focusable="true" focused="false" long-clickable="false" password="false" scrollable="false" selected="false" bounds="[63,679][1017,855]" displayed="true" /&gt;
                    &lt;android.widget.CheckBox index="2" package="com.oneblinc.one.one_app.dev" class="android.widget.CheckBox" text="" content-desc="LOANS&amp;#10;Get up to $2,000 &amp;#10;instantly when you need!" resource-id="" checkable="true" checked="false" clickable="true" enabled="true" focusable="true" focused="false" long-clickable="false" password="false" scrollable="false" selected="false" bounds="[63,949][1017,1169]" displayed="true" /&gt;
                    &lt;android.widget.CheckBox index="3" package="com.oneblinc.one.one_app.dev" class="android.widget.CheckBox" text="" content-desc="CHECKING ACCOUNT&amp;#10;Simple banking without &amp;#10;hidden fees." resource-id="" checkable="true" checked="false" clickable="true" enabled="true" focusable="true" focused="false" long-clickable="false" password="false" scrollable="false" selected="false" bounds="[63,1211][1017,1431]" displayed="true" /&gt;
                    &lt;android.widget.Button index="4" package="com.oneblinc.one.one_app.dev" class="android.widget.Button" text="" content-desc="CONTINUE" resource-id="" checkable="false" checked="false" clickable="true" enabled="true" focusable="true" focused="false" long-clickable="false" password="false" scrollable="false" selected="false" bounds="[63,1882][1017,2014]" displayed="true" /&gt;
                  &lt;/android.view.View&gt;
                &lt;/android.view.View&gt;
              &lt;/android.view.View&gt;
            &lt;/android.view.View&gt;
          &lt;/android.widget.FrameLayout&gt;
        &lt;/android.widget.FrameLayout&gt;
      &lt;/android.widget.FrameLayout&gt;
    &lt;/android.widget.LinearLayout&gt;
  &lt;/android.widget.FrameLayout&gt;
&lt;/hierarchy&gt;</msg>
<kw name="Capture Page Screenshot" library="AppiumLibrary">
<doc>Takes a screenshot of the current page and embeds it into the log.</doc>
<msg timestamp="20221017 13:37:02.099" level="TRACE">Arguments: [  ]</msg>
<msg timestamp="20221017 13:37:02.100" level="DEBUG">GET http://127.0.0.1:4723/wd/hub/session/ae14ad41-852e-4a5d-a41d-cfaa683ba851/screenshot {}</msg>
<msg timestamp="20221017 13:37:02.565" level="DEBUG">http://127.0.0.1:4723 "GET /wd/hub/session/ae14ad41-852e-4a5d-a41d-cfaa683ba851/screenshot HTTP/1.1" 200 295530</msg>
<msg timestamp="20221017 13:37:02.567" level="DEBUG">Finished Request</msg>
<msg timestamp="20221017 13:37:02.568" level="INFO" html="true">&lt;/td&gt;&lt;/tr&gt;&lt;tr&gt;&lt;td colspan="3"&gt;&lt;a href="appium-screenshot-1.png"&gt;&lt;img src="appium-screenshot-1.png" width="800px"&gt;&lt;/a&gt;</msg>
<msg timestamp="20221017 13:37:02.568" level="TRACE">Return: 'D:\\Users\\xui8\\AppiumProject\\Logs\\LogsCreateA\\appium-screenshot-1.png'</msg>
<status status="PASS" starttime="20221017 13:37:02.099" endtime="20221017 13:37:02.568"/>
</kw>
<msg timestamp="20221017 13:37:02.568" level="FAIL">Element 'xpath=//android.widget.CheckBox[@content-desc="LOANS Get up to $2,000 instantly when you need!"]' did not appear in 5 seconds</msg>
<msg timestamp="20221017 13:37:02.568" level="DEBUG">Traceback (most recent call last):
  File "C:\Users\xui8\AppData\Local\Programs\Python\Python310\lib\site-packages\decorator.py", line 232, in fun
    return caller(func, *(extras + args), **kw)
  File "C:\Users\xui8\AppData\Local\Programs\Python\Python310\lib\site-packages\AppiumLibrary\keywords\keywordgroup.py", line 21, in _run_on_failure_decorator
    raise err
  File "C:\Users\xui8\AppData\Local\Programs\Python\Python310\lib\site-packages\AppiumLibrary\keywords\keywordgroup.py", line 16, in _run_on_failure_decorator
    return method(*args, **kwargs)
  File "C:\Users\xui8\AppData\Local\Programs\Python\Python310\lib\site-packages\AppiumLibrary\keywords\_waiting.py", line 88, in wait_until_page_contains_element
    self._wait_until(timeout, error, self._is_element_present, locator)
  File "C:\Users\xui8\AppData\Local\Programs\Python\Python310\lib\site-packages\AppiumLibrary\keywords\_waiting.py", line 122, in _wait_until
    self._wait_until_no_error(timeout, wait_func)
  File "C:\Users\xui8\AppData\Local\Programs\Python\Python310\lib\site-packages\AppiumLibrary\keywords\_waiting.py", line 133, in _wait_until_no_error
    raise AssertionError(timeout_error)
AssertionError: Element 'xpath=//android.widget.CheckBox[@content-desc="LOANS Get up to $2,000 instantly when you need!"]' did not appear in 5 seconds</msg>
<status status="FAIL" starttime="20221017 13:36:56.767" endtime="20221017 13:37:02.568"/>
</kw>
<kw name="Click Element" library="AppiumLibrary">
<arg>xpath=//android.widget.CheckBox[@content-desc="LOANS Get up to $2,000 instantly when you need!"]</arg>
<doc>Click element identified by `locator`.</doc>
<status status="NOT RUN" starttime="20221017 13:37:02.569" endtime="20221017 13:37:02.569"/>
</kw>
<status status="FAIL" starttime="20221017 13:36:56.767" endtime="20221017 13:37:02.569">Element 'xpath=//android.widget.CheckBox[@content-desc="LOANS Get up to $2,000 instantly when you need!"]' did not appear in 5 seconds</status>
</test>
<status status="FAIL" starttime="20221017 13:36:46.611" endtime="20221017 13:37:02.570"/>
</suite>
<statistics>
<total>
<stat pass="3" fail="1" skip="0">All Tests</stat>
</total>
<tag>
</tag>
<suite>
<stat pass="3" fail="1" skip="0" id="s1" name="oneCreateA">oneCreateA</stat>
</suite>
</statistics>
<errors>
</errors>
</robot>
