<?xml version="1.0" encoding="UTF-8"?>
<robot generator="Robot 6.0.2 (Python 3.11.2 on win32)" generated="20230312 14:48:35.097" rpa="false" schemaversion="3">
<suite id="s1" name="biaLoginPROD" source="C:\Users\sankhya\Downloads\BIAproject\Tests\biaLoginPROD.robot">
<test id="s1-t1" name="Open_App" line="5">
<kw name="Open Application" library="AppiumLibrary">
<arg>http://localhost:4723/wd/hub</arg>
<arg>platformName=Android</arg>
<arg>deviceName=emulator-5554</arg>
<arg>appPackage=br.com.sankhya.bia</arg>
<arg>appActivity=br.com.sankhya.bia.sankhya_bia.MainActivity</arg>
<arg>automationName=appium</arg>
<doc>Opens a new application to given Appium server.
Capabilities of appium server, Android and iOS,
Please check https://github.com/appium/appium/blob/master/docs/en/writing-running-appium/server-args.md
| *Option*            | *Man.* | *Description*     |
| remote_url          | Yes    | Appium server url |
| alias               | no     | alias             |
| strict_ssl          | No     | allows you to send commands to an invalid certificate host like a self-signed one. |</doc>
<msg timestamp="20230312 14:48:35.541" level="TRACE">Arguments: [ 'http://localhost:4723/wd/hub' | platformName='Android' | deviceName='emulator-5554' | appPackage='br.com.sankhya.bia' | appActivity='br.com.sankhya.bia.sankhya_bia.MainActivity' | automationName='appium' ]</msg>
<msg timestamp="20230312 14:48:35.542" level="DEBUG">POST http://localhost:4723/wd/hub/session {"capabilities": {"firstMatch": [{}], "alwaysMatch": {"platformName": "Android", "appium:deviceName": "emulator-5554", "appium:appPackage": "br.com.sankhya.bia", "appium:appActivity": "br.com.sankhya.bia.sankhya_bia.MainActivity", "appium:automationName": "appium"}}}</msg>
<msg timestamp="20230312 14:48:35.600" level="DEBUG">Starting new HTTP connection (1): localhost:4723</msg>
<msg timestamp="20230312 14:49:05.979" level="DEBUG">http://localhost:4723 "POST /wd/hub/session HTTP/1.1" 200 922</msg>
<msg timestamp="20230312 14:49:05.981" level="DEBUG">Remote response: status=200 | data={"value":{"capabilities":{"platform":"LINUX","webStorageEnabled":false,"takesScreenshot":true,"javascriptEnabled":true,"databaseEnabled":false,"networkConnectionEnabled":true,"locationContextEnabled":false,"warnings":{},"desired":{"platformName":"Android","deviceName":"emulator-5554","appPackage":"br.com.sankhya.bia","appActivity":"br.com.sankhya.bia.sankhya_bia.MainActivity","automationName":"appium"},"platformName":"Android","deviceName":"emulator-5554","appPackage":"br.com.sankhya.bia","appActivity":"br.com.sankhya.bia.sankhya_bia.MainActivity","automationName":"appium","deviceUDID":"emulator-5554","deviceApiLevel":30,"platformVersion":"11","deviceScreenSize":"1080x2160","deviceScreenDensity":440,"deviceModel":"sdk_gphone_x86","deviceManufacturer":"Google","pixelRatio":2.75,"statBarHeight":66,"viewportRect":{"left":0,"top":66,"width":1080,"height":1962}},"sessionId":"0ea2aca3-7cd9-4e2f-b65b-c48c71ec14df"}} | headers=HTTPHeaderDict({'X-Powered-By': 'Express', 'Vary': 'X-HTTP-Method-Override', 'Content-Type': 'application/json; charset=utf-8', 'Content-Length': '922', 'ETag': 'W/"39a-wXlQ1LpEBYnuq1vlhqUl9ZaWjbk"', 'Date': 'Sun, 12 Mar 2023 17:49:05 GMT', 'Connection': 'keep-alive', 'Keep-Alive': 'timeout=600'})</msg>
<msg timestamp="20230312 14:49:05.981" level="DEBUG">Finished Request</msg>
<msg timestamp="20230312 14:49:05.985" level="DEBUG">Opened application with session id 0ea2aca3-7cd9-4e2f-b65b-c48c71ec14df</msg>
<msg timestamp="20230312 14:49:05.985" level="TRACE">Return: 1</msg>
<status status="PASS" starttime="20230312 14:48:35.541" endtime="20230312 14:49:05.986"/>
</kw>
<status status="PASS" starttime="20230312 14:48:35.540" endtime="20230312 14:49:05.987"/>
</test>
<status status="PASS" starttime="20230312 14:48:35.102" endtime="20230312 14:49:05.989"/>
</suite>
<statistics>
<total>
<stat pass="1" fail="0" skip="0">All Tests</stat>
</total>
<tag>
</tag>
<suite>
<stat pass="1" fail="0" skip="0" id="s1" name="biaLoginPROD">biaLoginPROD</stat>
</suite>
</statistics>
<errors>
</errors>
</robot>
