<?xml version="1.0" encoding="UTF-8"?>
<robot generator="Robot 5.0.1 (Python 3.10.5 on win32)" generated="20220821 11:27:21.500" rpa="false" schemaversion="3">
<suite id="s1" name="Instagram" source="D:\Users\xui8\RobotProjects\instagram.robot">
<test id="s1-t1" name="Cenário 1: Entrando no site do Instagram" line="41">
<kw name="Abrindo instagram">
<msg timestamp="20220821 11:27:21.661" level="TRACE">Arguments: [  ]</msg>
<kw name="Open Browser" library="SeleniumLibrary">
<arg>https://www.instagram.com/</arg>
<arg>chrome</arg>
<doc>Opens a new browser instance to the optional ``url``.</doc>
<msg timestamp="20220821 11:27:21.662" level="TRACE">Arguments: [ 'https://www.instagram.com/' | 'chrome' ]</msg>
<msg timestamp="20220821 11:27:21.662" level="INFO">Opening browser 'chrome' to base url 'https://www.instagram.com/'.</msg>
<msg timestamp="20220821 11:27:22.196" level="DEBUG">POST http://localhost:52198/session {"capabilities": {"firstMatch": [{}], "alwaysMatch": {"browserName": "chrome", "pageLoadStrategy": "normal", "goog:chromeOptions": {"extensions": [], "args": []}}}}</msg>
<msg timestamp="20220821 11:27:22.197" level="DEBUG">Starting new HTTP connection (1): localhost:52198</msg>
<msg timestamp="20220821 11:27:22.714" level="DEBUG">http://localhost:52198 "POST /session HTTP/1.1" 200 791</msg>
<msg timestamp="20220821 11:27:22.714" level="DEBUG">Remote response: status=200 | data={"value":{"capabilities":{"acceptInsecureCerts":false,"browserName":"chrome","browserVersion":"104.0.5112.82","chrome":{"chromedriverVersion":"103.0.5060.134 (8ec6fce403b3feb0869b0732eda8bd95011d333c-refs/branch-heads/5060@{#1262})","userDataDir":"C:\\Users\\xui8\\AppData\\Local\\Temp\\scoped_dir17876_1257202991"},"goog:chromeOptions":{"debuggerAddress":"localhost:52201"},"networkConnectionEnabled":false,"pageLoadStrategy":"normal","platformName":"windows","proxy":{},"setWindowRect":true,"strictFileInteractability":false,"timeouts":{"implicit":0,"pageLoad":300000,"script":30000},"unhandledPromptBehavior":"dismiss and notify","webauthn:extension:credBlob":true,"webauthn:extension:largeBlob":true,"webauthn:virtualAuthenticators":true},"sessionId":"dd46f9dcecccc309337e3613a9760fb3"}} | headers=HTTPHeaderDict({'Content-Length': '791', 'Content-Type': 'application/json; charset=utf-8', 'cache-control': 'no-cache'})</msg>
<msg timestamp="20220821 11:27:22.714" level="DEBUG">Finished Request</msg>
<msg timestamp="20220821 11:27:22.714" level="DEBUG">POST http://localhost:52198/session/dd46f9dcecccc309337e3613a9760fb3/timeouts {"script": 5000}</msg>
<msg timestamp="20220821 11:27:22.715" level="DEBUG">http://localhost:52198 "POST /session/dd46f9dcecccc309337e3613a9760fb3/timeouts HTTP/1.1" 200 14</msg>
<msg timestamp="20220821 11:27:22.715" level="DEBUG">Remote response: status=200 | data={"value":null} | headers=HTTPHeaderDict({'Content-Length': '14', 'Content-Type': 'application/json; charset=utf-8', 'cache-control': 'no-cache'})</msg>
<msg timestamp="20220821 11:27:22.715" level="DEBUG">Finished Request</msg>
<msg timestamp="20220821 11:27:22.715" level="DEBUG">POST http://localhost:52198/session/dd46f9dcecccc309337e3613a9760fb3/timeouts {"implicit": 0}</msg>
<msg timestamp="20220821 11:27:22.715" level="DEBUG">http://localhost:52198 "POST /session/dd46f9dcecccc309337e3613a9760fb3/timeouts HTTP/1.1" 200 14</msg>
<msg timestamp="20220821 11:27:22.715" level="DEBUG">Remote response: status=200 | data={"value":null} | headers=HTTPHeaderDict({'Content-Length': '14', 'Content-Type': 'application/json; charset=utf-8', 'cache-control': 'no-cache'})</msg>
<msg timestamp="20220821 11:27:22.715" level="DEBUG">Finished Request</msg>
<msg timestamp="20220821 11:27:22.716" level="DEBUG">POST http://localhost:52198/session/dd46f9dcecccc309337e3613a9760fb3/url {"url": "https://www.instagram.com/"}</msg>
<msg timestamp="20220821 11:27:23.342" level="DEBUG">http://localhost:52198 "POST /session/dd46f9dcecccc309337e3613a9760fb3/url HTTP/1.1" 200 14</msg>
<msg timestamp="20220821 11:27:23.342" level="DEBUG">Remote response: status=200 | data={"value":null} | headers=HTTPHeaderDict({'Content-Length': '14', 'Content-Type': 'application/json; charset=utf-8', 'cache-control': 'no-cache'})</msg>
<msg timestamp="20220821 11:27:23.342" level="DEBUG">Finished Request</msg>
<msg timestamp="20220821 11:27:23.343" level="DEBUG">Opened browser with session id dd46f9dcecccc309337e3613a9760fb3.</msg>
<msg timestamp="20220821 11:27:23.343" level="TRACE">Return: 1</msg>
<status status="PASS" starttime="20220821 11:27:21.661" endtime="20220821 11:27:23.343"/>
</kw>
<kw name="Maximize Browser Window" library="SeleniumLibrary">
<doc>Maximizes current browser window.</doc>
<msg timestamp="20220821 11:27:23.343" level="TRACE">Arguments: [  ]</msg>
<msg timestamp="20220821 11:27:23.343" level="DEBUG">POST http://localhost:52198/session/dd46f9dcecccc309337e3613a9760fb3/window/maximize {}</msg>
<msg timestamp="20220821 11:27:23.465" level="DEBUG">http://localhost:52198 "POST /session/dd46f9dcecccc309337e3613a9760fb3/window/maximize HTTP/1.1" 200 52</msg>
<msg timestamp="20220821 11:27:23.465" level="DEBUG">Remote response: status=200 | data={"value":{"height":1056,"width":1936,"x":-8,"y":-8}} | headers=HTTPHeaderDict({'Content-Length': '52', 'Content-Type': 'application/json; charset=utf-8', 'cache-control': 'no-cache'})</msg>
<msg timestamp="20220821 11:27:23.465" level="DEBUG">Finished Request</msg>
<msg timestamp="20220821 11:27:23.465" level="TRACE">Return: None</msg>
<status status="PASS" starttime="20220821 11:27:23.343" endtime="20220821 11:27:23.465"/>
</kw>
<msg timestamp="20220821 11:27:23.465" level="TRACE">Return: None</msg>
<status status="PASS" starttime="20220821 11:27:21.661" endtime="20220821 11:27:23.465"/>
</kw>
<status status="PASS" starttime="20220821 11:27:21.661" endtime="20220821 11:27:23.466"/>
</test>
<test id="s1-t2" name="Cenário 2: Logando no Instagram" line="45">
<kw name="Wait Until Page Contains Element" library="SeleniumLibrary">
<arg>//*[@id="loginForm"]/div/div[1]/div/label/input</arg>
<arg>7s</arg>
<doc>Waits until the element ``locator`` appears on the current page.</doc>
<msg timestamp="20220821 11:27:23.468" level="TRACE">Arguments: [ '//*[@id="loginForm"]/div/div[1]/div/label/input' | datetime.timedelta(seconds=7) ]</msg>
<msg timestamp="20220821 11:27:23.468" level="DEBUG">POST http://localhost:52198/session/dd46f9dcecccc309337e3613a9760fb3/elements {"using": "xpath", "value": "//*[@id=\"loginForm\"]/div/div[1]/div/label/input"}</msg>
<msg timestamp="20220821 11:27:23.476" level="DEBUG">http://localhost:52198 "POST /session/dd46f9dcecccc309337e3613a9760fb3/elements HTTP/1.1" 200 12</msg>
<msg timestamp="20220821 11:27:23.476" level="DEBUG">Remote response: status=200 | data={"value":[]} | headers=HTTPHeaderDict({'Content-Length': '12', 'Content-Type': 'application/json; charset=utf-8', 'cache-control': 'no-cache'})</msg>
<msg timestamp="20220821 11:27:23.476" level="DEBUG">Finished Request</msg>
<msg timestamp="20220821 11:27:23.685" level="DEBUG">POST http://localhost:52198/session/dd46f9dcecccc309337e3613a9760fb3/elements {"using": "xpath", "value": "//*[@id=\"loginForm\"]/div/div[1]/div/label/input"}</msg>
<msg timestamp="20220821 11:27:23.689" level="DEBUG">http://localhost:52198 "POST /session/dd46f9dcecccc309337e3613a9760fb3/elements HTTP/1.1" 200 90</msg>
<msg timestamp="20220821 11:27:23.689" level="DEBUG">Remote response: status=200 | data={"value":[{"element-6066-11e4-a52e-4f735466cecf":"f2cb390e-03a4-40a0-ab17-5865208c9f92"}]} | headers=HTTPHeaderDict({'Content-Length': '90', 'Content-Type': 'application/json; charset=utf-8', 'cache-control': 'no-cache'})</msg>
<msg timestamp="20220821 11:27:23.689" level="DEBUG">Finished Request</msg>
<msg timestamp="20220821 11:27:23.689" level="TRACE">Return: None</msg>
<status status="PASS" starttime="20220821 11:27:23.467" endtime="20220821 11:27:23.689"/>
</kw>
<kw name="Preenchendo login e senha">
<msg timestamp="20220821 11:27:23.690" level="TRACE">Arguments: [  ]</msg>
<kw name="Input Text" library="SeleniumLibrary">
<arg>${input_login}</arg>
<arg>gmss_importacoes</arg>
<doc>Types the given ``text`` into the text field identified by ``locator``.</doc>
<msg timestamp="20220821 11:27:23.690" level="TRACE">Arguments: [ '//*[@id="loginForm"]/div/div[1]/div/label/input' | 'gmss_importacoes' ]</msg>
<msg timestamp="20220821 11:27:23.690" level="INFO">Typing text 'gmss_importacoes' into text field '//*[@id="loginForm"]/div/div[1]/div/label/input'.</msg>
<msg timestamp="20220821 11:27:23.690" level="DEBUG">POST http://localhost:52198/session/dd46f9dcecccc309337e3613a9760fb3/elements {"using": "xpath", "value": "//*[@id=\"loginForm\"]/div/div[1]/div/label/input"}</msg>
<msg timestamp="20220821 11:27:23.693" level="DEBUG">http://localhost:52198 "POST /session/dd46f9dcecccc309337e3613a9760fb3/elements HTTP/1.1" 200 90</msg>
<msg timestamp="20220821 11:27:23.693" level="DEBUG">Remote response: status=200 | data={"value":[{"element-6066-11e4-a52e-4f735466cecf":"f2cb390e-03a4-40a0-ab17-5865208c9f92"}]} | headers=HTTPHeaderDict({'Content-Length': '90', 'Content-Type': 'application/json; charset=utf-8', 'cache-control': 'no-cache'})</msg>
<msg timestamp="20220821 11:27:23.693" level="DEBUG">Finished Request</msg>
<msg timestamp="20220821 11:27:23.694" level="DEBUG">POST http://localhost:52198/session/dd46f9dcecccc309337e3613a9760fb3/element/f2cb390e-03a4-40a0-ab17-5865208c9f92/clear {"id": "f2cb390e-03a4-40a0-ab17-5865208c9f92"}</msg>
<msg timestamp="20220821 11:27:23.714" level="DEBUG">http://localhost:52198 "POST /session/dd46f9dcecccc309337e3613a9760fb3/element/f2cb390e-03a4-40a0-ab17-5865208c9f92/clear HTTP/1.1" 200 14</msg>
<msg timestamp="20220821 11:27:23.714" level="DEBUG">Remote response: status=200 | data={"value":null} | headers=HTTPHeaderDict({'Content-Length': '14', 'Content-Type': 'application/json; charset=utf-8', 'cache-control': 'no-cache'})</msg>
<msg timestamp="20220821 11:27:23.715" level="DEBUG">Finished Request</msg>
<msg timestamp="20220821 11:27:23.715" level="DEBUG">POST http://localhost:52198/session/dd46f9dcecccc309337e3613a9760fb3/element/f2cb390e-03a4-40a0-ab17-5865208c9f92/value {"text": "gmss_importacoes", "value": ["g", "m", "s", "s", "_", "i", "m", "p", "o", "r", "t", "a", "c", "o", "e", "s"], "id": "f2cb390e-03a4-40a0-ab17-5865208c9f92"}</msg>
<msg timestamp="20220821 11:27:23.760" level="DEBUG">http://localhost:52198 "POST /session/dd46f9dcecccc309337e3613a9760fb3/element/f2cb390e-03a4-40a0-ab17-5865208c9f92/value HTTP/1.1" 200 14</msg>
<msg timestamp="20220821 11:27:23.761" level="DEBUG">Remote response: status=200 | data={"value":null} | headers=HTTPHeaderDict({'Content-Length': '14', 'Content-Type': 'application/json; charset=utf-8', 'cache-control': 'no-cache'})</msg>
<msg timestamp="20220821 11:27:23.761" level="DEBUG">Finished Request</msg>
<msg timestamp="20220821 11:27:23.761" level="TRACE">Return: None</msg>
<status status="PASS" starttime="20220821 11:27:23.690" endtime="20220821 11:27:23.761"/>
</kw>
<kw name="Input Text" library="SeleniumLibrary">
<arg>${input_senha}</arg>
<arg>@Aa02121991aA@</arg>
<doc>Types the given ``text`` into the text field identified by ``locator``.</doc>
<msg timestamp="20220821 11:27:23.761" level="TRACE">Arguments: [ '//*[@id="loginForm"]/div/div[2]/div/label/input' | '@Aa02121991aA@' ]</msg>
<msg timestamp="20220821 11:27:23.761" level="INFO">Typing text '@Aa02121991aA@' into text field '//*[@id="loginForm"]/div/div[2]/div/label/input'.</msg>
<msg timestamp="20220821 11:27:23.761" level="DEBUG">POST http://localhost:52198/session/dd46f9dcecccc309337e3613a9760fb3/elements {"using": "xpath", "value": "//*[@id=\"loginForm\"]/div/div[2]/div/label/input"}</msg>
<msg timestamp="20220821 11:27:23.768" level="DEBUG">http://localhost:52198 "POST /session/dd46f9dcecccc309337e3613a9760fb3/elements HTTP/1.1" 200 90</msg>
<msg timestamp="20220821 11:27:23.768" level="DEBUG">Remote response: status=200 | data={"value":[{"element-6066-11e4-a52e-4f735466cecf":"7c289c06-3e6e-463a-a2ad-28f3baf3f76c"}]} | headers=HTTPHeaderDict({'Content-Length': '90', 'Content-Type': 'application/json; charset=utf-8', 'cache-control': 'no-cache'})</msg>
<msg timestamp="20220821 11:27:23.768" level="DEBUG">Finished Request</msg>
<msg timestamp="20220821 11:27:23.768" level="DEBUG">POST http://localhost:52198/session/dd46f9dcecccc309337e3613a9760fb3/element/7c289c06-3e6e-463a-a2ad-28f3baf3f76c/clear {"id": "7c289c06-3e6e-463a-a2ad-28f3baf3f76c"}</msg>
<msg timestamp="20220821 11:27:23.783" level="DEBUG">http://localhost:52198 "POST /session/dd46f9dcecccc309337e3613a9760fb3/element/7c289c06-3e6e-463a-a2ad-28f3baf3f76c/clear HTTP/1.1" 200 14</msg>
<msg timestamp="20220821 11:27:23.783" level="DEBUG">Remote response: status=200 | data={"value":null} | headers=HTTPHeaderDict({'Content-Length': '14', 'Content-Type': 'application/json; charset=utf-8', 'cache-control': 'no-cache'})</msg>
<msg timestamp="20220821 11:27:23.783" level="DEBUG">Finished Request</msg>
<msg timestamp="20220821 11:27:23.783" level="DEBUG">POST http://localhost:52198/session/dd46f9dcecccc309337e3613a9760fb3/element/7c289c06-3e6e-463a-a2ad-28f3baf3f76c/value {"text": "@Aa02121991aA@", "value": ["@", "A", "a", "0", "2", "1", "2", "1", "9", "9", "1", "a", "A", "@"], "id": "7c289c06-3e6e-463a-a2ad-28f3baf3f76c"}</msg>
<msg timestamp="20220821 11:27:23.820" level="DEBUG">http://localhost:52198 "POST /session/dd46f9dcecccc309337e3613a9760fb3/element/7c289c06-3e6e-463a-a2ad-28f3baf3f76c/value HTTP/1.1" 200 14</msg>
<msg timestamp="20220821 11:27:23.821" level="DEBUG">Remote response: status=200 | data={"value":null} | headers=HTTPHeaderDict({'Content-Length': '14', 'Content-Type': 'application/json; charset=utf-8', 'cache-control': 'no-cache'})</msg>
<msg timestamp="20220821 11:27:23.821" level="DEBUG">Finished Request</msg>
<msg timestamp="20220821 11:27:23.821" level="TRACE">Return: None</msg>
<status status="PASS" starttime="20220821 11:27:23.761" endtime="20220821 11:27:23.821"/>
</kw>
<msg timestamp="20220821 11:27:23.821" level="TRACE">Return: None</msg>
<status status="PASS" starttime="20220821 11:27:23.689" endtime="20220821 11:27:23.821"/>
</kw>
<kw name="Clicar em entrar">
<msg timestamp="20220821 11:27:23.821" level="TRACE">Arguments: [  ]</msg>
<kw name="Click Element" library="SeleniumLibrary">
<arg>${button_entrar}</arg>
<doc>Click the element identified by ``locator``.</doc>
<msg timestamp="20220821 11:27:23.822" level="TRACE">Arguments: [ '//*[@id="loginForm"]/div/div[3]/button' ]</msg>
<msg timestamp="20220821 11:27:23.822" level="INFO">Clicking element '//*[@id="loginForm"]/div/div[3]/button'.</msg>
<msg timestamp="20220821 11:27:23.822" level="DEBUG">POST http://localhost:52198/session/dd46f9dcecccc309337e3613a9760fb3/elements {"using": "xpath", "value": "//*[@id=\"loginForm\"]/div/div[3]/button"}</msg>
<msg timestamp="20220821 11:27:23.829" level="DEBUG">http://localhost:52198 "POST /session/dd46f9dcecccc309337e3613a9760fb3/elements HTTP/1.1" 200 90</msg>
<msg timestamp="20220821 11:27:23.829" level="DEBUG">Remote response: status=200 | data={"value":[{"element-6066-11e4-a52e-4f735466cecf":"16ba6fb1-5b01-499a-9a25-a276e6b0d818"}]} | headers=HTTPHeaderDict({'Content-Length': '90', 'Content-Type': 'application/json; charset=utf-8', 'cache-control': 'no-cache'})</msg>
<msg timestamp="20220821 11:27:23.829" level="DEBUG">Finished Request</msg>
<msg timestamp="20220821 11:27:23.829" level="DEBUG">POST http://localhost:52198/session/dd46f9dcecccc309337e3613a9760fb3/element/16ba6fb1-5b01-499a-9a25-a276e6b0d818/click {"id": "16ba6fb1-5b01-499a-9a25-a276e6b0d818"}</msg>
<msg timestamp="20220821 11:27:23.870" level="DEBUG">http://localhost:52198 "POST /session/dd46f9dcecccc309337e3613a9760fb3/element/16ba6fb1-5b01-499a-9a25-a276e6b0d818/click HTTP/1.1" 200 14</msg>
<msg timestamp="20220821 11:27:23.870" level="DEBUG">Remote response: status=200 | data={"value":null} | headers=HTTPHeaderDict({'Content-Length': '14', 'Content-Type': 'application/json; charset=utf-8', 'cache-control': 'no-cache'})</msg>
<msg timestamp="20220821 11:27:23.870" level="DEBUG">Finished Request</msg>
<msg timestamp="20220821 11:27:23.870" level="TRACE">Return: None</msg>
<status status="PASS" starttime="20220821 11:27:23.821" endtime="20220821 11:27:23.870"/>
</kw>
<msg timestamp="20220821 11:27:23.870" level="TRACE">Return: None</msg>
<status status="PASS" starttime="20220821 11:27:23.821" endtime="20220821 11:27:23.870"/>
</kw>
<kw name="Wait Until Page Contains Element" library="SeleniumLibrary">
<arg>//*[@id="react-root"]/section/main/div/div/div/div/button</arg>
<arg>7s</arg>
<doc>Waits until the element ``locator`` appears on the current page.</doc>
<msg timestamp="20220821 11:27:23.871" level="TRACE">Arguments: [ '//*[@id="react-root"]/section/main/div/div/div/div/button' | datetime.timedelta(seconds=7) ]</msg>
<msg timestamp="20220821 11:27:23.871" level="DEBUG">POST http://localhost:52198/session/dd46f9dcecccc309337e3613a9760fb3/elements {"using": "xpath", "value": "//*[@id=\"react-root\"]/section/main/div/div/div/div/button"}</msg>
<msg timestamp="20220821 11:27:23.877" level="DEBUG">http://localhost:52198 "POST /session/dd46f9dcecccc309337e3613a9760fb3/elements HTTP/1.1" 200 12</msg>
<msg timestamp="20220821 11:27:23.877" level="DEBUG">Remote response: status=200 | data={"value":[]} | headers=HTTPHeaderDict({'Content-Length': '12', 'Content-Type': 'application/json; charset=utf-8', 'cache-control': 'no-cache'})</msg>
<msg timestamp="20220821 11:27:23.878" level="DEBUG">Finished Request</msg>
<msg timestamp="20220821 11:27:24.079" level="DEBUG">POST http://localhost:52198/session/dd46f9dcecccc309337e3613a9760fb3/elements {"using": "xpath", "value": "//*[@id=\"react-root\"]/section/main/div/div/div/div/button"}</msg>
<msg timestamp="20220821 11:27:24.083" level="DEBUG">http://localhost:52198 "POST /session/dd46f9dcecccc309337e3613a9760fb3/elements HTTP/1.1" 200 12</msg>
<msg timestamp="20220821 11:27:24.083" level="DEBUG">Remote response: status=200 | data={"value":[]} | headers=HTTPHeaderDict({'Content-Length': '12', 'Content-Type': 'application/json; charset=utf-8', 'cache-control': 'no-cache'})</msg>
<msg timestamp="20220821 11:27:24.083" level="DEBUG">Finished Request</msg>
<msg timestamp="20220821 11:27:24.283" level="DEBUG">POST http://localhost:52198/session/dd46f9dcecccc309337e3613a9760fb3/elements {"using": "xpath", "value": "//*[@id=\"react-root\"]/section/main/div/div/div/div/button"}</msg>
<msg timestamp="20220821 11:27:24.286" level="DEBUG">http://localhost:52198 "POST /session/dd46f9dcecccc309337e3613a9760fb3/elements HTTP/1.1" 200 12</msg>
<msg timestamp="20220821 11:27:24.286" level="DEBUG">Remote response: status=200 | data={"value":[]} | headers=HTTPHeaderDict({'Content-Length': '12', 'Content-Type': 'application/json; charset=utf-8', 'cache-control': 'no-cache'})</msg>
<msg timestamp="20220821 11:27:24.286" level="DEBUG">Finished Request</msg>
<msg timestamp="20220821 11:27:24.502" level="DEBUG">POST http://localhost:52198/session/dd46f9dcecccc309337e3613a9760fb3/elements {"using": "xpath", "value": "//*[@id=\"react-root\"]/section/main/div/div/div/div/button"}</msg>
<msg timestamp="20220821 11:27:24.505" level="DEBUG">http://localhost:52198 "POST /session/dd46f9dcecccc309337e3613a9760fb3/elements HTTP/1.1" 200 12</msg>
<msg timestamp="20220821 11:27:24.506" level="DEBUG">Remote response: status=200 | data={"value":[]} | headers=HTTPHeaderDict({'Content-Length': '12', 'Content-Type': 'application/json; charset=utf-8', 'cache-control': 'no-cache'})</msg>
<msg timestamp="20220821 11:27:24.506" level="DEBUG">Finished Request</msg>
<msg timestamp="20220821 11:27:24.707" level="DEBUG">POST http://localhost:52198/session/dd46f9dcecccc309337e3613a9760fb3/elements {"using": "xpath", "value": "//*[@id=\"react-root\"]/section/main/div/div/div/div/button"}</msg>
<msg timestamp="20220821 11:27:24.711" level="DEBUG">http://localhost:52198 "POST /session/dd46f9dcecccc309337e3613a9760fb3/elements HTTP/1.1" 200 12</msg>
<msg timestamp="20220821 11:27:24.711" level="DEBUG">Remote response: status=200 | data={"value":[]} | headers=HTTPHeaderDict({'Content-Length': '12', 'Content-Type': 'application/json; charset=utf-8', 'cache-control': 'no-cache'})</msg>
<msg timestamp="20220821 11:27:24.711" level="DEBUG">Finished Request</msg>
<msg timestamp="20220821 11:27:24.913" level="DEBUG">POST http://localhost:52198/session/dd46f9dcecccc309337e3613a9760fb3/elements {"using": "xpath", "value": "//*[@id=\"react-root\"]/section/main/div/div/div/div/button"}</msg>
<msg timestamp="20220821 11:27:24.916" level="DEBUG">http://localhost:52198 "POST /session/dd46f9dcecccc309337e3613a9760fb3/elements HTTP/1.1" 200 12</msg>
<msg timestamp="20220821 11:27:24.917" level="DEBUG">Remote response: status=200 | data={"value":[]} | headers=HTTPHeaderDict({'Content-Length': '12', 'Content-Type': 'application/json; charset=utf-8', 'cache-control': 'no-cache'})</msg>
<msg timestamp="20220821 11:27:24.917" level="DEBUG">Finished Request</msg>
<msg timestamp="20220821 11:27:25.120" level="DEBUG">POST http://localhost:52198/session/dd46f9dcecccc309337e3613a9760fb3/elements {"using": "xpath", "value": "//*[@id=\"react-root\"]/section/main/div/div/div/div/button"}</msg>
<msg timestamp="20220821 11:27:25.123" level="DEBUG">http://localhost:52198 "POST /session/dd46f9dcecccc309337e3613a9760fb3/elements HTTP/1.1" 200 12</msg>
<msg timestamp="20220821 11:27:25.123" level="DEBUG">Remote response: status=200 | data={"value":[]} | headers=HTTPHeaderDict({'Content-Length': '12', 'Content-Type': 'application/json; charset=utf-8', 'cache-control': 'no-cache'})</msg>
<msg timestamp="20220821 11:27:25.123" level="DEBUG">Finished Request</msg>
<msg timestamp="20220821 11:27:25.338" level="DEBUG">POST http://localhost:52198/session/dd46f9dcecccc309337e3613a9760fb3/elements {"using": "xpath", "value": "//*[@id=\"react-root\"]/section/main/div/div/div/div/button"}</msg>
<msg timestamp="20220821 11:27:25.341" level="DEBUG">http://localhost:52198 "POST /session/dd46f9dcecccc309337e3613a9760fb3/elements HTTP/1.1" 200 12</msg>
<msg timestamp="20220821 11:27:25.342" level="DEBUG">Remote response: status=200 | data={"value":[]} | headers=HTTPHeaderDict({'Content-Length': '12', 'Content-Type': 'application/json; charset=utf-8', 'cache-control': 'no-cache'})</msg>
<msg timestamp="20220821 11:27:25.342" level="DEBUG">Finished Request</msg>
<msg timestamp="20220821 11:27:25.556" level="DEBUG">POST http://localhost:52198/session/dd46f9dcecccc309337e3613a9760fb3/elements {"using": "xpath", "value": "//*[@id=\"react-root\"]/section/main/div/div/div/div/button"}</msg>
<msg timestamp="20220821 11:27:25.559" level="DEBUG">http://localhost:52198 "POST /session/dd46f9dcecccc309337e3613a9760fb3/elements HTTP/1.1" 200 12</msg>
<msg timestamp="20220821 11:27:25.559" level="DEBUG">Remote response: status=200 | data={"value":[]} | headers=HTTPHeaderDict({'Content-Length': '12', 'Content-Type': 'application/json; charset=utf-8', 'cache-control': 'no-cache'})</msg>
<msg timestamp="20220821 11:27:25.560" level="DEBUG">Finished Request</msg>
<msg timestamp="20220821 11:27:25.762" level="DEBUG">POST http://localhost:52198/session/dd46f9dcecccc309337e3613a9760fb3/elements {"using": "xpath", "value": "//*[@id=\"react-root\"]/section/main/div/div/div/div/button"}</msg>
<msg timestamp="20220821 11:27:25.765" level="DEBUG">http://localhost:52198 "POST /session/dd46f9dcecccc309337e3613a9760fb3/elements HTTP/1.1" 200 12</msg>
<msg timestamp="20220821 11:27:25.765" level="DEBUG">Remote response: status=200 | data={"value":[]} | headers=HTTPHeaderDict({'Content-Length': '12', 'Content-Type': 'application/json; charset=utf-8', 'cache-control': 'no-cache'})</msg>
<msg timestamp="20220821 11:27:25.766" level="DEBUG">Finished Request</msg>
<msg timestamp="20220821 11:27:25.970" level="DEBUG">POST http://localhost:52198/session/dd46f9dcecccc309337e3613a9760fb3/elements {"using": "xpath", "value": "//*[@id=\"react-root\"]/section/main/div/div/div/div/button"}</msg>
<msg timestamp="20220821 11:27:26.613" level="DEBUG">http://localhost:52198 "POST /session/dd46f9dcecccc309337e3613a9760fb3/elements HTTP/1.1" 200 90</msg>
<msg timestamp="20220821 11:27:26.614" level="DEBUG">Remote response: status=200 | data={"value":[{"element-6066-11e4-a52e-4f735466cecf":"94409e75-f3a7-400f-be29-1b969237a51a"}]} | headers=HTTPHeaderDict({'Content-Length': '90', 'Content-Type': 'application/json; charset=utf-8', 'cache-control': 'no-cache'})</msg>
<msg timestamp="20220821 11:27:26.614" level="DEBUG">Finished Request</msg>
<msg timestamp="20220821 11:27:26.614" level="TRACE">Return: None</msg>
<status status="PASS" starttime="20220821 11:27:23.871" endtime="20220821 11:27:26.614"/>
</kw>
<kw name="Clicar em &quot;not now&quot;">
<msg timestamp="20220821 11:27:26.615" level="TRACE">Arguments: [  ]</msg>
<kw name="Click Element" library="SeleniumLibrary">
<arg>${button_not_now}</arg>
<doc>Click the element identified by ``locator``.</doc>
<msg timestamp="20220821 11:27:26.615" level="TRACE">Arguments: [ '//*[@id="react-root"]/section/main/div/div/div/div/button' ]</msg>
<msg timestamp="20220821 11:27:26.615" level="INFO">Clicking element '//*[@id="react-root"]/section/main/div/div/div/div/button'.</msg>
<msg timestamp="20220821 11:27:26.616" level="DEBUG">POST http://localhost:52198/session/dd46f9dcecccc309337e3613a9760fb3/elements {"using": "xpath", "value": "//*[@id=\"react-root\"]/section/main/div/div/div/div/button"}</msg>
<msg timestamp="20220821 11:27:26.619" level="DEBUG">http://localhost:52198 "POST /session/dd46f9dcecccc309337e3613a9760fb3/elements HTTP/1.1" 200 90</msg>
<msg timestamp="20220821 11:27:26.619" level="DEBUG">Remote response: status=200 | data={"value":[{"element-6066-11e4-a52e-4f735466cecf":"94409e75-f3a7-400f-be29-1b969237a51a"}]} | headers=HTTPHeaderDict({'Content-Length': '90', 'Content-Type': 'application/json; charset=utf-8', 'cache-control': 'no-cache'})</msg>
<msg timestamp="20220821 11:27:26.619" level="DEBUG">Finished Request</msg>
<msg timestamp="20220821 11:27:26.619" level="DEBUG">POST http://localhost:52198/session/dd46f9dcecccc309337e3613a9760fb3/element/94409e75-f3a7-400f-be29-1b969237a51a/click {"id": "94409e75-f3a7-400f-be29-1b969237a51a"}</msg>
<msg timestamp="20220821 11:27:27.352" level="DEBUG">http://localhost:52198 "POST /session/dd46f9dcecccc309337e3613a9760fb3/element/94409e75-f3a7-400f-be29-1b969237a51a/click HTTP/1.1" 200 14</msg>
<msg timestamp="20220821 11:27:27.353" level="DEBUG">Remote response: status=200 | data={"value":null} | headers=HTTPHeaderDict({'Content-Length': '14', 'Content-Type': 'application/json; charset=utf-8', 'cache-control': 'no-cache'})</msg>
<msg timestamp="20220821 11:27:27.353" level="DEBUG">Finished Request</msg>
<msg timestamp="20220821 11:27:27.353" level="TRACE">Return: None</msg>
<status status="PASS" starttime="20220821 11:27:26.615" endtime="20220821 11:27:27.353"/>
</kw>
<msg timestamp="20220821 11:27:27.353" level="TRACE">Return: None</msg>
<status status="PASS" starttime="20220821 11:27:26.615" endtime="20220821 11:27:27.353"/>
</kw>
<kw name="Sleep" library="BuiltIn">
<arg>2s</arg>
<doc>Pauses the test executed for the given time.</doc>
<msg timestamp="20220821 11:27:27.354" level="TRACE">Arguments: [ '2s' ]</msg>
<msg timestamp="20220821 11:27:29.359" level="INFO">Slept 2 seconds</msg>
<msg timestamp="20220821 11:27:29.359" level="TRACE">Return: None</msg>
<status status="PASS" starttime="20220821 11:27:27.353" endtime="20220821 11:27:29.359"/>
</kw>
<status status="PASS" starttime="20220821 11:27:23.467" endtime="20220821 11:27:29.359"/>
</test>
<test id="s1-t3" name="Cenário 3: Clicando no pop up de notificação &quot;not now&quot;" line="53">
<kw name="Wait Until Page Contains Element" library="SeleniumLibrary">
<arg>//*[contains(concat( " ", @class, " " ), concat( " ", "_a9_1", " " ))]</arg>
<arg>7s</arg>
<doc>Waits until the element ``locator`` appears on the current page.</doc>
<msg timestamp="20220821 11:27:29.361" level="TRACE">Arguments: [ '//*[contains(concat( " ", @class, " " ), concat( " ", "_a9_1", " " ))]' | datetime.timedelta(seconds=7) ]</msg>
<msg timestamp="20220821 11:27:29.361" level="DEBUG">POST http://localhost:52198/session/dd46f9dcecccc309337e3613a9760fb3/elements {"using": "xpath", "value": "//*[contains(concat( \" \", @class, \" \" ), concat( \" \", \"_a9_1\", \" \" ))]"}</msg>
<msg timestamp="20220821 11:27:29.376" level="DEBUG">http://localhost:52198 "POST /session/dd46f9dcecccc309337e3613a9760fb3/elements HTTP/1.1" 200 90</msg>
<msg timestamp="20220821 11:27:29.377" level="DEBUG">Remote response: status=200 | data={"value":[{"element-6066-11e4-a52e-4f735466cecf":"2524eb48-5873-4b59-b1f1-58ecb794fa52"}]} | headers=HTTPHeaderDict({'Content-Length': '90', 'Content-Type': 'application/json; charset=utf-8', 'cache-control': 'no-cache'})</msg>
<msg timestamp="20220821 11:27:29.377" level="DEBUG">Finished Request</msg>
<msg timestamp="20220821 11:27:29.377" level="TRACE">Return: None</msg>
<status status="PASS" starttime="20220821 11:27:29.361" endtime="20220821 11:27:29.377"/>
</kw>
<kw name="Clicar em &quot;not now2&quot;">
<msg timestamp="20220821 11:27:29.377" level="TRACE">Arguments: [  ]</msg>
<kw name="Click Element" library="SeleniumLibrary">
<arg>${button_not_now2}</arg>
<doc>Click the element identified by ``locator``.</doc>
<msg timestamp="20220821 11:27:29.377" level="TRACE">Arguments: [ '//*[contains(concat( " ", @class, " " ), concat( " ", "_a9_1", " " ))]' ]</msg>
<msg timestamp="20220821 11:27:29.377" level="INFO">Clicking element '//*[contains(concat( " ", @class, " " ), concat( " ", "_a9_1", " " ))]'.</msg>
<msg timestamp="20220821 11:27:29.377" level="DEBUG">POST http://localhost:52198/session/dd46f9dcecccc309337e3613a9760fb3/elements {"using": "xpath", "value": "//*[contains(concat( \" \", @class, \" \" ), concat( \" \", \"_a9_1\", \" \" ))]"}</msg>
<msg timestamp="20220821 11:27:29.383" level="DEBUG">http://localhost:52198 "POST /session/dd46f9dcecccc309337e3613a9760fb3/elements HTTP/1.1" 200 90</msg>
<msg timestamp="20220821 11:27:29.383" level="DEBUG">Remote response: status=200 | data={"value":[{"element-6066-11e4-a52e-4f735466cecf":"2524eb48-5873-4b59-b1f1-58ecb794fa52"}]} | headers=HTTPHeaderDict({'Content-Length': '90', 'Content-Type': 'application/json; charset=utf-8', 'cache-control': 'no-cache'})</msg>
<msg timestamp="20220821 11:27:29.383" level="DEBUG">Finished Request</msg>
<msg timestamp="20220821 11:27:29.383" level="DEBUG">POST http://localhost:52198/session/dd46f9dcecccc309337e3613a9760fb3/element/2524eb48-5873-4b59-b1f1-58ecb794fa52/click {"id": "2524eb48-5873-4b59-b1f1-58ecb794fa52"}</msg>
<msg timestamp="20220821 11:27:29.406" level="DEBUG">http://localhost:52198 "POST /session/dd46f9dcecccc309337e3613a9760fb3/element/2524eb48-5873-4b59-b1f1-58ecb794fa52/click HTTP/1.1" 200 14</msg>
<msg timestamp="20220821 11:27:29.406" level="DEBUG">Remote response: status=200 | data={"value":null} | headers=HTTPHeaderDict({'Content-Length': '14', 'Content-Type': 'application/json; charset=utf-8', 'cache-control': 'no-cache'})</msg>
<msg timestamp="20220821 11:27:29.406" level="DEBUG">Finished Request</msg>
<msg timestamp="20220821 11:27:29.406" level="TRACE">Return: None</msg>
<status status="PASS" starttime="20220821 11:27:29.377" endtime="20220821 11:27:29.407"/>
</kw>
<msg timestamp="20220821 11:27:29.407" level="TRACE">Return: None</msg>
<status status="PASS" starttime="20220821 11:27:29.377" endtime="20220821 11:27:29.407"/>
</kw>
<status status="PASS" starttime="20220821 11:27:29.360" endtime="20220821 11:27:29.407"/>
</test>
<test id="s1-t4" name="Cenário 4: Clicando no primeiro story" line="57">
<kw name="Wait Until Page Contains Element" library="SeleniumLibrary">
<arg>//*[contains(concat( " ", @class, " " ), concat( " ", "_aama", " " ))]//*[contains(concat( " ", @class, " " ), concat( " ", "_aa8j", " " ))]</arg>
<doc>Waits until the element ``locator`` appears on the current page.</doc>
<msg timestamp="20220821 11:27:29.408" level="TRACE">Arguments: [ '//*[contains(concat( " ", @class, " " ), concat( " ", "_aama", " " ))]//*[contains(concat( " ", @class, " " ), concat( " ", "_aa8j", " " ))]' ]</msg>
<msg timestamp="20220821 11:27:29.409" level="DEBUG">POST http://localhost:52198/session/dd46f9dcecccc309337e3613a9760fb3/elements {"using": "xpath", "value": "//*[contains(concat( \" \", @class, \" \" ), concat( \" \", \"_aama\", \" \" ))]//*[contains(concat( \" \", @class, \" \" ), concat( \" \", \"_aa8j\", \" \" ))]"}</msg>
<msg timestamp="20220821 11:27:29.415" level="DEBUG">http://localhost:52198 "POST /session/dd46f9dcecccc309337e3613a9760fb3/elements HTTP/1.1" 200 12</msg>
<msg timestamp="20220821 11:27:29.415" level="DEBUG">Remote response: status=200 | data={"value":[]} | headers=HTTPHeaderDict({'Content-Length': '12', 'Content-Type': 'application/json; charset=utf-8', 'cache-control': 'no-cache'})</msg>
<msg timestamp="20220821 11:27:29.415" level="DEBUG">Finished Request</msg>
<msg timestamp="20220821 11:27:29.628" level="DEBUG">POST http://localhost:52198/session/dd46f9dcecccc309337e3613a9760fb3/elements {"using": "xpath", "value": "//*[contains(concat( \" \", @class, \" \" ), concat( \" \", \"_aama\", \" \" ))]//*[contains(concat( \" \", @class, \" \" ), concat( \" \", \"_aa8j\", \" \" ))]"}</msg>
<msg timestamp="20220821 11:27:29.632" level="DEBUG">http://localhost:52198 "POST /session/dd46f9dcecccc309337e3613a9760fb3/elements HTTP/1.1" 200 12</msg>
<msg timestamp="20220821 11:27:29.632" level="DEBUG">Remote response: status=200 | data={"value":[]} | headers=HTTPHeaderDict({'Content-Length': '12', 'Content-Type': 'application/json; charset=utf-8', 'cache-control': 'no-cache'})</msg>
<msg timestamp="20220821 11:27:29.632" level="DEBUG">Finished Request</msg>
<msg timestamp="20220821 11:27:29.835" level="DEBUG">POST http://localhost:52198/session/dd46f9dcecccc309337e3613a9760fb3/elements {"using": "xpath", "value": "//*[contains(concat( \" \", @class, \" \" ), concat( \" \", \"_aama\", \" \" ))]//*[contains(concat( \" \", @class, \" \" ), concat( \" \", \"_aa8j\", \" \" ))]"}</msg>
<msg timestamp="20220821 11:27:29.887" level="DEBUG">http://localhost:52198 "POST /session/dd46f9dcecccc309337e3613a9760fb3/elements HTTP/1.1" 200 880</msg>
<msg timestamp="20220821 11:27:29.887" level="DEBUG">Remote response: status=200 | data={"value":[{"element-6066-11e4-a52e-4f735466cecf":"85d81573-b3bb-4342-b2ed-f14dabb6040b"},{"element-6066-11e4-a52e-4f735466cecf":"fccb887e-b551-4290-87a6-70977186655b"},{"element-6066-11e4-a52e-4f735466cecf":"0cb9077a-a494-43de-8191-96459f2b3749"},{"element-6066-11e4-a52e-4f735466cecf":"8a8e9e19-beda-4f80-82a7-7fde753ce5fa"},{"element-6066-11e4-a52e-4f735466cecf":"4b5a93e1-86a1-47d1-887e-c55912b53f7c"},{"element-6066-11e4-a52e-4f735466cecf":"ee6ae417-acc2-4211-874b-6f9db48a16c4"},{"element-6066-11e4-a52e-4f735466cecf":"46a60edc-7ee1-46ae-9249-1b4fcb3a2c7c"},{"element-6066-11e4-a52e-4f735466cecf":"36d4ac69-9c0b-4eef-a1a0-a004f9ae7665"},{"element-6066-11e4-a52e-4f735466cecf":"640b9bea-e10e-40ca-8038-ecd6d5ecd7b7"},{"element-6066-11e4-a52e-4f735466cecf":"65cc803c-5a4d-4b9b-a639-19ce5c73bc4d"},{"element-6066-11e4-a52e-4f735466cecf":"f957ba3c-006f-40c9-84c6-f9bf365bcbc6"}]} | headers=HTTPHeaderDict({'Content-Length': '880', 'Content-Type': 'application/json; charset=utf-8', 'cache-control': 'no-cache'})</msg>
<msg timestamp="20220821 11:27:29.887" level="DEBUG">Finished Request</msg>
<msg timestamp="20220821 11:27:29.887" level="TRACE">Return: None</msg>
<status status="PASS" starttime="20220821 11:27:29.408" endtime="20220821 11:27:29.887"/>
</kw>
<kw name="Clicar no story">
<msg timestamp="20220821 11:27:29.888" level="TRACE">Arguments: [  ]</msg>
<kw name="Click Element" library="SeleniumLibrary">
<arg>${button_primeiro_story}</arg>
<doc>Click the element identified by ``locator``.</doc>
<msg timestamp="20220821 11:27:29.888" level="TRACE">Arguments: [ '//*[contains(concat( " ", @class, " " ), concat( " ", "_aama", " " ))]//*[contains(concat( " ", @class, " " ), concat( " ", "_aa8j", " " ))]' ]</msg>
<msg timestamp="20220821 11:27:29.888" level="INFO">Clicking element '//*[contains(concat( " ", @class, " " ), concat( " ", "_aama", " " ))]//*[contains(concat( " ", @class, " " ), concat( " ", "_aa8j", " " ))]'.</msg>
<msg timestamp="20220821 11:27:29.888" level="DEBUG">POST http://localhost:52198/session/dd46f9dcecccc309337e3613a9760fb3/elements {"using": "xpath", "value": "//*[contains(concat( \" \", @class, \" \" ), concat( \" \", \"_aama\", \" \" ))]//*[contains(concat( \" \", @class, \" \" ), concat( \" \", \"_aa8j\", \" \" ))]"}</msg>
<msg timestamp="20220821 11:27:29.893" level="DEBUG">http://localhost:52198 "POST /session/dd46f9dcecccc309337e3613a9760fb3/elements HTTP/1.1" 200 880</msg>
<msg timestamp="20220821 11:27:29.893" level="DEBUG">Remote response: status=200 | data={"value":[{"element-6066-11e4-a52e-4f735466cecf":"85d81573-b3bb-4342-b2ed-f14dabb6040b"},{"element-6066-11e4-a52e-4f735466cecf":"fccb887e-b551-4290-87a6-70977186655b"},{"element-6066-11e4-a52e-4f735466cecf":"0cb9077a-a494-43de-8191-96459f2b3749"},{"element-6066-11e4-a52e-4f735466cecf":"8a8e9e19-beda-4f80-82a7-7fde753ce5fa"},{"element-6066-11e4-a52e-4f735466cecf":"4b5a93e1-86a1-47d1-887e-c55912b53f7c"},{"element-6066-11e4-a52e-4f735466cecf":"ee6ae417-acc2-4211-874b-6f9db48a16c4"},{"element-6066-11e4-a52e-4f735466cecf":"46a60edc-7ee1-46ae-9249-1b4fcb3a2c7c"},{"element-6066-11e4-a52e-4f735466cecf":"36d4ac69-9c0b-4eef-a1a0-a004f9ae7665"},{"element-6066-11e4-a52e-4f735466cecf":"640b9bea-e10e-40ca-8038-ecd6d5ecd7b7"},{"element-6066-11e4-a52e-4f735466cecf":"65cc803c-5a4d-4b9b-a639-19ce5c73bc4d"},{"element-6066-11e4-a52e-4f735466cecf":"f957ba3c-006f-40c9-84c6-f9bf365bcbc6"}]} | headers=HTTPHeaderDict({'Content-Length': '880', 'Content-Type': 'application/json; charset=utf-8', 'cache-control': 'no-cache'})</msg>
<msg timestamp="20220821 11:27:29.893" level="DEBUG">Finished Request</msg>
<msg timestamp="20220821 11:27:29.893" level="DEBUG">POST http://localhost:52198/session/dd46f9dcecccc309337e3613a9760fb3/element/85d81573-b3bb-4342-b2ed-f14dabb6040b/click {"id": "85d81573-b3bb-4342-b2ed-f14dabb6040b"}</msg>
<msg timestamp="20220821 11:27:30.005" level="DEBUG">http://localhost:52198 "POST /session/dd46f9dcecccc309337e3613a9760fb3/element/85d81573-b3bb-4342-b2ed-f14dabb6040b/click HTTP/1.1" 200 14</msg>
<msg timestamp="20220821 11:27:30.005" level="DEBUG">Remote response: status=200 | data={"value":null} | headers=HTTPHeaderDict({'Content-Length': '14', 'Content-Type': 'application/json; charset=utf-8', 'cache-control': 'no-cache'})</msg>
<msg timestamp="20220821 11:27:30.005" level="DEBUG">Finished Request</msg>
<msg timestamp="20220821 11:27:30.005" level="TRACE">Return: None</msg>
<status status="PASS" starttime="20220821 11:27:29.888" endtime="20220821 11:27:30.005"/>
</kw>
<msg timestamp="20220821 11:27:30.006" level="TRACE">Return: None</msg>
<status status="PASS" starttime="20220821 11:27:29.887" endtime="20220821 11:27:30.006"/>
</kw>
<status status="PASS" starttime="20220821 11:27:29.408" endtime="20220821 11:27:30.006"/>
</test>
<test id="s1-t5" name="Cenário 5: Curtindo o Story" line="61">
<kw name="Wait Until Page Contains Element" library="SeleniumLibrary">
<arg>${button_curtir_story}</arg>
<arg>2s</arg>
<doc>Waits until the element ``locator`` appears on the current page.</doc>
<msg timestamp="20220821 11:27:30.007" level="TRACE">Arguments: [ "//div[contains(@class,'_abx4')]//button[contains(@type,'button')]" | datetime.timedelta(seconds=2) ]</msg>
<msg timestamp="20220821 11:27:30.008" level="DEBUG">POST http://localhost:52198/session/dd46f9dcecccc309337e3613a9760fb3/elements {"using": "xpath", "value": "//div[contains(@class,'_abx4')]//button[contains(@type,'button')]"}</msg>
<msg timestamp="20220821 11:27:30.017" level="DEBUG">http://localhost:52198 "POST /session/dd46f9dcecccc309337e3613a9760fb3/elements HTTP/1.1" 200 12</msg>
<msg timestamp="20220821 11:27:30.017" level="DEBUG">Remote response: status=200 | data={"value":[]} | headers=HTTPHeaderDict({'Content-Length': '12', 'Content-Type': 'application/json; charset=utf-8', 'cache-control': 'no-cache'})</msg>
<msg timestamp="20220821 11:27:30.018" level="DEBUG">Finished Request</msg>
<msg timestamp="20220821 11:27:30.233" level="DEBUG">POST http://localhost:52198/session/dd46f9dcecccc309337e3613a9760fb3/elements {"using": "xpath", "value": "//div[contains(@class,'_abx4')]//button[contains(@type,'button')]"}</msg>
<msg timestamp="20220821 11:27:30.237" level="DEBUG">http://localhost:52198 "POST /session/dd46f9dcecccc309337e3613a9760fb3/elements HTTP/1.1" 200 12</msg>
<msg timestamp="20220821 11:27:30.238" level="DEBUG">Remote response: status=200 | data={"value":[]} | headers=HTTPHeaderDict({'Content-Length': '12', 'Content-Type': 'application/json; charset=utf-8', 'cache-control': 'no-cache'})</msg>
<msg timestamp="20220821 11:27:30.238" level="DEBUG">Finished Request</msg>
<msg timestamp="20220821 11:27:30.453" level="DEBUG">POST http://localhost:52198/session/dd46f9dcecccc309337e3613a9760fb3/elements {"using": "xpath", "value": "//div[contains(@class,'_abx4')]//button[contains(@type,'button')]"}</msg>
<msg timestamp="20220821 11:27:30.457" level="DEBUG">http://localhost:52198 "POST /session/dd46f9dcecccc309337e3613a9760fb3/elements HTTP/1.1" 200 12</msg>
<msg timestamp="20220821 11:27:30.457" level="DEBUG">Remote response: status=200 | data={"value":[]} | headers=HTTPHeaderDict({'Content-Length': '12', 'Content-Type': 'application/json; charset=utf-8', 'cache-control': 'no-cache'})</msg>
<msg timestamp="20220821 11:27:30.457" level="DEBUG">Finished Request</msg>
<msg timestamp="20220821 11:27:30.659" level="DEBUG">POST http://localhost:52198/session/dd46f9dcecccc309337e3613a9760fb3/elements {"using": "xpath", "value": "//div[contains(@class,'_abx4')]//button[contains(@type,'button')]"}</msg>
<msg timestamp="20220821 11:27:30.663" level="DEBUG">http://localhost:52198 "POST /session/dd46f9dcecccc309337e3613a9760fb3/elements HTTP/1.1" 200 12</msg>
<msg timestamp="20220821 11:27:30.663" level="DEBUG">Remote response: status=200 | data={"value":[]} | headers=HTTPHeaderDict({'Content-Length': '12', 'Content-Type': 'application/json; charset=utf-8', 'cache-control': 'no-cache'})</msg>
<msg timestamp="20220821 11:27:30.663" level="DEBUG">Finished Request</msg>
<msg timestamp="20220821 11:27:30.867" level="DEBUG">POST http://localhost:52198/session/dd46f9dcecccc309337e3613a9760fb3/elements {"using": "xpath", "value": "//div[contains(@class,'_abx4')]//button[contains(@type,'button')]"}</msg>
<msg timestamp="20220821 11:27:30.871" level="DEBUG">http://localhost:52198 "POST /session/dd46f9dcecccc309337e3613a9760fb3/elements HTTP/1.1" 200 12</msg>
<msg timestamp="20220821 11:27:30.871" level="DEBUG">Remote response: status=200 | data={"value":[]} | headers=HTTPHeaderDict({'Content-Length': '12', 'Content-Type': 'application/json; charset=utf-8', 'cache-control': 'no-cache'})</msg>
<msg timestamp="20220821 11:27:30.871" level="DEBUG">Finished Request</msg>
<msg timestamp="20220821 11:27:31.085" level="DEBUG">POST http://localhost:52198/session/dd46f9dcecccc309337e3613a9760fb3/elements {"using": "xpath", "value": "//div[contains(@class,'_abx4')]//button[contains(@type,'button')]"}</msg>
<msg timestamp="20220821 11:27:31.103" level="DEBUG">http://localhost:52198 "POST /session/dd46f9dcecccc309337e3613a9760fb3/elements HTTP/1.1" 200 12</msg>
<msg timestamp="20220821 11:27:31.103" level="DEBUG">Remote response: status=200 | data={"value":[]} | headers=HTTPHeaderDict({'Content-Length': '12', 'Content-Type': 'application/json; charset=utf-8', 'cache-control': 'no-cache'})</msg>
<msg timestamp="20220821 11:27:31.103" level="DEBUG">Finished Request</msg>
<msg timestamp="20220821 11:27:31.306" level="DEBUG">POST http://localhost:52198/session/dd46f9dcecccc309337e3613a9760fb3/elements {"using": "xpath", "value": "//div[contains(@class,'_abx4')]//button[contains(@type,'button')]"}</msg>
<msg timestamp="20220821 11:27:31.311" level="DEBUG">http://localhost:52198 "POST /session/dd46f9dcecccc309337e3613a9760fb3/elements HTTP/1.1" 200 12</msg>
<msg timestamp="20220821 11:27:31.311" level="DEBUG">Remote response: status=200 | data={"value":[]} | headers=HTTPHeaderDict({'Content-Length': '12', 'Content-Type': 'application/json; charset=utf-8', 'cache-control': 'no-cache'})</msg>
<msg timestamp="20220821 11:27:31.311" level="DEBUG">Finished Request</msg>
<msg timestamp="20220821 11:27:31.513" level="DEBUG">POST http://localhost:52198/session/dd46f9dcecccc309337e3613a9760fb3/elements {"using": "xpath", "value": "//div[contains(@class,'_abx4')]//button[contains(@type,'button')]"}</msg>
<msg timestamp="20220821 11:27:31.523" level="DEBUG">http://localhost:52198 "POST /session/dd46f9dcecccc309337e3613a9760fb3/elements HTTP/1.1" 200 90</msg>
<msg timestamp="20220821 11:27:31.523" level="DEBUG">Remote response: status=200 | data={"value":[{"element-6066-11e4-a52e-4f735466cecf":"ccb0eff4-cd18-42d8-93bb-43061d9c0cf6"}]} | headers=HTTPHeaderDict({'Content-Length': '90', 'Content-Type': 'application/json; charset=utf-8', 'cache-control': 'no-cache'})</msg>
<msg timestamp="20220821 11:27:31.523" level="DEBUG">Finished Request</msg>
<msg timestamp="20220821 11:27:31.523" level="TRACE">Return: None</msg>
<status status="PASS" starttime="20220821 11:27:30.007" endtime="20220821 11:27:31.523"/>
</kw>
<kw name="Curtir story">
<msg timestamp="20220821 11:27:31.524" level="TRACE">Arguments: [  ]</msg>
<kw name="Click Element" library="SeleniumLibrary">
<arg>${button_curtir_story}</arg>
<doc>Click the element identified by ``locator``.</doc>
<msg timestamp="20220821 11:27:31.524" level="TRACE">Arguments: [ "//div[contains(@class,'_abx4')]//button[contains(@type,'button')]" ]</msg>
<msg timestamp="20220821 11:27:31.524" level="INFO">Clicking element '//div[contains(@class,'_abx4')]//button[contains(@type,'button')]'.</msg>
<msg timestamp="20220821 11:27:31.524" level="DEBUG">POST http://localhost:52198/session/dd46f9dcecccc309337e3613a9760fb3/elements {"using": "xpath", "value": "//div[contains(@class,'_abx4')]//button[contains(@type,'button')]"}</msg>
<msg timestamp="20220821 11:27:31.528" level="DEBUG">http://localhost:52198 "POST /session/dd46f9dcecccc309337e3613a9760fb3/elements HTTP/1.1" 200 90</msg>
<msg timestamp="20220821 11:27:31.528" level="DEBUG">Remote response: status=200 | data={"value":[{"element-6066-11e4-a52e-4f735466cecf":"ccb0eff4-cd18-42d8-93bb-43061d9c0cf6"}]} | headers=HTTPHeaderDict({'Content-Length': '90', 'Content-Type': 'application/json; charset=utf-8', 'cache-control': 'no-cache'})</msg>
<msg timestamp="20220821 11:27:31.528" level="DEBUG">Finished Request</msg>
<msg timestamp="20220821 11:27:31.529" level="DEBUG">POST http://localhost:52198/session/dd46f9dcecccc309337e3613a9760fb3/element/ccb0eff4-cd18-42d8-93bb-43061d9c0cf6/click {"id": "ccb0eff4-cd18-42d8-93bb-43061d9c0cf6"}</msg>
<msg timestamp="20220821 11:27:31.571" level="DEBUG">http://localhost:52198 "POST /session/dd46f9dcecccc309337e3613a9760fb3/element/ccb0eff4-cd18-42d8-93bb-43061d9c0cf6/click HTTP/1.1" 200 14</msg>
<msg timestamp="20220821 11:27:31.571" level="DEBUG">Remote response: status=200 | data={"value":null} | headers=HTTPHeaderDict({'Content-Length': '14', 'Content-Type': 'application/json; charset=utf-8', 'cache-control': 'no-cache'})</msg>
<msg timestamp="20220821 11:27:31.571" level="DEBUG">Finished Request</msg>
<msg timestamp="20220821 11:27:31.571" level="TRACE">Return: None</msg>
<status status="PASS" starttime="20220821 11:27:31.524" endtime="20220821 11:27:31.571"/>
</kw>
<msg timestamp="20220821 11:27:31.571" level="TRACE">Return: None</msg>
<status status="PASS" starttime="20220821 11:27:31.524" endtime="20220821 11:27:31.571"/>
</kw>
<status status="PASS" starttime="20220821 11:27:30.007" endtime="20220821 11:27:31.572"/>
</test>
<status status="PASS" starttime="20220821 11:27:21.501" endtime="20220821 11:27:31.573"/>
</suite>
<statistics>
<total>
<stat pass="5" fail="0" skip="0">All Tests</stat>
</total>
<tag>
</tag>
<suite>
<stat pass="5" fail="0" skip="0" id="s1" name="Instagram">Instagram</stat>
</suite>
</statistics>
<errors>
</errors>
</robot>
