<?xml version="1.0" encoding="UTF-8"?>
<robot generator="Robot 5.0.1 (Python 3.10.5 on win32)" generated="20221017 12:49:00.250" rpa="false" schemaversion="3">
<suite id="s1" name="oneLOGIN" source="D:\Users\xui8\AppiumProject\Tests\oneLOGIN.robot">
<test id="s1-t1" name="Open_Aplication" line="6">
<kw name="Open Application" library="AppiumLibrary">
<arg>http://localhost:4723/wd/hub</arg>
<arg>platformName=Android</arg>
<arg>deviceName=emulator-5556</arg>
<arg>appPackage=com.oneblinc.one.one_app.dev</arg>
<arg>appActivity=com.oneblinc.one.one_app.MainActivity</arg>
<arg>automationName=appium</arg>
<doc>Opens a new application to given Appium server.
Capabilities of appium server, Android and iOS,
Please check https://github.com/appium/appium/blob/master/docs/en/writing-running-appium/server-args.md
| *Option*            | *Man.* | *Description*     |
| remote_url          | Yes    | Appium server url |
| alias               | no     | alias             |</doc>
<msg timestamp="20221017 12:49:01.020" level="TRACE">Arguments: [ 'http://localhost:4723/wd/hub' | platformName='Android' | deviceName='emulator-5556' | appPackage='com.oneblinc.one.one_app.dev' | appActivity='com.oneblinc.one.one_app.MainActivity' | automationName='appium' ]</msg>
<msg timestamp="20221017 12:49:03.049" level="DEBUG">POST http://127.0.0.1:4723/wd/hub/session {"capabilities": {"firstMatch": [{"platformName": "Android", "appium:deviceName": "emulator-5556", "appium:appPackage": "com.oneblinc.one.one_app.dev", "appium:appActivity": "com.oneblinc.one.one_app.MainActivity", "appium:automationName": "appium"}]}, "desiredCapabilities": {"platformName": "Android", "deviceName": "emulator-5556", "appPackage": "com.oneblinc.one.one_app.dev", "appActivity": "com.oneblinc.one.one_app.MainActivity", "automationName": "appium"}}</msg>
<msg timestamp="20221017 12:49:03.664" level="DEBUG">Starting new HTTP connection (1): 127.0.0.1:4723</msg>
<msg timestamp="20221017 12:49:13.773" level="DEBUG">http://127.0.0.1:4723 "POST /wd/hub/session HTTP/1.1" 200 935</msg>
<msg timestamp="20221017 12:49:13.773" level="DEBUG">Finished Request</msg>
<msg timestamp="20221017 12:49:13.775" level="DEBUG">Opened application with session id dae4827f-cd61-4bf0-92d7-65228c928bed</msg>
<msg timestamp="20221017 12:49:13.775" level="TRACE">Return: 1</msg>
<status status="PASS" starttime="20221017 12:49:01.020" endtime="20221017 12:49:13.775"/>
</kw>
<status status="PASS" starttime="20221017 12:49:01.020" endtime="20221017 12:49:13.776"/>
</test>
<test id="s1-t2" name="Check if buttons are Enabled" line="9">
<kw name="Element Should Be Enabled" library="AppiumLibrary">
<arg>accessibility_id=CREATE YOUR ACCONT</arg>
<doc>Verifies that element identified with locator is enabled.</doc>
<msg timestamp="20221017 12:49:13.777" level="TRACE">Arguments: [ 'accessibility_id=CREATE YOUR ACCONT' ]</msg>
<msg timestamp="20221017 12:49:13.777" level="DEBUG">POST http://127.0.0.1:4723/wd/hub/session/dae4827f-cd61-4bf0-92d7-65228c928bed/elements {"using": "accessibility id", "value": "CREATE YOUR ACCONT"}</msg>
<msg timestamp="20221017 12:49:14.230" level="DEBUG">http://127.0.0.1:4723 "POST /wd/hub/session/dae4827f-cd61-4bf0-92d7-65228c928bed/elements HTTP/1.1" 200 139</msg>
<msg timestamp="20221017 12:49:14.230" level="DEBUG">Finished Request</msg>
<msg timestamp="20221017 12:49:14.231" level="DEBUG">GET http://127.0.0.1:4723/wd/hub/session/dae4827f-cd61-4bf0-92d7-65228c928bed/element/00000000-0000-0012-0000-000800000004/enabled {"id": "00000000-0000-0012-0000-000800000004"}</msg>
<msg timestamp="20221017 12:49:14.244" level="DEBUG">http://127.0.0.1:4723 "GET /wd/hub/session/dae4827f-cd61-4bf0-92d7-65228c928bed/element/00000000-0000-0012-0000-000800000004/enabled HTTP/1.1" 200 14</msg>
<msg timestamp="20221017 12:49:14.245" level="DEBUG">Finished Request</msg>
<msg timestamp="20221017 12:49:14.246" level="INFO">Element 'accessibility_id=CREATE YOUR ACCONT' is enabled .</msg>
<msg timestamp="20221017 12:49:14.246" level="TRACE">Return: None</msg>
<status status="PASS" starttime="20221017 12:49:13.777" endtime="20221017 12:49:14.246"/>
</kw>
<kw name="Element Should Be Enabled" library="AppiumLibrary">
<arg>accessibility_id=LOG INTO MY ACCONT</arg>
<doc>Verifies that element identified with locator is enabled.</doc>
<msg timestamp="20221017 12:49:14.247" level="TRACE">Arguments: [ 'accessibility_id=LOG INTO MY ACCONT' ]</msg>
<msg timestamp="20221017 12:49:14.247" level="DEBUG">POST http://127.0.0.1:4723/wd/hub/session/dae4827f-cd61-4bf0-92d7-65228c928bed/elements {"using": "accessibility id", "value": "LOG INTO MY ACCONT"}</msg>
<msg timestamp="20221017 12:49:14.264" level="DEBUG">http://127.0.0.1:4723 "POST /wd/hub/session/dae4827f-cd61-4bf0-92d7-65228c928bed/elements HTTP/1.1" 200 139</msg>
<msg timestamp="20221017 12:49:14.264" level="DEBUG">Finished Request</msg>
<msg timestamp="20221017 12:49:14.264" level="DEBUG">GET http://127.0.0.1:4723/wd/hub/session/dae4827f-cd61-4bf0-92d7-65228c928bed/element/00000000-0000-0012-0000-000900000004/enabled {"id": "00000000-0000-0012-0000-000900000004"}</msg>
<msg timestamp="20221017 12:49:14.275" level="DEBUG">http://127.0.0.1:4723 "GET /wd/hub/session/dae4827f-cd61-4bf0-92d7-65228c928bed/element/00000000-0000-0012-0000-000900000004/enabled HTTP/1.1" 200 14</msg>
<msg timestamp="20221017 12:49:14.275" level="DEBUG">Finished Request</msg>
<msg timestamp="20221017 12:49:14.276" level="INFO">Element 'accessibility_id=LOG INTO MY ACCONT' is enabled .</msg>
<msg timestamp="20221017 12:49:14.276" level="TRACE">Return: None</msg>
<status status="PASS" starttime="20221017 12:49:14.246" endtime="20221017 12:49:14.276"/>
</kw>
<status status="PASS" starttime="20221017 12:49:13.777" endtime="20221017 12:49:14.276"/>
</test>
<test id="s1-t3" name="Click Login" line="13">
<kw name="Wait Until Page Contains Element" library="AppiumLibrary">
<arg>accessibility_id=LOG INTO MY ACCONT</arg>
<doc>Waits until element specified with `locator` appears on current page.</doc>
<msg timestamp="20221017 12:49:14.277" level="TRACE">Arguments: [ 'accessibility_id=LOG INTO MY ACCONT' ]</msg>
<msg timestamp="20221017 12:49:14.278" level="DEBUG">POST http://127.0.0.1:4723/wd/hub/session/dae4827f-cd61-4bf0-92d7-65228c928bed/elements {"using": "accessibility id", "value": "LOG INTO MY ACCONT"}</msg>
<msg timestamp="20221017 12:49:14.296" level="DEBUG">http://127.0.0.1:4723 "POST /wd/hub/session/dae4827f-cd61-4bf0-92d7-65228c928bed/elements HTTP/1.1" 200 139</msg>
<msg timestamp="20221017 12:49:14.296" level="DEBUG">Finished Request</msg>
<msg timestamp="20221017 12:49:14.296" level="TRACE">Return: None</msg>
<status status="PASS" starttime="20221017 12:49:14.277" endtime="20221017 12:49:14.296"/>
</kw>
<kw name="Click Element" library="AppiumLibrary">
<arg>accessibility_id=LOG INTO MY ACCONT</arg>
<doc>Click element identified by `locator`.</doc>
<msg timestamp="20221017 12:49:14.297" level="TRACE">Arguments: [ 'accessibility_id=LOG INTO MY ACCONT' ]</msg>
<msg timestamp="20221017 12:49:14.298" level="INFO">Clicking element 'accessibility_id=LOG INTO MY ACCONT'.</msg>
<msg timestamp="20221017 12:49:14.298" level="DEBUG">POST http://127.0.0.1:4723/wd/hub/session/dae4827f-cd61-4bf0-92d7-65228c928bed/elements {"using": "accessibility id", "value": "LOG INTO MY ACCONT"}</msg>
<msg timestamp="20221017 12:49:14.315" level="DEBUG">http://127.0.0.1:4723 "POST /wd/hub/session/dae4827f-cd61-4bf0-92d7-65228c928bed/elements HTTP/1.1" 200 139</msg>
<msg timestamp="20221017 12:49:14.315" level="DEBUG">Finished Request</msg>
<msg timestamp="20221017 12:49:14.315" level="DEBUG">POST http://127.0.0.1:4723/wd/hub/session/dae4827f-cd61-4bf0-92d7-65228c928bed/element/00000000-0000-0012-0000-000900000004/click {"id": "00000000-0000-0012-0000-000900000004"}</msg>
<msg timestamp="20221017 12:49:14.365" level="DEBUG">http://127.0.0.1:4723 "POST /wd/hub/session/dae4827f-cd61-4bf0-92d7-65228c928bed/element/00000000-0000-0012-0000-000900000004/click HTTP/1.1" 200 14</msg>
<msg timestamp="20221017 12:49:14.366" level="DEBUG">Finished Request</msg>
<msg timestamp="20221017 12:49:14.366" level="TRACE">Return: None</msg>
<status status="PASS" starttime="20221017 12:49:14.297" endtime="20221017 12:49:14.366"/>
</kw>
<status status="PASS" starttime="20221017 12:49:14.277" endtime="20221017 12:49:14.366"/>
</test>
<test id="s1-t4" name="Preencher login e senha" line="17">
<kw name="Wait Until Page Contains Element" library="AppiumLibrary">
<arg>xpath=/hierarchy/android.widget.FrameLayout/android.widget.LinearLayout/android.widget.FrameLayout/android.widget.FrameLayout/android.widget.FrameLayout/android.view.View/android.view.View/android.view.View/android.view.View/android.widget.EditText[1]</arg>
<doc>Waits until element specified with `locator` appears on current page.</doc>
<msg timestamp="20221017 12:49:14.368" level="TRACE">Arguments: [ 'xpath=/hierarchy/android.widget.FrameLayout/android.widget.LinearLayout/android.widget.FrameLayout/android.widget.FrameLayout/android.widget.FrameLayout/android.view.View/android.view.View/android.view.View/android.view.View/android.widget.EditText[1]' ]</msg>
<msg timestamp="20221017 12:49:14.368" level="DEBUG">POST http://127.0.0.1:4723/wd/hub/session/dae4827f-cd61-4bf0-92d7-65228c928bed/elements {"using": "xpath", "value": "/hierarchy/android.widget.FrameLayout/android.widget.LinearLayout/android.widget.FrameLayout/android.widget.FrameLayout/android.widget.FrameLayout/android.view.View/android.view.View/android.view.View/android.view.View/android.widget.EditText[1]"}</msg>
<msg timestamp="20221017 12:49:14.623" level="DEBUG">http://127.0.0.1:4723 "POST /wd/hub/session/dae4827f-cd61-4bf0-92d7-65228c928bed/elements HTTP/1.1" 200 12</msg>
<msg timestamp="20221017 12:49:14.624" level="DEBUG">Finished Request</msg>
<msg timestamp="20221017 12:49:14.830" level="DEBUG">POST http://127.0.0.1:4723/wd/hub/session/dae4827f-cd61-4bf0-92d7-65228c928bed/elements {"using": "xpath", "value": "/hierarchy/android.widget.FrameLayout/android.widget.LinearLayout/android.widget.FrameLayout/android.widget.FrameLayout/android.widget.FrameLayout/android.view.View/android.view.View/android.view.View/android.view.View/android.widget.EditText[1]"}</msg>
<msg timestamp="20221017 12:49:15.354" level="DEBUG">http://127.0.0.1:4723 "POST /wd/hub/session/dae4827f-cd61-4bf0-92d7-65228c928bed/elements HTTP/1.1" 200 139</msg>
<msg timestamp="20221017 12:49:15.355" level="DEBUG">Finished Request</msg>
<msg timestamp="20221017 12:49:15.355" level="TRACE">Return: None</msg>
<status status="PASS" starttime="20221017 12:49:14.368" endtime="20221017 12:49:15.355"/>
</kw>
<kw name="Click Element" library="AppiumLibrary">
<arg>xpath=/hierarchy/android.widget.FrameLayout/android.widget.LinearLayout/android.widget.FrameLayout/android.widget.FrameLayout/android.widget.FrameLayout/android.view.View/android.view.View/android.view.View/android.view.View/android.widget.EditText[1]</arg>
<doc>Click element identified by `locator`.</doc>
<msg timestamp="20221017 12:49:15.355" level="TRACE">Arguments: [ 'xpath=/hierarchy/android.widget.FrameLayout/android.widget.LinearLayout/android.widget.FrameLayout/android.widget.FrameLayout/android.widget.FrameLayout/android.view.View/android.view.View/android.view.View/android.view.View/android.widget.EditText[1]' ]</msg>
<msg timestamp="20221017 12:49:15.356" level="INFO">Clicking element 'xpath=/hierarchy/android.widget.FrameLayout/android.widget.LinearLayout/android.widget.FrameLayout/android.widget.FrameLayout/android.widget.FrameLayout/android.view.View/android.view.View/android.view.View/android.view.View/android.widget.EditText[1]'.</msg>
<msg timestamp="20221017 12:49:15.356" level="DEBUG">POST http://127.0.0.1:4723/wd/hub/session/dae4827f-cd61-4bf0-92d7-65228c928bed/elements {"using": "xpath", "value": "/hierarchy/android.widget.FrameLayout/android.widget.LinearLayout/android.widget.FrameLayout/android.widget.FrameLayout/android.widget.FrameLayout/android.view.View/android.view.View/android.view.View/android.view.View/android.widget.EditText[1]"}</msg>
<msg timestamp="20221017 12:49:15.394" level="DEBUG">http://127.0.0.1:4723 "POST /wd/hub/session/dae4827f-cd61-4bf0-92d7-65228c928bed/elements HTTP/1.1" 200 139</msg>
<msg timestamp="20221017 12:49:15.394" level="DEBUG">Finished Request</msg>
<msg timestamp="20221017 12:49:15.394" level="DEBUG">POST http://127.0.0.1:4723/wd/hub/session/dae4827f-cd61-4bf0-92d7-65228c928bed/element/00000000-0000-0012-0000-000e00000004/click {"id": "00000000-0000-0012-0000-000e00000004"}</msg>
<msg timestamp="20221017 12:49:15.433" level="DEBUG">http://127.0.0.1:4723 "POST /wd/hub/session/dae4827f-cd61-4bf0-92d7-65228c928bed/element/00000000-0000-0012-0000-000e00000004/click HTTP/1.1" 200 14</msg>
<msg timestamp="20221017 12:49:15.433" level="DEBUG">Finished Request</msg>
<msg timestamp="20221017 12:49:15.433" level="TRACE">Return: None</msg>
<status status="PASS" starttime="20221017 12:49:15.355" endtime="20221017 12:49:15.433"/>
</kw>
<kw name="Input Text" library="AppiumLibrary">
<arg>xpath=/hierarchy/android.widget.FrameLayout/android.widget.LinearLayout/android.widget.FrameLayout/android.widget.FrameLayout/android.widget.FrameLayout/android.view.View/android.view.View/android.view.View/android.view.View/android.widget.EditText[1]</arg>
<arg>guilherme.soares@blinctek.com</arg>
<doc>Types the given `text` into text field identified by `locator`.</doc>
<msg timestamp="20221017 12:49:15.434" level="TRACE">Arguments: [ 'xpath=/hierarchy/android.widget.FrameLayout/android.widget.LinearLayout/android.widget.FrameLayout/android.widget.FrameLayout/android.widget.FrameLayout/android.view.View/android.view.View/android.view.View/android.view.View/android.widget.EditText[1]' | 'guilherme.soares@blinctek.com' ]</msg>
<msg timestamp="20221017 12:49:15.435" level="INFO">Typing text 'guilherme.soares@blinctek.com' into text field 'xpath=/hierarchy/android.widget.FrameLayout/android.widget.LinearLayout/android.widget.FrameLayout/android.widget.FrameLayout/android.widget.FrameLayout/android.view.View/android.view.View/android.view.View/android.view.View/android.widget.EditText[1]'</msg>
<msg timestamp="20221017 12:49:15.435" level="DEBUG">POST http://127.0.0.1:4723/wd/hub/session/dae4827f-cd61-4bf0-92d7-65228c928bed/elements {"using": "xpath", "value": "/hierarchy/android.widget.FrameLayout/android.widget.LinearLayout/android.widget.FrameLayout/android.widget.FrameLayout/android.widget.FrameLayout/android.view.View/android.view.View/android.view.View/android.view.View/android.widget.EditText[1]"}</msg>
<msg timestamp="20221017 12:49:15.475" level="DEBUG">http://127.0.0.1:4723 "POST /wd/hub/session/dae4827f-cd61-4bf0-92d7-65228c928bed/elements HTTP/1.1" 200 139</msg>
<msg timestamp="20221017 12:49:15.475" level="DEBUG">Finished Request</msg>
<msg timestamp="20221017 12:49:15.475" level="DEBUG">POST http://127.0.0.1:4723/wd/hub/session/dae4827f-cd61-4bf0-92d7-65228c928bed/element/00000000-0000-0012-0000-000e00000004/value {"text": "guilherme.soares@blinctek.com", "value": ["g", "u", "i", "l", "h", "e", "r", "m", "e", ".", "s", "o", "a", "r", "e", "s", "@", "b", "l", "i", "n", "c", "t", "e", "k", ".", "c", "o", "m"], "id": "00000000-0000-0012-0000-000e00000004"}</msg>
<msg timestamp="20221017 12:49:16.547" level="DEBUG">http://127.0.0.1:4723 "POST /wd/hub/session/dae4827f-cd61-4bf0-92d7-65228c928bed/element/00000000-0000-0012-0000-000e00000004/value HTTP/1.1" 200 14</msg>
<msg timestamp="20221017 12:49:16.547" level="DEBUG">Finished Request</msg>
<msg timestamp="20221017 12:49:16.547" level="TRACE">Return: None</msg>
<status status="PASS" starttime="20221017 12:49:15.434" endtime="20221017 12:49:16.547"/>
</kw>
<kw name="Click Element" library="AppiumLibrary">
<arg>xpath=/hierarchy/android.widget.FrameLayout/android.widget.LinearLayout/android.widget.FrameLayout/android.widget.FrameLayout/android.widget.FrameLayout/android.view.View/android.view.View/android.view.View/android.view.View/android.widget.EditText[2]</arg>
<doc>Click element identified by `locator`.</doc>
<msg timestamp="20221017 12:49:16.548" level="TRACE">Arguments: [ 'xpath=/hierarchy/android.widget.FrameLayout/android.widget.LinearLayout/android.widget.FrameLayout/android.widget.FrameLayout/android.widget.FrameLayout/android.view.View/android.view.View/android.view.View/android.view.View/android.widget.EditText[2]' ]</msg>
<msg timestamp="20221017 12:49:16.549" level="INFO">Clicking element 'xpath=/hierarchy/android.widget.FrameLayout/android.widget.LinearLayout/android.widget.FrameLayout/android.widget.FrameLayout/android.widget.FrameLayout/android.view.View/android.view.View/android.view.View/android.view.View/android.widget.EditText[2]'.</msg>
<msg timestamp="20221017 12:49:16.549" level="DEBUG">POST http://127.0.0.1:4723/wd/hub/session/dae4827f-cd61-4bf0-92d7-65228c928bed/elements {"using": "xpath", "value": "/hierarchy/android.widget.FrameLayout/android.widget.LinearLayout/android.widget.FrameLayout/android.widget.FrameLayout/android.widget.FrameLayout/android.view.View/android.view.View/android.view.View/android.view.View/android.widget.EditText[2]"}</msg>
<msg timestamp="20221017 12:49:16.594" level="DEBUG">http://127.0.0.1:4723 "POST /wd/hub/session/dae4827f-cd61-4bf0-92d7-65228c928bed/elements HTTP/1.1" 200 139</msg>
<msg timestamp="20221017 12:49:16.594" level="DEBUG">Finished Request</msg>
<msg timestamp="20221017 12:49:16.594" level="DEBUG">POST http://127.0.0.1:4723/wd/hub/session/dae4827f-cd61-4bf0-92d7-65228c928bed/element/00000000-0000-0012-0000-000f00000004/click {"id": "00000000-0000-0012-0000-000f00000004"}</msg>
<msg timestamp="20221017 12:49:17.116" level="DEBUG">http://127.0.0.1:4723 "POST /wd/hub/session/dae4827f-cd61-4bf0-92d7-65228c928bed/element/00000000-0000-0012-0000-000f00000004/click HTTP/1.1" 200 14</msg>
<msg timestamp="20221017 12:49:17.116" level="DEBUG">Finished Request</msg>
<msg timestamp="20221017 12:49:17.116" level="TRACE">Return: None</msg>
<status status="PASS" starttime="20221017 12:49:16.548" endtime="20221017 12:49:17.116"/>
</kw>
<kw name="Input Text" library="AppiumLibrary">
<arg>xpath=/hierarchy/android.widget.FrameLayout/android.widget.LinearLayout/android.widget.FrameLayout/android.widget.FrameLayout/android.widget.FrameLayout/android.view.View/android.view.View/android.view.View/android.view.View/android.widget.EditText[2]</arg>
<arg>@Aa11091990aA@</arg>
<doc>Types the given `text` into text field identified by `locator`.</doc>
<msg timestamp="20221017 12:49:17.117" level="TRACE">Arguments: [ 'xpath=/hierarchy/android.widget.FrameLayout/android.widget.LinearLayout/android.widget.FrameLayout/android.widget.FrameLayout/android.widget.FrameLayout/android.view.View/android.view.View/android.view.View/android.view.View/android.widget.EditText[2]' | '@Aa11091990aA@' ]</msg>
<msg timestamp="20221017 12:49:17.118" level="INFO">Typing text '@Aa11091990aA@' into text field 'xpath=/hierarchy/android.widget.FrameLayout/android.widget.LinearLayout/android.widget.FrameLayout/android.widget.FrameLayout/android.widget.FrameLayout/android.view.View/android.view.View/android.view.View/android.view.View/android.widget.EditText[2]'</msg>
<msg timestamp="20221017 12:49:17.118" level="DEBUG">POST http://127.0.0.1:4723/wd/hub/session/dae4827f-cd61-4bf0-92d7-65228c928bed/elements {"using": "xpath", "value": "/hierarchy/android.widget.FrameLayout/android.widget.LinearLayout/android.widget.FrameLayout/android.widget.FrameLayout/android.widget.FrameLayout/android.view.View/android.view.View/android.view.View/android.view.View/android.widget.EditText[2]"}</msg>
<msg timestamp="20221017 12:49:17.173" level="DEBUG">http://127.0.0.1:4723 "POST /wd/hub/session/dae4827f-cd61-4bf0-92d7-65228c928bed/elements HTTP/1.1" 200 139</msg>
<msg timestamp="20221017 12:49:17.173" level="DEBUG">Finished Request</msg>
<msg timestamp="20221017 12:49:17.173" level="DEBUG">POST http://127.0.0.1:4723/wd/hub/session/dae4827f-cd61-4bf0-92d7-65228c928bed/element/00000000-0000-0012-0000-000f00000004/value {"text": "@Aa11091990aA@", "value": ["@", "A", "a", "1", "1", "0", "9", "1", "9", "9", "0", "a", "A", "@"], "id": "00000000-0000-0012-0000-000f00000004"}</msg>
<msg timestamp="20221017 12:49:17.734" level="DEBUG">http://127.0.0.1:4723 "POST /wd/hub/session/dae4827f-cd61-4bf0-92d7-65228c928bed/element/00000000-0000-0012-0000-000f00000004/value HTTP/1.1" 200 14</msg>
<msg timestamp="20221017 12:49:17.735" level="DEBUG">Finished Request</msg>
<msg timestamp="20221017 12:49:17.735" level="TRACE">Return: None</msg>
<status status="PASS" starttime="20221017 12:49:17.117" endtime="20221017 12:49:17.735"/>
</kw>
<status status="PASS" starttime="20221017 12:49:14.367" endtime="20221017 12:49:17.735"/>
</test>
<test id="s1-t5" name="Logar" line="24">
<kw name="Wait Until Page Contains Element" library="AppiumLibrary">
<arg>accessibility_id=LOGIN</arg>
<doc>Waits until element specified with `locator` appears on current page.</doc>
<msg timestamp="20221017 12:49:17.737" level="TRACE">Arguments: [ 'accessibility_id=LOGIN' ]</msg>
<msg timestamp="20221017 12:49:17.737" level="DEBUG">POST http://127.0.0.1:4723/wd/hub/session/dae4827f-cd61-4bf0-92d7-65228c928bed/elements {"using": "accessibility id", "value": "LOGIN"}</msg>
<msg timestamp="20221017 12:49:17.760" level="DEBUG">http://127.0.0.1:4723 "POST /wd/hub/session/dae4827f-cd61-4bf0-92d7-65228c928bed/elements HTTP/1.1" 200 139</msg>
<msg timestamp="20221017 12:49:17.760" level="DEBUG">Finished Request</msg>
<msg timestamp="20221017 12:49:17.760" level="TRACE">Return: None</msg>
<status status="PASS" starttime="20221017 12:49:17.737" endtime="20221017 12:49:17.760"/>
</kw>
<kw name="Click Element" library="AppiumLibrary">
<arg>accessibility_id=LOGIN</arg>
<doc>Click element identified by `locator`.</doc>
<msg timestamp="20221017 12:49:17.761" level="TRACE">Arguments: [ 'accessibility_id=LOGIN' ]</msg>
<msg timestamp="20221017 12:49:17.762" level="INFO">Clicking element 'accessibility_id=LOGIN'.</msg>
<msg timestamp="20221017 12:49:17.762" level="DEBUG">POST http://127.0.0.1:4723/wd/hub/session/dae4827f-cd61-4bf0-92d7-65228c928bed/elements {"using": "accessibility id", "value": "LOGIN"}</msg>
<msg timestamp="20221017 12:49:18.272" level="DEBUG">http://127.0.0.1:4723 "POST /wd/hub/session/dae4827f-cd61-4bf0-92d7-65228c928bed/elements HTTP/1.1" 200 139</msg>
<msg timestamp="20221017 12:49:18.273" level="DEBUG">Finished Request</msg>
<msg timestamp="20221017 12:49:18.273" level="DEBUG">POST http://127.0.0.1:4723/wd/hub/session/dae4827f-cd61-4bf0-92d7-65228c928bed/element/00000000-0000-0012-0000-001100000004/click {"id": "00000000-0000-0012-0000-001100000004"}</msg>
<msg timestamp="20221017 12:49:18.805" level="DEBUG">http://127.0.0.1:4723 "POST /wd/hub/session/dae4827f-cd61-4bf0-92d7-65228c928bed/element/00000000-0000-0012-0000-001100000004/click HTTP/1.1" 200 14</msg>
<msg timestamp="20221017 12:49:18.805" level="DEBUG">Finished Request</msg>
<msg timestamp="20221017 12:49:18.805" level="TRACE">Return: None</msg>
<status status="PASS" starttime="20221017 12:49:17.761" endtime="20221017 12:49:18.805"/>
</kw>
<status status="PASS" starttime="20221017 12:49:17.736" endtime="20221017 12:49:18.805"/>
</test>
<status status="PASS" starttime="20221017 12:49:00.384" endtime="20221017 12:49:18.806"/>
</suite>
<statistics>
<total>
<stat pass="5" fail="0" skip="0">All Tests</stat>
</total>
<tag>
</tag>
<suite>
<stat pass="5" fail="0" skip="0" id="s1" name="oneLOGIN">oneLOGIN</stat>
</suite>
</statistics>
<errors>
</errors>
</robot>
